<?xml version="1.0" encoding="UTF-8"?>
<!-- Generated by org.testng.reporters.JUnitReportReporter -->
<testsuite hostname="DESKTOP-KIK7PCN" name="pro.saral.testCases.AChallan_Test" tests="106" failures="0" timestamp="1 Jun 2022 05:11:55 GMT" time="80.511" errors="0">
  <testcase name="Challan_Testcases" time="1.122" classname="pro.saral.testCases.AChallan_Test"/>
  <testcase name="Challan_Testcases" time="0.002" classname="pro.saral.testCases.AChallan_Test"/>
  <testcase name="Challan_Testcases" time="1.851" classname="pro.saral.testCases.AChallan_Test"/>
  <testcase name="Challan_Testcases" time="1.600" classname="pro.saral.testCases.AChallan_Test"/>
  <testcase name="Challan_Testcases" time="0.553" classname="pro.saral.testCases.AChallan_Test"/>
  <testcase name="Challan_Testcases" time="0.561" classname="pro.saral.testCases.AChallan_Test"/>
  <testcase name="Challan_Testcases" time="0.576" classname="pro.saral.testCases.AChallan_Test"/>
  <testcase name="Challan_Testcases" time="0.001" classname="pro.saral.testCases.AChallan_Test"/>
  <testcase name="Challan_Testcases" time="0.560" classname="pro.saral.testCases.AChallan_Test"/>
  <testcase name="Challan_Testcases" time="1.201" classname="pro.saral.testCases.AChallan_Test"/>
  <testcase name="Challan_Testcases" time="0.216" classname="pro.saral.testCases.AChallan_Test"/>
  <testcase name="Challan_Testcases" time="0.669" classname="pro.saral.testCases.AChallan_Test"/>
  <testcase name="Challan_Testcases" time="1.737" classname="pro.saral.testCases.AChallan_Test"/>
  <testcase name="Challan_Testcases" time="0.474" classname="pro.saral.testCases.AChallan_Test"/>
  <testcase name="Challan_Testcases" time="0.654" classname="pro.saral.testCases.AChallan_Test"/>
  <testcase name="Challan_Testcases" time="0.576" classname="pro.saral.testCases.AChallan_Test"/>
  <testcase name="Challan_Testcases" time="1.685" classname="pro.saral.testCases.AChallan_Test"/>
  <testcase name="Challan_Testcases" time="0.870" classname="pro.saral.testCases.AChallan_Test"/>
  <testcase name="Challan_Testcases" time="0.673" classname="pro.saral.testCases.AChallan_Test"/>
  <testcase name="Challan_Testcases" time="0.488" classname="pro.saral.testCases.AChallan_Test"/>
  <testcase name="Challan_Testcases" time="0.194" classname="pro.saral.testCases.AChallan_Test"/>
  <testcase name="Challan_Testcases" time="1.016" classname="pro.saral.testCases.AChallan_Test"/>
  <testcase name="Challan_Testcases" time="0.584" classname="pro.saral.testCases.AChallan_Test"/>
  <testcase name="Challan_Testcases" time="0.581" classname="pro.saral.testCases.AChallan_Test"/>
  <testcase name="Challan_Testcases" time="1.626" classname="pro.saral.testCases.AChallan_Test"/>
  <testcase name="Challan_Testcases" time="0.241" classname="pro.saral.testCases.AChallan_Test"/>
  <testcase name="Challan_Testcases" time="0.768" classname="pro.saral.testCases.AChallan_Test"/>
  <testcase name="Challan_Testcases" time="1.695" classname="pro.saral.testCases.AChallan_Test"/>
  <testcase name="Challan_Testcases" time="0.526" classname="pro.saral.testCases.AChallan_Test"/>
  <testcase name="Challan_Testcases" time="0.212" classname="pro.saral.testCases.AChallan_Test"/>
  <testcase name="Challan_Testcases" time="0.712" classname="pro.saral.testCases.AChallan_Test"/>
  <testcase name="Challan_Testcases" time="1.253" classname="pro.saral.testCases.AChallan_Test"/>
  <testcase name="Challan_Testcases" time="0.501" classname="pro.saral.testCases.AChallan_Test"/>
  <testcase name="Challan_Testcases" time="0.743" classname="pro.saral.testCases.AChallan_Test"/>
  <testcase name="Challan_Testcases" time="0.677" classname="pro.saral.testCases.AChallan_Test"/>
  <testcase name="Challan_Testcases" time="0.194" classname="pro.saral.testCases.AChallan_Test"/>
  <testcase name="Challan_Testcases" time="3.704" classname="pro.saral.testCases.AChallan_Test"/>
  <testcase name="Challan_Testcases" time="0.232" classname="pro.saral.testCases.AChallan_Test"/>
  <testcase name="Challan_Testcases" time="0.568" classname="pro.saral.testCases.AChallan_Test"/>
  <testcase name="Challan_Testcases" time="0.191" classname="pro.saral.testCases.AChallan_Test"/>
  <testcase name="Challan_Testcases" time="0.494" classname="pro.saral.testCases.AChallan_Test"/>
  <testcase name="Challan_Testcases" time="1.199" classname="pro.saral.testCases.AChallan_Test"/>
  <testcase name="Challan_Testcases" time="0.221" classname="pro.saral.testCases.AChallan_Test"/>
  <testcase name="Challan_Testcases" time="0.188" classname="pro.saral.testCases.AChallan_Test"/>
  <testcase name="Challan_Testcases" time="0.824" classname="pro.saral.testCases.AChallan_Test"/>
  <testcase name="Challan_Testcases" time="0.615" classname="pro.saral.testCases.AChallan_Test"/>
  <testcase name="Challan_Testcases" time="1.420" classname="pro.saral.testCases.AChallan_Test"/>
  <testcase name="Challan_Testcases" time="0.692" classname="pro.saral.testCases.AChallan_Test"/>
  <testcase name="Challan_Testcases" time="0.002" classname="pro.saral.testCases.AChallan_Test"/>
  <testcase name="Challan_Testcases" time="1.523" classname="pro.saral.testCases.AChallan_Test"/>
  <testcase name="Challan_Testcases" time="0.001" classname="pro.saral.testCases.AChallan_Test"/>
  <testcase name="Challan_Testcases" time="0.862" classname="pro.saral.testCases.AChallan_Test"/>
  <testcase name="Challan_Testcases" time="1.127" classname="pro.saral.testCases.AChallan_Test"/>
  <testcase name="Challan_Testcases" time="0.543" classname="pro.saral.testCases.AChallan_Test"/>
  <testcase name="Challan_Testcases" time="0.201" classname="pro.saral.testCases.AChallan_Test"/>
  <testcase name="Challan_Testcases" time="0.002" classname="pro.saral.testCases.AChallan_Test"/>
  <testcase name="Challan_Testcases" time="0.836" classname="pro.saral.testCases.AChallan_Test"/>
  <testcase name="Challan_Testcases" time="0.932" classname="pro.saral.testCases.AChallan_Test"/>
  <testcase name="Challan_Testcases" time="0.571" classname="pro.saral.testCases.AChallan_Test"/>
  <testcase name="Challan_Testcases" time="1.793" classname="pro.saral.testCases.AChallan_Test"/>
  <testcase name="Challan_Testcases" time="0.195" classname="pro.saral.testCases.AChallan_Test"/>
  <testcase name="Challan_Testcases" time="0.166" classname="pro.saral.testCases.AChallan_Test"/>
  <testcase name="Challan_Testcases" time="0.357" classname="pro.saral.testCases.AChallan_Test"/>
  <testcase name="Challan_Testcases" time="1.308" classname="pro.saral.testCases.AChallan_Test"/>
  <testcase name="Challan_Testcases" time="0.566" classname="pro.saral.testCases.AChallan_Test"/>
  <testcase name="Challan_Testcases" time="1.626" classname="pro.saral.testCases.AChallan_Test"/>
  <testcase name="Challan_Testcases" time="0.015" classname="pro.saral.testCases.AChallan_Test"/>
  <testcase name="Challan_Testcases" time="1.210" classname="pro.saral.testCases.AChallan_Test"/>
  <testcase name="Challan_Testcases" time="0.550" classname="pro.saral.testCases.AChallan_Test"/>
  <testcase name="Challan_Testcases" time="0.686" classname="pro.saral.testCases.AChallan_Test"/>
  <testcase name="Challan_Testcases" time="0.642" classname="pro.saral.testCases.AChallan_Test"/>
  <testcase name="Challan_Testcases" time="1.032" classname="pro.saral.testCases.AChallan_Test"/>
  <testcase name="Challan_Testcases" time="3.364" classname="pro.saral.testCases.AChallan_Test"/>
  <testcase name="Challan_Testcases" time="0.577" classname="pro.saral.testCases.AChallan_Test"/>
  <testcase name="Challan_Testcases" time="0.608" classname="pro.saral.testCases.AChallan_Test"/>
  <testcase name="Challan_Testcases" time="0.675" classname="pro.saral.testCases.AChallan_Test"/>
  <testcase name="Challan_Testcases" time="0.559" classname="pro.saral.testCases.AChallan_Test"/>
  <testcase name="Challan_Testcases" time="0.227" classname="pro.saral.testCases.AChallan_Test"/>
  <testcase name="Challan_Testcases" time="0.683" classname="pro.saral.testCases.AChallan_Test"/>
  <testcase name="Challan_Testcases" time="0.922" classname="pro.saral.testCases.AChallan_Test"/>
  <testcase name="Challan_Testcases" time="1.197" classname="pro.saral.testCases.AChallan_Test"/>
  <testcase name="Challan_Testcases" time="0.893" classname="pro.saral.testCases.AChallan_Test"/>
  <testcase name="Challan_Testcases" time="1.181" classname="pro.saral.testCases.AChallan_Test"/>
  <testcase name="Challan_Testcases" time="0.230" classname="pro.saral.testCases.AChallan_Test"/>
  <testcase name="Challan_Testcases" time="1.091" classname="pro.saral.testCases.AChallan_Test"/>
  <testcase name="Challan_Testcases" time="0.812" classname="pro.saral.testCases.AChallan_Test"/>
  <testcase name="Challan_Testcases" time="0.687" classname="pro.saral.testCases.AChallan_Test"/>
  <testcase name="Challan_Testcases" time="0.747" classname="pro.saral.testCases.AChallan_Test"/>
  <testcase name="Challan_Testcases" time="0.662" classname="pro.saral.testCases.AChallan_Test"/>
  <testcase name="Challan_Testcases" time="1.129" classname="pro.saral.testCases.AChallan_Test"/>
  <testcase name="Challan_Testcases" time="1.171" classname="pro.saral.testCases.AChallan_Test"/>
  <testcase name="Challan_Testcases" time="0.638" classname="pro.saral.testCases.AChallan_Test"/>
  <testcase name="Challan_Testcases" time="0.672" classname="pro.saral.testCases.AChallan_Test"/>
  <testcase name="Challan_Testcases" time="0.210" classname="pro.saral.testCases.AChallan_Test"/>
  <testcase name="Challan_Testcases" time="0.506" classname="pro.saral.testCases.AChallan_Test"/>
  <testcase name="Challan_Testcases" time="0.001" classname="pro.saral.testCases.AChallan_Test"/>
  <testcase name="Challan_Testcases" time="0.576" classname="pro.saral.testCases.AChallan_Test"/>
  <testcase name="Challan_Testcases" time="0.184" classname="pro.saral.testCases.AChallan_Test"/>
  <testcase name="Challan_Testcases" time="0.596" classname="pro.saral.testCases.AChallan_Test"/>
  <testcase name="Challan_Testcases" time="0.886" classname="pro.saral.testCases.AChallan_Test"/>
  <testcase name="Challan_Testcases" time="0.480" classname="pro.saral.testCases.AChallan_Test"/>
  <testcase name="Challan_Testcases" time="0.971" classname="pro.saral.testCases.AChallan_Test"/>
  <testcase name="Challan_Testcases" time="0.001" classname="pro.saral.testCases.AChallan_Test"/>
  <testcase name="Challan_Testcases" time="1.174" classname="pro.saral.testCases.AChallan_Test"/>
  <testcase name="Challan_Testcases" time="0.309" classname="pro.saral.testCases.AChallan_Test"/>
  <testcase name="Challan_Testcases" time="1.206" classname="pro.saral.testCases.AChallan_Test"/>
</testsuite> <!-- pro.saral.testCases.AChallan_Test -->
