<?xml version="1.0" encoding="UTF-8"?>
<!-- Generated by org.testng.reporters.JUnitReportReporter -->
<testsuite hostname="Darshan" name="pro.saral.testCases.Challan_Mapping_27Q_Test" tests="234" failures="0" timestamp="4 Jul 2022 13:08:11 GMT" time="326.430" errors="0">
  <testcase name="Challan_Mapping_27Q_Testcases" time="0.219" classname="pro.saral.testCases.Challan_Mapping_27Q_Test"/>
  <testcase name="Challan_Mapping_27Q_Testcases" time="2.418" classname="pro.saral.testCases.Challan_Mapping_27Q_Test"/>
  <testcase name="Challan_Mapping_27Q_Testcases" time="2.378" classname="pro.saral.testCases.Challan_Mapping_27Q_Test"/>
  <testcase name="Challan_Mapping_27Q_Testcases" time="2.158" classname="pro.saral.testCases.Challan_Mapping_27Q_Test"/>
  <testcase name="Challan_Mapping_27Q_Testcases" time="0.007" classname="pro.saral.testCases.Challan_Mapping_27Q_Test"/>
  <testcase name="Challan_Mapping_27Q_Testcases" time="0.269" classname="pro.saral.testCases.Challan_Mapping_27Q_Test"/>
  <testcase name="Challan_Mapping_27Q_Testcases" time="2.169" classname="pro.saral.testCases.Challan_Mapping_27Q_Test"/>
  <testcase name="Challan_Mapping_27Q_Testcases" time="0.010" classname="pro.saral.testCases.Challan_Mapping_27Q_Test"/>
  <testcase name="Challan_Mapping_27Q_Testcases" time="0.083" classname="pro.saral.testCases.Challan_Mapping_27Q_Test"/>
  <testcase name="Challan_Mapping_27Q_Testcases" time="0.013" classname="pro.saral.testCases.Challan_Mapping_27Q_Test"/>
  <testcase name="Challan_Mapping_27Q_Testcases" time="2.531" classname="pro.saral.testCases.Challan_Mapping_27Q_Test"/>
  <testcase name="Challan_Mapping_27Q_Testcases" time="0.156" classname="pro.saral.testCases.Challan_Mapping_27Q_Test"/>
  <testcase name="Challan_Mapping_27Q_Testcases" time="2.150" classname="pro.saral.testCases.Challan_Mapping_27Q_Test"/>
  <testcase name="Challan_Mapping_27Q_Testcases" time="0.233" classname="pro.saral.testCases.Challan_Mapping_27Q_Test"/>
  <testcase name="Challan_Mapping_27Q_Testcases" time="2.413" classname="pro.saral.testCases.Challan_Mapping_27Q_Test"/>
  <testcase name="Challan_Mapping_27Q_Testcases" time="2.140" classname="pro.saral.testCases.Challan_Mapping_27Q_Test"/>
  <testcase name="Challan_Mapping_27Q_Testcases" time="0.007" classname="pro.saral.testCases.Challan_Mapping_27Q_Test"/>
  <testcase name="Challan_Mapping_27Q_Testcases" time="0.199" classname="pro.saral.testCases.Challan_Mapping_27Q_Test"/>
  <testcase name="Challan_Mapping_27Q_Testcases" time="0.185" classname="pro.saral.testCases.Challan_Mapping_27Q_Test"/>
  <testcase name="Challan_Mapping_27Q_Testcases" time="0.436" classname="pro.saral.testCases.Challan_Mapping_27Q_Test"/>
  <testcase name="Challan_Mapping_27Q_Testcases" time="2.321" classname="pro.saral.testCases.Challan_Mapping_27Q_Test"/>
  <testcase name="Challan_Mapping_27Q_Testcases" time="2.193" classname="pro.saral.testCases.Challan_Mapping_27Q_Test"/>
  <testcase name="Challan_Mapping_27Q_Testcases" time="0.054" classname="pro.saral.testCases.Challan_Mapping_27Q_Test"/>
  <testcase name="Challan_Mapping_27Q_Testcases" time="0.307" classname="pro.saral.testCases.Challan_Mapping_27Q_Test"/>
  <testcase name="Challan_Mapping_27Q_Testcases" time="0.108" classname="pro.saral.testCases.Challan_Mapping_27Q_Test"/>
  <testcase name="Challan_Mapping_27Q_Testcases" time="0.174" classname="pro.saral.testCases.Challan_Mapping_27Q_Test"/>
  <testcase name="Challan_Mapping_27Q_Testcases" time="0.108" classname="pro.saral.testCases.Challan_Mapping_27Q_Test"/>
  <testcase name="Challan_Mapping_27Q_Testcases" time="2.211" classname="pro.saral.testCases.Challan_Mapping_27Q_Test"/>
  <testcase name="Challan_Mapping_27Q_Testcases" time="2.593" classname="pro.saral.testCases.Challan_Mapping_27Q_Test"/>
  <testcase name="Challan_Mapping_27Q_Testcases" time="2.463" classname="pro.saral.testCases.Challan_Mapping_27Q_Test"/>
  <testcase name="Challan_Mapping_27Q_Testcases" time="0.721" classname="pro.saral.testCases.Challan_Mapping_27Q_Test"/>
  <testcase name="Challan_Mapping_27Q_Testcases" time="2.418" classname="pro.saral.testCases.Challan_Mapping_27Q_Test"/>
  <testcase name="Challan_Mapping_27Q_Testcases" time="2.318" classname="pro.saral.testCases.Challan_Mapping_27Q_Test"/>
  <testcase name="Challan_Mapping_27Q_Testcases" time="0.101" classname="pro.saral.testCases.Challan_Mapping_27Q_Test"/>
  <testcase name="Challan_Mapping_27Q_Testcases" time="2.245" classname="pro.saral.testCases.Challan_Mapping_27Q_Test"/>
  <testcase name="Challan_Mapping_27Q_Testcases" time="0.159" classname="pro.saral.testCases.Challan_Mapping_27Q_Test"/>
  <testcase name="Challan_Mapping_27Q_Testcases" time="2.455" classname="pro.saral.testCases.Challan_Mapping_27Q_Test"/>
  <testcase name="Challan_Mapping_27Q_Testcases" time="2.332" classname="pro.saral.testCases.Challan_Mapping_27Q_Test"/>
  <testcase name="Challan_Mapping_27Q_Testcases" time="2.350" classname="pro.saral.testCases.Challan_Mapping_27Q_Test"/>
  <testcase name="Challan_Mapping_27Q_Testcases" time="2.457" classname="pro.saral.testCases.Challan_Mapping_27Q_Test"/>
  <testcase name="Challan_Mapping_27Q_Testcases" time="0.435" classname="pro.saral.testCases.Challan_Mapping_27Q_Test"/>
  <testcase name="Challan_Mapping_27Q_Testcases" time="0.191" classname="pro.saral.testCases.Challan_Mapping_27Q_Test"/>
  <testcase name="Challan_Mapping_27Q_Testcases" time="2.137" classname="pro.saral.testCases.Challan_Mapping_27Q_Test"/>
  <testcase name="Challan_Mapping_27Q_Testcases" time="2.267" classname="pro.saral.testCases.Challan_Mapping_27Q_Test"/>
  <testcase name="Challan_Mapping_27Q_Testcases" time="0.009" classname="pro.saral.testCases.Challan_Mapping_27Q_Test"/>
  <testcase name="Challan_Mapping_27Q_Testcases" time="2.208" classname="pro.saral.testCases.Challan_Mapping_27Q_Test"/>
  <testcase name="Challan_Mapping_27Q_Testcases" time="0.215" classname="pro.saral.testCases.Challan_Mapping_27Q_Test"/>
  <testcase name="Challan_Mapping_27Q_Testcases" time="2.299" classname="pro.saral.testCases.Challan_Mapping_27Q_Test"/>
  <testcase name="Challan_Mapping_27Q_Testcases" time="0.554" classname="pro.saral.testCases.Challan_Mapping_27Q_Test"/>
  <testcase name="Challan_Mapping_27Q_Testcases" time="2.351" classname="pro.saral.testCases.Challan_Mapping_27Q_Test"/>
  <testcase name="Challan_Mapping_27Q_Testcases" time="0.161" classname="pro.saral.testCases.Challan_Mapping_27Q_Test"/>
  <testcase name="Challan_Mapping_27Q_Testcases" time="2.151" classname="pro.saral.testCases.Challan_Mapping_27Q_Test"/>
  <testcase name="Challan_Mapping_27Q_Testcases" time="2.145" classname="pro.saral.testCases.Challan_Mapping_27Q_Test"/>
  <testcase name="Challan_Mapping_27Q_Testcases" time="2.622" classname="pro.saral.testCases.Challan_Mapping_27Q_Test"/>
  <testcase name="Challan_Mapping_27Q_Testcases" time="0.018" classname="pro.saral.testCases.Challan_Mapping_27Q_Test"/>
  <testcase name="Challan_Mapping_27Q_Testcases" time="2.254" classname="pro.saral.testCases.Challan_Mapping_27Q_Test"/>
  <testcase name="Challan_Mapping_27Q_Testcases" time="0.105" classname="pro.saral.testCases.Challan_Mapping_27Q_Test"/>
  <testcase name="Challan_Mapping_27Q_Testcases" time="2.228" classname="pro.saral.testCases.Challan_Mapping_27Q_Test"/>
  <testcase name="Challan_Mapping_27Q_Testcases" time="3.012" classname="pro.saral.testCases.Challan_Mapping_27Q_Test"/>
  <testcase name="Challan_Mapping_27Q_Testcases" time="0.162" classname="pro.saral.testCases.Challan_Mapping_27Q_Test"/>
  <testcase name="Challan_Mapping_27Q_Testcases" time="2.151" classname="pro.saral.testCases.Challan_Mapping_27Q_Test"/>
  <testcase name="Challan_Mapping_27Q_Testcases" time="2.135" classname="pro.saral.testCases.Challan_Mapping_27Q_Test"/>
  <testcase name="Challan_Mapping_27Q_Testcases" time="2.208" classname="pro.saral.testCases.Challan_Mapping_27Q_Test"/>
  <testcase name="Challan_Mapping_27Q_Testcases" time="2.240" classname="pro.saral.testCases.Challan_Mapping_27Q_Test"/>
  <testcase name="Challan_Mapping_27Q_Testcases" time="0.128" classname="pro.saral.testCases.Challan_Mapping_27Q_Test"/>
  <testcase name="Challan_Mapping_27Q_Testcases" time="0.007" classname="pro.saral.testCases.Challan_Mapping_27Q_Test"/>
  <testcase name="Challan_Mapping_27Q_Testcases" time="2.142" classname="pro.saral.testCases.Challan_Mapping_27Q_Test"/>
  <testcase name="Challan_Mapping_27Q_Testcases" time="0.381" classname="pro.saral.testCases.Challan_Mapping_27Q_Test"/>
  <testcase name="Challan_Mapping_27Q_Testcases" time="0.163" classname="pro.saral.testCases.Challan_Mapping_27Q_Test"/>
  <testcase name="Challan_Mapping_27Q_Testcases" time="0.445" classname="pro.saral.testCases.Challan_Mapping_27Q_Test"/>
  <testcase name="Challan_Mapping_27Q_Testcases" time="0.298" classname="pro.saral.testCases.Challan_Mapping_27Q_Test"/>
  <testcase name="Challan_Mapping_27Q_Testcases" time="2.161" classname="pro.saral.testCases.Challan_Mapping_27Q_Test"/>
  <testcase name="Challan_Mapping_27Q_Testcases" time="2.185" classname="pro.saral.testCases.Challan_Mapping_27Q_Test"/>
  <testcase name="Challan_Mapping_27Q_Testcases" time="0.336" classname="pro.saral.testCases.Challan_Mapping_27Q_Test"/>
  <testcase name="Challan_Mapping_27Q_Testcases" time="2.312" classname="pro.saral.testCases.Challan_Mapping_27Q_Test"/>
  <testcase name="Challan_Mapping_27Q_Testcases" time="0.243" classname="pro.saral.testCases.Challan_Mapping_27Q_Test"/>
  <testcase name="Challan_Mapping_27Q_Testcases" time="2.163" classname="pro.saral.testCases.Challan_Mapping_27Q_Test"/>
  <testcase name="Challan_Mapping_27Q_Testcases" time="2.236" classname="pro.saral.testCases.Challan_Mapping_27Q_Test"/>
  <testcase name="Challan_Mapping_27Q_Testcases" time="0.152" classname="pro.saral.testCases.Challan_Mapping_27Q_Test"/>
  <testcase name="Challan_Mapping_27Q_Testcases" time="2.226" classname="pro.saral.testCases.Challan_Mapping_27Q_Test"/>
  <testcase name="Challan_Mapping_27Q_Testcases" time="2.200" classname="pro.saral.testCases.Challan_Mapping_27Q_Test"/>
  <testcase name="Challan_Mapping_27Q_Testcases" time="2.333" classname="pro.saral.testCases.Challan_Mapping_27Q_Test"/>
  <testcase name="Challan_Mapping_27Q_Testcases" time="2.319" classname="pro.saral.testCases.Challan_Mapping_27Q_Test"/>
  <testcase name="Challan_Mapping_27Q_Testcases" time="2.188" classname="pro.saral.testCases.Challan_Mapping_27Q_Test"/>
  <testcase name="Challan_Mapping_27Q_Testcases" time="2.505" classname="pro.saral.testCases.Challan_Mapping_27Q_Test"/>
  <testcase name="Challan_Mapping_27Q_Testcases" time="0.252" classname="pro.saral.testCases.Challan_Mapping_27Q_Test"/>
  <testcase name="Challan_Mapping_27Q_Testcases" time="2.224" classname="pro.saral.testCases.Challan_Mapping_27Q_Test"/>
  <testcase name="Challan_Mapping_27Q_Testcases" time="0.192" classname="pro.saral.testCases.Challan_Mapping_27Q_Test"/>
  <testcase name="Challan_Mapping_27Q_Testcases" time="2.413" classname="pro.saral.testCases.Challan_Mapping_27Q_Test"/>
  <testcase name="Challan_Mapping_27Q_Testcases" time="0.118" classname="pro.saral.testCases.Challan_Mapping_27Q_Test"/>
  <testcase name="Challan_Mapping_27Q_Testcases" time="2.102" classname="pro.saral.testCases.Challan_Mapping_27Q_Test"/>
  <testcase name="Challan_Mapping_27Q_Testcases" time="0.061" classname="pro.saral.testCases.Challan_Mapping_27Q_Test"/>
  <testcase name="Challan_Mapping_27Q_Testcases" time="2.303" classname="pro.saral.testCases.Challan_Mapping_27Q_Test"/>
  <testcase name="Challan_Mapping_27Q_Testcases" time="2.151" classname="pro.saral.testCases.Challan_Mapping_27Q_Test"/>
  <testcase name="Challan_Mapping_27Q_Testcases" time="0.205" classname="pro.saral.testCases.Challan_Mapping_27Q_Test"/>
  <testcase name="Challan_Mapping_27Q_Testcases" time="2.470" classname="pro.saral.testCases.Challan_Mapping_27Q_Test"/>
  <testcase name="Challan_Mapping_27Q_Testcases" time="2.875" classname="pro.saral.testCases.Challan_Mapping_27Q_Test"/>
  <testcase name="Challan_Mapping_27Q_Testcases" time="2.537" classname="pro.saral.testCases.Challan_Mapping_27Q_Test"/>
  <testcase name="Challan_Mapping_27Q_Testcases" time="0.098" classname="pro.saral.testCases.Challan_Mapping_27Q_Test"/>
  <testcase name="Challan_Mapping_27Q_Testcases" time="2.513" classname="pro.saral.testCases.Challan_Mapping_27Q_Test"/>
  <testcase name="Challan_Mapping_27Q_Testcases" time="0.292" classname="pro.saral.testCases.Challan_Mapping_27Q_Test"/>
  <testcase name="Challan_Mapping_27Q_Testcases" time="2.467" classname="pro.saral.testCases.Challan_Mapping_27Q_Test"/>
  <testcase name="Challan_Mapping_27Q_Testcases" time="0.223" classname="pro.saral.testCases.Challan_Mapping_27Q_Test"/>
  <testcase name="Challan_Mapping_27Q_Testcases" time="0.044" classname="pro.saral.testCases.Challan_Mapping_27Q_Test"/>
  <testcase name="Challan_Mapping_27Q_Testcases" time="0.365" classname="pro.saral.testCases.Challan_Mapping_27Q_Test"/>
  <testcase name="Challan_Mapping_27Q_Testcases" time="0.216" classname="pro.saral.testCases.Challan_Mapping_27Q_Test"/>
  <testcase name="Challan_Mapping_27Q_Testcases" time="2.381" classname="pro.saral.testCases.Challan_Mapping_27Q_Test"/>
  <testcase name="Challan_Mapping_27Q_Testcases" time="0.185" classname="pro.saral.testCases.Challan_Mapping_27Q_Test"/>
  <testcase name="Challan_Mapping_27Q_Testcases" time="2.170" classname="pro.saral.testCases.Challan_Mapping_27Q_Test"/>
  <testcase name="Challan_Mapping_27Q_Testcases" time="0.138" classname="pro.saral.testCases.Challan_Mapping_27Q_Test"/>
  <testcase name="Challan_Mapping_27Q_Testcases" time="2.315" classname="pro.saral.testCases.Challan_Mapping_27Q_Test"/>
  <testcase name="Challan_Mapping_27Q_Testcases" time="0.242" classname="pro.saral.testCases.Challan_Mapping_27Q_Test"/>
  <testcase name="Challan_Mapping_27Q_Testcases" time="2.580" classname="pro.saral.testCases.Challan_Mapping_27Q_Test"/>
  <testcase name="Challan_Mapping_27Q_Testcases" time="2.514" classname="pro.saral.testCases.Challan_Mapping_27Q_Test"/>
  <testcase name="Challan_Mapping_27Q_Testcases" time="2.128" classname="pro.saral.testCases.Challan_Mapping_27Q_Test"/>
  <testcase name="Challan_Mapping_27Q_Testcases" time="0.096" classname="pro.saral.testCases.Challan_Mapping_27Q_Test"/>
  <testcase name="Challan_Mapping_27Q_Testcases" time="2.158" classname="pro.saral.testCases.Challan_Mapping_27Q_Test"/>
  <testcase name="Challan_Mapping_27Q_Testcases" time="0.640" classname="pro.saral.testCases.Challan_Mapping_27Q_Test"/>
  <testcase name="Challan_Mapping_27Q_Testcases" time="0.201" classname="pro.saral.testCases.Challan_Mapping_27Q_Test"/>
  <testcase name="Challan_Mapping_27Q_Testcases" time="2.289" classname="pro.saral.testCases.Challan_Mapping_27Q_Test"/>
  <testcase name="Challan_Mapping_27Q_Testcases" time="2.242" classname="pro.saral.testCases.Challan_Mapping_27Q_Test"/>
  <testcase name="Challan_Mapping_27Q_Testcases" time="0.087" classname="pro.saral.testCases.Challan_Mapping_27Q_Test"/>
  <testcase name="Challan_Mapping_27Q_Testcases" time="0.294" classname="pro.saral.testCases.Challan_Mapping_27Q_Test"/>
  <testcase name="Challan_Mapping_27Q_Testcases" time="2.221" classname="pro.saral.testCases.Challan_Mapping_27Q_Test"/>
  <testcase name="Challan_Mapping_27Q_Testcases" time="0.230" classname="pro.saral.testCases.Challan_Mapping_27Q_Test"/>
  <testcase name="Challan_Mapping_27Q_Testcases" time="2.292" classname="pro.saral.testCases.Challan_Mapping_27Q_Test"/>
  <testcase name="Challan_Mapping_27Q_Testcases" time="0.063" classname="pro.saral.testCases.Challan_Mapping_27Q_Test"/>
  <testcase name="Challan_Mapping_27Q_Testcases" time="2.216" classname="pro.saral.testCases.Challan_Mapping_27Q_Test"/>
  <testcase name="Challan_Mapping_27Q_Testcases" time="0.213" classname="pro.saral.testCases.Challan_Mapping_27Q_Test"/>
  <testcase name="Challan_Mapping_27Q_Testcases" time="0.106" classname="pro.saral.testCases.Challan_Mapping_27Q_Test"/>
  <testcase name="Challan_Mapping_27Q_Testcases" time="0.456" classname="pro.saral.testCases.Challan_Mapping_27Q_Test"/>
  <testcase name="Challan_Mapping_27Q_Testcases" time="0.467" classname="pro.saral.testCases.Challan_Mapping_27Q_Test"/>
  <testcase name="Challan_Mapping_27Q_Testcases" time="0.207" classname="pro.saral.testCases.Challan_Mapping_27Q_Test"/>
  <testcase name="Challan_Mapping_27Q_Testcases" time="0.281" classname="pro.saral.testCases.Challan_Mapping_27Q_Test"/>
  <testcase name="Challan_Mapping_27Q_Testcases" time="2.273" classname="pro.saral.testCases.Challan_Mapping_27Q_Test"/>
  <testcase name="Challan_Mapping_27Q_Testcases" time="2.352" classname="pro.saral.testCases.Challan_Mapping_27Q_Test"/>
  <testcase name="Challan_Mapping_27Q_Testcases" time="2.540" classname="pro.saral.testCases.Challan_Mapping_27Q_Test"/>
  <testcase name="Challan_Mapping_27Q_Testcases" time="0.292" classname="pro.saral.testCases.Challan_Mapping_27Q_Test"/>
  <testcase name="Challan_Mapping_27Q_Testcases" time="2.164" classname="pro.saral.testCases.Challan_Mapping_27Q_Test"/>
  <testcase name="Challan_Mapping_27Q_Testcases" time="0.410" classname="pro.saral.testCases.Challan_Mapping_27Q_Test"/>
  <testcase name="Challan_Mapping_27Q_Testcases" time="0.115" classname="pro.saral.testCases.Challan_Mapping_27Q_Test"/>
  <testcase name="Challan_Mapping_27Q_Testcases" time="2.143" classname="pro.saral.testCases.Challan_Mapping_27Q_Test"/>
  <testcase name="Challan_Mapping_27Q_Testcases" time="2.158" classname="pro.saral.testCases.Challan_Mapping_27Q_Test"/>
  <testcase name="Challan_Mapping_27Q_Testcases" time="2.313" classname="pro.saral.testCases.Challan_Mapping_27Q_Test"/>
  <testcase name="Challan_Mapping_27Q_Testcases" time="0.104" classname="pro.saral.testCases.Challan_Mapping_27Q_Test"/>
  <testcase name="Challan_Mapping_27Q_Testcases" time="2.615" classname="pro.saral.testCases.Challan_Mapping_27Q_Test"/>
  <testcase name="Challan_Mapping_27Q_Testcases" time="2.431" classname="pro.saral.testCases.Challan_Mapping_27Q_Test"/>
  <testcase name="Challan_Mapping_27Q_Testcases" time="2.262" classname="pro.saral.testCases.Challan_Mapping_27Q_Test"/>
  <testcase name="Challan_Mapping_27Q_Testcases" time="2.601" classname="pro.saral.testCases.Challan_Mapping_27Q_Test"/>
  <testcase name="Challan_Mapping_27Q_Testcases" time="2.231" classname="pro.saral.testCases.Challan_Mapping_27Q_Test"/>
  <testcase name="Challan_Mapping_27Q_Testcases" time="2.214" classname="pro.saral.testCases.Challan_Mapping_27Q_Test"/>
  <testcase name="Challan_Mapping_27Q_Testcases" time="2.382" classname="pro.saral.testCases.Challan_Mapping_27Q_Test"/>
  <testcase name="Challan_Mapping_27Q_Testcases" time="2.594" classname="pro.saral.testCases.Challan_Mapping_27Q_Test"/>
  <testcase name="Challan_Mapping_27Q_Testcases" time="2.390" classname="pro.saral.testCases.Challan_Mapping_27Q_Test"/>
  <testcase name="Challan_Mapping_27Q_Testcases" time="2.334" classname="pro.saral.testCases.Challan_Mapping_27Q_Test"/>
  <testcase name="Challan_Mapping_27Q_Testcases" time="0.137" classname="pro.saral.testCases.Challan_Mapping_27Q_Test"/>
  <testcase name="Challan_Mapping_27Q_Testcases" time="2.359" classname="pro.saral.testCases.Challan_Mapping_27Q_Test"/>
  <testcase name="Challan_Mapping_27Q_Testcases" time="2.347" classname="pro.saral.testCases.Challan_Mapping_27Q_Test"/>
  <testcase name="Challan_Mapping_27Q_Testcases" time="0.298" classname="pro.saral.testCases.Challan_Mapping_27Q_Test"/>
  <testcase name="Challan_Mapping_27Q_Testcases" time="0.365" classname="pro.saral.testCases.Challan_Mapping_27Q_Test"/>
  <testcase name="Challan_Mapping_27Q_Testcases" time="2.350" classname="pro.saral.testCases.Challan_Mapping_27Q_Test"/>
  <testcase name="Challan_Mapping_27Q_Testcases" time="0.007" classname="pro.saral.testCases.Challan_Mapping_27Q_Test"/>
  <testcase name="Challan_Mapping_27Q_Testcases" time="0.010" classname="pro.saral.testCases.Challan_Mapping_27Q_Test"/>
  <testcase name="Challan_Mapping_27Q_Testcases" time="0.482" classname="pro.saral.testCases.Challan_Mapping_27Q_Test"/>
  <testcase name="Challan_Mapping_27Q_Testcases" time="0.344" classname="pro.saral.testCases.Challan_Mapping_27Q_Test"/>
  <testcase name="Challan_Mapping_27Q_Testcases" time="0.264" classname="pro.saral.testCases.Challan_Mapping_27Q_Test"/>
  <testcase name="Challan_Mapping_27Q_Testcases" time="2.254" classname="pro.saral.testCases.Challan_Mapping_27Q_Test"/>
  <testcase name="Challan_Mapping_27Q_Testcases" time="2.371" classname="pro.saral.testCases.Challan_Mapping_27Q_Test"/>
  <testcase name="Challan_Mapping_27Q_Testcases" time="2.358" classname="pro.saral.testCases.Challan_Mapping_27Q_Test"/>
  <testcase name="Challan_Mapping_27Q_Testcases" time="0.453" classname="pro.saral.testCases.Challan_Mapping_27Q_Test"/>
  <testcase name="Challan_Mapping_27Q_Testcases" time="2.082" classname="pro.saral.testCases.Challan_Mapping_27Q_Test"/>
  <testcase name="Challan_Mapping_27Q_Testcases" time="0.195" classname="pro.saral.testCases.Challan_Mapping_27Q_Test"/>
  <testcase name="Challan_Mapping_27Q_Testcases" time="2.143" classname="pro.saral.testCases.Challan_Mapping_27Q_Test"/>
  <testcase name="Challan_Mapping_27Q_Testcases" time="2.230" classname="pro.saral.testCases.Challan_Mapping_27Q_Test"/>
  <testcase name="Challan_Mapping_27Q_Testcases" time="2.320" classname="pro.saral.testCases.Challan_Mapping_27Q_Test"/>
  <testcase name="Challan_Mapping_27Q_Testcases" time="2.242" classname="pro.saral.testCases.Challan_Mapping_27Q_Test"/>
  <testcase name="Challan_Mapping_27Q_Testcases" time="2.211" classname="pro.saral.testCases.Challan_Mapping_27Q_Test"/>
  <testcase name="Challan_Mapping_27Q_Testcases" time="2.431" classname="pro.saral.testCases.Challan_Mapping_27Q_Test"/>
  <testcase name="Challan_Mapping_27Q_Testcases" time="2.240" classname="pro.saral.testCases.Challan_Mapping_27Q_Test"/>
  <testcase name="Challan_Mapping_27Q_Testcases" time="0.301" classname="pro.saral.testCases.Challan_Mapping_27Q_Test"/>
  <testcase name="Challan_Mapping_27Q_Testcases" time="0.389" classname="pro.saral.testCases.Challan_Mapping_27Q_Test"/>
  <testcase name="Challan_Mapping_27Q_Testcases" time="2.536" classname="pro.saral.testCases.Challan_Mapping_27Q_Test"/>
  <testcase name="Challan_Mapping_27Q_Testcases" time="2.170" classname="pro.saral.testCases.Challan_Mapping_27Q_Test"/>
  <testcase name="Challan_Mapping_27Q_Testcases" time="2.599" classname="pro.saral.testCases.Challan_Mapping_27Q_Test"/>
  <testcase name="Challan_Mapping_27Q_Testcases" time="2.214" classname="pro.saral.testCases.Challan_Mapping_27Q_Test"/>
  <testcase name="Challan_Mapping_27Q_Testcases" time="0.175" classname="pro.saral.testCases.Challan_Mapping_27Q_Test"/>
  <testcase name="Challan_Mapping_27Q_Testcases" time="0.816" classname="pro.saral.testCases.Challan_Mapping_27Q_Test"/>
  <testcase name="Challan_Mapping_27Q_Testcases" time="2.404" classname="pro.saral.testCases.Challan_Mapping_27Q_Test"/>
  <testcase name="Challan_Mapping_27Q_Testcases" time="2.194" classname="pro.saral.testCases.Challan_Mapping_27Q_Test"/>
  <testcase name="Challan_Mapping_27Q_Testcases" time="0.517" classname="pro.saral.testCases.Challan_Mapping_27Q_Test"/>
  <testcase name="Challan_Mapping_27Q_Testcases" time="2.245" classname="pro.saral.testCases.Challan_Mapping_27Q_Test"/>
  <testcase name="Challan_Mapping_27Q_Testcases" time="0.375" classname="pro.saral.testCases.Challan_Mapping_27Q_Test"/>
  <testcase name="Challan_Mapping_27Q_Testcases" time="2.215" classname="pro.saral.testCases.Challan_Mapping_27Q_Test"/>
  <testcase name="Challan_Mapping_27Q_Testcases" time="2.407" classname="pro.saral.testCases.Challan_Mapping_27Q_Test"/>
  <testcase name="Challan_Mapping_27Q_Testcases" time="2.206" classname="pro.saral.testCases.Challan_Mapping_27Q_Test"/>
  <testcase name="Challan_Mapping_27Q_Testcases" time="0.328" classname="pro.saral.testCases.Challan_Mapping_27Q_Test"/>
  <testcase name="Challan_Mapping_27Q_Testcases" time="0.185" classname="pro.saral.testCases.Challan_Mapping_27Q_Test"/>
  <testcase name="Challan_Mapping_27Q_Testcases" time="2.169" classname="pro.saral.testCases.Challan_Mapping_27Q_Test"/>
  <testcase name="Challan_Mapping_27Q_Testcases" time="0.422" classname="pro.saral.testCases.Challan_Mapping_27Q_Test"/>
  <testcase name="Challan_Mapping_27Q_Testcases" time="0.076" classname="pro.saral.testCases.Challan_Mapping_27Q_Test"/>
  <testcase name="Challan_Mapping_27Q_Testcases" time="0.010" classname="pro.saral.testCases.Challan_Mapping_27Q_Test"/>
  <testcase name="Challan_Mapping_27Q_Testcases" time="2.677" classname="pro.saral.testCases.Challan_Mapping_27Q_Test"/>
  <testcase name="Challan_Mapping_27Q_Testcases" time="0.434" classname="pro.saral.testCases.Challan_Mapping_27Q_Test"/>
  <testcase name="Challan_Mapping_27Q_Testcases" time="2.171" classname="pro.saral.testCases.Challan_Mapping_27Q_Test"/>
  <testcase name="Challan_Mapping_27Q_Testcases" time="2.154" classname="pro.saral.testCases.Challan_Mapping_27Q_Test"/>
  <testcase name="Challan_Mapping_27Q_Testcases" time="2.340" classname="pro.saral.testCases.Challan_Mapping_27Q_Test"/>
  <testcase name="Challan_Mapping_27Q_Testcases" time="2.371" classname="pro.saral.testCases.Challan_Mapping_27Q_Test"/>
  <testcase name="Challan_Mapping_27Q_Testcases" time="2.467" classname="pro.saral.testCases.Challan_Mapping_27Q_Test"/>
  <testcase name="Challan_Mapping_27Q_Testcases" time="2.363" classname="pro.saral.testCases.Challan_Mapping_27Q_Test"/>
  <testcase name="Challan_Mapping_27Q_Testcases" time="0.049" classname="pro.saral.testCases.Challan_Mapping_27Q_Test"/>
  <testcase name="Challan_Mapping_27Q_Testcases" time="2.207" classname="pro.saral.testCases.Challan_Mapping_27Q_Test"/>
  <testcase name="Challan_Mapping_27Q_Testcases" time="2.459" classname="pro.saral.testCases.Challan_Mapping_27Q_Test"/>
  <testcase name="Challan_Mapping_27Q_Testcases" time="0.159" classname="pro.saral.testCases.Challan_Mapping_27Q_Test"/>
  <testcase name="Challan_Mapping_27Q_Testcases" time="0.231" classname="pro.saral.testCases.Challan_Mapping_27Q_Test"/>
  <testcase name="Challan_Mapping_27Q_Testcases" time="2.492" classname="pro.saral.testCases.Challan_Mapping_27Q_Test"/>
  <testcase name="Challan_Mapping_27Q_Testcases" time="0.102" classname="pro.saral.testCases.Challan_Mapping_27Q_Test"/>
  <testcase name="Challan_Mapping_27Q_Testcases" time="2.253" classname="pro.saral.testCases.Challan_Mapping_27Q_Test"/>
  <testcase name="Challan_Mapping_27Q_Testcases" time="0.259" classname="pro.saral.testCases.Challan_Mapping_27Q_Test"/>
  <testcase name="Challan_Mapping_27Q_Testcases" time="2.332" classname="pro.saral.testCases.Challan_Mapping_27Q_Test"/>
  <testcase name="Challan_Mapping_27Q_Testcases" time="0.013" classname="pro.saral.testCases.Challan_Mapping_27Q_Test"/>
  <testcase name="Challan_Mapping_27Q_Testcases" time="2.400" classname="pro.saral.testCases.Challan_Mapping_27Q_Test"/>
  <testcase name="Challan_Mapping_27Q_Testcases" time="0.141" classname="pro.saral.testCases.Challan_Mapping_27Q_Test"/>
  <testcase name="Challan_Mapping_27Q_Testcases" time="2.222" classname="pro.saral.testCases.Challan_Mapping_27Q_Test"/>
  <testcase name="Challan_Mapping_27Q_Testcases" time="0.008" classname="pro.saral.testCases.Challan_Mapping_27Q_Test"/>
  <testcase name="Challan_Mapping_27Q_Testcases" time="0.158" classname="pro.saral.testCases.Challan_Mapping_27Q_Test"/>
  <testcase name="Challan_Mapping_27Q_Testcases" time="2.325" classname="pro.saral.testCases.Challan_Mapping_27Q_Test"/>
  <testcase name="Challan_Mapping_27Q_Testcases" time="2.287" classname="pro.saral.testCases.Challan_Mapping_27Q_Test"/>
  <testcase name="Challan_Mapping_27Q_Testcases" time="0.208" classname="pro.saral.testCases.Challan_Mapping_27Q_Test"/>
  <testcase name="Challan_Mapping_27Q_Testcases" time="0.226" classname="pro.saral.testCases.Challan_Mapping_27Q_Test"/>
  <testcase name="Challan_Mapping_27Q_Testcases" time="2.335" classname="pro.saral.testCases.Challan_Mapping_27Q_Test"/>
  <testcase name="Challan_Mapping_27Q_Testcases" time="2.299" classname="pro.saral.testCases.Challan_Mapping_27Q_Test"/>
  <testcase name="Challan_Mapping_27Q_Testcases" time="2.168" classname="pro.saral.testCases.Challan_Mapping_27Q_Test"/>
  <testcase name="Challan_Mapping_27Q_Testcases" time="2.166" classname="pro.saral.testCases.Challan_Mapping_27Q_Test"/>
  <testcase name="Challan_Mapping_27Q_Testcases" time="0.414" classname="pro.saral.testCases.Challan_Mapping_27Q_Test"/>
</testsuite> <!-- pro.saral.testCases.Challan_Mapping_27Q_Test -->
