<?xml version="1.0" encoding="UTF-8"?>
<!-- Generated by org.testng.reporters.JUnitReportReporter -->
<testsuite hostname="Darshan" name="pro.saral.testCases.AChallan_Test" tests="113" failures="0" timestamp="4 Jul 2022 09:31:42 GMT" time="119.498" errors="0">
  <testcase name="Challan_Testcases" time="2.210" classname="pro.saral.testCases.AChallan_Test"/>
  <testcase name="Challan_Testcases" time="0.105" classname="pro.saral.testCases.AChallan_Test"/>
  <testcase name="Challan_Testcases" time="0.011" classname="pro.saral.testCases.AChallan_Test"/>
  <testcase name="Challan_Testcases" time="0.071" classname="pro.saral.testCases.AChallan_Test"/>
  <testcase name="Challan_Testcases" time="2.218" classname="pro.saral.testCases.AChallan_Test"/>
  <testcase name="Challan_Testcases" time="0.212" classname="pro.saral.testCases.AChallan_Test"/>
  <testcase name="Challan_Testcases" time="0.177" classname="pro.saral.testCases.AChallan_Test"/>
  <testcase name="Challan_Testcases" time="0.231" classname="pro.saral.testCases.AChallan_Test"/>
  <testcase name="Challan_Testcases" time="0.090" classname="pro.saral.testCases.AChallan_Test"/>
  <testcase name="Challan_Testcases" time="2.380" classname="pro.saral.testCases.AChallan_Test"/>
  <testcase name="Challan_Testcases" time="0.499" classname="pro.saral.testCases.AChallan_Test"/>
  <testcase name="Challan_Testcases" time="0.408" classname="pro.saral.testCases.AChallan_Test"/>
  <testcase name="Challan_Testcases" time="0.065" classname="pro.saral.testCases.AChallan_Test"/>
  <testcase name="Challan_Testcases" time="0.119" classname="pro.saral.testCases.AChallan_Test"/>
  <testcase name="Challan_Testcases" time="0.184" classname="pro.saral.testCases.AChallan_Test"/>
  <testcase name="Challan_Testcases" time="2.227" classname="pro.saral.testCases.AChallan_Test"/>
  <testcase name="Challan_Testcases" time="0.462" classname="pro.saral.testCases.AChallan_Test"/>
  <testcase name="Challan_Testcases" time="0.225" classname="pro.saral.testCases.AChallan_Test"/>
  <testcase name="Challan_Testcases" time="2.205" classname="pro.saral.testCases.AChallan_Test"/>
  <testcase name="Challan_Testcases" time="0.558" classname="pro.saral.testCases.AChallan_Test"/>
  <testcase name="Challan_Testcases" time="0.090" classname="pro.saral.testCases.AChallan_Test"/>
  <testcase name="Challan_Testcases" time="0.055" classname="pro.saral.testCases.AChallan_Test"/>
  <testcase name="Challan_Testcases" time="2.288" classname="pro.saral.testCases.AChallan_Test"/>
  <testcase name="Challan_Testcases" time="2.145" classname="pro.saral.testCases.AChallan_Test"/>
  <testcase name="Challan_Testcases" time="2.407" classname="pro.saral.testCases.AChallan_Test"/>
  <testcase name="Challan_Testcases" time="0.195" classname="pro.saral.testCases.AChallan_Test"/>
  <testcase name="Challan_Testcases" time="2.531" classname="pro.saral.testCases.AChallan_Test"/>
  <testcase name="Challan_Testcases" time="0.205" classname="pro.saral.testCases.AChallan_Test"/>
  <testcase name="Challan_Testcases" time="0.300" classname="pro.saral.testCases.AChallan_Test"/>
  <testcase name="Challan_Testcases" time="2.440" classname="pro.saral.testCases.AChallan_Test"/>
  <testcase name="Challan_Testcases" time="0.333" classname="pro.saral.testCases.AChallan_Test"/>
  <testcase name="Challan_Testcases" time="0.340" classname="pro.saral.testCases.AChallan_Test"/>
  <testcase name="Challan_Testcases" time="0.222" classname="pro.saral.testCases.AChallan_Test"/>
  <testcase name="Challan_Testcases" time="2.336" classname="pro.saral.testCases.AChallan_Test"/>
  <testcase name="Challan_Testcases" time="2.304" classname="pro.saral.testCases.AChallan_Test"/>
  <testcase name="Challan_Testcases" time="2.283" classname="pro.saral.testCases.AChallan_Test"/>
  <testcase name="Challan_Testcases" time="0.391" classname="pro.saral.testCases.AChallan_Test"/>
  <testcase name="Challan_Testcases" time="0.249" classname="pro.saral.testCases.AChallan_Test"/>
  <testcase name="Challan_Testcases" time="0.112" classname="pro.saral.testCases.AChallan_Test"/>
  <testcase name="Challan_Testcases" time="0.656" classname="pro.saral.testCases.AChallan_Test"/>
  <testcase name="Challan_Testcases" time="2.359" classname="pro.saral.testCases.AChallan_Test"/>
  <testcase name="Challan_Testcases" time="0.012" classname="pro.saral.testCases.AChallan_Test"/>
  <testcase name="Challan_Testcases" time="0.012" classname="pro.saral.testCases.AChallan_Test"/>
  <testcase name="Challan_Testcases" time="0.495" classname="pro.saral.testCases.AChallan_Test"/>
  <testcase name="Challan_Testcases" time="2.189" classname="pro.saral.testCases.AChallan_Test"/>
  <testcase name="Challan_Testcases" time="2.693" classname="pro.saral.testCases.AChallan_Test"/>
  <testcase name="Challan_Testcases" time="2.390" classname="pro.saral.testCases.AChallan_Test"/>
  <testcase name="Challan_Testcases" time="2.960" classname="pro.saral.testCases.AChallan_Test"/>
  <testcase name="Challan_Testcases" time="0.219" classname="pro.saral.testCases.AChallan_Test"/>
  <testcase name="Challan_Testcases" time="2.405" classname="pro.saral.testCases.AChallan_Test"/>
  <testcase name="Challan_Testcases" time="2.215" classname="pro.saral.testCases.AChallan_Test"/>
  <testcase name="Challan_Testcases" time="0.594" classname="pro.saral.testCases.AChallan_Test"/>
  <testcase name="Challan_Testcases" time="2.250" classname="pro.saral.testCases.AChallan_Test"/>
  <testcase name="Challan_Testcases" time="0.106" classname="pro.saral.testCases.AChallan_Test"/>
  <testcase name="Challan_Testcases" time="2.255" classname="pro.saral.testCases.AChallan_Test"/>
  <testcase name="Challan_Testcases" time="2.361" classname="pro.saral.testCases.AChallan_Test"/>
  <testcase name="Challan_Testcases" time="2.452" classname="pro.saral.testCases.AChallan_Test"/>
  <testcase name="Challan_Testcases" time="0.067" classname="pro.saral.testCases.AChallan_Test"/>
  <testcase name="Challan_Testcases" time="0.200" classname="pro.saral.testCases.AChallan_Test"/>
  <testcase name="Challan_Testcases" time="0.229" classname="pro.saral.testCases.AChallan_Test"/>
  <testcase name="Challan_Testcases" time="0.418" classname="pro.saral.testCases.AChallan_Test"/>
  <testcase name="Challan_Testcases" time="2.155" classname="pro.saral.testCases.AChallan_Test"/>
  <testcase name="Challan_Testcases" time="0.238" classname="pro.saral.testCases.AChallan_Test"/>
  <testcase name="Challan_Testcases" time="0.106" classname="pro.saral.testCases.AChallan_Test"/>
  <testcase name="Challan_Testcases" time="0.268" classname="pro.saral.testCases.AChallan_Test"/>
  <testcase name="Challan_Testcases" time="0.290" classname="pro.saral.testCases.AChallan_Test"/>
  <testcase name="Challan_Testcases" time="0.149" classname="pro.saral.testCases.AChallan_Test"/>
  <testcase name="Challan_Testcases" time="0.551" classname="pro.saral.testCases.AChallan_Test"/>
  <testcase name="Challan_Testcases" time="2.215" classname="pro.saral.testCases.AChallan_Test"/>
  <testcase name="Challan_Testcases" time="0.242" classname="pro.saral.testCases.AChallan_Test"/>
  <testcase name="Challan_Testcases" time="0.015" classname="pro.saral.testCases.AChallan_Test"/>
  <testcase name="Challan_Testcases" time="2.865" classname="pro.saral.testCases.AChallan_Test"/>
  <testcase name="Challan_Testcases" time="2.196" classname="pro.saral.testCases.AChallan_Test"/>
  <testcase name="Challan_Testcases" time="2.231" classname="pro.saral.testCases.AChallan_Test"/>
  <testcase name="Challan_Testcases" time="0.233" classname="pro.saral.testCases.AChallan_Test"/>
  <testcase name="Challan_Testcases" time="2.350" classname="pro.saral.testCases.AChallan_Test"/>
  <testcase name="Challan_Testcases" time="0.111" classname="pro.saral.testCases.AChallan_Test"/>
  <testcase name="Challan_Testcases" time="0.014" classname="pro.saral.testCases.AChallan_Test"/>
  <testcase name="Challan_Testcases" time="0.216" classname="pro.saral.testCases.AChallan_Test"/>
  <testcase name="Challan_Testcases" time="2.259" classname="pro.saral.testCases.AChallan_Test"/>
  <testcase name="Challan_Testcases" time="0.071" classname="pro.saral.testCases.AChallan_Test"/>
  <testcase name="Challan_Testcases" time="2.248" classname="pro.saral.testCases.AChallan_Test"/>
  <testcase name="Challan_Testcases" time="2.587" classname="pro.saral.testCases.AChallan_Test"/>
  <testcase name="Challan_Testcases" time="2.185" classname="pro.saral.testCases.AChallan_Test"/>
  <testcase name="Challan_Testcases" time="0.227" classname="pro.saral.testCases.AChallan_Test"/>
  <testcase name="Challan_Testcases" time="2.352" classname="pro.saral.testCases.AChallan_Test"/>
  <testcase name="Challan_Testcases" time="2.266" classname="pro.saral.testCases.AChallan_Test"/>
  <testcase name="Challan_Testcases" time="2.874" classname="pro.saral.testCases.AChallan_Test"/>
  <testcase name="Challan_Testcases" time="0.131" classname="pro.saral.testCases.AChallan_Test"/>
  <testcase name="Challan_Testcases" time="2.274" classname="pro.saral.testCases.AChallan_Test"/>
  <testcase name="Challan_Testcases" time="2.189" classname="pro.saral.testCases.AChallan_Test"/>
  <testcase name="Challan_Testcases" time="0.173" classname="pro.saral.testCases.AChallan_Test"/>
  <testcase name="Challan_Testcases" time="0.397" classname="pro.saral.testCases.AChallan_Test"/>
  <testcase name="Challan_Testcases" time="0.200" classname="pro.saral.testCases.AChallan_Test"/>
  <testcase name="Challan_Testcases" time="0.083" classname="pro.saral.testCases.AChallan_Test"/>
  <testcase name="Challan_Testcases" time="0.068" classname="pro.saral.testCases.AChallan_Test"/>
  <testcase name="Challan_Testcases" time="2.168" classname="pro.saral.testCases.AChallan_Test"/>
  <testcase name="Challan_Testcases" time="2.273" classname="pro.saral.testCases.AChallan_Test"/>
  <testcase name="Challan_Testcases" time="0.072" classname="pro.saral.testCases.AChallan_Test"/>
  <testcase name="Challan_Testcases" time="0.231" classname="pro.saral.testCases.AChallan_Test"/>
  <testcase name="Challan_Testcases" time="0.090" classname="pro.saral.testCases.AChallan_Test"/>
  <testcase name="Challan_Testcases" time="0.013" classname="pro.saral.testCases.AChallan_Test"/>
  <testcase name="Challan_Testcases" time="0.065" classname="pro.saral.testCases.AChallan_Test"/>
  <testcase name="Challan_Testcases" time="0.296" classname="pro.saral.testCases.AChallan_Test"/>
  <testcase name="Challan_Testcases" time="0.069" classname="pro.saral.testCases.AChallan_Test"/>
  <testcase name="Challan_Testcases" time="2.252" classname="pro.saral.testCases.AChallan_Test"/>
  <testcase name="Challan_Testcases" time="0.075" classname="pro.saral.testCases.AChallan_Test"/>
  <testcase name="Challan_Testcases" time="2.215" classname="pro.saral.testCases.AChallan_Test"/>
  <testcase name="Challan_Testcases" time="0.515" classname="pro.saral.testCases.AChallan_Test"/>
  <testcase name="Challan_Testcases" time="2.401" classname="pro.saral.testCases.AChallan_Test"/>
  <testcase name="Challan_Testcases" time="0.067" classname="pro.saral.testCases.AChallan_Test"/>
  <testcase name="Challan_Testcases" time="0.010" classname="pro.saral.testCases.AChallan_Test"/>
  <testcase name="Challan_Testcases" time="2.237" classname="pro.saral.testCases.AChallan_Test"/>
</testsuite> <!-- pro.saral.testCases.AChallan_Test -->
