<?xml version="1.0" encoding="UTF-8"?>
<!-- Generated by org.testng.reporters.JUnitReportReporter -->
<testsuite hostname="Darshan" name="pro.saral.testCases.AChallan_Test" tests="109" failures="0" timestamp="3 Jun 2022 05:10:50 GMT" time="82.832" errors="0">
  <testcase name="Challan_Testcases" time="0.448" classname="pro.saral.testCases.AChallan_Test"/>
  <testcase name="Challan_Testcases" time="0.865" classname="pro.saral.testCases.AChallan_Test"/>
  <testcase name="Challan_Testcases" time="1.099" classname="pro.saral.testCases.AChallan_Test"/>
  <testcase name="Challan_Testcases" time="0.432" classname="pro.saral.testCases.AChallan_Test"/>
  <testcase name="Challan_Testcases" time="0.252" classname="pro.saral.testCases.AChallan_Test"/>
  <testcase name="Challan_Testcases" time="1.071" classname="pro.saral.testCases.AChallan_Test"/>
  <testcase name="Challan_Testcases" time="0.454" classname="pro.saral.testCases.AChallan_Test"/>
  <testcase name="Challan_Testcases" time="0.780" classname="pro.saral.testCases.AChallan_Test"/>
  <testcase name="Challan_Testcases" time="0.001" classname="pro.saral.testCases.AChallan_Test"/>
  <testcase name="Challan_Testcases" time="0.002" classname="pro.saral.testCases.AChallan_Test"/>
  <testcase name="Challan_Testcases" time="0.192" classname="pro.saral.testCases.AChallan_Test"/>
  <testcase name="Challan_Testcases" time="0.536" classname="pro.saral.testCases.AChallan_Test"/>
  <testcase name="Challan_Testcases" time="0.279" classname="pro.saral.testCases.AChallan_Test"/>
  <testcase name="Challan_Testcases" time="1.484" classname="pro.saral.testCases.AChallan_Test"/>
  <testcase name="Challan_Testcases" time="1.099" classname="pro.saral.testCases.AChallan_Test"/>
  <testcase name="Challan_Testcases" time="0.548" classname="pro.saral.testCases.AChallan_Test"/>
  <testcase name="Challan_Testcases" time="0.131" classname="pro.saral.testCases.AChallan_Test"/>
  <testcase name="Challan_Testcases" time="4.510" classname="pro.saral.testCases.AChallan_Test"/>
  <testcase name="Challan_Testcases" time="4.247" classname="pro.saral.testCases.AChallan_Test"/>
  <testcase name="Challan_Testcases" time="1.090" classname="pro.saral.testCases.AChallan_Test"/>
  <testcase name="Challan_Testcases" time="0.580" classname="pro.saral.testCases.AChallan_Test"/>
  <testcase name="Challan_Testcases" time="0.177" classname="pro.saral.testCases.AChallan_Test"/>
  <testcase name="Challan_Testcases" time="0.459" classname="pro.saral.testCases.AChallan_Test"/>
  <testcase name="Challan_Testcases" time="2.042" classname="pro.saral.testCases.AChallan_Test"/>
  <testcase name="Challan_Testcases" time="1.124" classname="pro.saral.testCases.AChallan_Test"/>
  <testcase name="Challan_Testcases" time="1.569" classname="pro.saral.testCases.AChallan_Test"/>
  <testcase name="Challan_Testcases" time="0.368" classname="pro.saral.testCases.AChallan_Test"/>
  <testcase name="Challan_Testcases" time="4.283" classname="pro.saral.testCases.AChallan_Test"/>
  <testcase name="Challan_Testcases" time="0.280" classname="pro.saral.testCases.AChallan_Test"/>
  <testcase name="Challan_Testcases" time="0.236" classname="pro.saral.testCases.AChallan_Test"/>
  <testcase name="Challan_Testcases" time="0.628" classname="pro.saral.testCases.AChallan_Test"/>
  <testcase name="Challan_Testcases" time="0.850" classname="pro.saral.testCases.AChallan_Test"/>
  <testcase name="Challan_Testcases" time="0.966" classname="pro.saral.testCases.AChallan_Test"/>
  <testcase name="Challan_Testcases" time="0.556" classname="pro.saral.testCases.AChallan_Test"/>
  <testcase name="Challan_Testcases" time="1.690" classname="pro.saral.testCases.AChallan_Test"/>
  <testcase name="Challan_Testcases" time="0.169" classname="pro.saral.testCases.AChallan_Test"/>
  <testcase name="Challan_Testcases" time="0.266" classname="pro.saral.testCases.AChallan_Test"/>
  <testcase name="Challan_Testcases" time="0.433" classname="pro.saral.testCases.AChallan_Test"/>
  <testcase name="Challan_Testcases" time="0.324" classname="pro.saral.testCases.AChallan_Test"/>
  <testcase name="Challan_Testcases" time="0.229" classname="pro.saral.testCases.AChallan_Test"/>
  <testcase name="Challan_Testcases" time="1.165" classname="pro.saral.testCases.AChallan_Test"/>
  <testcase name="Challan_Testcases" time="0.594" classname="pro.saral.testCases.AChallan_Test"/>
  <testcase name="Challan_Testcases" time="0.445" classname="pro.saral.testCases.AChallan_Test"/>
  <testcase name="Challan_Testcases" time="0.214" classname="pro.saral.testCases.AChallan_Test"/>
  <testcase name="Challan_Testcases" time="0.368" classname="pro.saral.testCases.AChallan_Test"/>
  <testcase name="Challan_Testcases" time="0.610" classname="pro.saral.testCases.AChallan_Test"/>
  <testcase name="Challan_Testcases" time="1.919" classname="pro.saral.testCases.AChallan_Test"/>
  <testcase name="Challan_Testcases" time="0.002" classname="pro.saral.testCases.AChallan_Test"/>
  <testcase name="Challan_Testcases" time="0.487" classname="pro.saral.testCases.AChallan_Test"/>
  <testcase name="Challan_Testcases" time="0.434" classname="pro.saral.testCases.AChallan_Test"/>
  <testcase name="Challan_Testcases" time="0.448" classname="pro.saral.testCases.AChallan_Test"/>
  <testcase name="Challan_Testcases" time="0.883" classname="pro.saral.testCases.AChallan_Test"/>
  <testcase name="Challan_Testcases" time="0.405" classname="pro.saral.testCases.AChallan_Test"/>
  <testcase name="Challan_Testcases" time="0.907" classname="pro.saral.testCases.AChallan_Test"/>
  <testcase name="Challan_Testcases" time="0.518" classname="pro.saral.testCases.AChallan_Test"/>
  <testcase name="Challan_Testcases" time="1.050" classname="pro.saral.testCases.AChallan_Test"/>
  <testcase name="Challan_Testcases" time="0.984" classname="pro.saral.testCases.AChallan_Test"/>
  <testcase name="Challan_Testcases" time="0.468" classname="pro.saral.testCases.AChallan_Test"/>
  <testcase name="Challan_Testcases" time="0.002" classname="pro.saral.testCases.AChallan_Test"/>
  <testcase name="Challan_Testcases" time="2.779" classname="pro.saral.testCases.AChallan_Test"/>
  <testcase name="Challan_Testcases" time="0.432" classname="pro.saral.testCases.AChallan_Test"/>
  <testcase name="Challan_Testcases" time="0.566" classname="pro.saral.testCases.AChallan_Test"/>
  <testcase name="Challan_Testcases" time="0.485" classname="pro.saral.testCases.AChallan_Test"/>
  <testcase name="Challan_Testcases" time="0.913" classname="pro.saral.testCases.AChallan_Test"/>
  <testcase name="Challan_Testcases" time="0.214" classname="pro.saral.testCases.AChallan_Test"/>
  <testcase name="Challan_Testcases" time="0.500" classname="pro.saral.testCases.AChallan_Test"/>
  <testcase name="Challan_Testcases" time="1.663" classname="pro.saral.testCases.AChallan_Test"/>
  <testcase name="Challan_Testcases" time="4.309" classname="pro.saral.testCases.AChallan_Test"/>
  <testcase name="Challan_Testcases" time="0.438" classname="pro.saral.testCases.AChallan_Test"/>
  <testcase name="Challan_Testcases" time="1.594" classname="pro.saral.testCases.AChallan_Test"/>
  <testcase name="Challan_Testcases" time="0.582" classname="pro.saral.testCases.AChallan_Test"/>
  <testcase name="Challan_Testcases" time="0.461" classname="pro.saral.testCases.AChallan_Test"/>
  <testcase name="Challan_Testcases" time="1.040" classname="pro.saral.testCases.AChallan_Test"/>
  <testcase name="Challan_Testcases" time="0.002" classname="pro.saral.testCases.AChallan_Test"/>
  <testcase name="Challan_Testcases" time="0.166" classname="pro.saral.testCases.AChallan_Test"/>
  <testcase name="Challan_Testcases" time="0.398" classname="pro.saral.testCases.AChallan_Test"/>
  <testcase name="Challan_Testcases" time="0.470" classname="pro.saral.testCases.AChallan_Test"/>
  <testcase name="Challan_Testcases" time="0.319" classname="pro.saral.testCases.AChallan_Test"/>
  <testcase name="Challan_Testcases" time="0.849" classname="pro.saral.testCases.AChallan_Test"/>
  <testcase name="Challan_Testcases" time="0.616" classname="pro.saral.testCases.AChallan_Test"/>
  <testcase name="Challan_Testcases" time="1.347" classname="pro.saral.testCases.AChallan_Test"/>
  <testcase name="Challan_Testcases" time="0.380" classname="pro.saral.testCases.AChallan_Test"/>
  <testcase name="Challan_Testcases" time="0.155" classname="pro.saral.testCases.AChallan_Test"/>
  <testcase name="Challan_Testcases" time="0.802" classname="pro.saral.testCases.AChallan_Test"/>
  <testcase name="Challan_Testcases" time="0.466" classname="pro.saral.testCases.AChallan_Test"/>
  <testcase name="Challan_Testcases" time="0.766" classname="pro.saral.testCases.AChallan_Test"/>
  <testcase name="Challan_Testcases" time="1.226" classname="pro.saral.testCases.AChallan_Test"/>
  <testcase name="Challan_Testcases" time="0.002" classname="pro.saral.testCases.AChallan_Test"/>
  <testcase name="Challan_Testcases" time="1.166" classname="pro.saral.testCases.AChallan_Test"/>
  <testcase name="Challan_Testcases" time="0.002" classname="pro.saral.testCases.AChallan_Test"/>
  <testcase name="Challan_Testcases" time="0.462" classname="pro.saral.testCases.AChallan_Test"/>
  <testcase name="Challan_Testcases" time="0.420" classname="pro.saral.testCases.AChallan_Test"/>
  <testcase name="Challan_Testcases" time="0.581" classname="pro.saral.testCases.AChallan_Test"/>
  <testcase name="Challan_Testcases" time="0.531" classname="pro.saral.testCases.AChallan_Test"/>
  <testcase name="Challan_Testcases" time="0.669" classname="pro.saral.testCases.AChallan_Test"/>
  <testcase name="Challan_Testcases" time="0.497" classname="pro.saral.testCases.AChallan_Test"/>
  <testcase name="Challan_Testcases" time="0.229" classname="pro.saral.testCases.AChallan_Test"/>
  <testcase name="Challan_Testcases" time="0.795" classname="pro.saral.testCases.AChallan_Test"/>
  <testcase name="Challan_Testcases" time="0.453" classname="pro.saral.testCases.AChallan_Test"/>
  <testcase name="Challan_Testcases" time="0.607" classname="pro.saral.testCases.AChallan_Test"/>
  <testcase name="Challan_Testcases" time="0.545" classname="pro.saral.testCases.AChallan_Test"/>
  <testcase name="Challan_Testcases" time="0.240" classname="pro.saral.testCases.AChallan_Test"/>
  <testcase name="Challan_Testcases" time="0.450" classname="pro.saral.testCases.AChallan_Test"/>
  <testcase name="Challan_Testcases" time="0.417" classname="pro.saral.testCases.AChallan_Test"/>
  <testcase name="Challan_Testcases" time="0.549" classname="pro.saral.testCases.AChallan_Test"/>
  <testcase name="Challan_Testcases" time="0.232" classname="pro.saral.testCases.AChallan_Test"/>
  <testcase name="Challan_Testcases" time="0.215" classname="pro.saral.testCases.AChallan_Test"/>
  <testcase name="Challan_Testcases" time="0.659" classname="pro.saral.testCases.AChallan_Test"/>
  <testcase name="Challan_Testcases" time="0.521" classname="pro.saral.testCases.AChallan_Test"/>
</testsuite> <!-- pro.saral.testCases.AChallan_Test -->
