<?xml version="1.0" encoding="UTF-8"?>
<!-- Generated by org.testng.reporters.JUnitReportReporter -->
<testsuite hostname="Darshan" name="pro.saral.testCases.AChallan_Mapping_Test" tests="216" failures="0" timestamp="4 Jul 2022 13:08:11 GMT" time="306.031" errors="0">
  <testcase name="Challan_Mapping_24Q_Testcases" time="0.014" classname="pro.saral.testCases.AChallan_Mapping_Test"/>
  <testcase name="Challan_Mapping_24Q_Testcases" time="0.440" classname="pro.saral.testCases.AChallan_Mapping_Test"/>
  <testcase name="Challan_Mapping_24Q_Testcases" time="0.142" classname="pro.saral.testCases.AChallan_Mapping_Test"/>
  <testcase name="Challan_Mapping_24Q_Testcases" time="2.313" classname="pro.saral.testCases.AChallan_Mapping_Test"/>
  <testcase name="Challan_Mapping_24Q_Testcases" time="0.648" classname="pro.saral.testCases.AChallan_Mapping_Test"/>
  <testcase name="Challan_Mapping_24Q_Testcases" time="2.181" classname="pro.saral.testCases.AChallan_Mapping_Test"/>
  <testcase name="Challan_Mapping_24Q_Testcases" time="2.298" classname="pro.saral.testCases.AChallan_Mapping_Test"/>
  <testcase name="Challan_Mapping_24Q_Testcases" time="2.190" classname="pro.saral.testCases.AChallan_Mapping_Test"/>
  <testcase name="Challan_Mapping_24Q_Testcases" time="2.206" classname="pro.saral.testCases.AChallan_Mapping_Test"/>
  <testcase name="Challan_Mapping_24Q_Testcases" time="0.347" classname="pro.saral.testCases.AChallan_Mapping_Test"/>
  <testcase name="Challan_Mapping_24Q_Testcases" time="0.192" classname="pro.saral.testCases.AChallan_Mapping_Test"/>
  <testcase name="Challan_Mapping_24Q_Testcases" time="2.176" classname="pro.saral.testCases.AChallan_Mapping_Test"/>
  <testcase name="Challan_Mapping_24Q_Testcases" time="2.154" classname="pro.saral.testCases.AChallan_Mapping_Test"/>
  <testcase name="Challan_Mapping_24Q_Testcases" time="2.153" classname="pro.saral.testCases.AChallan_Mapping_Test"/>
  <testcase name="Challan_Mapping_24Q_Testcases" time="2.211" classname="pro.saral.testCases.AChallan_Mapping_Test"/>
  <testcase name="Challan_Mapping_24Q_Testcases" time="2.285" classname="pro.saral.testCases.AChallan_Mapping_Test"/>
  <testcase name="Challan_Mapping_24Q_Testcases" time="0.008" classname="pro.saral.testCases.AChallan_Mapping_Test"/>
  <testcase name="Challan_Mapping_24Q_Testcases" time="2.157" classname="pro.saral.testCases.AChallan_Mapping_Test"/>
  <testcase name="Challan_Mapping_24Q_Testcases" time="0.143" classname="pro.saral.testCases.AChallan_Mapping_Test"/>
  <testcase name="Challan_Mapping_24Q_Testcases" time="0.391" classname="pro.saral.testCases.AChallan_Mapping_Test"/>
  <testcase name="Challan_Mapping_24Q_Testcases" time="0.419" classname="pro.saral.testCases.AChallan_Mapping_Test"/>
  <testcase name="Challan_Mapping_24Q_Testcases" time="2.234" classname="pro.saral.testCases.AChallan_Mapping_Test"/>
  <testcase name="Challan_Mapping_24Q_Testcases" time="2.206" classname="pro.saral.testCases.AChallan_Mapping_Test"/>
  <testcase name="Challan_Mapping_24Q_Testcases" time="2.317" classname="pro.saral.testCases.AChallan_Mapping_Test"/>
  <testcase name="Challan_Mapping_24Q_Testcases" time="2.160" classname="pro.saral.testCases.AChallan_Mapping_Test"/>
  <testcase name="Challan_Mapping_24Q_Testcases" time="0.107" classname="pro.saral.testCases.AChallan_Mapping_Test"/>
  <testcase name="Challan_Mapping_24Q_Testcases" time="2.254" classname="pro.saral.testCases.AChallan_Mapping_Test"/>
  <testcase name="Challan_Mapping_24Q_Testcases" time="2.451" classname="pro.saral.testCases.AChallan_Mapping_Test"/>
  <testcase name="Challan_Mapping_24Q_Testcases" time="0.264" classname="pro.saral.testCases.AChallan_Mapping_Test"/>
  <testcase name="Challan_Mapping_24Q_Testcases" time="0.021" classname="pro.saral.testCases.AChallan_Mapping_Test"/>
  <testcase name="Challan_Mapping_24Q_Testcases" time="0.163" classname="pro.saral.testCases.AChallan_Mapping_Test"/>
  <testcase name="Challan_Mapping_24Q_Testcases" time="2.310" classname="pro.saral.testCases.AChallan_Mapping_Test"/>
  <testcase name="Challan_Mapping_24Q_Testcases" time="0.079" classname="pro.saral.testCases.AChallan_Mapping_Test"/>
  <testcase name="Challan_Mapping_24Q_Testcases" time="2.276" classname="pro.saral.testCases.AChallan_Mapping_Test"/>
  <testcase name="Challan_Mapping_24Q_Testcases" time="0.047" classname="pro.saral.testCases.AChallan_Mapping_Test"/>
  <testcase name="Challan_Mapping_24Q_Testcases" time="0.280" classname="pro.saral.testCases.AChallan_Mapping_Test"/>
  <testcase name="Challan_Mapping_24Q_Testcases" time="2.476" classname="pro.saral.testCases.AChallan_Mapping_Test"/>
  <testcase name="Challan_Mapping_24Q_Testcases" time="0.093" classname="pro.saral.testCases.AChallan_Mapping_Test"/>
  <testcase name="Challan_Mapping_24Q_Testcases" time="2.209" classname="pro.saral.testCases.AChallan_Mapping_Test"/>
  <testcase name="Challan_Mapping_24Q_Testcases" time="2.273" classname="pro.saral.testCases.AChallan_Mapping_Test"/>
  <testcase name="Challan_Mapping_24Q_Testcases" time="2.326" classname="pro.saral.testCases.AChallan_Mapping_Test"/>
  <testcase name="Challan_Mapping_24Q_Testcases" time="0.408" classname="pro.saral.testCases.AChallan_Mapping_Test"/>
  <testcase name="Challan_Mapping_24Q_Testcases" time="2.299" classname="pro.saral.testCases.AChallan_Mapping_Test"/>
  <testcase name="Challan_Mapping_24Q_Testcases" time="0.181" classname="pro.saral.testCases.AChallan_Mapping_Test"/>
  <testcase name="Challan_Mapping_24Q_Testcases" time="2.337" classname="pro.saral.testCases.AChallan_Mapping_Test"/>
  <testcase name="Challan_Mapping_24Q_Testcases" time="2.201" classname="pro.saral.testCases.AChallan_Mapping_Test"/>
  <testcase name="Challan_Mapping_24Q_Testcases" time="0.132" classname="pro.saral.testCases.AChallan_Mapping_Test"/>
  <testcase name="Challan_Mapping_24Q_Testcases" time="2.130" classname="pro.saral.testCases.AChallan_Mapping_Test"/>
  <testcase name="Challan_Mapping_24Q_Testcases" time="0.051" classname="pro.saral.testCases.AChallan_Mapping_Test"/>
  <testcase name="Challan_Mapping_24Q_Testcases" time="2.204" classname="pro.saral.testCases.AChallan_Mapping_Test"/>
  <testcase name="Challan_Mapping_24Q_Testcases" time="2.216" classname="pro.saral.testCases.AChallan_Mapping_Test"/>
  <testcase name="Challan_Mapping_24Q_Testcases" time="2.306" classname="pro.saral.testCases.AChallan_Mapping_Test"/>
  <testcase name="Challan_Mapping_24Q_Testcases" time="0.206" classname="pro.saral.testCases.AChallan_Mapping_Test"/>
  <testcase name="Challan_Mapping_24Q_Testcases" time="2.305" classname="pro.saral.testCases.AChallan_Mapping_Test"/>
  <testcase name="Challan_Mapping_24Q_Testcases" time="2.187" classname="pro.saral.testCases.AChallan_Mapping_Test"/>
  <testcase name="Challan_Mapping_24Q_Testcases" time="0.060" classname="pro.saral.testCases.AChallan_Mapping_Test"/>
  <testcase name="Challan_Mapping_24Q_Testcases" time="0.187" classname="pro.saral.testCases.AChallan_Mapping_Test"/>
  <testcase name="Challan_Mapping_24Q_Testcases" time="2.242" classname="pro.saral.testCases.AChallan_Mapping_Test"/>
  <testcase name="Challan_Mapping_24Q_Testcases" time="0.215" classname="pro.saral.testCases.AChallan_Mapping_Test"/>
  <testcase name="Challan_Mapping_24Q_Testcases" time="0.121" classname="pro.saral.testCases.AChallan_Mapping_Test"/>
  <testcase name="Challan_Mapping_24Q_Testcases" time="0.465" classname="pro.saral.testCases.AChallan_Mapping_Test"/>
  <testcase name="Challan_Mapping_24Q_Testcases" time="0.124" classname="pro.saral.testCases.AChallan_Mapping_Test"/>
  <testcase name="Challan_Mapping_24Q_Testcases" time="2.242" classname="pro.saral.testCases.AChallan_Mapping_Test"/>
  <testcase name="Challan_Mapping_24Q_Testcases" time="2.196" classname="pro.saral.testCases.AChallan_Mapping_Test"/>
  <testcase name="Challan_Mapping_24Q_Testcases" time="0.110" classname="pro.saral.testCases.AChallan_Mapping_Test"/>
  <testcase name="Challan_Mapping_24Q_Testcases" time="0.068" classname="pro.saral.testCases.AChallan_Mapping_Test"/>
  <testcase name="Challan_Mapping_24Q_Testcases" time="0.008" classname="pro.saral.testCases.AChallan_Mapping_Test"/>
  <testcase name="Challan_Mapping_24Q_Testcases" time="2.216" classname="pro.saral.testCases.AChallan_Mapping_Test"/>
  <testcase name="Challan_Mapping_24Q_Testcases" time="2.166" classname="pro.saral.testCases.AChallan_Mapping_Test"/>
  <testcase name="Challan_Mapping_24Q_Testcases" time="0.387" classname="pro.saral.testCases.AChallan_Mapping_Test"/>
  <testcase name="Challan_Mapping_24Q_Testcases" time="2.200" classname="pro.saral.testCases.AChallan_Mapping_Test"/>
  <testcase name="Challan_Mapping_24Q_Testcases" time="0.187" classname="pro.saral.testCases.AChallan_Mapping_Test"/>
  <testcase name="Challan_Mapping_24Q_Testcases" time="2.943" classname="pro.saral.testCases.AChallan_Mapping_Test"/>
  <testcase name="Challan_Mapping_24Q_Testcases" time="2.140" classname="pro.saral.testCases.AChallan_Mapping_Test"/>
  <testcase name="Challan_Mapping_24Q_Testcases" time="2.226" classname="pro.saral.testCases.AChallan_Mapping_Test"/>
  <testcase name="Challan_Mapping_24Q_Testcases" time="2.328" classname="pro.saral.testCases.AChallan_Mapping_Test"/>
  <testcase name="Challan_Mapping_24Q_Testcases" time="2.203" classname="pro.saral.testCases.AChallan_Mapping_Test"/>
  <testcase name="Challan_Mapping_24Q_Testcases" time="0.179" classname="pro.saral.testCases.AChallan_Mapping_Test"/>
  <testcase name="Challan_Mapping_24Q_Testcases" time="2.271" classname="pro.saral.testCases.AChallan_Mapping_Test"/>
  <testcase name="Challan_Mapping_24Q_Testcases" time="2.445" classname="pro.saral.testCases.AChallan_Mapping_Test"/>
  <testcase name="Challan_Mapping_24Q_Testcases" time="0.255" classname="pro.saral.testCases.AChallan_Mapping_Test"/>
  <testcase name="Challan_Mapping_24Q_Testcases" time="2.343" classname="pro.saral.testCases.AChallan_Mapping_Test"/>
  <testcase name="Challan_Mapping_24Q_Testcases" time="0.072" classname="pro.saral.testCases.AChallan_Mapping_Test"/>
  <testcase name="Challan_Mapping_24Q_Testcases" time="2.204" classname="pro.saral.testCases.AChallan_Mapping_Test"/>
  <testcase name="Challan_Mapping_24Q_Testcases" time="2.130" classname="pro.saral.testCases.AChallan_Mapping_Test"/>
  <testcase name="Challan_Mapping_24Q_Testcases" time="2.193" classname="pro.saral.testCases.AChallan_Mapping_Test"/>
  <testcase name="Challan_Mapping_24Q_Testcases" time="2.247" classname="pro.saral.testCases.AChallan_Mapping_Test"/>
  <testcase name="Challan_Mapping_24Q_Testcases" time="0.103" classname="pro.saral.testCases.AChallan_Mapping_Test"/>
  <testcase name="Challan_Mapping_24Q_Testcases" time="0.102" classname="pro.saral.testCases.AChallan_Mapping_Test"/>
  <testcase name="Challan_Mapping_24Q_Testcases" time="2.199" classname="pro.saral.testCases.AChallan_Mapping_Test"/>
  <testcase name="Challan_Mapping_24Q_Testcases" time="2.392" classname="pro.saral.testCases.AChallan_Mapping_Test"/>
  <testcase name="Challan_Mapping_24Q_Testcases" time="2.406" classname="pro.saral.testCases.AChallan_Mapping_Test"/>
  <testcase name="Challan_Mapping_24Q_Testcases" time="0.021" classname="pro.saral.testCases.AChallan_Mapping_Test"/>
  <testcase name="Challan_Mapping_24Q_Testcases" time="0.177" classname="pro.saral.testCases.AChallan_Mapping_Test"/>
  <testcase name="Challan_Mapping_24Q_Testcases" time="2.266" classname="pro.saral.testCases.AChallan_Mapping_Test"/>
  <testcase name="Challan_Mapping_24Q_Testcases" time="2.420" classname="pro.saral.testCases.AChallan_Mapping_Test"/>
  <testcase name="Challan_Mapping_24Q_Testcases" time="0.314" classname="pro.saral.testCases.AChallan_Mapping_Test"/>
  <testcase name="Challan_Mapping_24Q_Testcases" time="0.302" classname="pro.saral.testCases.AChallan_Mapping_Test"/>
  <testcase name="Challan_Mapping_24Q_Testcases" time="0.106" classname="pro.saral.testCases.AChallan_Mapping_Test"/>
  <testcase name="Challan_Mapping_24Q_Testcases" time="2.447" classname="pro.saral.testCases.AChallan_Mapping_Test"/>
  <testcase name="Challan_Mapping_24Q_Testcases" time="2.157" classname="pro.saral.testCases.AChallan_Mapping_Test"/>
  <testcase name="Challan_Mapping_24Q_Testcases" time="2.341" classname="pro.saral.testCases.AChallan_Mapping_Test"/>
  <testcase name="Challan_Mapping_24Q_Testcases" time="2.357" classname="pro.saral.testCases.AChallan_Mapping_Test"/>
  <testcase name="Challan_Mapping_24Q_Testcases" time="0.107" classname="pro.saral.testCases.AChallan_Mapping_Test"/>
  <testcase name="Challan_Mapping_24Q_Testcases" time="0.198" classname="pro.saral.testCases.AChallan_Mapping_Test"/>
  <testcase name="Challan_Mapping_24Q_Testcases" time="0.206" classname="pro.saral.testCases.AChallan_Mapping_Test"/>
  <testcase name="Challan_Mapping_24Q_Testcases" time="0.107" classname="pro.saral.testCases.AChallan_Mapping_Test"/>
  <testcase name="Challan_Mapping_24Q_Testcases" time="0.181" classname="pro.saral.testCases.AChallan_Mapping_Test"/>
  <testcase name="Challan_Mapping_24Q_Testcases" time="2.262" classname="pro.saral.testCases.AChallan_Mapping_Test"/>
  <testcase name="Challan_Mapping_24Q_Testcases" time="2.142" classname="pro.saral.testCases.AChallan_Mapping_Test"/>
  <testcase name="Challan_Mapping_24Q_Testcases" time="2.337" classname="pro.saral.testCases.AChallan_Mapping_Test"/>
  <testcase name="Challan_Mapping_24Q_Testcases" time="2.140" classname="pro.saral.testCases.AChallan_Mapping_Test"/>
  <testcase name="Challan_Mapping_24Q_Testcases" time="2.193" classname="pro.saral.testCases.AChallan_Mapping_Test"/>
  <testcase name="Challan_Mapping_24Q_Testcases" time="2.452" classname="pro.saral.testCases.AChallan_Mapping_Test"/>
  <testcase name="Challan_Mapping_24Q_Testcases" time="2.168" classname="pro.saral.testCases.AChallan_Mapping_Test"/>
  <testcase name="Challan_Mapping_24Q_Testcases" time="2.265" classname="pro.saral.testCases.AChallan_Mapping_Test"/>
  <testcase name="Challan_Mapping_24Q_Testcases" time="2.232" classname="pro.saral.testCases.AChallan_Mapping_Test"/>
  <testcase name="Challan_Mapping_24Q_Testcases" time="0.194" classname="pro.saral.testCases.AChallan_Mapping_Test"/>
  <testcase name="Challan_Mapping_24Q_Testcases" time="2.401" classname="pro.saral.testCases.AChallan_Mapping_Test"/>
  <testcase name="Challan_Mapping_24Q_Testcases" time="2.313" classname="pro.saral.testCases.AChallan_Mapping_Test"/>
  <testcase name="Challan_Mapping_24Q_Testcases" time="0.404" classname="pro.saral.testCases.AChallan_Mapping_Test"/>
  <testcase name="Challan_Mapping_24Q_Testcases" time="2.208" classname="pro.saral.testCases.AChallan_Mapping_Test"/>
  <testcase name="Challan_Mapping_24Q_Testcases" time="2.142" classname="pro.saral.testCases.AChallan_Mapping_Test"/>
  <testcase name="Challan_Mapping_24Q_Testcases" time="2.438" classname="pro.saral.testCases.AChallan_Mapping_Test"/>
  <testcase name="Challan_Mapping_24Q_Testcases" time="2.450" classname="pro.saral.testCases.AChallan_Mapping_Test"/>
  <testcase name="Challan_Mapping_24Q_Testcases" time="0.104" classname="pro.saral.testCases.AChallan_Mapping_Test"/>
  <testcase name="Challan_Mapping_24Q_Testcases" time="0.220" classname="pro.saral.testCases.AChallan_Mapping_Test"/>
  <testcase name="Challan_Mapping_24Q_Testcases" time="0.247" classname="pro.saral.testCases.AChallan_Mapping_Test"/>
  <testcase name="Challan_Mapping_24Q_Testcases" time="2.286" classname="pro.saral.testCases.AChallan_Mapping_Test"/>
  <testcase name="Challan_Mapping_24Q_Testcases" time="0.095" classname="pro.saral.testCases.AChallan_Mapping_Test"/>
  <testcase name="Challan_Mapping_24Q_Testcases" time="2.196" classname="pro.saral.testCases.AChallan_Mapping_Test"/>
  <testcase name="Challan_Mapping_24Q_Testcases" time="2.170" classname="pro.saral.testCases.AChallan_Mapping_Test"/>
  <testcase name="Challan_Mapping_24Q_Testcases" time="2.154" classname="pro.saral.testCases.AChallan_Mapping_Test"/>
  <testcase name="Challan_Mapping_24Q_Testcases" time="0.211" classname="pro.saral.testCases.AChallan_Mapping_Test"/>
  <testcase name="Challan_Mapping_24Q_Testcases" time="0.234" classname="pro.saral.testCases.AChallan_Mapping_Test"/>
  <testcase name="Challan_Mapping_24Q_Testcases" time="2.377" classname="pro.saral.testCases.AChallan_Mapping_Test"/>
  <testcase name="Challan_Mapping_24Q_Testcases" time="2.210" classname="pro.saral.testCases.AChallan_Mapping_Test"/>
  <testcase name="Challan_Mapping_24Q_Testcases" time="0.086" classname="pro.saral.testCases.AChallan_Mapping_Test"/>
  <testcase name="Challan_Mapping_24Q_Testcases" time="2.175" classname="pro.saral.testCases.AChallan_Mapping_Test"/>
  <testcase name="Challan_Mapping_24Q_Testcases" time="2.172" classname="pro.saral.testCases.AChallan_Mapping_Test"/>
  <testcase name="Challan_Mapping_24Q_Testcases" time="0.012" classname="pro.saral.testCases.AChallan_Mapping_Test"/>
  <testcase name="Challan_Mapping_24Q_Testcases" time="2.157" classname="pro.saral.testCases.AChallan_Mapping_Test"/>
  <testcase name="Challan_Mapping_24Q_Testcases" time="2.198" classname="pro.saral.testCases.AChallan_Mapping_Test"/>
  <testcase name="Challan_Mapping_24Q_Testcases" time="2.158" classname="pro.saral.testCases.AChallan_Mapping_Test"/>
  <testcase name="Challan_Mapping_24Q_Testcases" time="2.276" classname="pro.saral.testCases.AChallan_Mapping_Test"/>
  <testcase name="Challan_Mapping_24Q_Testcases" time="2.265" classname="pro.saral.testCases.AChallan_Mapping_Test"/>
  <testcase name="Challan_Mapping_24Q_Testcases" time="2.191" classname="pro.saral.testCases.AChallan_Mapping_Test"/>
  <testcase name="Challan_Mapping_24Q_Testcases" time="2.166" classname="pro.saral.testCases.AChallan_Mapping_Test"/>
  <testcase name="Challan_Mapping_24Q_Testcases" time="0.012" classname="pro.saral.testCases.AChallan_Mapping_Test"/>
  <testcase name="Challan_Mapping_24Q_Testcases" time="2.404" classname="pro.saral.testCases.AChallan_Mapping_Test"/>
  <testcase name="Challan_Mapping_24Q_Testcases" time="0.261" classname="pro.saral.testCases.AChallan_Mapping_Test"/>
  <testcase name="Challan_Mapping_24Q_Testcases" time="2.411" classname="pro.saral.testCases.AChallan_Mapping_Test"/>
  <testcase name="Challan_Mapping_24Q_Testcases" time="2.225" classname="pro.saral.testCases.AChallan_Mapping_Test"/>
  <testcase name="Challan_Mapping_24Q_Testcases" time="2.357" classname="pro.saral.testCases.AChallan_Mapping_Test"/>
  <testcase name="Challan_Mapping_24Q_Testcases" time="0.347" classname="pro.saral.testCases.AChallan_Mapping_Test"/>
  <testcase name="Challan_Mapping_24Q_Testcases" time="2.209" classname="pro.saral.testCases.AChallan_Mapping_Test"/>
  <testcase name="Challan_Mapping_24Q_Testcases" time="2.310" classname="pro.saral.testCases.AChallan_Mapping_Test"/>
  <testcase name="Challan_Mapping_24Q_Testcases" time="0.122" classname="pro.saral.testCases.AChallan_Mapping_Test"/>
  <testcase name="Challan_Mapping_24Q_Testcases" time="0.121" classname="pro.saral.testCases.AChallan_Mapping_Test"/>
  <testcase name="Challan_Mapping_24Q_Testcases" time="2.229" classname="pro.saral.testCases.AChallan_Mapping_Test"/>
  <testcase name="Challan_Mapping_24Q_Testcases" time="2.162" classname="pro.saral.testCases.AChallan_Mapping_Test"/>
  <testcase name="Challan_Mapping_24Q_Testcases" time="2.329" classname="pro.saral.testCases.AChallan_Mapping_Test"/>
  <testcase name="Challan_Mapping_24Q_Testcases" time="0.123" classname="pro.saral.testCases.AChallan_Mapping_Test"/>
  <testcase name="Challan_Mapping_24Q_Testcases" time="0.014" classname="pro.saral.testCases.AChallan_Mapping_Test"/>
  <testcase name="Challan_Mapping_24Q_Testcases" time="2.254" classname="pro.saral.testCases.AChallan_Mapping_Test"/>
  <testcase name="Challan_Mapping_24Q_Testcases" time="0.230" classname="pro.saral.testCases.AChallan_Mapping_Test"/>
  <testcase name="Challan_Mapping_24Q_Testcases" time="0.011" classname="pro.saral.testCases.AChallan_Mapping_Test"/>
  <testcase name="Challan_Mapping_24Q_Testcases" time="2.271" classname="pro.saral.testCases.AChallan_Mapping_Test"/>
  <testcase name="Challan_Mapping_24Q_Testcases" time="2.442" classname="pro.saral.testCases.AChallan_Mapping_Test"/>
  <testcase name="Challan_Mapping_24Q_Testcases" time="2.198" classname="pro.saral.testCases.AChallan_Mapping_Test"/>
  <testcase name="Challan_Mapping_24Q_Testcases" time="2.135" classname="pro.saral.testCases.AChallan_Mapping_Test"/>
  <testcase name="Challan_Mapping_24Q_Testcases" time="2.311" classname="pro.saral.testCases.AChallan_Mapping_Test"/>
  <testcase name="Challan_Mapping_24Q_Testcases" time="0.356" classname="pro.saral.testCases.AChallan_Mapping_Test"/>
  <testcase name="Challan_Mapping_24Q_Testcases" time="0.451" classname="pro.saral.testCases.AChallan_Mapping_Test"/>
  <testcase name="Challan_Mapping_24Q_Testcases" time="2.353" classname="pro.saral.testCases.AChallan_Mapping_Test"/>
  <testcase name="Challan_Mapping_24Q_Testcases" time="2.794" classname="pro.saral.testCases.AChallan_Mapping_Test"/>
  <testcase name="Challan_Mapping_24Q_Testcases" time="0.316" classname="pro.saral.testCases.AChallan_Mapping_Test"/>
  <testcase name="Challan_Mapping_24Q_Testcases" time="2.257" classname="pro.saral.testCases.AChallan_Mapping_Test"/>
  <testcase name="Challan_Mapping_24Q_Testcases" time="0.186" classname="pro.saral.testCases.AChallan_Mapping_Test"/>
  <testcase name="Challan_Mapping_24Q_Testcases" time="0.192" classname="pro.saral.testCases.AChallan_Mapping_Test"/>
  <testcase name="Challan_Mapping_24Q_Testcases" time="0.200" classname="pro.saral.testCases.AChallan_Mapping_Test"/>
  <testcase name="Challan_Mapping_24Q_Testcases" time="0.165" classname="pro.saral.testCases.AChallan_Mapping_Test"/>
  <testcase name="Challan_Mapping_24Q_Testcases" time="2.475" classname="pro.saral.testCases.AChallan_Mapping_Test"/>
  <testcase name="Challan_Mapping_24Q_Testcases" time="2.220" classname="pro.saral.testCases.AChallan_Mapping_Test"/>
  <testcase name="Challan_Mapping_24Q_Testcases" time="0.075" classname="pro.saral.testCases.AChallan_Mapping_Test"/>
  <testcase name="Challan_Mapping_24Q_Testcases" time="2.229" classname="pro.saral.testCases.AChallan_Mapping_Test"/>
  <testcase name="Challan_Mapping_24Q_Testcases" time="2.238" classname="pro.saral.testCases.AChallan_Mapping_Test"/>
  <testcase name="Challan_Mapping_24Q_Testcases" time="2.263" classname="pro.saral.testCases.AChallan_Mapping_Test"/>
  <testcase name="Challan_Mapping_24Q_Testcases" time="2.141" classname="pro.saral.testCases.AChallan_Mapping_Test"/>
  <testcase name="Challan_Mapping_24Q_Testcases" time="0.106" classname="pro.saral.testCases.AChallan_Mapping_Test"/>
  <testcase name="Challan_Mapping_24Q_Testcases" time="2.361" classname="pro.saral.testCases.AChallan_Mapping_Test"/>
  <testcase name="Challan_Mapping_24Q_Testcases" time="0.039" classname="pro.saral.testCases.AChallan_Mapping_Test"/>
  <testcase name="Challan_Mapping_24Q_Testcases" time="0.011" classname="pro.saral.testCases.AChallan_Mapping_Test"/>
  <testcase name="Challan_Mapping_24Q_Testcases" time="2.049" classname="pro.saral.testCases.AChallan_Mapping_Test"/>
  <testcase name="Challan_Mapping_24Q_Testcases" time="2.102" classname="pro.saral.testCases.AChallan_Mapping_Test"/>
  <testcase name="Challan_Mapping_24Q_Testcases" time="0.126" classname="pro.saral.testCases.AChallan_Mapping_Test"/>
  <testcase name="Challan_Mapping_24Q_Testcases" time="0.424" classname="pro.saral.testCases.AChallan_Mapping_Test"/>
  <testcase name="Challan_Mapping_24Q_Testcases" time="0.269" classname="pro.saral.testCases.AChallan_Mapping_Test"/>
  <testcase name="Challan_Mapping_24Q_Testcases" time="0.222" classname="pro.saral.testCases.AChallan_Mapping_Test"/>
  <testcase name="Challan_Mapping_24Q_Testcases" time="2.217" classname="pro.saral.testCases.AChallan_Mapping_Test"/>
  <testcase name="Challan_Mapping_24Q_Testcases" time="0.110" classname="pro.saral.testCases.AChallan_Mapping_Test"/>
  <testcase name="Challan_Mapping_24Q_Testcases" time="2.223" classname="pro.saral.testCases.AChallan_Mapping_Test"/>
  <testcase name="Challan_Mapping_24Q_Testcases" time="2.179" classname="pro.saral.testCases.AChallan_Mapping_Test"/>
  <testcase name="Challan_Mapping_24Q_Testcases" time="2.208" classname="pro.saral.testCases.AChallan_Mapping_Test"/>
  <testcase name="Challan_Mapping_24Q_Testcases" time="0.114" classname="pro.saral.testCases.AChallan_Mapping_Test"/>
  <testcase name="Challan_Mapping_24Q_Testcases" time="0.204" classname="pro.saral.testCases.AChallan_Mapping_Test"/>
  <testcase name="Challan_Mapping_24Q_Testcases" time="0.278" classname="pro.saral.testCases.AChallan_Mapping_Test"/>
  <testcase name="Challan_Mapping_24Q_Testcases" time="2.202" classname="pro.saral.testCases.AChallan_Mapping_Test"/>
  <testcase name="Challan_Mapping_24Q_Testcases" time="0.067" classname="pro.saral.testCases.AChallan_Mapping_Test"/>
  <testcase name="Challan_Mapping_24Q_Testcases" time="2.479" classname="pro.saral.testCases.AChallan_Mapping_Test"/>
  <testcase name="Challan_Mapping_24Q_Testcases" time="2.197" classname="pro.saral.testCases.AChallan_Mapping_Test"/>
  <testcase name="Challan_Mapping_24Q_Testcases" time="2.275" classname="pro.saral.testCases.AChallan_Mapping_Test"/>
  <testcase name="Challan_Mapping_24Q_Testcases" time="2.192" classname="pro.saral.testCases.AChallan_Mapping_Test"/>
  <testcase name="Challan_Mapping_24Q_Testcases" time="2.179" classname="pro.saral.testCases.AChallan_Mapping_Test"/>
  <testcase name="Challan_Mapping_24Q_Testcases" time="2.254" classname="pro.saral.testCases.AChallan_Mapping_Test"/>
  <testcase name="Challan_Mapping_24Q_Testcases" time="2.385" classname="pro.saral.testCases.AChallan_Mapping_Test"/>
</testsuite> <!-- pro.saral.testCases.AChallan_Mapping_Test -->
