<?xml version="1.0" encoding="UTF-8"?>
<!-- Generated by org.testng.reporters.JUnitReportReporter -->
<testsuite hostname="Darshan" name="pro.saral.testCases.AChallan_Test" tests="115" failures="0" timestamp="13 Jul 2022 12:32:20 GMT" time="122.250" errors="0">
  <testcase name="Challan_Testcases" time="0.088" classname="pro.saral.testCases.AChallan_Test"/>
  <testcase name="Challan_Testcases" time="0.047" classname="pro.saral.testCases.AChallan_Test"/>
  <testcase name="Challan_Testcases" time="2.188" classname="pro.saral.testCases.AChallan_Test"/>
  <testcase name="Challan_Testcases" time="0.396" classname="pro.saral.testCases.AChallan_Test"/>
  <testcase name="Challan_Testcases" time="3.991" classname="pro.saral.testCases.AChallan_Test"/>
  <testcase name="Challan_Testcases" time="0.008" classname="pro.saral.testCases.AChallan_Test"/>
  <testcase name="Challan_Testcases" time="0.053" classname="pro.saral.testCases.AChallan_Test"/>
  <testcase name="Challan_Testcases" time="2.192" classname="pro.saral.testCases.AChallan_Test"/>
  <testcase name="Challan_Testcases" time="0.100" classname="pro.saral.testCases.AChallan_Test"/>
  <testcase name="Challan_Testcases" time="2.225" classname="pro.saral.testCases.AChallan_Test"/>
  <testcase name="Challan_Testcases" time="0.336" classname="pro.saral.testCases.AChallan_Test"/>
  <testcase name="Challan_Testcases" time="2.236" classname="pro.saral.testCases.AChallan_Test"/>
  <testcase name="Challan_Testcases" time="0.055" classname="pro.saral.testCases.AChallan_Test"/>
  <testcase name="Challan_Testcases" time="0.084" classname="pro.saral.testCases.AChallan_Test"/>
  <testcase name="Challan_Testcases" time="0.223" classname="pro.saral.testCases.AChallan_Test"/>
  <testcase name="Challan_Testcases" time="2.591" classname="pro.saral.testCases.AChallan_Test"/>
  <testcase name="Challan_Testcases" time="0.255" classname="pro.saral.testCases.AChallan_Test"/>
  <testcase name="Challan_Testcases" time="0.012" classname="pro.saral.testCases.AChallan_Test"/>
  <testcase name="Challan_Testcases" time="0.058" classname="pro.saral.testCases.AChallan_Test"/>
  <testcase name="Challan_Testcases" time="2.629" classname="pro.saral.testCases.AChallan_Test"/>
  <testcase name="Challan_Testcases" time="2.169" classname="pro.saral.testCases.AChallan_Test"/>
  <testcase name="Challan_Testcases" time="0.050" classname="pro.saral.testCases.AChallan_Test"/>
  <testcase name="Challan_Testcases" time="2.379" classname="pro.saral.testCases.AChallan_Test"/>
  <testcase name="Challan_Testcases" time="0.533" classname="pro.saral.testCases.AChallan_Test"/>
  <testcase name="Challan_Testcases" time="2.223" classname="pro.saral.testCases.AChallan_Test"/>
  <testcase name="Challan_Testcases" time="0.087" classname="pro.saral.testCases.AChallan_Test"/>
  <testcase name="Challan_Testcases" time="2.292" classname="pro.saral.testCases.AChallan_Test"/>
  <testcase name="Challan_Testcases" time="0.076" classname="pro.saral.testCases.AChallan_Test"/>
  <testcase name="Challan_Testcases" time="0.012" classname="pro.saral.testCases.AChallan_Test"/>
  <testcase name="Challan_Testcases" time="0.327" classname="pro.saral.testCases.AChallan_Test"/>
  <testcase name="Challan_Testcases" time="2.507" classname="pro.saral.testCases.AChallan_Test"/>
  <testcase name="Challan_Testcases" time="0.247" classname="pro.saral.testCases.AChallan_Test"/>
  <testcase name="Challan_Testcases" time="0.008" classname="pro.saral.testCases.AChallan_Test"/>
  <testcase name="Challan_Testcases" time="0.209" classname="pro.saral.testCases.AChallan_Test"/>
  <testcase name="Challan_Testcases" time="0.054" classname="pro.saral.testCases.AChallan_Test"/>
  <testcase name="Challan_Testcases" time="0.183" classname="pro.saral.testCases.AChallan_Test"/>
  <testcase name="Challan_Testcases" time="2.472" classname="pro.saral.testCases.AChallan_Test"/>
  <testcase name="Challan_Testcases" time="2.172" classname="pro.saral.testCases.AChallan_Test"/>
  <testcase name="Challan_Testcases" time="0.181" classname="pro.saral.testCases.AChallan_Test"/>
  <testcase name="Challan_Testcases" time="0.499" classname="pro.saral.testCases.AChallan_Test"/>
  <testcase name="Challan_Testcases" time="2.218" classname="pro.saral.testCases.AChallan_Test"/>
  <testcase name="Challan_Testcases" time="0.900" classname="pro.saral.testCases.AChallan_Test"/>
  <testcase name="Challan_Testcases" time="0.054" classname="pro.saral.testCases.AChallan_Test"/>
  <testcase name="Challan_Testcases" time="0.042" classname="pro.saral.testCases.AChallan_Test"/>
  <testcase name="Challan_Testcases" time="0.045" classname="pro.saral.testCases.AChallan_Test"/>
  <testcase name="Challan_Testcases" time="0.044" classname="pro.saral.testCases.AChallan_Test"/>
  <testcase name="Challan_Testcases" time="2.395" classname="pro.saral.testCases.AChallan_Test"/>
  <testcase name="Challan_Testcases" time="2.177" classname="pro.saral.testCases.AChallan_Test"/>
  <testcase name="Challan_Testcases" time="2.157" classname="pro.saral.testCases.AChallan_Test"/>
  <testcase name="Challan_Testcases" time="2.149" classname="pro.saral.testCases.AChallan_Test"/>
  <testcase name="Challan_Testcases" time="0.197" classname="pro.saral.testCases.AChallan_Test"/>
  <testcase name="Challan_Testcases" time="2.256" classname="pro.saral.testCases.AChallan_Test"/>
  <testcase name="Challan_Testcases" time="0.072" classname="pro.saral.testCases.AChallan_Test"/>
  <testcase name="Challan_Testcases" time="0.221" classname="pro.saral.testCases.AChallan_Test"/>
  <testcase name="Challan_Testcases" time="0.105" classname="pro.saral.testCases.AChallan_Test"/>
  <testcase name="Challan_Testcases" time="2.139" classname="pro.saral.testCases.AChallan_Test"/>
  <testcase name="Challan_Testcases" time="2.221" classname="pro.saral.testCases.AChallan_Test"/>
  <testcase name="Challan_Testcases" time="0.548" classname="pro.saral.testCases.AChallan_Test"/>
  <testcase name="Challan_Testcases" time="2.238" classname="pro.saral.testCases.AChallan_Test"/>
  <testcase name="Challan_Testcases" time="0.054" classname="pro.saral.testCases.AChallan_Test"/>
  <testcase name="Challan_Testcases" time="0.154" classname="pro.saral.testCases.AChallan_Test"/>
  <testcase name="Challan_Testcases" time="2.174" classname="pro.saral.testCases.AChallan_Test"/>
  <testcase name="Challan_Testcases" time="0.206" classname="pro.saral.testCases.AChallan_Test"/>
  <testcase name="Challan_Testcases" time="2.186" classname="pro.saral.testCases.AChallan_Test"/>
  <testcase name="Challan_Testcases" time="0.228" classname="pro.saral.testCases.AChallan_Test"/>
  <testcase name="Challan_Testcases" time="0.293" classname="pro.saral.testCases.AChallan_Test"/>
  <testcase name="Challan_Testcases" time="2.221" classname="pro.saral.testCases.AChallan_Test"/>
  <testcase name="Challan_Testcases" time="0.056" classname="pro.saral.testCases.AChallan_Test"/>
  <testcase name="Challan_Testcases" time="0.321" classname="pro.saral.testCases.AChallan_Test"/>
  <testcase name="Challan_Testcases" time="2.166" classname="pro.saral.testCases.AChallan_Test"/>
  <testcase name="Challan_Testcases" time="0.013" classname="pro.saral.testCases.AChallan_Test"/>
  <testcase name="Challan_Testcases" time="0.046" classname="pro.saral.testCases.AChallan_Test"/>
  <testcase name="Challan_Testcases" time="2.747" classname="pro.saral.testCases.AChallan_Test"/>
  <testcase name="Challan_Testcases" time="0.262" classname="pro.saral.testCases.AChallan_Test"/>
  <testcase name="Challan_Testcases" time="2.192" classname="pro.saral.testCases.AChallan_Test"/>
  <testcase name="Challan_Testcases" time="0.298" classname="pro.saral.testCases.AChallan_Test"/>
  <testcase name="Challan_Testcases" time="2.243" classname="pro.saral.testCases.AChallan_Test"/>
  <testcase name="Challan_Testcases" time="0.329" classname="pro.saral.testCases.AChallan_Test"/>
  <testcase name="Challan_Testcases" time="0.528" classname="pro.saral.testCases.AChallan_Test"/>
  <testcase name="Challan_Testcases" time="0.018" classname="pro.saral.testCases.AChallan_Test"/>
  <testcase name="Challan_Testcases" time="2.185" classname="pro.saral.testCases.AChallan_Test"/>
  <testcase name="Challan_Testcases" time="2.150" classname="pro.saral.testCases.AChallan_Test"/>
  <testcase name="Challan_Testcases" time="2.309" classname="pro.saral.testCases.AChallan_Test"/>
  <testcase name="Challan_Testcases" time="0.064" classname="pro.saral.testCases.AChallan_Test"/>
  <testcase name="Challan_Testcases" time="0.282" classname="pro.saral.testCases.AChallan_Test"/>
  <testcase name="Challan_Testcases" time="2.260" classname="pro.saral.testCases.AChallan_Test"/>
  <testcase name="Challan_Testcases" time="2.419" classname="pro.saral.testCases.AChallan_Test"/>
  <testcase name="Challan_Testcases" time="0.179" classname="pro.saral.testCases.AChallan_Test"/>
  <testcase name="Challan_Testcases" time="0.008" classname="pro.saral.testCases.AChallan_Test"/>
  <testcase name="Challan_Testcases" time="0.197" classname="pro.saral.testCases.AChallan_Test"/>
  <testcase name="Challan_Testcases" time="0.200" classname="pro.saral.testCases.AChallan_Test"/>
  <testcase name="Challan_Testcases" time="2.172" classname="pro.saral.testCases.AChallan_Test"/>
  <testcase name="Challan_Testcases" time="0.735" classname="pro.saral.testCases.AChallan_Test"/>
  <testcase name="Challan_Testcases" time="0.175" classname="pro.saral.testCases.AChallan_Test"/>
  <testcase name="Challan_Testcases" time="0.272" classname="pro.saral.testCases.AChallan_Test"/>
  <testcase name="Challan_Testcases" time="2.169" classname="pro.saral.testCases.AChallan_Test"/>
  <testcase name="Challan_Testcases" time="0.454" classname="pro.saral.testCases.AChallan_Test"/>
  <testcase name="Challan_Testcases" time="0.223" classname="pro.saral.testCases.AChallan_Test"/>
  <testcase name="Challan_Testcases" time="3.095" classname="pro.saral.testCases.AChallan_Test"/>
  <testcase name="Challan_Testcases" time="2.220" classname="pro.saral.testCases.AChallan_Test"/>
  <testcase name="Challan_Testcases" time="2.293" classname="pro.saral.testCases.AChallan_Test"/>
  <testcase name="Challan_Testcases" time="2.178" classname="pro.saral.testCases.AChallan_Test"/>
  <testcase name="Challan_Testcases" time="0.075" classname="pro.saral.testCases.AChallan_Test"/>
  <testcase name="Challan_Testcases" time="2.271" classname="pro.saral.testCases.AChallan_Test"/>
  <testcase name="Challan_Testcases" time="0.186" classname="pro.saral.testCases.AChallan_Test"/>
  <testcase name="Challan_Testcases" time="0.092" classname="pro.saral.testCases.AChallan_Test"/>
  <testcase name="Challan_Testcases" time="2.158" classname="pro.saral.testCases.AChallan_Test"/>
  <testcase name="Challan_Testcases" time="2.230" classname="pro.saral.testCases.AChallan_Test"/>
  <testcase name="Challan_Testcases" time="0.159" classname="pro.saral.testCases.AChallan_Test"/>
  <testcase name="Challan_Testcases" time="0.088" classname="pro.saral.testCases.AChallan_Test"/>
  <testcase name="Challan_Testcases" time="2.160" classname="pro.saral.testCases.AChallan_Test"/>
  <testcase name="Challan_Testcases" time="2.158" classname="pro.saral.testCases.AChallan_Test"/>
  <testcase name="Challan_Testcases" time="0.547" classname="pro.saral.testCases.AChallan_Test"/>
  <testcase name="Challan_Testcases" time="0.178" classname="pro.saral.testCases.AChallan_Test"/>
  <testcase name="Challan_Testcases" time="2.349" classname="pro.saral.testCases.AChallan_Test"/>
</testsuite> <!-- pro.saral.testCases.AChallan_Test -->
