<?xml version="1.0" encoding="UTF-8"?>
<!-- Generated by org.testng.reporters.JUnitXMLReporter -->
<testsuite ignored="0" hostname="Darshan" failures="0" tests="542" name="GstSaral Test" time="943.311" errors="0" timestamp="2023-01-09T17:03:20 IST">
  <testcase classname="pro.saral.testCases.Test_27EQ" name="Testcases_27EQ" time="0.066"/>
  <testcase classname="pro.saral.testCases.Test_27EQ" name="Testcases_27EQ" time="2.559"/>
  <testcase classname="pro.saral.testCases.Test_27EQ" name="Testcases_27EQ" time="0.642"/>
  <testcase classname="pro.saral.testCases.Test_27EQ" name="Testcases_27EQ" time="2.52"/>
  <testcase classname="pro.saral.testCases.Test_27EQ" name="Testcases_27EQ" time="2.293"/>
  <testcase classname="pro.saral.testCases.Test_27EQ" name="Testcases_27EQ" time="0.291"/>
  <testcase classname="pro.saral.testCases.Test_27EQ" name="Testcases_27EQ" time="2.503"/>
  <testcase classname="pro.saral.testCases.Test_27EQ" name="Testcases_27EQ" time="0.1"/>
  <testcase classname="pro.saral.testCases.Test_27EQ" name="Testcases_27EQ" time="2.297"/>
  <testcase classname="pro.saral.testCases.Test_27EQ" name="Testcases_27EQ" time="2.305"/>
  <testcase classname="pro.saral.testCases.Test_27EQ" name="Testcases_27EQ" time="2.235"/>
  <testcase classname="pro.saral.testCases.Test_27EQ" name="Testcases_27EQ" time="2.46"/>
  <testcase classname="pro.saral.testCases.Test_27EQ" name="Testcases_27EQ" time="0.202"/>
  <testcase classname="pro.saral.testCases.Test_27EQ" name="Testcases_27EQ" time="0.047"/>
  <testcase classname="pro.saral.testCases.Test_27EQ" name="Testcases_27EQ" time="2.329"/>
  <testcase classname="pro.saral.testCases.Test_27EQ" name="Testcases_27EQ" time="2.374"/>
  <testcase classname="pro.saral.testCases.Test_27EQ" name="Testcases_27EQ" time="20.113"/>
  <testcase classname="pro.saral.testCases.Test_27EQ" name="Testcases_27EQ" time="2.271"/>
  <testcase classname="pro.saral.testCases.Test_27EQ" name="Testcases_27EQ" time="0.26"/>
  <testcase classname="pro.saral.testCases.Test_27EQ" name="Testcases_27EQ" time="0.336"/>
  <testcase classname="pro.saral.testCases.Test_27EQ" name="Testcases_27EQ" time="0.392"/>
  <testcase classname="pro.saral.testCases.Test_27EQ" name="Testcases_27EQ" time="0.165"/>
  <testcase classname="pro.saral.testCases.Test_27EQ" name="Testcases_27EQ" time="0.367"/>
  <testcase classname="pro.saral.testCases.Test_27EQ" name="Testcases_27EQ" time="0.187"/>
  <testcase classname="pro.saral.testCases.Test_27EQ" name="Testcases_27EQ" time="0.333"/>
  <testcase classname="pro.saral.testCases.Test_27EQ" name="Testcases_27EQ" time="2.235"/>
  <testcase classname="pro.saral.testCases.Test_27EQ" name="Testcases_27EQ" time="0.057"/>
  <testcase classname="pro.saral.testCases.Test_27EQ" name="Testcases_27EQ" time="2.251"/>
  <testcase classname="pro.saral.testCases.Test_27EQ" name="Testcases_27EQ" time="0.193"/>
  <testcase classname="pro.saral.testCases.Test_27EQ" name="Testcases_27EQ" time="0.338"/>
  <testcase classname="pro.saral.testCases.Test_27EQ" name="Testcases_27EQ" time="0.234"/>
  <testcase classname="pro.saral.testCases.Test_27EQ" name="Testcases_27EQ" time="2.277"/>
  <testcase classname="pro.saral.testCases.Test_27EQ" name="Testcases_27EQ" time="0.069"/>
  <testcase classname="pro.saral.testCases.Test_27EQ" name="Testcases_27EQ" time="0.02"/>
  <testcase classname="pro.saral.testCases.Test_27EQ" name="Testcases_27EQ" time="2.38"/>
  <testcase classname="pro.saral.testCases.Test_27EQ" name="Testcases_27EQ" time="2.473"/>
  <testcase classname="pro.saral.testCases.Test_27EQ" name="Testcases_27EQ" time="2.185"/>
  <testcase classname="pro.saral.testCases.Test_27EQ" name="Testcases_27EQ" time="2.514"/>
  <testcase classname="pro.saral.testCases.Test_27EQ" name="Testcases_27EQ" time="0.384"/>
  <testcase classname="pro.saral.testCases.Test_27EQ" name="Testcases_27EQ" time="0.173"/>
  <testcase classname="pro.saral.testCases.Test_27EQ" name="Testcases_27EQ" time="2.302"/>
  <testcase classname="pro.saral.testCases.Test_27EQ" name="Testcases_27EQ" time="2.359"/>
  <testcase classname="pro.saral.testCases.Test_27EQ" name="Testcases_27EQ" time="0.153"/>
  <testcase classname="pro.saral.testCases.Test_27EQ" name="Testcases_27EQ" time="2.299"/>
  <testcase classname="pro.saral.testCases.Test_27EQ" name="Testcases_27EQ" time="0.085"/>
  <testcase classname="pro.saral.testCases.Test_27EQ" name="Testcases_27EQ" time="0.016"/>
  <testcase classname="pro.saral.testCases.Test_27EQ" name="Testcases_27EQ" time="0.28"/>
  <testcase classname="pro.saral.testCases.Test_27EQ" name="Testcases_27EQ" time="0.371"/>
  <testcase classname="pro.saral.testCases.Test_27EQ" name="Testcases_27EQ" time="0.393"/>
  <testcase classname="pro.saral.testCases.Test_27EQ" name="Testcases_27EQ" time="0.399"/>
  <testcase classname="pro.saral.testCases.Test_27EQ" name="Testcases_27EQ" time="2.327"/>
  <testcase classname="pro.saral.testCases.Test_27EQ" name="Testcases_27EQ" time="0.198"/>
  <testcase classname="pro.saral.testCases.Test_27EQ" name="Testcases_27EQ" time="2.414"/>
  <testcase classname="pro.saral.testCases.Test_27EQ" name="Testcases_27EQ" time="0.222"/>
  <testcase classname="pro.saral.testCases.Test_27EQ" name="Testcases_27EQ" time="2.276"/>
  <testcase classname="pro.saral.testCases.Test_27EQ" name="Testcases_27EQ" time="0.222"/>
  <testcase classname="pro.saral.testCases.Test_27EQ" name="Testcases_27EQ" time="2.289"/>
  <testcase classname="pro.saral.testCases.Test_27EQ" name="Testcases_27EQ" time="0.215"/>
  <testcase classname="pro.saral.testCases.Test_27EQ" name="Testcases_27EQ" time="0.376"/>
  <testcase classname="pro.saral.testCases.Test_27EQ" name="Testcases_27EQ" time="2.298"/>
  <testcase classname="pro.saral.testCases.Test_27EQ" name="Testcases_27EQ" time="0.106"/>
  <testcase classname="pro.saral.testCases.Test_27EQ" name="Testcases_27EQ" time="0.015"/>
  <testcase classname="pro.saral.testCases.Test_27EQ" name="Testcases_27EQ" time="0.219"/>
  <testcase classname="pro.saral.testCases.Test_27EQ" name="Testcases_27EQ" time="0.179"/>
  <testcase classname="pro.saral.testCases.Test_27EQ" name="Testcases_27EQ" time="2.299"/>
  <testcase classname="pro.saral.testCases.Test_27EQ" name="Testcases_27EQ" time="0.278"/>
  <testcase classname="pro.saral.testCases.Test_27EQ" name="Testcases_27EQ" time="0.348"/>
  <testcase classname="pro.saral.testCases.Test_27EQ" name="Testcases_27EQ" time="0.448"/>
  <testcase classname="pro.saral.testCases.Test_27EQ" name="Testcases_27EQ" time="2.401"/>
  <testcase classname="pro.saral.testCases.Test_27EQ" name="Testcases_27EQ" time="0.088"/>
  <testcase classname="pro.saral.testCases.Test_27EQ" name="Testcases_27EQ" time="0.388"/>
  <testcase classname="pro.saral.testCases.Test_27EQ" name="Testcases_27EQ" time="2.333"/>
  <testcase classname="pro.saral.testCases.Test_27EQ" name="Testcases_27EQ" time="0.056"/>
  <testcase classname="pro.saral.testCases.Test_27EQ" name="Testcases_27EQ" time="2.317"/>
  <testcase classname="pro.saral.testCases.Test_27EQ" name="Testcases_27EQ" time="0.235"/>
  <testcase classname="pro.saral.testCases.Test_27EQ" name="Testcases_27EQ" time="2.374"/>
  <testcase classname="pro.saral.testCases.Test_27EQ" name="Testcases_27EQ" time="0.126"/>
  <testcase classname="pro.saral.testCases.Test_27EQ" name="Testcases_27EQ" time="2.314"/>
  <testcase classname="pro.saral.testCases.Test_27EQ" name="Testcases_27EQ" time="0.389"/>
  <testcase classname="pro.saral.testCases.Test_27EQ" name="Testcases_27EQ" time="2.492"/>
  <testcase classname="pro.saral.testCases.Test_27EQ" name="Testcases_27EQ" time="0.101"/>
  <testcase classname="pro.saral.testCases.Test_27EQ" name="Testcases_27EQ" time="2.317"/>
  <testcase classname="pro.saral.testCases.Test_27EQ" name="Testcases_27EQ" time="0.257"/>
  <testcase classname="pro.saral.testCases.Test_27EQ" name="Testcases_27EQ" time="2.388"/>
  <testcase classname="pro.saral.testCases.Test_27EQ" name="Testcases_27EQ" time="0.085"/>
  <testcase classname="pro.saral.testCases.Test_27EQ" name="Testcases_27EQ" time="2.285"/>
  <testcase classname="pro.saral.testCases.Test_27EQ" name="Testcases_27EQ" time="0.402"/>
  <testcase classname="pro.saral.testCases.Test_27EQ" name="Testcases_27EQ" time="2.464"/>
  <testcase classname="pro.saral.testCases.Test_27EQ" name="Testcases_27EQ" time="0.082"/>
  <testcase classname="pro.saral.testCases.Test_27EQ" name="Testcases_27EQ" time="2.334"/>
  <testcase classname="pro.saral.testCases.Test_27EQ" name="Testcases_27EQ" time="0.42"/>
  <testcase classname="pro.saral.testCases.Test_27EQ" name="Testcases_27EQ" time="2.606"/>
  <testcase classname="pro.saral.testCases.Test_27EQ" name="Testcases_27EQ" time="0.124"/>
  <testcase classname="pro.saral.testCases.Test_27EQ" name="Testcases_27EQ" time="2.348"/>
  <testcase classname="pro.saral.testCases.Test_27EQ" name="Testcases_27EQ" time="0.448"/>
  <testcase classname="pro.saral.testCases.Test_27EQ" name="Testcases_27EQ" time="2.42"/>
  <testcase classname="pro.saral.testCases.Test_27EQ" name="Testcases_27EQ" time="0.109"/>
  <testcase classname="pro.saral.testCases.Test_27EQ" name="Testcases_27EQ" time="2.488"/>
  <testcase classname="pro.saral.testCases.Test_27EQ" name="Testcases_27EQ" time="0.201"/>
  <testcase classname="pro.saral.testCases.Test_27EQ" name="Testcases_27EQ" time="0.868"/>
  <testcase classname="pro.saral.testCases.Test_27EQ" name="Testcases_27EQ" time="2.672"/>
  <testcase classname="pro.saral.testCases.Test_27EQ" name="Testcases_27EQ" time="0.123"/>
  <testcase classname="pro.saral.testCases.Test_27EQ" name="Testcases_27EQ" time="2.39"/>
  <testcase classname="pro.saral.testCases.Test_27EQ" name="Testcases_27EQ" time="2.478"/>
  <testcase classname="pro.saral.testCases.Test_27EQ" name="Testcases_27EQ" time="2.455"/>
  <testcase classname="pro.saral.testCases.Test_27EQ" name="Testcases_27EQ" time="0.016"/>
  <testcase classname="pro.saral.testCases.Test_27EQ" name="Testcases_27EQ" time="2.512"/>
  <testcase classname="pro.saral.testCases.Test_27EQ" name="Testcases_27EQ" time="0.177"/>
  <testcase classname="pro.saral.testCases.Test_27EQ" name="Testcases_27EQ" time="0.301"/>
  <testcase classname="pro.saral.testCases.Test_27EQ" name="Testcases_27EQ" time="2.256"/>
  <testcase classname="pro.saral.testCases.Test_27EQ" name="Testcases_27EQ" time="0.254"/>
  <testcase classname="pro.saral.testCases.Test_27EQ" name="Testcases_27EQ" time="0.339"/>
  <testcase classname="pro.saral.testCases.Test_27EQ" name="Testcases_27EQ" time="0.369"/>
  <testcase classname="pro.saral.testCases.Test_27EQ" name="Testcases_27EQ" time="0.453"/>
  <testcase classname="pro.saral.testCases.Test_27EQ" name="Testcases_27EQ" time="0.356"/>
  <testcase classname="pro.saral.testCases.Test_27EQ" name="Testcases_27EQ" time="0.27"/>
  <testcase classname="pro.saral.testCases.Test_27EQ" name="Testcases_27EQ" time="2.45"/>
  <testcase classname="pro.saral.testCases.Test_27EQ" name="Testcases_27EQ" time="0.087"/>
  <testcase classname="pro.saral.testCases.Test_27EQ" name="Testcases_27EQ" time="2.504"/>
  <testcase classname="pro.saral.testCases.Test_27EQ" name="Testcases_27EQ" time="0.123"/>
  <testcase classname="pro.saral.testCases.Test_27EQ" name="Testcases_27EQ" time="2.452"/>
  <testcase classname="pro.saral.testCases.Test_27EQ" name="Testcases_27EQ" time="2.399"/>
  <testcase classname="pro.saral.testCases.Test_27EQ" name="Testcases_27EQ" time="2.417"/>
  <testcase classname="pro.saral.testCases.Test_27EQ" name="Testcases_27EQ" time="0.257"/>
  <testcase classname="pro.saral.testCases.Test_27EQ" name="Testcases_27EQ" time="0.265"/>
  <testcase classname="pro.saral.testCases.Test_27EQ" name="Testcases_27EQ" time="0.46"/>
  <testcase classname="pro.saral.testCases.Test_27EQ" name="Testcases_27EQ" time="0.399"/>
  <testcase classname="pro.saral.testCases.Test_27EQ" name="Testcases_27EQ" time="2.434"/>
  <testcase classname="pro.saral.testCases.Test_27EQ" name="Testcases_27EQ" time="2.367"/>
  <testcase classname="pro.saral.testCases.Test_27EQ" name="Testcases_27EQ" time="2.332"/>
  <testcase classname="pro.saral.testCases.Test_27EQ" name="Testcases_27EQ" time="0.116"/>
  <testcase classname="pro.saral.testCases.Test_27EQ" name="Testcases_27EQ" time="0.01"/>
  <testcase classname="pro.saral.testCases.Test_27EQ" name="Testcases_27EQ" time="2.531"/>
  <testcase classname="pro.saral.testCases.Test_27EQ" name="Testcases_27EQ" time="2.363"/>
  <testcase classname="pro.saral.testCases.Test_27EQ" name="Testcases_27EQ" time="2.442"/>
  <testcase classname="pro.saral.testCases.Test_27EQ" name="Testcases_27EQ" time="2.341"/>
  <testcase classname="pro.saral.testCases.Test_27EQ" name="Testcases_27EQ" time="0.281"/>
  <testcase classname="pro.saral.testCases.Test_27EQ" name="Testcases_27EQ" time="2.457"/>
  <testcase classname="pro.saral.testCases.Test_27EQ" name="Testcases_27EQ" time="0.094"/>
  <testcase classname="pro.saral.testCases.Test_27EQ" name="Testcases_27EQ" time="0.017"/>
  <testcase classname="pro.saral.testCases.Test_27EQ" name="Testcases_27EQ" time="2.517"/>
  <testcase classname="pro.saral.testCases.Test_27EQ" name="Testcases_27EQ" time="2.499"/>
  <testcase classname="pro.saral.testCases.Test_27EQ" name="Testcases_27EQ" time="2.371"/>
  <testcase classname="pro.saral.testCases.Test_27EQ" name="Testcases_27EQ" time="2.461"/>
  <testcase classname="pro.saral.testCases.Test_27EQ" name="Testcases_27EQ" time="2.361"/>
  <testcase classname="pro.saral.testCases.Test_27EQ" name="Testcases_27EQ" time="0.123"/>
  <testcase classname="pro.saral.testCases.Test_27EQ" name="Testcases_27EQ" time="0.013"/>
  <testcase classname="pro.saral.testCases.Test_27EQ" name="Testcases_27EQ" time="2.451"/>
  <testcase classname="pro.saral.testCases.Test_27EQ" name="Testcases_27EQ" time="2.423"/>
  <testcase classname="pro.saral.testCases.Test_27EQ" name="Testcases_27EQ" time="2.296"/>
  <testcase classname="pro.saral.testCases.Test_27EQ" name="Testcases_27EQ" time="0.114"/>
  <testcase classname="pro.saral.testCases.Test_27EQ" name="Testcases_27EQ" time="0.012"/>
  <testcase classname="pro.saral.testCases.Test_27EQ" name="Testcases_27EQ" time="2.489"/>
  <testcase classname="pro.saral.testCases.Test_27EQ" name="Testcases_27EQ" time="2.568"/>
  <testcase classname="pro.saral.testCases.Test_27EQ" name="Testcases_27EQ" time="2.32"/>
  <testcase classname="pro.saral.testCases.Test_27EQ" name="Testcases_27EQ" time="2.324"/>
  <testcase classname="pro.saral.testCases.Test_27EQ" name="Testcases_27EQ" time="0.149"/>
  <testcase classname="pro.saral.testCases.Test_27EQ" name="Testcases_27EQ" time="0.011"/>
  <testcase classname="pro.saral.testCases.Test_27EQ" name="Testcases_27EQ" time="0.122"/>
  <testcase classname="pro.saral.testCases.Test_27EQ" name="Testcases_27EQ" time="2.315"/>
  <testcase classname="pro.saral.testCases.Test_27EQ" name="Testcases_27EQ" time="2.171"/>
  <testcase classname="pro.saral.testCases.Test_27EQ" name="Testcases_27EQ" time="2.231"/>
  <testcase classname="pro.saral.testCases.Test_27EQ" name="Testcases_27EQ" time="2.223"/>
  <testcase classname="pro.saral.testCases.Test_27EQ" name="Testcases_27EQ" time="2.254"/>
  <testcase classname="pro.saral.testCases.Test_27EQ" name="Testcases_27EQ" time="0.046"/>
  <testcase classname="pro.saral.testCases.Test_27EQ" name="Testcases_27EQ" time="0.013"/>
  <testcase classname="pro.saral.testCases.Test_27EQ" name="Testcases_27EQ" time="2.295"/>
  <testcase classname="pro.saral.testCases.Test_27EQ" name="Testcases_27EQ" time="0.023"/>
  <testcase classname="pro.saral.testCases.Test_27EQ" name="Testcases_27EQ" time="2.296"/>
  <testcase classname="pro.saral.testCases.Test_27EQ" name="Testcases_27EQ" time="2.347"/>
  <testcase classname="pro.saral.testCases.Test_27EQ" name="Testcases_27EQ" time="0.01"/>
  <testcase classname="pro.saral.testCases.Test_27EQ" name="Testcases_27EQ" time="0.276"/>
  <testcase classname="pro.saral.testCases.Test_27EQ" name="Testcases_27EQ" time="0.231"/>
  <testcase classname="pro.saral.testCases.Test_27EQ" name="Testcases_27EQ" time="0.239"/>
  <testcase classname="pro.saral.testCases.Test_27EQ" name="Testcases_27EQ" time="0.231"/>
  <testcase classname="pro.saral.testCases.Test_27EQ" name="Testcases_27EQ" time="0.237"/>
  <testcase classname="pro.saral.testCases.Test_27EQ" name="Testcases_27EQ" time="0.213"/>
  <testcase classname="pro.saral.testCases.Test_27EQ" name="Testcases_27EQ" time="0.287"/>
  <testcase classname="pro.saral.testCases.Test_27EQ" name="Testcases_27EQ" time="0.198"/>
  <testcase classname="pro.saral.testCases.Test_27EQ" name="Testcases_27EQ" time="0.137"/>
  <testcase classname="pro.saral.testCases.Test_27EQ" name="Testcases_27EQ" time="0.226"/>
  <testcase classname="pro.saral.testCases.Test_27EQ" name="Testcases_27EQ" time="0.338"/>
  <testcase classname="pro.saral.testCases.Test_27EQ" name="Testcases_27EQ" time="0.557"/>
  <testcase classname="pro.saral.testCases.Test_27EQ" name="Testcases_27EQ" time="2.216"/>
  <testcase classname="pro.saral.testCases.Test_27EQ" name="Testcases_27EQ" time="0.065"/>
  <testcase classname="pro.saral.testCases.Test_27EQ" name="Testcases_27EQ" time="0.039"/>
  <testcase classname="pro.saral.testCases.Test_27EQ" name="Testcases_27EQ" time="2.274"/>
  <testcase classname="pro.saral.testCases.Test_27EQ" name="Testcases_27EQ" time="2.633"/>
  <testcase classname="pro.saral.testCases.Test_27EQ" name="Testcases_27EQ" time="2.292"/>
  <testcase classname="pro.saral.testCases.Test_27EQ" name="Testcases_27EQ" time="2.419"/>
  <testcase classname="pro.saral.testCases.Test_27EQ" name="Testcases_27EQ" time="0.16"/>
  <testcase classname="pro.saral.testCases.Test_27EQ" name="Testcases_27EQ" time="0.015"/>
  <testcase classname="pro.saral.testCases.Test_27EQ" name="Testcases_27EQ" time="2.284"/>
  <testcase classname="pro.saral.testCases.Test_27EQ" name="Testcases_27EQ" time="2.445"/>
  <testcase classname="pro.saral.testCases.Test_27EQ" name="Testcases_27EQ" time="20.056"/>
  <testcase classname="pro.saral.testCases.Test_27EQ" name="Testcases_27EQ" time="2.232"/>
  <testcase classname="pro.saral.testCases.Test_27EQ" name="Testcases_27EQ" time="0.249"/>
  <testcase classname="pro.saral.testCases.Test_27EQ" name="Testcases_27EQ" time="0.333"/>
  <testcase classname="pro.saral.testCases.Test_27EQ" name="Testcases_27EQ" time="0.357"/>
  <testcase classname="pro.saral.testCases.Test_27EQ" name="Testcases_27EQ" time="0.237"/>
  <testcase classname="pro.saral.testCases.Test_27EQ" name="Testcases_27EQ" time="0.346"/>
  <testcase classname="pro.saral.testCases.Test_27EQ" name="Testcases_27EQ" time="0.173"/>
  <testcase classname="pro.saral.testCases.Test_27EQ" name="Testcases_27EQ" time="0.342"/>
  <testcase classname="pro.saral.testCases.Test_27EQ" name="Testcases_27EQ" time="2.188"/>
  <testcase classname="pro.saral.testCases.Test_27EQ" name="Testcases_27EQ" time="0.059"/>
  <testcase classname="pro.saral.testCases.Test_27EQ" name="Testcases_27EQ" time="2.245"/>
  <testcase classname="pro.saral.testCases.Test_27EQ" name="Testcases_27EQ" time="2.421"/>
  <testcase classname="pro.saral.testCases.Test_27EQ" name="Testcases_27EQ" time="2.29"/>
  <testcase classname="pro.saral.testCases.Test_27EQ" name="Testcases_27EQ" time="2.547"/>
  <testcase classname="pro.saral.testCases.Test_27EQ" name="Testcases_27EQ" time="0.427"/>
  <testcase classname="pro.saral.testCases.Test_27EQ" name="Testcases_27EQ" time="2.565"/>
  <testcase classname="pro.saral.testCases.Test_27EQ" name="Testcases_27EQ" time="0.013"/>
  <testcase classname="pro.saral.testCases.Test_27EQ" name="Testcases_27EQ" time="0.456"/>
  <testcase classname="pro.saral.testCases.Test_27EQ" name="Testcases_27EQ" time="0.436"/>
  <testcase classname="pro.saral.testCases.Test_27EQ" name="Testcases_27EQ" time="0.495"/>
  <testcase classname="pro.saral.testCases.Test_27EQ" name="Testcases_27EQ" time="0.548"/>
  <testcase classname="pro.saral.testCases.Test_27EQ" name="Testcases_27EQ" time="2.544"/>
  <testcase classname="pro.saral.testCases.Test_27EQ" name="Testcases_27EQ" time="0.306"/>
  <testcase classname="pro.saral.testCases.Test_27EQ" name="Testcases_27EQ" time="2.484"/>
  <testcase classname="pro.saral.testCases.Test_27EQ" name="Testcases_27EQ" time="0.393"/>
  <testcase classname="pro.saral.testCases.Test_27EQ" name="Testcases_27EQ" time="2.423"/>
  <testcase classname="pro.saral.testCases.Test_27EQ" name="Testcases_27EQ" time="0.209"/>
  <testcase classname="pro.saral.testCases.Test_27EQ" name="Testcases_27EQ" time="2.351"/>
  <testcase classname="pro.saral.testCases.Test_27EQ" name="Testcases_27EQ" time="0.299"/>
  <testcase classname="pro.saral.testCases.Test_27EQ" name="Testcases_27EQ" time="0.432"/>
  <testcase classname="pro.saral.testCases.Test_27EQ" name="Testcases_27EQ" time="2.471"/>
  <testcase classname="pro.saral.testCases.Test_27EQ" name="Testcases_27EQ" time="0.112"/>
  <testcase classname="pro.saral.testCases.Test_27EQ" name="Testcases_27EQ" time="0.013"/>
  <testcase classname="pro.saral.testCases.Test_27EQ" name="Testcases_27EQ" time="0.12"/>
  <testcase classname="pro.saral.testCases.Test_27EQ" name="Testcases_27EQ" time="2.529"/>
  <testcase classname="pro.saral.testCases.Test_27EQ" name="Testcases_27EQ" time="2.638"/>
  <testcase classname="pro.saral.testCases.Test_27EQ" name="Testcases_27EQ" time="2.309"/>
  <testcase classname="pro.saral.testCases.Test_27EQ" name="Testcases_27EQ" time="2.396"/>
  <testcase classname="pro.saral.testCases.Test_27EQ" name="Testcases_27EQ" time="2.295"/>
  <testcase classname="pro.saral.testCases.Test_27EQ" name="Testcases_27EQ" time="0.024"/>
  <testcase classname="pro.saral.testCases.Test_27EQ" name="Testcases_27EQ" time="2.532"/>
  <testcase classname="pro.saral.testCases.Test_27EQ" name="Testcases_27EQ" time="2.196"/>
  <testcase classname="pro.saral.testCases.Test_27EQ" name="Testcases_27EQ" time="2.566"/>
  <testcase classname="pro.saral.testCases.Test_27EQ" name="Testcases_27EQ" time="2.546"/>
  <testcase classname="pro.saral.testCases.Test_27EQ" name="Testcases_27EQ" time="0.336"/>
  <testcase classname="pro.saral.testCases.Test_27EQ" name="Testcases_27EQ" time="2.424"/>
  <testcase classname="pro.saral.testCases.Test_27EQ" name="Testcases_27EQ" time="0.529"/>
  <testcase classname="pro.saral.testCases.Test_27EQ" name="Testcases_27EQ" time="2.671"/>
  <testcase classname="pro.saral.testCases.Test_27EQ" name="Testcases_27EQ" time="2.295"/>
  <testcase classname="pro.saral.testCases.Test_27EQ" name="Testcases_27EQ" time="2.575"/>
  <testcase classname="pro.saral.testCases.Test_27EQ" name="Testcases_27EQ" time="2.353"/>
  <testcase classname="pro.saral.testCases.Test_27EQ" name="Testcases_27EQ" time="0.3"/>
  <testcase classname="pro.saral.testCases.Test_27EQ" name="Testcases_27EQ" time="0.435"/>
  <testcase classname="pro.saral.testCases.Test_27EQ" name="Testcases_27EQ" time="2.413"/>
  <testcase classname="pro.saral.testCases.Test_27EQ" name="Testcases_27EQ" time="0.307"/>
  <testcase classname="pro.saral.testCases.Test_27EQ" name="Testcases_27EQ" time="2.327"/>
  <testcase classname="pro.saral.testCases.Test_27EQ" name="Testcases_27EQ" time="0.344"/>
  <testcase classname="pro.saral.testCases.Test_27EQ" name="Testcases_27EQ" time="2.424"/>
  <testcase classname="pro.saral.testCases.Test_27EQ" name="Testcases_27EQ" time="0.26"/>
  <testcase classname="pro.saral.testCases.Test_27EQ" name="Testcases_27EQ" time="2.413"/>
  <testcase classname="pro.saral.testCases.Test_27EQ" name="Testcases_27EQ" time="0.116"/>
  <testcase classname="pro.saral.testCases.Test_27EQ" name="Testcases_27EQ" time="0.106"/>
  <testcase classname="pro.saral.testCases.Test_27EQ" name="Testcases_27EQ" time="2.542"/>
  <testcase classname="pro.saral.testCases.Test_27EQ" name="Testcases_27EQ" time="2.484"/>
  <testcase classname="pro.saral.testCases.Test_27EQ" name="Testcases_27EQ" time="2.162"/>
  <testcase classname="pro.saral.testCases.Test_27EQ" name="Testcases_27EQ" time="2.409"/>
  <testcase classname="pro.saral.testCases.Test_27EQ" name="Testcases_27EQ" time="0.317"/>
  <testcase classname="pro.saral.testCases.Test_27EQ" name="Testcases_27EQ" time="0.287"/>
  <testcase classname="pro.saral.testCases.Test_27EQ" name="Testcases_27EQ" time="0.262"/>
  <testcase classname="pro.saral.testCases.Test_27EQ" name="Testcases_27EQ" time="0.263"/>
  <testcase classname="pro.saral.testCases.Test_27EQ" name="Testcases_27EQ" time="0.256"/>
  <testcase classname="pro.saral.testCases.Test_27EQ" name="Testcases_27EQ" time="0.305"/>
  <testcase classname="pro.saral.testCases.Test_27EQ" name="Testcases_27EQ" time="0.231"/>
  <testcase classname="pro.saral.testCases.Test_27EQ" name="Testcases_27EQ" time="0.246"/>
  <testcase classname="pro.saral.testCases.Test_27EQ" name="Testcases_27EQ" time="0.182"/>
  <testcase classname="pro.saral.testCases.Test_27EQ" name="Testcases_27EQ" time="0.249"/>
  <testcase classname="pro.saral.testCases.Test_27EQ" name="Testcases_27EQ" time="0.396"/>
  <testcase classname="pro.saral.testCases.Test_27EQ" name="Testcases_27EQ" time="0.806"/>
  <testcase classname="pro.saral.testCases.Test_27EQ" name="Testcases_27EQ" time="2.395"/>
  <testcase classname="pro.saral.testCases.Test_27EQ" name="Testcases_27EQ" time="0.098"/>
  <testcase classname="pro.saral.testCases.Test_27EQ" name="Testcases_27EQ" time="2.478"/>
  <testcase classname="pro.saral.testCases.Test_27EQ" name="Testcases_27EQ" time="2.061"/>
  <testcase classname="pro.saral.testCases.Test_27EQ" name="Testcases_27EQ" time="2.168"/>
  <testcase classname="pro.saral.testCases.Test_27EQ" name="Testcases_27EQ" time="2.18"/>
  <testcase classname="pro.saral.testCases.Test_27EQ" name="Testcases_27EQ" time="0.168"/>
  <testcase classname="pro.saral.testCases.Test_27EQ" name="Testcases_27EQ" time="2.41"/>
  <testcase classname="pro.saral.testCases.Test_27EQ" name="Testcases_27EQ" time="2.155"/>
  <testcase classname="pro.saral.testCases.Test_27EQ" name="Testcases_27EQ" time="0.153"/>
  <testcase classname="pro.saral.testCases.Test_27EQ" name="Testcases_27EQ" time="0.134"/>
  <testcase classname="pro.saral.testCases.Test_27EQ" name="Testcases_27EQ" time="0.168"/>
  <testcase classname="pro.saral.testCases.Test_27EQ" name="Testcases_27EQ" time="0.149"/>
  <testcase classname="pro.saral.testCases.Test_27EQ" name="Testcases_27EQ" time="0.196"/>
  <testcase classname="pro.saral.testCases.Test_27EQ" name="Testcases_27EQ" time="0.09"/>
  <testcase classname="pro.saral.testCases.Test_27EQ" name="Testcases_27EQ" time="2.382"/>
  <testcase classname="pro.saral.testCases.Test_27EQ" name="Testcases_27EQ" time="2.361"/>
  <testcase classname="pro.saral.testCases.Test_27EQ" name="Testcases_27EQ" time="2.451"/>
  <testcase classname="pro.saral.testCases.Test_27EQ" name="Testcases_27EQ" time="2.244"/>
  <testcase classname="pro.saral.testCases.Test_27EQ" name="Testcases_27EQ" time="2.177"/>
  <testcase classname="pro.saral.testCases.Test_27EQ" name="Testcases_27EQ" time="2.222"/>
  <testcase classname="pro.saral.testCases.Test_27EQ" name="Testcases_27EQ" time="2.272"/>
  <testcase classname="pro.saral.testCases.Test_27EQ" name="Testcases_27EQ" time="2.143"/>
  <testcase classname="pro.saral.testCases.Test_27EQ" name="Testcases_27EQ" time="2.205"/>
  <testcase classname="pro.saral.testCases.Test_27EQ" name="Testcases_27EQ" time="2.297"/>
  <testcase classname="pro.saral.testCases.Test_27EQ" name="Testcases_27EQ" time="2.288"/>
  <testcase classname="pro.saral.testCases.Test_27EQ" name="Testcases_27EQ" time="2.593"/>
  <testcase classname="pro.saral.testCases.Test_27EQ" name="Testcases_27EQ" time="2.517"/>
  <testcase classname="pro.saral.testCases.Test_27EQ" name="Testcases_27EQ" time="2.267"/>
  <testcase classname="pro.saral.testCases.Test_27EQ" name="Testcases_27EQ" time="0.021"/>
  <testcase classname="pro.saral.testCases.Test_27EQ" name="Testcases_27EQ" time="2.479"/>
  <testcase classname="pro.saral.testCases.Test_27EQ" name="Testcases_27EQ" time="2.29"/>
  <testcase classname="pro.saral.testCases.Test_27EQ" name="Testcases_27EQ" time="0.014"/>
  <testcase classname="pro.saral.testCases.Test_27EQ" name="Testcases_27EQ" time="2.567"/>
  <testcase classname="pro.saral.testCases.Test_27EQ" name="Testcases_27EQ" time="0.131"/>
  <testcase classname="pro.saral.testCases.Test_27EQ" name="Testcases_27EQ" time="2.562"/>
  <testcase classname="pro.saral.testCases.Test_27EQ" name="Testcases_27EQ" time="2.651"/>
  <testcase classname="pro.saral.testCases.Test_27EQ" name="Testcases_27EQ" time="2.397"/>
  <testcase classname="pro.saral.testCases.Test_27EQ" name="Testcases_27EQ" time="2.557"/>
  <testcase classname="pro.saral.testCases.Test_27EQ" name="Testcases_27EQ" time="2.343"/>
  <testcase classname="pro.saral.testCases.Test_27EQ" name="Testcases_27EQ" time="0.092"/>
  <testcase classname="pro.saral.testCases.Test_27EQ" name="Testcases_27EQ" time="2.424"/>
  <testcase classname="pro.saral.testCases.Test_27EQ" name="Testcases_27EQ" time="2.555"/>
  <testcase classname="pro.saral.testCases.Test_27EQ" name="Testcases_27EQ" time="2.232"/>
  <testcase classname="pro.saral.testCases.Test_27EQ" name="Testcases_27EQ" time="2.226"/>
  <testcase classname="pro.saral.testCases.Test_27EQ" name="Testcases_27EQ" time="2.224"/>
  <testcase classname="pro.saral.testCases.Test_27EQ" name="Testcases_27EQ" time="2.173"/>
  <testcase classname="pro.saral.testCases.Test_27EQ" name="Testcases_27EQ" time="2.183"/>
  <testcase classname="pro.saral.testCases.Test_27EQ" name="Testcases_27EQ" time="2.172"/>
  <testcase classname="pro.saral.testCases.Test_27EQ" name="Testcases_27EQ" time="2.167"/>
  <testcase classname="pro.saral.testCases.Test_27EQ" name="Testcases_27EQ" time="2.142"/>
  <testcase classname="pro.saral.testCases.Test_27EQ" name="Testcases_27EQ" time="2.144"/>
  <testcase classname="pro.saral.testCases.Test_27EQ" name="Testcases_27EQ" time="2.173"/>
  <testcase classname="pro.saral.testCases.Test_27EQ" name="Testcases_27EQ" time="2.139"/>
  <testcase classname="pro.saral.testCases.Test_27EQ" name="Testcases_27EQ" time="0.049"/>
  <testcase classname="pro.saral.testCases.Test_27EQ" name="Testcases_27EQ" time="0.096"/>
  <testcase classname="pro.saral.testCases.Test_27EQ" name="Testcases_27EQ" time="2.109"/>
  <testcase classname="pro.saral.testCases.Test_27EQ" name="Testcases_27EQ" time="0.029"/>
  <testcase classname="pro.saral.testCases.Test_27EQ" name="Testcases_27EQ" time="2.2"/>
  <testcase classname="pro.saral.testCases.Test_27EQ" name="Testcases_27EQ" time="2.184"/>
  <testcase classname="pro.saral.testCases.Test_27EQ" name="Testcases_27EQ" time="2.22"/>
  <testcase classname="pro.saral.testCases.Test_27EQ" name="Testcases_27EQ" time="2.177"/>
  <testcase classname="pro.saral.testCases.Test_27EQ" name="Testcases_27EQ" time="2.163"/>
  <testcase classname="pro.saral.testCases.Test_27EQ" name="Testcases_27EQ" time="2.122"/>
  <testcase classname="pro.saral.testCases.Test_27EQ" name="Testcases_27EQ" time="2.163"/>
  <testcase classname="pro.saral.testCases.Test_27EQ" name="Testcases_27EQ" time="2.166"/>
  <testcase classname="pro.saral.testCases.Test_27EQ" name="Testcases_27EQ" time="0.017"/>
  <testcase classname="pro.saral.testCases.Test_27EQ" name="Testcases_27EQ" time="2.306"/>
  <testcase classname="pro.saral.testCases.Test_27EQ" name="Testcases_27EQ" time="2.026"/>
  <testcase classname="pro.saral.testCases.Test_27EQ" name="Testcases_27EQ" time="2.15"/>
  <testcase classname="pro.saral.testCases.Test_27EQ" name="Testcases_27EQ" time="2.39"/>
  <testcase classname="pro.saral.testCases.Test_27EQ" name="Testcases_27EQ" time="2.436"/>
  <testcase classname="pro.saral.testCases.Test_27EQ" name="Testcases_27EQ" time="2.381"/>
  <testcase classname="pro.saral.testCases.Test_27EQ" name="Testcases_27EQ" time="0.118"/>
  <testcase classname="pro.saral.testCases.Test_27EQ" name="Testcases_27EQ" time="2.531"/>
  <testcase classname="pro.saral.testCases.Test_27EQ" name="Testcases_27EQ" time="0.298"/>
  <testcase classname="pro.saral.testCases.Test_27EQ" name="Testcases_27EQ" time="2.514"/>
  <testcase classname="pro.saral.testCases.Test_27EQ" name="Testcases_27EQ" time="2.288"/>
  <testcase classname="pro.saral.testCases.Test_27EQ" name="Testcases_27EQ" time="2.311"/>
  <testcase classname="pro.saral.testCases.Test_27EQ" name="Testcases_27EQ" time="0.323"/>
  <testcase classname="pro.saral.testCases.Test_27EQ" name="Testcases_27EQ" time="0.43"/>
  <testcase classname="pro.saral.testCases.Test_27EQ" name="Testcases_27EQ" time="0.352"/>
  <testcase classname="pro.saral.testCases.Test_27EQ" name="Testcases_27EQ" time="0.372"/>
  <testcase classname="pro.saral.testCases.Test_27EQ" name="Testcases_27EQ" time="2.381"/>
  <testcase classname="pro.saral.testCases.Test_27EQ" name="Testcases_27EQ" time="0.216"/>
  <testcase classname="pro.saral.testCases.Test_27EQ" name="Testcases_27EQ" time="2.475"/>
  <testcase classname="pro.saral.testCases.Test_27EQ" name="Testcases_27EQ" time="0.306"/>
  <testcase classname="pro.saral.testCases.Test_27EQ" name="Testcases_27EQ" time="2.363"/>
  <testcase classname="pro.saral.testCases.Test_27EQ" name="Testcases_27EQ" time="0.099"/>
  <testcase classname="pro.saral.testCases.Test_27EQ" name="Testcases_27EQ" time="2.495"/>
  <testcase classname="pro.saral.testCases.Test_27EQ" name="Testcases_27EQ" time="2.625"/>
  <testcase classname="pro.saral.testCases.Test_27EQ" name="Testcases_27EQ" time="2.147"/>
  <testcase classname="pro.saral.testCases.Test_27EQ" name="Testcases_27EQ" time="2.17"/>
  <testcase classname="pro.saral.testCases.Test_27EQ" name="Testcases_27EQ" time="2.25"/>
  <testcase classname="pro.saral.testCases.Test_27EQ" name="Testcases_27EQ" time="2.233"/>
  <testcase classname="pro.saral.testCases.Test_27EQ" name="Testcases_27EQ" time="2.171"/>
  <testcase classname="pro.saral.testCases.Test_27EQ" name="Testcases_27EQ" time="2.026"/>
  <testcase classname="pro.saral.testCases.Test_27EQ" name="Testcases_27EQ" time="0.06"/>
  <testcase classname="pro.saral.testCases.Test_27EQ" name="Testcases_27EQ" time="2.261"/>
  <testcase classname="pro.saral.testCases.Test_27EQ" name="Testcases_27EQ" time="2.166"/>
  <testcase classname="pro.saral.testCases.Test_27EQ" name="Testcases_27EQ" time="2.32"/>
  <testcase classname="pro.saral.testCases.Test_27EQ" name="Testcases_27EQ" time="2.341"/>
  <testcase classname="pro.saral.testCases.Test_27EQ" name="Testcases_27EQ" time="2.365"/>
  <testcase classname="pro.saral.testCases.Test_27EQ" name="Testcases_27EQ" time="0.12"/>
  <testcase classname="pro.saral.testCases.Test_27EQ" name="Testcases_27EQ" time="0.009"/>
  <testcase classname="pro.saral.testCases.Test_27EQ" name="Testcases_27EQ" time="2.493"/>
  <testcase classname="pro.saral.testCases.Test_27EQ" name="Testcases_27EQ" time="2.382"/>
  <testcase classname="pro.saral.testCases.Test_27EQ" name="Testcases_27EQ" time="2.351"/>
  <testcase classname="pro.saral.testCases.Test_27EQ" name="Testcases_27EQ" time="2.326"/>
  <testcase classname="pro.saral.testCases.Test_27EQ" name="Testcases_27EQ" time="0.109"/>
  <testcase classname="pro.saral.testCases.Test_27EQ" name="Testcases_27EQ" time="0.142"/>
  <testcase classname="pro.saral.testCases.Test_27EQ" name="Testcases_27EQ" time="2.398"/>
  <testcase classname="pro.saral.testCases.Test_27EQ" name="Testcases_27EQ" time="2.175"/>
  <testcase classname="pro.saral.testCases.Test_27EQ" name="Testcases_27EQ" time="2.209"/>
  <testcase classname="pro.saral.testCases.Test_27EQ" name="Testcases_27EQ" time="2.191"/>
  <testcase classname="pro.saral.testCases.Test_27EQ" name="Testcases_27EQ" time="2.194"/>
  <testcase classname="pro.saral.testCases.Test_27EQ" name="Testcases_27EQ" time="0.055"/>
  <testcase classname="pro.saral.testCases.Test_27EQ" name="Testcases_27EQ" time="0.013"/>
  <testcase classname="pro.saral.testCases.Test_27EQ" name="Testcases_27EQ" time="2.352"/>
  <testcase classname="pro.saral.testCases.Test_27EQ" name="Testcases_27EQ" time="2.507"/>
  <testcase classname="pro.saral.testCases.Test_27EQ" name="Testcases_27EQ" time="2.195"/>
  <testcase classname="pro.saral.testCases.Test_27EQ" name="Testcases_27EQ" time="2.206"/>
  <testcase classname="pro.saral.testCases.Test_27EQ" name="Testcases_27EQ" time="0.17"/>
  <testcase classname="pro.saral.testCases.Test_27EQ" name="Testcases_27EQ" time="2.085"/>
  <testcase classname="pro.saral.testCases.Test_27EQ" name="Testcases_27EQ" time="35.191"/>
  <testcase classname="pro.saral.testCases.Test_27EQ" name="Testcases_27EQ" time="0.063"/>
  <testcase classname="pro.saral.testCases.Test_27EQ" name="Testcases_27EQ" time="2.136"/>
  <testcase classname="pro.saral.testCases.Test_27EQ" name="Testcases_27EQ" time="2.224"/>
  <testcase classname="pro.saral.testCases.Test_27EQ" name="Testcases_27EQ" time="0.051"/>
  <testcase classname="pro.saral.testCases.Test_27EQ" name="Testcases_27EQ" time="2.172"/>
  <testcase classname="pro.saral.testCases.Test_27EQ" name="Testcases_27EQ" time="2.19"/>
  <testcase classname="pro.saral.testCases.Test_27EQ" name="Testcases_27EQ" time="0.037"/>
  <testcase classname="pro.saral.testCases.Test_27EQ" name="Testcases_27EQ" time="2.15"/>
  <testcase classname="pro.saral.testCases.Test_27EQ" name="Testcases_27EQ" time="2.221"/>
  <testcase classname="pro.saral.testCases.Test_27EQ" name="Testcases_27EQ" time="0.06"/>
  <testcase classname="pro.saral.testCases.Test_27EQ" name="Testcases_27EQ" time="2.13"/>
  <testcase classname="pro.saral.testCases.Test_27EQ" name="Testcases_27EQ" time="2.255"/>
  <testcase classname="pro.saral.testCases.Test_27EQ" name="Testcases_27EQ" time="0.078"/>
  <testcase classname="pro.saral.testCases.Test_27EQ" name="Testcases_27EQ" time="2.165"/>
  <testcase classname="pro.saral.testCases.Test_27EQ" name="Testcases_27EQ" time="2.214"/>
  <testcase classname="pro.saral.testCases.Test_27EQ" name="Testcases_27EQ" time="0.033"/>
  <testcase classname="pro.saral.testCases.Test_27EQ" name="Testcases_27EQ" time="2.129"/>
  <testcase classname="pro.saral.testCases.Test_27EQ" name="Testcases_27EQ" time="2.195"/>
  <testcase classname="pro.saral.testCases.Test_27EQ" name="Testcases_27EQ" time="0.053"/>
  <testcase classname="pro.saral.testCases.Test_27EQ" name="Testcases_27EQ" time="2.118"/>
  <testcase classname="pro.saral.testCases.Test_27EQ" name="Testcases_27EQ" time="2.199"/>
  <testcase classname="pro.saral.testCases.Test_27EQ" name="Testcases_27EQ" time="0.057"/>
  <testcase classname="pro.saral.testCases.Test_27EQ" name="Testcases_27EQ" time="2.124"/>
  <testcase classname="pro.saral.testCases.Test_27EQ" name="Testcases_27EQ" time="2.282"/>
  <testcase classname="pro.saral.testCases.Test_27EQ" name="Testcases_27EQ" time="0.057"/>
  <testcase classname="pro.saral.testCases.Test_27EQ" name="Testcases_27EQ" time="2.14"/>
  <testcase classname="pro.saral.testCases.Test_27EQ" name="Testcases_27EQ" time="0.07"/>
  <testcase classname="pro.saral.testCases.Test_27EQ" name="Testcases_27EQ" time="0.036"/>
  <testcase classname="pro.saral.testCases.Test_27EQ" name="Testcases_27EQ" time="0.039"/>
  <testcase classname="pro.saral.testCases.Test_27EQ" name="Testcases_27EQ" time="2.303"/>
  <testcase classname="pro.saral.testCases.Test_27EQ" name="Testcases_27EQ" time="2.453"/>
  <testcase classname="pro.saral.testCases.Test_27EQ" name="Testcases_27EQ" time="2.168"/>
  <testcase classname="pro.saral.testCases.Test_27EQ" name="Testcases_27EQ" time="0.009"/>
  <testcase classname="pro.saral.testCases.Test_27EQ" name="Testcases_27EQ" time="2.427"/>
  <testcase classname="pro.saral.testCases.Test_27EQ" name="Testcases_27EQ" time="2.391"/>
  <testcase classname="pro.saral.testCases.Test_27EQ" name="Testcases_27EQ" time="2.457"/>
  <testcase classname="pro.saral.testCases.Test_27EQ" name="Testcases_27EQ" time="0.112"/>
  <testcase classname="pro.saral.testCases.Test_27EQ" name="Testcases_27EQ" time="0.012"/>
  <testcase classname="pro.saral.testCases.Test_27EQ" name="Testcases_27EQ" time="2.456"/>
  <testcase classname="pro.saral.testCases.Test_27EQ" name="Testcases_27EQ" time="2.379"/>
  <testcase classname="pro.saral.testCases.Test_27EQ" name="Testcases_27EQ" time="2.308"/>
  <testcase classname="pro.saral.testCases.Test_27EQ" name="Testcases_27EQ" time="2.345"/>
  <testcase classname="pro.saral.testCases.Test_27EQ" name="Testcases_27EQ" time="0.109"/>
  <testcase classname="pro.saral.testCases.Test_27EQ" name="Testcases_27EQ" time="2.468"/>
  <testcase classname="pro.saral.testCases.Test_27EQ" name="Testcases_27EQ" time="2.274"/>
  <testcase classname="pro.saral.testCases.Test_27EQ" name="Testcases_27EQ" time="2.196"/>
  <testcase classname="pro.saral.testCases.Test_27EQ" name="Testcases_27EQ" time="2.225"/>
  <testcase classname="pro.saral.testCases.Test_27EQ" name="Testcases_27EQ" time="2.228"/>
  <testcase classname="pro.saral.testCases.Test_27EQ" name="Testcases_27EQ" time="2.218"/>
  <testcase classname="pro.saral.testCases.Test_27EQ" name="Testcases_27EQ" time="0.046"/>
  <testcase classname="pro.saral.testCases.Test_27EQ" name="Testcases_27EQ" time="0.014"/>
  <testcase classname="pro.saral.testCases.Test_27EQ" name="Testcases_27EQ" time="2.378"/>
  <testcase classname="pro.saral.testCases.Test_27EQ" name="Testcases_27EQ" time="2.179"/>
  <testcase classname="pro.saral.testCases.Test_27EQ" name="Testcases_27EQ" time="0.13"/>
  <testcase classname="pro.saral.testCases.Test_27EQ" name="Testcases_27EQ" time="0.14"/>
  <testcase classname="pro.saral.testCases.Test_27EQ" name="Testcases_27EQ" time="2.236"/>
  <testcase classname="pro.saral.testCases.Test_27EQ" name="Testcases_27EQ" time="2.104"/>
  <testcase classname="pro.saral.testCases.Test_27EQ" name="Testcases_27EQ" time="35.157"/>
  <testcase classname="pro.saral.testCases.Test_27EQ" name="Testcases_27EQ" time="0.07"/>
  <testcase classname="pro.saral.testCases.Test_27EQ" name="Testcases_27EQ" time="2.259"/>
  <testcase classname="pro.saral.testCases.Test_27EQ" name="Testcases_27EQ" time="2.13"/>
  <testcase classname="pro.saral.testCases.Test_27EQ" name="Testcases_27EQ" time="2.139"/>
  <testcase classname="pro.saral.testCases.Test_27EQ" name="Testcases_27EQ" time="0.083"/>
  <testcase classname="pro.saral.testCases.Test_27EQ" name="Testcases_27EQ" time="2.174"/>
  <testcase classname="pro.saral.testCases.Test_27EQ" name="Testcases_27EQ" time="2.265"/>
  <testcase classname="pro.saral.testCases.Test_27EQ" name="Testcases_27EQ" time="2.142"/>
  <testcase classname="pro.saral.testCases.Test_27EQ" name="Testcases_27EQ" time="0.065"/>
  <testcase classname="pro.saral.testCases.Test_27EQ" name="Testcases_27EQ" time="2.125"/>
  <testcase classname="pro.saral.testCases.Test_27EQ" name="Testcases_27EQ" time="0.077"/>
  <testcase classname="pro.saral.testCases.Test_27EQ" name="Testcases_27EQ" time="2.17"/>
  <testcase classname="pro.saral.testCases.Test_27EQ" name="Testcases_27EQ" time="2.149"/>
  <testcase classname="pro.saral.testCases.Test_27EQ" name="Testcases_27EQ" time="0.058"/>
  <testcase classname="pro.saral.testCases.Test_27EQ" name="Testcases_27EQ" time="2.119"/>
  <testcase classname="pro.saral.testCases.Test_27EQ" name="Testcases_27EQ" time="0.06"/>
  <testcase classname="pro.saral.testCases.Test_27EQ" name="Testcases_27EQ" time="2.161"/>
  <testcase classname="pro.saral.testCases.Test_27EQ" name="Testcases_27EQ" time="2.179"/>
  <testcase classname="pro.saral.testCases.Test_27EQ" name="Testcases_27EQ" time="2.482"/>
  <testcase classname="pro.saral.testCases.Test_27EQ" name="Testcases_27EQ" time="2.254"/>
  <testcase classname="pro.saral.testCases.Test_27EQ" name="Testcases_27EQ" time="0.033"/>
  <testcase classname="pro.saral.testCases.Test_27EQ" name="Testcases_27EQ" time="2.146"/>
  <testcase classname="pro.saral.testCases.Test_27EQ" name="Testcases_27EQ" time="2.245"/>
  <testcase classname="pro.saral.testCases.Test_27EQ" name="Testcases_27EQ" time="14.792"/>
  <testcase classname="pro.saral.testCases.Test_27EQ" name="Testcases_27EQ" time="0.037"/>
  <testcase classname="pro.saral.testCases.Test_27EQ" name="Testcases_27EQ" time="2.43"/>
  <testcase classname="pro.saral.testCases.Test_27EQ" name="Testcases_27EQ" time="2.254"/>
  <testcase classname="pro.saral.testCases.Test_27EQ" name="Testcases_27EQ" time="2.238"/>
  <testcase classname="pro.saral.testCases.Test_27EQ" name="Testcases_27EQ" time="2.162"/>
  <testcase classname="pro.saral.testCases.Test_27EQ" name="Testcases_27EQ" time="0.081"/>
  <testcase classname="pro.saral.testCases.Test_27EQ" name="Testcases_27EQ" time="0.344"/>
  <testcase classname="pro.saral.testCases.Test_27EQ" name="Testcases_27EQ" time="2.166"/>
  <testcase classname="pro.saral.testCases.Test_27EQ" name="Testcases_27EQ" time="2.206"/>
  <testcase classname="pro.saral.testCases.Test_27EQ" name="Testcases_27EQ" time="2.434"/>
  <testcase classname="pro.saral.testCases.Test_27EQ" name="Testcases_27EQ" time="2.252"/>
  <testcase classname="pro.saral.testCases.Test_27EQ" name="Testcases_27EQ" time="0.045"/>
  <testcase classname="pro.saral.testCases.Test_27EQ" name="Testcases_27EQ" time="2.153"/>
  <testcase classname="pro.saral.testCases.Test_27EQ" name="Testcases_27EQ" time="2.227"/>
  <testcase classname="pro.saral.testCases.Test_27EQ" name="Testcases_27EQ" time="11.461"/>
  <testcase classname="pro.saral.testCases.Test_27EQ" name="Testcases_27EQ" time="2.158"/>
  <testcase classname="pro.saral.testCases.Test_27EQ" name="Testcases_27EQ" time="2.241"/>
  <testcase classname="pro.saral.testCases.Test_27EQ" name="Testcases_27EQ" time="2.148"/>
  <testcase classname="pro.saral.testCases.Test_27EQ" name="Testcases_27EQ" time="0.096"/>
  <testcase classname="pro.saral.testCases.Test_27EQ" name="Testcases_27EQ" time="0.397"/>
  <testcase classname="pro.saral.testCases.Test_27EQ" name="Testcases_27EQ" time="2.137"/>
  <testcase classname="pro.saral.testCases.Test_27EQ" name="Testcases_27EQ" time="2.235"/>
  <testcase classname="pro.saral.testCases.Test_27EQ" name="Testcases_27EQ" time="2.425"/>
  <testcase classname="pro.saral.testCases.Test_27EQ" name="Testcases_27EQ" time="2.269"/>
  <testcase classname="pro.saral.testCases.Test_27EQ" name="Testcases_27EQ" time="0.039"/>
  <testcase classname="pro.saral.testCases.Test_27EQ" name="Testcases_27EQ" time="2.146"/>
  <testcase classname="pro.saral.testCases.Test_27EQ" name="Testcases_27EQ" time="2.24"/>
  <testcase classname="pro.saral.testCases.Test_27EQ" name="Testcases_27EQ" time="14.752"/>
  <testcase classname="pro.saral.testCases.Test_27EQ" name="Testcases_27EQ" time="0.048"/>
  <testcase classname="pro.saral.testCases.Test_27EQ" name="Testcases_27EQ" time="0.011"/>
  <testcase classname="pro.saral.testCases.Test_27EQ" name="Testcases_27EQ" time="2.254"/>
  <testcase classname="pro.saral.testCases.Test_27EQ" name="Testcases_27EQ" time="2.435"/>
  <testcase classname="pro.saral.testCases.Test_27EQ" name="Testcases_27EQ" time="2.152"/>
  <testcase classname="pro.saral.testCases.Test_27EQ" name="Testcases_27EQ" time="2.36"/>
  <testcase classname="pro.saral.testCases.Test_27EQ" name="Testcases_27EQ" time="2.351"/>
  <testcase classname="pro.saral.testCases.Test_27EQ" name="Testcases_27EQ" time="2.404"/>
  <testcase classname="pro.saral.testCases.Test_27EQ" name="Testcases_27EQ" time="0.12"/>
  <testcase classname="pro.saral.testCases.Test_27EQ" name="Testcases_27EQ" time="0.008"/>
  <testcase classname="pro.saral.testCases.Test_27EQ" name="Testcases_27EQ" time="2.586"/>
  <testcase classname="pro.saral.testCases.Test_27EQ" name="Testcases_27EQ" time="2.445"/>
  <testcase classname="pro.saral.testCases.Test_27EQ" name="Testcases_27EQ" time="2.213"/>
  <testcase classname="pro.saral.testCases.Test_27EQ" name="Testcases_27EQ" time="2.377"/>
  <testcase classname="pro.saral.testCases.Test_27EQ" name="Testcases_27EQ" time="2.293"/>
  <testcase classname="pro.saral.testCases.Test_27EQ" name="Testcases_27EQ" time="2.33"/>
  <testcase classname="pro.saral.testCases.Test_27EQ" name="Testcases_27EQ" time="0.104"/>
  <testcase classname="pro.saral.testCases.Test_27EQ" name="Testcases_27EQ" time="2.369"/>
  <testcase classname="pro.saral.testCases.Test_27EQ" name="Testcases_27EQ" time="2.166"/>
  <testcase classname="pro.saral.testCases.Test_27EQ" name="Testcases_27EQ" time="2.207"/>
  <testcase classname="pro.saral.testCases.Test_27EQ" name="Testcases_27EQ" time="2.195"/>
  <testcase classname="pro.saral.testCases.Test_27EQ" name="Testcases_27EQ" time="2.237"/>
  <testcase classname="pro.saral.testCases.Test_27EQ" name="Testcases_27EQ" time="2.342"/>
  <testcase classname="pro.saral.testCases.Test_27EQ" name="Testcases_27EQ" time="0.04"/>
  <testcase classname="pro.saral.testCases.Test_27EQ" name="Testcases_27EQ" time="2.169"/>
  <testcase classname="pro.saral.testCases.Test_27EQ" name="Testcases_27EQ" time="2.255"/>
  <testcase classname="pro.saral.testCases.Test_27EQ" name="Testcases_27EQ" time="10.013"/>
  <testcase classname="pro.saral.testCases.Test_27EQ" name="Testcases_27EQ" time="2.149"/>
  <testcase classname="pro.saral.testCases.Test_27EQ" name="Testcases_27EQ" time="2.239"/>
  <testcase classname="pro.saral.testCases.Test_27EQ" name="Testcases_27EQ" time="2.19"/>
  <testcase classname="pro.saral.testCases.Test_27EQ" name="Testcases_27EQ" time="0.076"/>
  <testcase classname="pro.saral.testCases.Test_27EQ" name="Testcases_27EQ" time="0.041"/>
  <testcase classname="pro.saral.testCases.Test_27EQ" name="Testcases_27EQ" time="0.038"/>
  <testcase classname="pro.saral.testCases.Test_27EQ" name="Testcases_27EQ" time="0.039"/>
</testsuite> <!-- GstSaral Test -->
