<?xml version="1.0" encoding="UTF-8"?>
<!-- Generated by org.testng.reporters.JUnitXMLReporter -->
<testsuite hostname="Darshan" name="GstSaral Test" tests="1317" failures="0" timestamp="4 Jul 2022 09:31:40 GMT" time="3338.614" errors="0">
  <testcase name="Mandatory_Field_Check" time="0.958" classname="pro.saral.testCases.Employee_Test"/>
  <testcase name="Enter_Invalid_Pan_And_Check_Validation" time="2.868" classname="pro.saral.testCases.Employee_Test"/>
  <testcase name="Enter_Invalid_Date_And_Check_Validation" time="3.112" classname="pro.saral.testCases.Employee_Test"/>
  <testcase name="Enter_Only_Mandatory_Field_And_Check" time="2.959" classname="pro.saral.testCases.Employee_Test"/>
  <testcase name="Edit_Fields_And_Update" time="3.41" classname="pro.saral.testCases.Employee_Test"/>
  <testcase name="Download_Employyee_Excel" time="5.377" classname="pro.saral.testCases.Employee_Test"/>
  <testcase name="Delete_Single_Fields" time="1.621" classname="pro.saral.testCases.Employee_Test"/>
  <testcase name="Enter_All_Field_And_Check" time="5.6" classname="pro.saral.testCases.Employee_Test"/>
  <testcase name="Enter_All_Field_And_Check_Duplication" time="4.346" classname="pro.saral.testCases.Employee_Test"/>
  <testcase name="Enter_All_Different_Pan_Cases" time="13.224" classname="pro.saral.testCases.Employee_Test"/>
  <testcase name="Delete_All_Fields" time="2.006" classname="pro.saral.testCases.Employee_Test"/>
  <testcase name="Deductee_Testcases" time="3.101" classname="pro.saral.testCases.Deductee_Test"/>
  <testcase name="Deductee_Testcases" time="0.746" classname="pro.saral.testCases.Deductee_Test"/>
  <testcase name="Deductee_Testcases" time="2.452" classname="pro.saral.testCases.Deductee_Test"/>
  <testcase name="Deductee_Testcases" time="2.869" classname="pro.saral.testCases.Deductee_Test"/>
  <testcase name="Deductee_Testcases" time="0.311" classname="pro.saral.testCases.Deductee_Test"/>
  <testcase name="Deductee_Testcases" time="2.361" classname="pro.saral.testCases.Deductee_Test"/>
  <testcase name="Deductee_Testcases" time="2.317" classname="pro.saral.testCases.Deductee_Test"/>
  <testcase name="Deductee_Testcases" time="2.291" classname="pro.saral.testCases.Deductee_Test"/>
  <testcase name="Deductee_Testcases" time="2.266" classname="pro.saral.testCases.Deductee_Test"/>
  <testcase name="Deductee_Testcases" time="0.075" classname="pro.saral.testCases.Deductee_Test"/>
  <testcase name="Deductee_Testcases" time="0.083" classname="pro.saral.testCases.Deductee_Test"/>
  <testcase name="Deductee_Testcases" time="0.123" classname="pro.saral.testCases.Deductee_Test"/>
  <testcase name="Deductee_Testcases" time="0.016" classname="pro.saral.testCases.Deductee_Test"/>
  <testcase name="Deductee_Testcases" time="0.405" classname="pro.saral.testCases.Deductee_Test"/>
  <testcase name="Deductee_Testcases" time="0.088" classname="pro.saral.testCases.Deductee_Test"/>
  <testcase name="Deductee_Testcases" time="0.354" classname="pro.saral.testCases.Deductee_Test"/>
  <testcase name="Deductee_Testcases" time="2.288" classname="pro.saral.testCases.Deductee_Test"/>
  <testcase name="Deductee_Testcases" time="0.085" classname="pro.saral.testCases.Deductee_Test"/>
  <testcase name="Deductee_Testcases" time="0.354" classname="pro.saral.testCases.Deductee_Test"/>
  <testcase name="Deductee_Testcases" time="2.245" classname="pro.saral.testCases.Deductee_Test"/>
  <testcase name="Deductee_Testcases" time="0.089" classname="pro.saral.testCases.Deductee_Test"/>
  <testcase name="Deductee_Testcases" time="2.303" classname="pro.saral.testCases.Deductee_Test"/>
  <testcase name="Deductee_Testcases" time="2.286" classname="pro.saral.testCases.Deductee_Test"/>
  <testcase name="Deductee_Testcases" time="0.018" classname="pro.saral.testCases.Deductee_Test"/>
  <testcase name="Deductee_Testcases" time="0.4" classname="pro.saral.testCases.Deductee_Test"/>
  <testcase name="Deductee_Testcases" time="0.408" classname="pro.saral.testCases.Deductee_Test"/>
  <testcase name="Deductee_Testcases" time="0.405" classname="pro.saral.testCases.Deductee_Test"/>
  <testcase name="Deductee_Testcases" time="0.179" classname="pro.saral.testCases.Deductee_Test"/>
  <testcase name="Deductee_Testcases" time="0.198" classname="pro.saral.testCases.Deductee_Test"/>
  <testcase name="Deductee_Testcases" time="2.845" classname="pro.saral.testCases.Deductee_Test"/>
  <testcase name="Deductee_Testcases" time="0.404" classname="pro.saral.testCases.Deductee_Test"/>
  <testcase name="Deductee_Testcases" time="0.298" classname="pro.saral.testCases.Deductee_Test"/>
  <testcase name="Deductee_Testcases" time="0.36" classname="pro.saral.testCases.Deductee_Test"/>
  <testcase name="Deductee_Testcases" time="2.277" classname="pro.saral.testCases.Deductee_Test"/>
  <testcase name="Deductee_Testcases" time="0.255" classname="pro.saral.testCases.Deductee_Test"/>
  <testcase name="Deductee_Testcases" time="0.017" classname="pro.saral.testCases.Deductee_Test"/>
  <testcase name="Deductee_Testcases" time="2.282" classname="pro.saral.testCases.Deductee_Test"/>
  <testcase name="Deductee_Testcases" time="0.297" classname="pro.saral.testCases.Deductee_Test"/>
  <testcase name="Deductee_Testcases" time="0.382" classname="pro.saral.testCases.Deductee_Test"/>
  <testcase name="Deductee_Testcases" time="0.193" classname="pro.saral.testCases.Deductee_Test"/>
  <testcase name="Deductee_Testcases" time="0.242" classname="pro.saral.testCases.Deductee_Test"/>
  <testcase name="Deductee_Testcases" time="2.414" classname="pro.saral.testCases.Deductee_Test"/>
  <testcase name="Deductee_Testcases" time="0.014" classname="pro.saral.testCases.Deductee_Test"/>
  <testcase name="Deductee_Testcases" time="2.415" classname="pro.saral.testCases.Deductee_Test"/>
  <testcase name="Deductee_Testcases" time="0.255" classname="pro.saral.testCases.Deductee_Test"/>
  <testcase name="Deductee_Testcases" time="0.219" classname="pro.saral.testCases.Deductee_Test"/>
  <testcase name="Deductee_Testcases" time="0.284" classname="pro.saral.testCases.Deductee_Test"/>
  <testcase name="Deductee_Testcases" time="0.231" classname="pro.saral.testCases.Deductee_Test"/>
  <testcase name="Deductee_Testcases" time="0.274" classname="pro.saral.testCases.Deductee_Test"/>
  <testcase name="Deductee_Testcases" time="0.17" classname="pro.saral.testCases.Deductee_Test"/>
  <testcase name="Deductee_Testcases" time="0.394" classname="pro.saral.testCases.Deductee_Test"/>
  <testcase name="Deductee_Testcases" time="0.301" classname="pro.saral.testCases.Deductee_Test"/>
  <testcase name="Deductee_Testcases" time="0.628" classname="pro.saral.testCases.Deductee_Test"/>
  <testcase name="Deductee_Testcases" time="2.275" classname="pro.saral.testCases.Deductee_Test"/>
  <testcase name="Deductee_Testcases" time="0.139" classname="pro.saral.testCases.Deductee_Test"/>
  <testcase name="Deductee_Testcases" time="0.016" classname="pro.saral.testCases.Deductee_Test"/>
  <testcase name="Deductee_Testcases" time="2.278" classname="pro.saral.testCases.Deductee_Test"/>
  <testcase name="Deductee_Testcases" time="0.267" classname="pro.saral.testCases.Deductee_Test"/>
  <testcase name="Deductee_Testcases" time="0.406" classname="pro.saral.testCases.Deductee_Test"/>
  <testcase name="Deductee_Testcases" time="0.251" classname="pro.saral.testCases.Deductee_Test"/>
  <testcase name="Deductee_Testcases" time="2.291" classname="pro.saral.testCases.Deductee_Test"/>
  <testcase name="Deductee_Testcases" time="0.139" classname="pro.saral.testCases.Deductee_Test"/>
  <testcase name="Deductee_Testcases" time="2.368" classname="pro.saral.testCases.Deductee_Test"/>
  <testcase name="Deductee_Testcases" time="0.31" classname="pro.saral.testCases.Deductee_Test"/>
  <testcase name="Deductee_Testcases" time="0.471" classname="pro.saral.testCases.Deductee_Test"/>
  <testcase name="Deductee_Testcases" time="0.309" classname="pro.saral.testCases.Deductee_Test"/>
  <testcase name="Deductee_Testcases" time="2.28" classname="pro.saral.testCases.Deductee_Test"/>
  <testcase name="Deductee_Testcases" time="0.097" classname="pro.saral.testCases.Deductee_Test"/>
  <testcase name="Deductee_Testcases" time="2.272" classname="pro.saral.testCases.Deductee_Test"/>
  <testcase name="Deductee_Testcases" time="0.291" classname="pro.saral.testCases.Deductee_Test"/>
  <testcase name="Deductee_Testcases" time="0.369" classname="pro.saral.testCases.Deductee_Test"/>
  <testcase name="Deductee_Testcases" time="0.268" classname="pro.saral.testCases.Deductee_Test"/>
  <testcase name="Deductee_Testcases" time="2.323" classname="pro.saral.testCases.Deductee_Test"/>
  <testcase name="Deductee_Testcases" time="0.112" classname="pro.saral.testCases.Deductee_Test"/>
  <testcase name="Deductee_Testcases" time="0.013" classname="pro.saral.testCases.Deductee_Test"/>
  <testcase name="Deductee_Testcases" time="2.321" classname="pro.saral.testCases.Deductee_Test"/>
  <testcase name="Deductee_Testcases" time="2.347" classname="pro.saral.testCases.Deductee_Test"/>
  <testcase name="Deductee_Testcases" time="2.286" classname="pro.saral.testCases.Deductee_Test"/>
  <testcase name="Deductee_Testcases" time="0.124" classname="pro.saral.testCases.Deductee_Test"/>
  <testcase name="Deductee_Testcases" time="0.013" classname="pro.saral.testCases.Deductee_Test"/>
  <testcase name="Deductee_Testcases" time="2.253" classname="pro.saral.testCases.Deductee_Test"/>
  <testcase name="Deductee_Testcases" time="2.37" classname="pro.saral.testCases.Deductee_Test"/>
  <testcase name="Deductee_Testcases" time="2.363" classname="pro.saral.testCases.Deductee_Test"/>
  <testcase name="Deductee_Testcases" time="2.354" classname="pro.saral.testCases.Deductee_Test"/>
  <testcase name="Deductee_Testcases" time="0.108" classname="pro.saral.testCases.Deductee_Test"/>
  <testcase name="Challan_Testcases" time="2.865" classname="pro.saral.testCases.AChallan_Test"/>
  <testcase name="Challan_Testcases" time="0.656" classname="pro.saral.testCases.AChallan_Test"/>
  <testcase name="Challan_Testcases" time="2.452" classname="pro.saral.testCases.AChallan_Test"/>
  <testcase name="Challan_Testcases" time="2.96" classname="pro.saral.testCases.AChallan_Test"/>
  <testcase name="Challan_Testcases" time="0.333" classname="pro.saral.testCases.AChallan_Test"/>
  <testcase name="Challan_Testcases" time="0.055" classname="pro.saral.testCases.AChallan_Test"/>
  <testcase name="Challan_Testcases" time="2.145" classname="pro.saral.testCases.AChallan_Test"/>
  <testcase name="Challan_Testcases" time="2.185" classname="pro.saral.testCases.AChallan_Test"/>
  <testcase name="Challan_Testcases" time="2.304" classname="pro.saral.testCases.AChallan_Test"/>
  <testcase name="Challan_Testcases" time="2.189" classname="pro.saral.testCases.AChallan_Test"/>
  <testcase name="Challan_Testcases" time="0.015" classname="pro.saral.testCases.AChallan_Test"/>
  <testcase name="Challan_Testcases" time="0.067" classname="pro.saral.testCases.AChallan_Test"/>
  <testcase name="Challan_Testcases" time="0.065" classname="pro.saral.testCases.AChallan_Test"/>
  <testcase name="Challan_Testcases" time="0.067" classname="pro.saral.testCases.AChallan_Test"/>
  <testcase name="Challan_Testcases" time="0.065" classname="pro.saral.testCases.AChallan_Test"/>
  <testcase name="Challan_Testcases" time="0.013" classname="pro.saral.testCases.AChallan_Test"/>
  <testcase name="Challan_Testcases" time="0.29" classname="pro.saral.testCases.AChallan_Test"/>
  <testcase name="Challan_Testcases" time="0.225" classname="pro.saral.testCases.AChallan_Test"/>
  <testcase name="Challan_Testcases" time="0.249" classname="pro.saral.testCases.AChallan_Test"/>
  <testcase name="Challan_Testcases" time="0.2" classname="pro.saral.testCases.AChallan_Test"/>
  <testcase name="Challan_Testcases" time="0.242" classname="pro.saral.testCases.AChallan_Test"/>
  <testcase name="Challan_Testcases" time="0.2" classname="pro.saral.testCases.AChallan_Test"/>
  <testcase name="Challan_Testcases" time="0.184" classname="pro.saral.testCases.AChallan_Test"/>
  <testcase name="Challan_Testcases" time="0.195" classname="pro.saral.testCases.AChallan_Test"/>
  <testcase name="Challan_Testcases" time="0.173" classname="pro.saral.testCases.AChallan_Test"/>
  <testcase name="Challan_Testcases" time="0.238" classname="pro.saral.testCases.AChallan_Test"/>
  <testcase name="Challan_Testcases" time="0.268" classname="pro.saral.testCases.AChallan_Test"/>
  <testcase name="Challan_Testcases" time="0.072" classname="pro.saral.testCases.AChallan_Test"/>
  <testcase name="Challan_Testcases" time="0.408" classname="pro.saral.testCases.AChallan_Test"/>
  <testcase name="Challan_Testcases" time="2.218" classname="pro.saral.testCases.AChallan_Test"/>
  <testcase name="Challan_Testcases" time="2.168" classname="pro.saral.testCases.AChallan_Test"/>
  <testcase name="Challan_Testcases" time="0.105" classname="pro.saral.testCases.AChallan_Test"/>
  <testcase name="Challan_Testcases" time="0.011" classname="pro.saral.testCases.AChallan_Test"/>
  <testcase name="Challan_Testcases" time="0.515" classname="pro.saral.testCases.AChallan_Test"/>
  <testcase name="Challan_Testcases" time="2.196" classname="pro.saral.testCases.AChallan_Test"/>
  <testcase name="Challan_Testcases" time="0.068" classname="pro.saral.testCases.AChallan_Test"/>
  <testcase name="Challan_Testcases" time="0.495" classname="pro.saral.testCases.AChallan_Test"/>
  <testcase name="Challan_Testcases" time="2.215" classname="pro.saral.testCases.AChallan_Test"/>
  <testcase name="Challan_Testcases" time="0.071" classname="pro.saral.testCases.AChallan_Test"/>
  <testcase name="Challan_Testcases" time="0.551" classname="pro.saral.testCases.AChallan_Test"/>
  <testcase name="Challan_Testcases" time="2.205" classname="pro.saral.testCases.AChallan_Test"/>
  <testcase name="Challan_Testcases" time="0.069" classname="pro.saral.testCases.AChallan_Test"/>
  <testcase name="Challan_Testcases" time="0.558" classname="pro.saral.testCases.AChallan_Test"/>
  <testcase name="Challan_Testcases" time="2.25" classname="pro.saral.testCases.AChallan_Test"/>
  <testcase name="Challan_Testcases" time="0.111" classname="pro.saral.testCases.AChallan_Test"/>
  <testcase name="Challan_Testcases" time="0.499" classname="pro.saral.testCases.AChallan_Test"/>
  <testcase name="Challan_Testcases" time="2.231" classname="pro.saral.testCases.AChallan_Test"/>
  <testcase name="Challan_Testcases" time="0.075" classname="pro.saral.testCases.AChallan_Test"/>
  <testcase name="Challan_Testcases" time="0.594" classname="pro.saral.testCases.AChallan_Test"/>
  <testcase name="Challan_Testcases" time="2.273" classname="pro.saral.testCases.AChallan_Test"/>
  <testcase name="Challan_Testcases" time="0.09" classname="pro.saral.testCases.AChallan_Test"/>
  <testcase name="Challan_Testcases" time="0.391" classname="pro.saral.testCases.AChallan_Test"/>
  <testcase name="Challan_Testcases" time="2.227" classname="pro.saral.testCases.AChallan_Test"/>
  <testcase name="Challan_Testcases" time="0.071" classname="pro.saral.testCases.AChallan_Test"/>
  <testcase name="Challan_Testcases" time="0.227" classname="pro.saral.testCases.AChallan_Test"/>
  <testcase name="Challan_Testcases" time="2.259" classname="pro.saral.testCases.AChallan_Test"/>
  <testcase name="Challan_Testcases" time="0.083" classname="pro.saral.testCases.AChallan_Test"/>
  <testcase name="Challan_Testcases" time="0.462" classname="pro.saral.testCases.AChallan_Test"/>
  <testcase name="Challan_Testcases" time="0.418" classname="pro.saral.testCases.AChallan_Test"/>
  <testcase name="Challan_Testcases" time="0.106" classname="pro.saral.testCases.AChallan_Test"/>
  <testcase name="Challan_Testcases" time="2.283" classname="pro.saral.testCases.AChallan_Test"/>
  <testcase name="Challan_Testcases" time="0.09" classname="pro.saral.testCases.AChallan_Test"/>
  <testcase name="Challan_Testcases" time="2.266" classname="pro.saral.testCases.AChallan_Test"/>
  <testcase name="Challan_Testcases" time="2.274" classname="pro.saral.testCases.AChallan_Test"/>
  <testcase name="Challan_Testcases" time="2.401" classname="pro.saral.testCases.AChallan_Test"/>
  <testcase name="Challan_Testcases" time="0.3" classname="pro.saral.testCases.AChallan_Test"/>
  <testcase name="Challan_Testcases" time="0.231" classname="pro.saral.testCases.AChallan_Test"/>
  <testcase name="Challan_Testcases" time="2.215" classname="pro.saral.testCases.AChallan_Test"/>
  <testcase name="Challan_Testcases" time="0.09" classname="pro.saral.testCases.AChallan_Test"/>
  <testcase name="Challan_Testcases" time="2.288" classname="pro.saral.testCases.AChallan_Test"/>
  <testcase name="Challan_Testcases" time="2.155" classname="pro.saral.testCases.AChallan_Test"/>
  <testcase name="Challan_Testcases" time="0.014" classname="pro.saral.testCases.AChallan_Test"/>
  <testcase name="Challan_Testcases" time="2.407" classname="pro.saral.testCases.AChallan_Test"/>
  <testcase name="Challan_Testcases" time="0.397" classname="pro.saral.testCases.AChallan_Test"/>
  <testcase name="Challan_Testcases" time="0.205" classname="pro.saral.testCases.AChallan_Test"/>
  <testcase name="Challan_Testcases" time="0.229" classname="pro.saral.testCases.AChallan_Test"/>
  <testcase name="Challan_Testcases" time="0.34" classname="pro.saral.testCases.AChallan_Test"/>
  <testcase name="Challan_Testcases" time="2.189" classname="pro.saral.testCases.AChallan_Test"/>
  <testcase name="Challan_Testcases" time="2.248" classname="pro.saral.testCases.AChallan_Test"/>
  <testcase name="Challan_Testcases" time="0.119" classname="pro.saral.testCases.AChallan_Test"/>
  <testcase name="Challan_Testcases" time="2.255" classname="pro.saral.testCases.AChallan_Test"/>
  <testcase name="Challan_Testcases" time="2.359" classname="pro.saral.testCases.AChallan_Test"/>
  <testcase name="Challan_Testcases" time="2.693" classname="pro.saral.testCases.AChallan_Test"/>
  <testcase name="Challan_Testcases" time="2.874" classname="pro.saral.testCases.AChallan_Test"/>
  <testcase name="Challan_Testcases" time="2.531" classname="pro.saral.testCases.AChallan_Test"/>
  <testcase name="Challan_Testcases" time="0.012" classname="pro.saral.testCases.AChallan_Test"/>
  <testcase name="Challan_Testcases" time="2.44" classname="pro.saral.testCases.AChallan_Test"/>
  <testcase name="Challan_Testcases" time="0.216" classname="pro.saral.testCases.AChallan_Test"/>
  <testcase name="Challan_Testcases" time="0.177" classname="pro.saral.testCases.AChallan_Test"/>
  <testcase name="Challan_Testcases" time="0.233" classname="pro.saral.testCases.AChallan_Test"/>
  <testcase name="Challan_Testcases" time="0.212" classname="pro.saral.testCases.AChallan_Test"/>
  <testcase name="Challan_Testcases" time="2.215" classname="pro.saral.testCases.AChallan_Test"/>
  <testcase name="Challan_Testcases" time="0.106" classname="pro.saral.testCases.AChallan_Test"/>
  <testcase name="Challan_Testcases" time="0.112" classname="pro.saral.testCases.AChallan_Test"/>
  <testcase name="Challan_Testcases" time="0.219" classname="pro.saral.testCases.AChallan_Test"/>
  <testcase name="Challan_Testcases" time="0.222" classname="pro.saral.testCases.AChallan_Test"/>
  <testcase name="Challan_Testcases" time="0.231" classname="pro.saral.testCases.AChallan_Test"/>
  <testcase name="Challan_Testcases" time="0.296" classname="pro.saral.testCases.AChallan_Test"/>
  <testcase name="Challan_Testcases" time="2.237" classname="pro.saral.testCases.AChallan_Test"/>
  <testcase name="Challan_Testcases" time="2.21" classname="pro.saral.testCases.AChallan_Test"/>
  <testcase name="Challan_Testcases" time="0.012" classname="pro.saral.testCases.AChallan_Test"/>
  <testcase name="Challan_Testcases" time="2.35" classname="pro.saral.testCases.AChallan_Test"/>
  <testcase name="Challan_Testcases" time="2.587" classname="pro.saral.testCases.AChallan_Test"/>
  <testcase name="Challan_Testcases" time="2.252" classname="pro.saral.testCases.AChallan_Test"/>
  <testcase name="Challan_Testcases" time="2.405" classname="pro.saral.testCases.AChallan_Test"/>
  <testcase name="Challan_Testcases" time="2.39" classname="pro.saral.testCases.AChallan_Test"/>
  <testcase name="Challan_Testcases" time="2.361" classname="pro.saral.testCases.AChallan_Test"/>
  <testcase name="Challan_Testcases" time="0.149" classname="pro.saral.testCases.AChallan_Test"/>
  <testcase name="Challan_Testcases" time="0.01" classname="pro.saral.testCases.AChallan_Test"/>
  <testcase name="Challan_Testcases" time="2.38" classname="pro.saral.testCases.AChallan_Test"/>
  <testcase name="Challan_Testcases" time="2.352" classname="pro.saral.testCases.AChallan_Test"/>
  <testcase name="Challan_Testcases" time="2.336" classname="pro.saral.testCases.AChallan_Test"/>
  <testcase name="Challan_Testcases" time="0.131" classname="pro.saral.testCases.AChallan_Test"/>
  <testcase name="Deduction_24Q_Testcases" time="2.901" classname="pro.saral.testCases.ADeduction_Test"/>
  <testcase name="Deduction_24Q_Testcases" time="0.638" classname="pro.saral.testCases.ADeduction_Test"/>
  <testcase name="Deduction_24Q_Testcases" time="2.446" classname="pro.saral.testCases.ADeduction_Test"/>
  <testcase name="Deduction_24Q_Testcases" time="2.816" classname="pro.saral.testCases.ADeduction_Test"/>
  <testcase name="Deduction_24Q_Testcases" time="0.314" classname="pro.saral.testCases.ADeduction_Test"/>
  <testcase name="Deduction_24Q_Testcases" time="0.05" classname="pro.saral.testCases.ADeduction_Test"/>
  <testcase name="Deduction_24Q_Testcases" time="2.14" classname="pro.saral.testCases.ADeduction_Test"/>
  <testcase name="Deduction_24Q_Testcases" time="2.438" classname="pro.saral.testCases.ADeduction_Test"/>
  <testcase name="Deduction_24Q_Testcases" time="2.198" classname="pro.saral.testCases.ADeduction_Test"/>
  <testcase name="Deduction_24Q_Testcases" time="2.409" classname="pro.saral.testCases.ADeduction_Test"/>
  <testcase name="Deduction_24Q_Testcases" time="0.14" classname="pro.saral.testCases.ADeduction_Test"/>
  <testcase name="Deduction_24Q_Testcases" time="0.015" classname="pro.saral.testCases.ADeduction_Test"/>
  <testcase name="Deduction_24Q_Testcases" time="2.159" classname="pro.saral.testCases.ADeduction_Test"/>
  <testcase name="Deduction_24Q_Testcases" time="2.306" classname="pro.saral.testCases.ADeduction_Test"/>
  <testcase name="Deduction_24Q_Testcases" time="2.361" classname="pro.saral.testCases.ADeduction_Test"/>
  <testcase name="Deduction_24Q_Testcases" time="0.228" classname="pro.saral.testCases.ADeduction_Test"/>
  <testcase name="Deduction_24Q_Testcases" time="0.389" classname="pro.saral.testCases.ADeduction_Test"/>
  <testcase name="Deduction_24Q_Testcases" time="0.23" classname="pro.saral.testCases.ADeduction_Test"/>
  <testcase name="Deduction_24Q_Testcases" time="0.401" classname="pro.saral.testCases.ADeduction_Test"/>
  <testcase name="Deduction_24Q_Testcases" time="0.417" classname="pro.saral.testCases.ADeduction_Test"/>
  <testcase name="Deduction_24Q_Testcases" time="0.361" classname="pro.saral.testCases.ADeduction_Test"/>
  <testcase name="Deduction_24Q_Testcases" time="0.223" classname="pro.saral.testCases.ADeduction_Test"/>
  <testcase name="Deduction_24Q_Testcases" time="2.207" classname="pro.saral.testCases.ADeduction_Test"/>
  <testcase name="Deduction_24Q_Testcases" time="0.143" classname="pro.saral.testCases.ADeduction_Test"/>
  <testcase name="Deduction_24Q_Testcases" time="2.245" classname="pro.saral.testCases.ADeduction_Test"/>
  <testcase name="Deduction_24Q_Testcases" time="0.183" classname="pro.saral.testCases.ADeduction_Test"/>
  <testcase name="Deduction_24Q_Testcases" time="0.373" classname="pro.saral.testCases.ADeduction_Test"/>
  <testcase name="Deduction_24Q_Testcases" time="0.225" classname="pro.saral.testCases.ADeduction_Test"/>
  <testcase name="Deduction_24Q_Testcases" time="2.295" classname="pro.saral.testCases.ADeduction_Test"/>
  <testcase name="Deduction_24Q_Testcases" time="0.155" classname="pro.saral.testCases.ADeduction_Test"/>
  <testcase name="Deduction_24Q_Testcases" time="0.013" classname="pro.saral.testCases.ADeduction_Test"/>
  <testcase name="Deduction_24Q_Testcases" time="2.349" classname="pro.saral.testCases.ADeduction_Test"/>
  <testcase name="Deduction_24Q_Testcases" time="2.422" classname="pro.saral.testCases.ADeduction_Test"/>
  <testcase name="Deduction_24Q_Testcases" time="2.217" classname="pro.saral.testCases.ADeduction_Test"/>
  <testcase name="Deduction_24Q_Testcases" time="2.449" classname="pro.saral.testCases.ADeduction_Test"/>
  <testcase name="Deduction_24Q_Testcases" time="0.146" classname="pro.saral.testCases.ADeduction_Test"/>
  <testcase name="Deduction_24Q_Testcases" time="2.35" classname="pro.saral.testCases.ADeduction_Test"/>
  <testcase name="Deduction_24Q_Testcases" time="2.188" classname="pro.saral.testCases.ADeduction_Test"/>
  <testcase name="Deduction_24Q_Testcases" time="0.067" classname="pro.saral.testCases.ADeduction_Test"/>
  <testcase name="Deduction_24Q_Testcases" time="2.157" classname="pro.saral.testCases.ADeduction_Test"/>
  <testcase name="Deduction_24Q_Testcases" time="0.07" classname="pro.saral.testCases.ADeduction_Test"/>
  <testcase name="Deduction_24Q_Testcases" time="0.008" classname="pro.saral.testCases.ADeduction_Test"/>
  <testcase name="Deduction_24Q_Testcases" time="0.206" classname="pro.saral.testCases.ADeduction_Test"/>
  <testcase name="Deduction_24Q_Testcases" time="0.325" classname="pro.saral.testCases.ADeduction_Test"/>
  <testcase name="Deduction_24Q_Testcases" time="0.355" classname="pro.saral.testCases.ADeduction_Test"/>
  <testcase name="Deduction_24Q_Testcases" time="2.207" classname="pro.saral.testCases.ADeduction_Test"/>
  <testcase name="Deduction_24Q_Testcases" time="0.284" classname="pro.saral.testCases.ADeduction_Test"/>
  <testcase name="Deduction_24Q_Testcases" time="2.208" classname="pro.saral.testCases.ADeduction_Test"/>
  <testcase name="Deduction_24Q_Testcases" time="0.175" classname="pro.saral.testCases.ADeduction_Test"/>
  <testcase name="Deduction_24Q_Testcases" time="2.178" classname="pro.saral.testCases.ADeduction_Test"/>
  <testcase name="Deduction_24Q_Testcases" time="0.184" classname="pro.saral.testCases.ADeduction_Test"/>
  <testcase name="Deduction_24Q_Testcases" time="2.191" classname="pro.saral.testCases.ADeduction_Test"/>
  <testcase name="Deduction_24Q_Testcases" time="0.163" classname="pro.saral.testCases.ADeduction_Test"/>
  <testcase name="Deduction_24Q_Testcases" time="2.195" classname="pro.saral.testCases.ADeduction_Test"/>
  <testcase name="Deduction_24Q_Testcases" time="0.186" classname="pro.saral.testCases.ADeduction_Test"/>
  <testcase name="Deduction_24Q_Testcases" time="2.173" classname="pro.saral.testCases.ADeduction_Test"/>
  <testcase name="Deduction_24Q_Testcases" time="0.353" classname="pro.saral.testCases.ADeduction_Test"/>
  <testcase name="Deduction_24Q_Testcases" time="0.084" classname="pro.saral.testCases.ADeduction_Test"/>
  <testcase name="Deduction_24Q_Testcases" time="2.22" classname="pro.saral.testCases.ADeduction_Test"/>
  <testcase name="Deduction_24Q_Testcases" time="0.11" classname="pro.saral.testCases.ADeduction_Test"/>
  <testcase name="Deduction_24Q_Testcases" time="0.01" classname="pro.saral.testCases.ADeduction_Test"/>
  <testcase name="Deduction_24Q_Testcases" time="0.159" classname="pro.saral.testCases.ADeduction_Test"/>
  <testcase name="Deduction_24Q_Testcases" time="0.165" classname="pro.saral.testCases.ADeduction_Test"/>
  <testcase name="Deduction_24Q_Testcases" time="2.259" classname="pro.saral.testCases.ADeduction_Test"/>
  <testcase name="Deduction_24Q_Testcases" time="0.204" classname="pro.saral.testCases.ADeduction_Test"/>
  <testcase name="Deduction_24Q_Testcases" time="0.307" classname="pro.saral.testCases.ADeduction_Test"/>
  <testcase name="Deduction_24Q_Testcases" time="2.166" classname="pro.saral.testCases.ADeduction_Test"/>
  <testcase name="Deduction_24Q_Testcases" time="0.026" classname="pro.saral.testCases.ADeduction_Test"/>
  <testcase name="Deduction_24Q_Testcases" time="0.278" classname="pro.saral.testCases.ADeduction_Test"/>
  <testcase name="Deduction_24Q_Testcases" time="0.294" classname="pro.saral.testCases.ADeduction_Test"/>
  <testcase name="Deduction_24Q_Testcases" time="2.2" classname="pro.saral.testCases.ADeduction_Test"/>
  <testcase name="Deduction_24Q_Testcases" time="0.069" classname="pro.saral.testCases.ADeduction_Test"/>
  <testcase name="Deduction_24Q_Testcases" time="0.164" classname="pro.saral.testCases.ADeduction_Test"/>
  <testcase name="Deduction_24Q_Testcases" time="2.221" classname="pro.saral.testCases.ADeduction_Test"/>
  <testcase name="Deduction_24Q_Testcases" time="0.281" classname="pro.saral.testCases.ADeduction_Test"/>
  <testcase name="Deduction_24Q_Testcases" time="2.196" classname="pro.saral.testCases.ADeduction_Test"/>
  <testcase name="Deduction_24Q_Testcases" time="0.074" classname="pro.saral.testCases.ADeduction_Test"/>
  <testcase name="Deduction_24Q_Testcases" time="2.181" classname="pro.saral.testCases.ADeduction_Test"/>
  <testcase name="Deduction_24Q_Testcases" time="0.235" classname="pro.saral.testCases.ADeduction_Test"/>
  <testcase name="Deduction_24Q_Testcases" time="2.227" classname="pro.saral.testCases.ADeduction_Test"/>
  <testcase name="Deduction_24Q_Testcases" time="0.071" classname="pro.saral.testCases.ADeduction_Test"/>
  <testcase name="Deduction_24Q_Testcases" time="2.319" classname="pro.saral.testCases.ADeduction_Test"/>
  <testcase name="Deduction_24Q_Testcases" time="0.447" classname="pro.saral.testCases.ADeduction_Test"/>
  <testcase name="Deduction_24Q_Testcases" time="2.26" classname="pro.saral.testCases.ADeduction_Test"/>
  <testcase name="Deduction_24Q_Testcases" time="0.076" classname="pro.saral.testCases.ADeduction_Test"/>
  <testcase name="Deduction_24Q_Testcases" time="2.232" classname="pro.saral.testCases.ADeduction_Test"/>
  <testcase name="Deduction_24Q_Testcases" time="0.235" classname="pro.saral.testCases.ADeduction_Test"/>
  <testcase name="Deduction_24Q_Testcases" time="2.287" classname="pro.saral.testCases.ADeduction_Test"/>
  <testcase name="Deduction_24Q_Testcases" time="0.072" classname="pro.saral.testCases.ADeduction_Test"/>
  <testcase name="Deduction_24Q_Testcases" time="2.236" classname="pro.saral.testCases.ADeduction_Test"/>
  <testcase name="Deduction_24Q_Testcases" time="0.676" classname="pro.saral.testCases.ADeduction_Test"/>
  <testcase name="Deduction_24Q_Testcases" time="2.335" classname="pro.saral.testCases.ADeduction_Test"/>
  <testcase name="Deduction_24Q_Testcases" time="0.088" classname="pro.saral.testCases.ADeduction_Test"/>
  <testcase name="Deduction_24Q_Testcases" time="0.361" classname="pro.saral.testCases.ADeduction_Test"/>
  <testcase name="Deduction_24Q_Testcases" time="0.3" classname="pro.saral.testCases.ADeduction_Test"/>
  <testcase name="Deduction_24Q_Testcases" time="2.377" classname="pro.saral.testCases.ADeduction_Test"/>
  <testcase name="Deduction_24Q_Testcases" time="0.089" classname="pro.saral.testCases.ADeduction_Test"/>
  <testcase name="Deduction_24Q_Testcases" time="2.267" classname="pro.saral.testCases.ADeduction_Test"/>
  <testcase name="Deduction_24Q_Testcases" time="2.452" classname="pro.saral.testCases.ADeduction_Test"/>
  <testcase name="Deduction_24Q_Testcases" time="2.315" classname="pro.saral.testCases.ADeduction_Test"/>
  <testcase name="Deduction_24Q_Testcases" time="0.009" classname="pro.saral.testCases.ADeduction_Test"/>
  <testcase name="Deduction_24Q_Testcases" time="2.505" classname="pro.saral.testCases.ADeduction_Test"/>
  <testcase name="Deduction_24Q_Testcases" time="0.169" classname="pro.saral.testCases.ADeduction_Test"/>
  <testcase name="Deduction_24Q_Testcases" time="0.213" classname="pro.saral.testCases.ADeduction_Test"/>
  <testcase name="Deduction_24Q_Testcases" time="2.266" classname="pro.saral.testCases.ADeduction_Test"/>
  <testcase name="Deduction_24Q_Testcases" time="0.224" classname="pro.saral.testCases.ADeduction_Test"/>
  <testcase name="Deduction_24Q_Testcases" time="0.353" classname="pro.saral.testCases.ADeduction_Test"/>
  <testcase name="Deduction_24Q_Testcases" time="0.262" classname="pro.saral.testCases.ADeduction_Test"/>
  <testcase name="Deduction_24Q_Testcases" time="0.452" classname="pro.saral.testCases.ADeduction_Test"/>
  <testcase name="Deduction_24Q_Testcases" time="2.321" classname="pro.saral.testCases.ADeduction_Test"/>
  <testcase name="Deduction_24Q_Testcases" time="0.126" classname="pro.saral.testCases.ADeduction_Test"/>
  <testcase name="Deduction_24Q_Testcases" time="0.011" classname="pro.saral.testCases.ADeduction_Test"/>
  <testcase name="Deduction_24Q_Testcases" time="2.374" classname="pro.saral.testCases.ADeduction_Test"/>
  <testcase name="Deduction_24Q_Testcases" time="2.373" classname="pro.saral.testCases.ADeduction_Test"/>
  <testcase name="Deduction_24Q_Testcases" time="0.125" classname="pro.saral.testCases.ADeduction_Test"/>
  <testcase name="Deduction_24Q_Testcases" time="2.123" classname="pro.saral.testCases.ADeduction_Test"/>
  <testcase name="Deduction_24Q_Testcases" time="2.346" classname="pro.saral.testCases.ADeduction_Test"/>
  <testcase name="Deduction_24Q_Testcases" time="2.445" classname="pro.saral.testCases.ADeduction_Test"/>
  <testcase name="Deduction_24Q_Testcases" time="0.118" classname="pro.saral.testCases.ADeduction_Test"/>
  <testcase name="Deduction_24Q_Testcases" time="0.107" classname="pro.saral.testCases.ADeduction_Test"/>
  <testcase name="Deduction_24Q_Testcases" time="0.11" classname="pro.saral.testCases.ADeduction_Test"/>
  <testcase name="Deduction_24Q_Testcases" time="0.113" classname="pro.saral.testCases.ADeduction_Test"/>
  <testcase name="Deduction_24Q_Testcases" time="0.401" classname="pro.saral.testCases.ADeduction_Test"/>
  <testcase name="Deduction_24Q_Testcases" time="0.306" classname="pro.saral.testCases.ADeduction_Test"/>
  <testcase name="Deduction_24Q_Testcases" time="0.446" classname="pro.saral.testCases.ADeduction_Test"/>
  <testcase name="Deduction_24Q_Testcases" time="0.426" classname="pro.saral.testCases.ADeduction_Test"/>
  <testcase name="Deduction_24Q_Testcases" time="2.388" classname="pro.saral.testCases.ADeduction_Test"/>
  <testcase name="Deduction_24Q_Testcases" time="2.364" classname="pro.saral.testCases.ADeduction_Test"/>
  <testcase name="Deduction_24Q_Testcases" time="0.163" classname="pro.saral.testCases.ADeduction_Test"/>
  <testcase name="Deduction_24Q_Testcases" time="0.013" classname="pro.saral.testCases.ADeduction_Test"/>
  <testcase name="Deduction_24Q_Testcases" time="2.509" classname="pro.saral.testCases.ADeduction_Test"/>
  <testcase name="Deduction_24Q_Testcases" time="2.49" classname="pro.saral.testCases.ADeduction_Test"/>
  <testcase name="Deduction_24Q_Testcases" time="2.228" classname="pro.saral.testCases.ADeduction_Test"/>
  <testcase name="Deduction_24Q_Testcases" time="2.541" classname="pro.saral.testCases.ADeduction_Test"/>
  <testcase name="Deduction_24Q_Testcases" time="2.277" classname="pro.saral.testCases.ADeduction_Test"/>
  <testcase name="Deduction_24Q_Testcases" time="0.259" classname="pro.saral.testCases.ADeduction_Test"/>
  <testcase name="Deduction_24Q_Testcases" time="2.256" classname="pro.saral.testCases.ADeduction_Test"/>
  <testcase name="Deduction_24Q_Testcases" time="0.13" classname="pro.saral.testCases.ADeduction_Test"/>
  <testcase name="Deduction_24Q_Testcases" time="0.011" classname="pro.saral.testCases.ADeduction_Test"/>
  <testcase name="Deduction_24Q_Testcases" time="2.525" classname="pro.saral.testCases.ADeduction_Test"/>
  <testcase name="Deduction_24Q_Testcases" time="2.447" classname="pro.saral.testCases.ADeduction_Test"/>
  <testcase name="Deduction_24Q_Testcases" time="2.175" classname="pro.saral.testCases.ADeduction_Test"/>
  <testcase name="Deduction_24Q_Testcases" time="2.319" classname="pro.saral.testCases.ADeduction_Test"/>
  <testcase name="Deduction_24Q_Testcases" time="2.295" classname="pro.saral.testCases.ADeduction_Test"/>
  <testcase name="Deduction_24Q_Testcases" time="2.315" classname="pro.saral.testCases.ADeduction_Test"/>
  <testcase name="Deduction_24Q_Testcases" time="0.118" classname="pro.saral.testCases.ADeduction_Test"/>
  <testcase name="Deduction_24Q_Testcases" time="0.011" classname="pro.saral.testCases.ADeduction_Test"/>
  <testcase name="Deduction_24Q_Testcases" time="2.299" classname="pro.saral.testCases.ADeduction_Test"/>
  <testcase name="Deduction_24Q_Testcases" time="2.252" classname="pro.saral.testCases.ADeduction_Test"/>
  <testcase name="Deduction_24Q_Testcases" time="2.229" classname="pro.saral.testCases.ADeduction_Test"/>
  <testcase name="Deduction_24Q_Testcases" time="0.132" classname="pro.saral.testCases.ADeduction_Test"/>
  <testcase name="Deduction_24Q_Testcases" time="0.01" classname="pro.saral.testCases.ADeduction_Test"/>
  <testcase name="Deduction_24Q_Testcases" time="2.341" classname="pro.saral.testCases.ADeduction_Test"/>
  <testcase name="Deduction_24Q_Testcases" time="2.263" classname="pro.saral.testCases.ADeduction_Test"/>
  <testcase name="Deduction_24Q_Testcases" time="2.229" classname="pro.saral.testCases.ADeduction_Test"/>
  <testcase name="Deduction_24Q_Testcases" time="2.222" classname="pro.saral.testCases.ADeduction_Test"/>
  <testcase name="Deduction_24Q_Testcases" time="0.104" classname="pro.saral.testCases.ADeduction_Test"/>
  <testcase name="Deduction_24Q_Testcases" time="0.013" classname="pro.saral.testCases.ADeduction_Test"/>
  <testcase name="Deduction_24Q_Testcases" time="0.085" classname="pro.saral.testCases.ADeduction_Test"/>
  <testcase name="Deduction_24Q_Testcases" time="2.179" classname="pro.saral.testCases.ADeduction_Test"/>
  <testcase name="Deduction_24Q_Testcases" time="2.207" classname="pro.saral.testCases.ADeduction_Test"/>
  <testcase name="Deduction_24Q_Testcases" time="2.245" classname="pro.saral.testCases.ADeduction_Test"/>
  <testcase name="Deduction_24Q_Testcases" time="2.259" classname="pro.saral.testCases.ADeduction_Test"/>
  <testcase name="Deduction_24Q_Testcases" time="2.194" classname="pro.saral.testCases.ADeduction_Test"/>
  <testcase name="Deduction_24Q_Testcases" time="0.086" classname="pro.saral.testCases.ADeduction_Test"/>
  <testcase name="Download_Template_And_Verify" time="8.156" classname="pro.saral.testCases.Aimport_Test"/>
  <testcase name="Check_Tan_Validation" time="4.312" classname="pro.saral.testCases.Aimport_Test"/>
  <testcase name="Click_On_Upload_File_without_Selecting_Excel_File_and_verify_validation" time="18.208" classname="pro.saral.testCases.Aimport_Test"/>
  <testcase name="Upload_Valid_Excel_And_Check_Sucess_Status" time="35.354" classname="pro.saral.testCases.Aimport_Test"/>
  <testcase name="Upload_Invalid_Excel_And_Check_Errors" time="35.86" classname="pro.saral.testCases.Aimport_Test"/>
  <testcase name="Upload_Valid_Conso_And_Check_Sucess_Status" time="56.542" classname="pro.saral.testCases.Aimport_Test"/>
  <testcase name="Upload_Valid_Text_And_Check_Sucess_Status" time="34.752" classname="pro.saral.testCases.Aimport_Test"/>
  <testcase name="Upload_Valid_Mster_Excel_And_Check_Sucess_Status" time="40.228" classname="pro.saral.testCases.Aimport_Test"/>
  <testcase name="Challan_Mapping_24Q_Testcases" time="3.183" classname="pro.saral.testCases.AChallan_Mapping_Test"/>
  <testcase name="Challan_Mapping_24Q_Testcases" time="0.689" classname="pro.saral.testCases.AChallan_Mapping_Test"/>
  <testcase name="Challan_Mapping_24Q_Testcases" time="2.487" classname="pro.saral.testCases.AChallan_Mapping_Test"/>
  <testcase name="Challan_Mapping_24Q_Testcases" time="2.832" classname="pro.saral.testCases.AChallan_Mapping_Test"/>
  <testcase name="Challan_Mapping_24Q_Testcases" time="0.335" classname="pro.saral.testCases.AChallan_Mapping_Test"/>
  <testcase name="Challan_Mapping_24Q_Testcases" time="0.077" classname="pro.saral.testCases.AChallan_Mapping_Test"/>
  <testcase name="Challan_Mapping_24Q_Testcases" time="2.163" classname="pro.saral.testCases.AChallan_Mapping_Test"/>
  <testcase name="Challan_Mapping_24Q_Testcases" time="0.011" classname="pro.saral.testCases.AChallan_Mapping_Test"/>
  <testcase name="Challan_Mapping_24Q_Testcases" time="2.236" classname="pro.saral.testCases.AChallan_Mapping_Test"/>
  <testcase name="Challan_Mapping_24Q_Testcases" time="2.287" classname="pro.saral.testCases.AChallan_Mapping_Test"/>
  <testcase name="Challan_Mapping_24Q_Testcases" time="0.011" classname="pro.saral.testCases.AChallan_Mapping_Test"/>
  <testcase name="Challan_Mapping_24Q_Testcases" time="0.313" classname="pro.saral.testCases.AChallan_Mapping_Test"/>
  <testcase name="Challan_Mapping_24Q_Testcases" time="0.216" classname="pro.saral.testCases.AChallan_Mapping_Test"/>
  <testcase name="Challan_Mapping_24Q_Testcases" time="0.241" classname="pro.saral.testCases.AChallan_Mapping_Test"/>
  <testcase name="Challan_Mapping_24Q_Testcases" time="0.203" classname="pro.saral.testCases.AChallan_Mapping_Test"/>
  <testcase name="Challan_Mapping_24Q_Testcases" time="0.362" classname="pro.saral.testCases.AChallan_Mapping_Test"/>
  <testcase name="Challan_Mapping_24Q_Testcases" time="0.319" classname="pro.saral.testCases.AChallan_Mapping_Test"/>
  <testcase name="Challan_Mapping_24Q_Testcases" time="0.188" classname="pro.saral.testCases.AChallan_Mapping_Test"/>
  <testcase name="Challan_Mapping_24Q_Testcases" time="0.189" classname="pro.saral.testCases.AChallan_Mapping_Test"/>
  <testcase name="Challan_Mapping_24Q_Testcases" time="0.131" classname="pro.saral.testCases.AChallan_Mapping_Test"/>
  <testcase name="Challan_Mapping_24Q_Testcases" time="0.214" classname="pro.saral.testCases.AChallan_Mapping_Test"/>
  <testcase name="Challan_Mapping_24Q_Testcases" time="0.399" classname="pro.saral.testCases.AChallan_Mapping_Test"/>
  <testcase name="Challan_Mapping_24Q_Testcases" time="0.633" classname="pro.saral.testCases.AChallan_Mapping_Test"/>
  <testcase name="Challan_Mapping_24Q_Testcases" time="2.194" classname="pro.saral.testCases.AChallan_Mapping_Test"/>
  <testcase name="Challan_Mapping_24Q_Testcases" time="0.12" classname="pro.saral.testCases.AChallan_Mapping_Test"/>
  <testcase name="Challan_Mapping_24Q_Testcases" time="0.067" classname="pro.saral.testCases.AChallan_Mapping_Test"/>
  <testcase name="Challan_Mapping_24Q_Testcases" time="2.492" classname="pro.saral.testCases.AChallan_Mapping_Test"/>
  <testcase name="Challan_Mapping_24Q_Testcases" time="2.722" classname="pro.saral.testCases.AChallan_Mapping_Test"/>
  <testcase name="Challan_Mapping_24Q_Testcases" time="2.2" classname="pro.saral.testCases.AChallan_Mapping_Test"/>
  <testcase name="Challan_Mapping_24Q_Testcases" time="2.506" classname="pro.saral.testCases.AChallan_Mapping_Test"/>
  <testcase name="Challan_Mapping_24Q_Testcases" time="0.133" classname="pro.saral.testCases.AChallan_Mapping_Test"/>
  <testcase name="Challan_Mapping_24Q_Testcases" time="0.015" classname="pro.saral.testCases.AChallan_Mapping_Test"/>
  <testcase name="Challan_Mapping_24Q_Testcases" time="2.239" classname="pro.saral.testCases.AChallan_Mapping_Test"/>
  <testcase name="Challan_Mapping_24Q_Testcases" time="2.278" classname="pro.saral.testCases.AChallan_Mapping_Test"/>
  <testcase name="Challan_Mapping_24Q_Testcases" time="0.239" classname="pro.saral.testCases.AChallan_Mapping_Test"/>
  <testcase name="Challan_Mapping_24Q_Testcases" time="0.378" classname="pro.saral.testCases.AChallan_Mapping_Test"/>
  <testcase name="Challan_Mapping_24Q_Testcases" time="0.262" classname="pro.saral.testCases.AChallan_Mapping_Test"/>
  <testcase name="Challan_Mapping_24Q_Testcases" time="0.56" classname="pro.saral.testCases.AChallan_Mapping_Test"/>
  <testcase name="Challan_Mapping_24Q_Testcases" time="0.478" classname="pro.saral.testCases.AChallan_Mapping_Test"/>
  <testcase name="Challan_Mapping_24Q_Testcases" time="0.411" classname="pro.saral.testCases.AChallan_Mapping_Test"/>
  <testcase name="Challan_Mapping_24Q_Testcases" time="0.201" classname="pro.saral.testCases.AChallan_Mapping_Test"/>
  <testcase name="Challan_Mapping_24Q_Testcases" time="2.211" classname="pro.saral.testCases.AChallan_Mapping_Test"/>
  <testcase name="Challan_Mapping_24Q_Testcases" time="0.157" classname="pro.saral.testCases.AChallan_Mapping_Test"/>
  <testcase name="Challan_Mapping_24Q_Testcases" time="2.362" classname="pro.saral.testCases.AChallan_Mapping_Test"/>
  <testcase name="Challan_Mapping_24Q_Testcases" time="2.593" classname="pro.saral.testCases.AChallan_Mapping_Test"/>
  <testcase name="Challan_Mapping_24Q_Testcases" time="2.192" classname="pro.saral.testCases.AChallan_Mapping_Test"/>
  <testcase name="Challan_Mapping_24Q_Testcases" time="2.468" classname="pro.saral.testCases.AChallan_Mapping_Test"/>
  <testcase name="Challan_Mapping_24Q_Testcases" time="0.167" classname="pro.saral.testCases.AChallan_Mapping_Test"/>
  <testcase name="Challan_Mapping_24Q_Testcases" time="2.366" classname="pro.saral.testCases.AChallan_Mapping_Test"/>
  <testcase name="Challan_Mapping_24Q_Testcases" time="0.209" classname="pro.saral.testCases.AChallan_Mapping_Test"/>
  <testcase name="Challan_Mapping_24Q_Testcases" time="0.304" classname="pro.saral.testCases.AChallan_Mapping_Test"/>
  <testcase name="Challan_Mapping_24Q_Testcases" time="0.465" classname="pro.saral.testCases.AChallan_Mapping_Test"/>
  <testcase name="Challan_Mapping_24Q_Testcases" time="2.337" classname="pro.saral.testCases.AChallan_Mapping_Test"/>
  <testcase name="Challan_Mapping_24Q_Testcases" time="0.308" classname="pro.saral.testCases.AChallan_Mapping_Test"/>
  <testcase name="Challan_Mapping_24Q_Testcases" time="2.217" classname="pro.saral.testCases.AChallan_Mapping_Test"/>
  <testcase name="Challan_Mapping_24Q_Testcases" time="0.168" classname="pro.saral.testCases.AChallan_Mapping_Test"/>
  <testcase name="Challan_Mapping_24Q_Testcases" time="2.206" classname="pro.saral.testCases.AChallan_Mapping_Test"/>
  <testcase name="Challan_Mapping_24Q_Testcases" time="0.193" classname="pro.saral.testCases.AChallan_Mapping_Test"/>
  <testcase name="Challan_Mapping_24Q_Testcases" time="2.213" classname="pro.saral.testCases.AChallan_Mapping_Test"/>
  <testcase name="Challan_Mapping_24Q_Testcases" time="0.251" classname="pro.saral.testCases.AChallan_Mapping_Test"/>
  <testcase name="Challan_Mapping_24Q_Testcases" time="2.437" classname="pro.saral.testCases.AChallan_Mapping_Test"/>
  <testcase name="Challan_Mapping_24Q_Testcases" time="0.2" classname="pro.saral.testCases.AChallan_Mapping_Test"/>
  <testcase name="Challan_Mapping_24Q_Testcases" time="0.452" classname="pro.saral.testCases.AChallan_Mapping_Test"/>
  <testcase name="Challan_Mapping_24Q_Testcases" time="0.079" classname="pro.saral.testCases.AChallan_Mapping_Test"/>
  <testcase name="Challan_Mapping_24Q_Testcases" time="2.294" classname="pro.saral.testCases.AChallan_Mapping_Test"/>
  <testcase name="Challan_Mapping_24Q_Testcases" time="0.13" classname="pro.saral.testCases.AChallan_Mapping_Test"/>
  <testcase name="Challan_Mapping_24Q_Testcases" time="0.008" classname="pro.saral.testCases.AChallan_Mapping_Test"/>
  <testcase name="Challan_Mapping_24Q_Testcases" time="0.108" classname="pro.saral.testCases.AChallan_Mapping_Test"/>
  <testcase name="Challan_Mapping_24Q_Testcases" time="2.36" classname="pro.saral.testCases.AChallan_Mapping_Test"/>
  <testcase name="Challan_Mapping_24Q_Testcases" time="2.029" classname="pro.saral.testCases.AChallan_Mapping_Test"/>
  <testcase name="Challan_Mapping_24Q_Testcases" time="2.245" classname="pro.saral.testCases.AChallan_Mapping_Test"/>
  <testcase name="Challan_Mapping_24Q_Testcases" time="2.286" classname="pro.saral.testCases.AChallan_Mapping_Test"/>
  <testcase name="Challan_Mapping_24Q_Testcases" time="2.23" classname="pro.saral.testCases.AChallan_Mapping_Test"/>
  <testcase name="Challan_Mapping_24Q_Testcases" time="0.022" classname="pro.saral.testCases.AChallan_Mapping_Test"/>
  <testcase name="Challan_Mapping_24Q_Testcases" time="2.338" classname="pro.saral.testCases.AChallan_Mapping_Test"/>
  <testcase name="Challan_Mapping_24Q_Testcases" time="0.062" classname="pro.saral.testCases.AChallan_Mapping_Test"/>
  <testcase name="Challan_Mapping_24Q_Testcases" time="2.309" classname="pro.saral.testCases.AChallan_Mapping_Test"/>
  <testcase name="Challan_Mapping_24Q_Testcases" time="2.246" classname="pro.saral.testCases.AChallan_Mapping_Test"/>
  <testcase name="Challan_Mapping_24Q_Testcases" time="2.51" classname="pro.saral.testCases.AChallan_Mapping_Test"/>
  <testcase name="Challan_Mapping_24Q_Testcases" time="2.267" classname="pro.saral.testCases.AChallan_Mapping_Test"/>
  <testcase name="Challan_Mapping_24Q_Testcases" time="0.482" classname="pro.saral.testCases.AChallan_Mapping_Test"/>
  <testcase name="Challan_Mapping_24Q_Testcases" time="2.364" classname="pro.saral.testCases.AChallan_Mapping_Test"/>
  <testcase name="Challan_Mapping_24Q_Testcases" time="0.12" classname="pro.saral.testCases.AChallan_Mapping_Test"/>
  <testcase name="Challan_Mapping_24Q_Testcases" time="2.414" classname="pro.saral.testCases.AChallan_Mapping_Test"/>
  <testcase name="Challan_Mapping_24Q_Testcases" time="2.326" classname="pro.saral.testCases.AChallan_Mapping_Test"/>
  <testcase name="Challan_Mapping_24Q_Testcases" time="2.464" classname="pro.saral.testCases.AChallan_Mapping_Test"/>
  <testcase name="Challan_Mapping_24Q_Testcases" time="2.294" classname="pro.saral.testCases.AChallan_Mapping_Test"/>
  <testcase name="Challan_Mapping_24Q_Testcases" time="2.184" classname="pro.saral.testCases.AChallan_Mapping_Test"/>
  <testcase name="Challan_Mapping_24Q_Testcases" time="0.265" classname="pro.saral.testCases.AChallan_Mapping_Test"/>
  <testcase name="Challan_Mapping_24Q_Testcases" time="2.243" classname="pro.saral.testCases.AChallan_Mapping_Test"/>
  <testcase name="Challan_Mapping_24Q_Testcases" time="0.138" classname="pro.saral.testCases.AChallan_Mapping_Test"/>
  <testcase name="Challan_Mapping_24Q_Testcases" time="2.381" classname="pro.saral.testCases.AChallan_Mapping_Test"/>
  <testcase name="Challan_Mapping_24Q_Testcases" time="2.26" classname="pro.saral.testCases.AChallan_Mapping_Test"/>
  <testcase name="Challan_Mapping_24Q_Testcases" time="2.271" classname="pro.saral.testCases.AChallan_Mapping_Test"/>
  <testcase name="Challan_Mapping_24Q_Testcases" time="0.287" classname="pro.saral.testCases.AChallan_Mapping_Test"/>
  <testcase name="Challan_Mapping_24Q_Testcases" time="0.269" classname="pro.saral.testCases.AChallan_Mapping_Test"/>
  <testcase name="Challan_Mapping_24Q_Testcases" time="0.284" classname="pro.saral.testCases.AChallan_Mapping_Test"/>
  <testcase name="Challan_Mapping_24Q_Testcases" time="0.24" classname="pro.saral.testCases.AChallan_Mapping_Test"/>
  <testcase name="Challan_Mapping_24Q_Testcases" time="0.252" classname="pro.saral.testCases.AChallan_Mapping_Test"/>
  <testcase name="Challan_Mapping_24Q_Testcases" time="0.221" classname="pro.saral.testCases.AChallan_Mapping_Test"/>
  <testcase name="Challan_Mapping_24Q_Testcases" time="0.229" classname="pro.saral.testCases.AChallan_Mapping_Test"/>
  <testcase name="Challan_Mapping_24Q_Testcases" time="0.305" classname="pro.saral.testCases.AChallan_Mapping_Test"/>
  <testcase name="Challan_Mapping_24Q_Testcases" time="0.142" classname="pro.saral.testCases.AChallan_Mapping_Test"/>
  <testcase name="Challan_Mapping_24Q_Testcases" time="0.215" classname="pro.saral.testCases.AChallan_Mapping_Test"/>
  <testcase name="Challan_Mapping_24Q_Testcases" time="0.308" classname="pro.saral.testCases.AChallan_Mapping_Test"/>
  <testcase name="Challan_Mapping_24Q_Testcases" time="0.468" classname="pro.saral.testCases.AChallan_Mapping_Test"/>
  <testcase name="Challan_Mapping_24Q_Testcases" time="2.29" classname="pro.saral.testCases.AChallan_Mapping_Test"/>
  <testcase name="Challan_Mapping_24Q_Testcases" time="0.106" classname="pro.saral.testCases.AChallan_Mapping_Test"/>
  <testcase name="Challan_Mapping_24Q_Testcases" time="0.067" classname="pro.saral.testCases.AChallan_Mapping_Test"/>
  <testcase name="Challan_Mapping_24Q_Testcases" time="2.313" classname="pro.saral.testCases.AChallan_Mapping_Test"/>
  <testcase name="Challan_Mapping_24Q_Testcases" time="2.292" classname="pro.saral.testCases.AChallan_Mapping_Test"/>
  <testcase name="Challan_Mapping_24Q_Testcases" time="2.163" classname="pro.saral.testCases.AChallan_Mapping_Test"/>
  <testcase name="Challan_Mapping_24Q_Testcases" time="0.128" classname="pro.saral.testCases.AChallan_Mapping_Test"/>
  <testcase name="Challan_Mapping_24Q_Testcases" time="2.178" classname="pro.saral.testCases.AChallan_Mapping_Test"/>
  <testcase name="Challan_Mapping_24Q_Testcases" time="2.157" classname="pro.saral.testCases.AChallan_Mapping_Test"/>
  <testcase name="Challan_Mapping_24Q_Testcases" time="2.259" classname="pro.saral.testCases.AChallan_Mapping_Test"/>
  <testcase name="Challan_Mapping_24Q_Testcases" time="2.224" classname="pro.saral.testCases.AChallan_Mapping_Test"/>
  <testcase name="Challan_Mapping_24Q_Testcases" time="2.158" classname="pro.saral.testCases.AChallan_Mapping_Test"/>
  <testcase name="Challan_Mapping_24Q_Testcases" time="0.115" classname="pro.saral.testCases.AChallan_Mapping_Test"/>
  <testcase name="Challan_Mapping_24Q_Testcases" time="0.078" classname="pro.saral.testCases.AChallan_Mapping_Test"/>
  <testcase name="Challan_Mapping_24Q_Testcases" time="0.077" classname="pro.saral.testCases.AChallan_Mapping_Test"/>
  <testcase name="Challan_Mapping_24Q_Testcases" time="0.069" classname="pro.saral.testCases.AChallan_Mapping_Test"/>
  <testcase name="Challan_Mapping_24Q_Testcases" time="0.208" classname="pro.saral.testCases.AChallan_Mapping_Test"/>
  <testcase name="Challan_Mapping_24Q_Testcases" time="0.091" classname="pro.saral.testCases.AChallan_Mapping_Test"/>
  <testcase name="Challan_Mapping_24Q_Testcases" time="2.137" classname="pro.saral.testCases.AChallan_Mapping_Test"/>
  <testcase name="Challan_Mapping_24Q_Testcases" time="2.188" classname="pro.saral.testCases.AChallan_Mapping_Test"/>
  <testcase name="Challan_Mapping_24Q_Testcases" time="2.311" classname="pro.saral.testCases.AChallan_Mapping_Test"/>
  <testcase name="Challan_Mapping_24Q_Testcases" time="2.239" classname="pro.saral.testCases.AChallan_Mapping_Test"/>
  <testcase name="Challan_Mapping_24Q_Testcases" time="2.289" classname="pro.saral.testCases.AChallan_Mapping_Test"/>
  <testcase name="Challan_Mapping_24Q_Testcases" time="2.423" classname="pro.saral.testCases.AChallan_Mapping_Test"/>
  <testcase name="Challan_Mapping_24Q_Testcases" time="2.496" classname="pro.saral.testCases.AChallan_Mapping_Test"/>
  <testcase name="Challan_Mapping_24Q_Testcases" time="2.298" classname="pro.saral.testCases.AChallan_Mapping_Test"/>
  <testcase name="Challan_Mapping_24Q_Testcases" time="2.209" classname="pro.saral.testCases.AChallan_Mapping_Test"/>
  <testcase name="Challan_Mapping_24Q_Testcases" time="0.028" classname="pro.saral.testCases.AChallan_Mapping_Test"/>
  <testcase name="Challan_Mapping_24Q_Testcases" time="2.256" classname="pro.saral.testCases.AChallan_Mapping_Test"/>
  <testcase name="Challan_Mapping_24Q_Testcases" time="2.164" classname="pro.saral.testCases.AChallan_Mapping_Test"/>
  <testcase name="Challan_Mapping_24Q_Testcases" time="0.021" classname="pro.saral.testCases.AChallan_Mapping_Test"/>
  <testcase name="Challan_Mapping_24Q_Testcases" time="2.252" classname="pro.saral.testCases.AChallan_Mapping_Test"/>
  <testcase name="Challan_Mapping_24Q_Testcases" time="0.147" classname="pro.saral.testCases.AChallan_Mapping_Test"/>
  <testcase name="Challan_Mapping_24Q_Testcases" time="2.344" classname="pro.saral.testCases.AChallan_Mapping_Test"/>
  <testcase name="Challan_Mapping_24Q_Testcases" time="2.489" classname="pro.saral.testCases.AChallan_Mapping_Test"/>
  <testcase name="Challan_Mapping_24Q_Testcases" time="2.253" classname="pro.saral.testCases.AChallan_Mapping_Test"/>
  <testcase name="Challan_Mapping_24Q_Testcases" time="2.297" classname="pro.saral.testCases.AChallan_Mapping_Test"/>
  <testcase name="Challan_Mapping_24Q_Testcases" time="2.282" classname="pro.saral.testCases.AChallan_Mapping_Test"/>
  <testcase name="Challan_Mapping_24Q_Testcases" time="0.13" classname="pro.saral.testCases.AChallan_Mapping_Test"/>
  <testcase name="Challan_Mapping_24Q_Testcases" time="2.339" classname="pro.saral.testCases.AChallan_Mapping_Test"/>
  <testcase name="Challan_Mapping_24Q_Testcases" time="2.559" classname="pro.saral.testCases.AChallan_Mapping_Test"/>
  <testcase name="Challan_Mapping_24Q_Testcases" time="2.298" classname="pro.saral.testCases.AChallan_Mapping_Test"/>
  <testcase name="Challan_Mapping_24Q_Testcases" time="2.278" classname="pro.saral.testCases.AChallan_Mapping_Test"/>
  <testcase name="Challan_Mapping_24Q_Testcases" time="2.224" classname="pro.saral.testCases.AChallan_Mapping_Test"/>
  <testcase name="Challan_Mapping_24Q_Testcases" time="2.21" classname="pro.saral.testCases.AChallan_Mapping_Test"/>
  <testcase name="Challan_Mapping_24Q_Testcases" time="2.172" classname="pro.saral.testCases.AChallan_Mapping_Test"/>
  <testcase name="Challan_Mapping_24Q_Testcases" time="2.19" classname="pro.saral.testCases.AChallan_Mapping_Test"/>
  <testcase name="Challan_Mapping_24Q_Testcases" time="2.319" classname="pro.saral.testCases.AChallan_Mapping_Test"/>
  <testcase name="Challan_Mapping_24Q_Testcases" time="2.163" classname="pro.saral.testCases.AChallan_Mapping_Test"/>
  <testcase name="Challan_Mapping_24Q_Testcases" time="2.123" classname="pro.saral.testCases.AChallan_Mapping_Test"/>
  <testcase name="Challan_Mapping_24Q_Testcases" time="2.179" classname="pro.saral.testCases.AChallan_Mapping_Test"/>
  <testcase name="Challan_Mapping_24Q_Testcases" time="2.154" classname="pro.saral.testCases.AChallan_Mapping_Test"/>
  <testcase name="Challan_Mapping_24Q_Testcases" time="0.041" classname="pro.saral.testCases.AChallan_Mapping_Test"/>
  <testcase name="Challan_Mapping_24Q_Testcases" time="0.102" classname="pro.saral.testCases.AChallan_Mapping_Test"/>
  <testcase name="Challan_Mapping_24Q_Testcases" time="2.115" classname="pro.saral.testCases.AChallan_Mapping_Test"/>
  <testcase name="Challan_Mapping_24Q_Testcases" time="0.008" classname="pro.saral.testCases.AChallan_Mapping_Test"/>
  <testcase name="Challan_Mapping_24Q_Testcases" time="2.238" classname="pro.saral.testCases.AChallan_Mapping_Test"/>
  <testcase name="Challan_Mapping_24Q_Testcases" time="2.167" classname="pro.saral.testCases.AChallan_Mapping_Test"/>
  <testcase name="Challan_Mapping_24Q_Testcases" time="2.197" classname="pro.saral.testCases.AChallan_Mapping_Test"/>
  <testcase name="Challan_Mapping_24Q_Testcases" time="2.185" classname="pro.saral.testCases.AChallan_Mapping_Test"/>
  <testcase name="Challan_Mapping_24Q_Testcases" time="2.173" classname="pro.saral.testCases.AChallan_Mapping_Test"/>
  <testcase name="Challan_Mapping_24Q_Testcases" time="2.162" classname="pro.saral.testCases.AChallan_Mapping_Test"/>
  <testcase name="Challan_Mapping_24Q_Testcases" time="2.173" classname="pro.saral.testCases.AChallan_Mapping_Test"/>
  <testcase name="Challan_Mapping_24Q_Testcases" time="2.153" classname="pro.saral.testCases.AChallan_Mapping_Test"/>
  <testcase name="Challan_Mapping_24Q_Testcases" time="2.287" classname="pro.saral.testCases.AChallan_Mapping_Test"/>
  <testcase name="Challan_Mapping_24Q_Testcases" time="2.984" classname="pro.saral.testCases.AChallan_Mapping_Test"/>
  <testcase name="Challan_Mapping_24Q_Testcases" time="2.172" classname="pro.saral.testCases.AChallan_Mapping_Test"/>
  <testcase name="Challan_Mapping_24Q_Testcases" time="2.412" classname="pro.saral.testCases.AChallan_Mapping_Test"/>
  <testcase name="Challan_Mapping_24Q_Testcases" time="2.356" classname="pro.saral.testCases.AChallan_Mapping_Test"/>
  <testcase name="Challan_Mapping_24Q_Testcases" time="2.484" classname="pro.saral.testCases.AChallan_Mapping_Test"/>
  <testcase name="Challan_Mapping_24Q_Testcases" time="0.131" classname="pro.saral.testCases.AChallan_Mapping_Test"/>
  <testcase name="Challan_Mapping_24Q_Testcases" time="2.495" classname="pro.saral.testCases.AChallan_Mapping_Test"/>
  <testcase name="Challan_Mapping_24Q_Testcases" time="0.166" classname="pro.saral.testCases.AChallan_Mapping_Test"/>
  <testcase name="Challan_Mapping_24Q_Testcases" time="2.41" classname="pro.saral.testCases.AChallan_Mapping_Test"/>
  <testcase name="Challan_Mapping_24Q_Testcases" time="2.214" classname="pro.saral.testCases.AChallan_Mapping_Test"/>
  <testcase name="Challan_Mapping_24Q_Testcases" time="2.243" classname="pro.saral.testCases.AChallan_Mapping_Test"/>
  <testcase name="Challan_Mapping_24Q_Testcases" time="0.123" classname="pro.saral.testCases.AChallan_Mapping_Test"/>
  <testcase name="Challan_Mapping_24Q_Testcases" time="0.213" classname="pro.saral.testCases.AChallan_Mapping_Test"/>
  <testcase name="Challan_Mapping_24Q_Testcases" time="0.467" classname="pro.saral.testCases.AChallan_Mapping_Test"/>
  <testcase name="Challan_Mapping_24Q_Testcases" time="2.22" classname="pro.saral.testCases.AChallan_Mapping_Test"/>
  <testcase name="Challan_Mapping_24Q_Testcases" time="0.329" classname="pro.saral.testCases.AChallan_Mapping_Test"/>
  <testcase name="Challan_Mapping_24Q_Testcases" time="2.31" classname="pro.saral.testCases.AChallan_Mapping_Test"/>
  <testcase name="Challan_Mapping_24Q_Testcases" time="0.146" classname="pro.saral.testCases.AChallan_Mapping_Test"/>
  <testcase name="Challan_Mapping_24Q_Testcases" time="2.367" classname="pro.saral.testCases.AChallan_Mapping_Test"/>
  <testcase name="Challan_Mapping_24Q_Testcases" time="2.034" classname="pro.saral.testCases.AChallan_Mapping_Test"/>
  <testcase name="Challan_Mapping_24Q_Testcases" time="2.23" classname="pro.saral.testCases.AChallan_Mapping_Test"/>
  <testcase name="Challan_Mapping_24Q_Testcases" time="2.255" classname="pro.saral.testCases.AChallan_Mapping_Test"/>
  <testcase name="Challan_Mapping_24Q_Testcases" time="2.175" classname="pro.saral.testCases.AChallan_Mapping_Test"/>
  <testcase name="Challan_Mapping_24Q_Testcases" time="2.223" classname="pro.saral.testCases.AChallan_Mapping_Test"/>
  <testcase name="Challan_Mapping_24Q_Testcases" time="0.008" classname="pro.saral.testCases.AChallan_Mapping_Test"/>
  <testcase name="Challan_Mapping_24Q_Testcases" time="2.289" classname="pro.saral.testCases.AChallan_Mapping_Test"/>
  <testcase name="Challan_Mapping_24Q_Testcases" time="2.033" classname="pro.saral.testCases.AChallan_Mapping_Test"/>
  <testcase name="Challan_Mapping_24Q_Testcases" time="2.275" classname="pro.saral.testCases.AChallan_Mapping_Test"/>
  <testcase name="Challan_Mapping_24Q_Testcases" time="2.386" classname="pro.saral.testCases.AChallan_Mapping_Test"/>
  <testcase name="Challan_Mapping_24Q_Testcases" time="2.355" classname="pro.saral.testCases.AChallan_Mapping_Test"/>
  <testcase name="Challan_Mapping_24Q_Testcases" time="2.358" classname="pro.saral.testCases.AChallan_Mapping_Test"/>
  <testcase name="Challan_Mapping_24Q_Testcases" time="0.13" classname="pro.saral.testCases.AChallan_Mapping_Test"/>
  <testcase name="Challan_Mapping_24Q_Testcases" time="0.01" classname="pro.saral.testCases.AChallan_Mapping_Test"/>
  <testcase name="Challan_Mapping_24Q_Testcases" time="2.517" classname="pro.saral.testCases.AChallan_Mapping_Test"/>
  <testcase name="Challan_Mapping_24Q_Testcases" time="2.54" classname="pro.saral.testCases.AChallan_Mapping_Test"/>
  <testcase name="Challan_Mapping_24Q_Testcases" time="2.225" classname="pro.saral.testCases.AChallan_Mapping_Test"/>
  <testcase name="Challan_Mapping_24Q_Testcases" time="2.253" classname="pro.saral.testCases.AChallan_Mapping_Test"/>
  <testcase name="Challan_Mapping_24Q_Testcases" time="2.277" classname="pro.saral.testCases.AChallan_Mapping_Test"/>
  <testcase name="Challan_Mapping_24Q_Testcases" time="2.26" classname="pro.saral.testCases.AChallan_Mapping_Test"/>
  <testcase name="Challan_Mapping_24Q_Testcases" time="0.105" classname="pro.saral.testCases.AChallan_Mapping_Test"/>
  <testcase name="Challan_Mapping_24Q_Testcases" time="2.242" classname="pro.saral.testCases.AChallan_Mapping_Test"/>
  <testcase name="Challan_Mapping_24Q_Testcases" time="2.228" classname="pro.saral.testCases.AChallan_Mapping_Test"/>
  <testcase name="Challan_Mapping_24Q_Testcases" time="2.247" classname="pro.saral.testCases.AChallan_Mapping_Test"/>
  <testcase name="Challan_Mapping_24Q_Testcases" time="2.255" classname="pro.saral.testCases.AChallan_Mapping_Test"/>
  <testcase name="Challan_Mapping_24Q_Testcases" time="2.192" classname="pro.saral.testCases.AChallan_Mapping_Test"/>
  <testcase name="PredictDefault_24Q_Testcases" time="2.953" classname="pro.saral.testCases.APredict_Default_Test"/>
  <testcase name="PredictDefault_24Q_Testcases" time="0.681" classname="pro.saral.testCases.APredict_Default_Test"/>
  <testcase name="PredictDefault_24Q_Testcases" time="2.505" classname="pro.saral.testCases.APredict_Default_Test"/>
  <testcase name="PredictDefault_24Q_Testcases" time="2.872" classname="pro.saral.testCases.APredict_Default_Test"/>
  <testcase name="PredictDefault_24Q_Testcases" time="0.288" classname="pro.saral.testCases.APredict_Default_Test"/>
  <testcase name="PredictDefault_24Q_Testcases" time="0.049" classname="pro.saral.testCases.APredict_Default_Test"/>
  <testcase name="PredictDefault_24Q_Testcases" time="2.131" classname="pro.saral.testCases.APredict_Default_Test"/>
  <testcase name="PredictDefault_24Q_Testcases" time="2.055" classname="pro.saral.testCases.APredict_Default_Test"/>
  <testcase name="PredictDefault_24Q_Testcases" time="2.251" classname="pro.saral.testCases.APredict_Default_Test"/>
  <testcase name="PredictDefault_24Q_Testcases" time="2.17" classname="pro.saral.testCases.APredict_Default_Test"/>
  <testcase name="PredictDefault_24Q_Testcases" time="2.115" classname="pro.saral.testCases.APredict_Default_Test"/>
  <testcase name="PredictDefault_24Q_Testcases" time="35.18" classname="pro.saral.testCases.APredict_Default_Test"/>
  <testcase name="PredictDefault_24Q_Testcases" time="0.048" classname="pro.saral.testCases.APredict_Default_Test"/>
  <testcase name="PredictDefault_24Q_Testcases" time="2.146" classname="pro.saral.testCases.APredict_Default_Test"/>
  <testcase name="PredictDefault_24Q_Testcases" time="2.198" classname="pro.saral.testCases.APredict_Default_Test"/>
  <testcase name="PredictDefault_24Q_Testcases" time="0.06" classname="pro.saral.testCases.APredict_Default_Test"/>
  <testcase name="PredictDefault_24Q_Testcases" time="2.168" classname="pro.saral.testCases.APredict_Default_Test"/>
  <testcase name="PredictDefault_24Q_Testcases" time="2.185" classname="pro.saral.testCases.APredict_Default_Test"/>
  <testcase name="PredictDefault_24Q_Testcases" time="0.087" classname="pro.saral.testCases.APredict_Default_Test"/>
  <testcase name="PredictDefault_24Q_Testcases" time="2.166" classname="pro.saral.testCases.APredict_Default_Test"/>
  <testcase name="PredictDefault_24Q_Testcases" time="2.201" classname="pro.saral.testCases.APredict_Default_Test"/>
  <testcase name="PredictDefault_24Q_Testcases" time="0.066" classname="pro.saral.testCases.APredict_Default_Test"/>
  <testcase name="PredictDefault_24Q_Testcases" time="2.163" classname="pro.saral.testCases.APredict_Default_Test"/>
  <testcase name="PredictDefault_24Q_Testcases" time="2.197" classname="pro.saral.testCases.APredict_Default_Test"/>
  <testcase name="PredictDefault_24Q_Testcases" time="0.09" classname="pro.saral.testCases.APredict_Default_Test"/>
  <testcase name="PredictDefault_24Q_Testcases" time="2.245" classname="pro.saral.testCases.APredict_Default_Test"/>
  <testcase name="PredictDefault_24Q_Testcases" time="0.046" classname="pro.saral.testCases.APredict_Default_Test"/>
  <testcase name="PredictDefault_24Q_Testcases" time="2.167" classname="pro.saral.testCases.APredict_Default_Test"/>
  <testcase name="PredictDefault_24Q_Testcases" time="0.052" classname="pro.saral.testCases.APredict_Default_Test"/>
  <testcase name="PredictDefault_24Q_Testcases" time="2.131" classname="pro.saral.testCases.APredict_Default_Test"/>
  <testcase name="PredictDefault_24Q_Testcases" time="2.211" classname="pro.saral.testCases.APredict_Default_Test"/>
  <testcase name="PredictDefault_24Q_Testcases" time="0.056" classname="pro.saral.testCases.APredict_Default_Test"/>
  <testcase name="PredictDefault_24Q_Testcases" time="2.118" classname="pro.saral.testCases.APredict_Default_Test"/>
  <testcase name="PredictDefault_24Q_Testcases" time="2.258" classname="pro.saral.testCases.APredict_Default_Test"/>
  <testcase name="PredictDefault_24Q_Testcases" time="0.089" classname="pro.saral.testCases.APredict_Default_Test"/>
  <testcase name="PredictDefault_24Q_Testcases" time="2.196" classname="pro.saral.testCases.APredict_Default_Test"/>
  <testcase name="PredictDefault_24Q_Testcases" time="2.235" classname="pro.saral.testCases.APredict_Default_Test"/>
  <testcase name="PredictDefault_24Q_Testcases" time="0.077" classname="pro.saral.testCases.APredict_Default_Test"/>
  <testcase name="PredictDefault_24Q_Testcases" time="2.153" classname="pro.saral.testCases.APredict_Default_Test"/>
  <testcase name="PredictDefault_24Q_Testcases" time="0.069" classname="pro.saral.testCases.APredict_Default_Test"/>
  <testcase name="PredictDefault_24Q_Testcases" time="0.086" classname="pro.saral.testCases.APredict_Default_Test"/>
  <testcase name="PredictDefault_24Q_Testcases" time="0.063" classname="pro.saral.testCases.APredict_Default_Test"/>
  <testcase name="PredictDefault_24Q_Testcases" time="2.255" classname="pro.saral.testCases.APredict_Default_Test"/>
  <testcase name="PredictDefault_24Q_Testcases" time="2.042" classname="pro.saral.testCases.APredict_Default_Test"/>
  <testcase name="PredictDefault_24Q_Testcases" time="2.266" classname="pro.saral.testCases.APredict_Default_Test"/>
  <testcase name="PredictDefault_24Q_Testcases" time="2.465" classname="pro.saral.testCases.APredict_Default_Test"/>
  <testcase name="PredictDefault_24Q_Testcases" time="0.01" classname="pro.saral.testCases.APredict_Default_Test"/>
  <testcase name="PredictDefault_24Q_Testcases" time="2.439" classname="pro.saral.testCases.APredict_Default_Test"/>
  <testcase name="PredictDefault_24Q_Testcases" time="2.407" classname="pro.saral.testCases.APredict_Default_Test"/>
  <testcase name="PredictDefault_24Q_Testcases" time="2.416" classname="pro.saral.testCases.APredict_Default_Test"/>
  <testcase name="PredictDefault_24Q_Testcases" time="0.148" classname="pro.saral.testCases.APredict_Default_Test"/>
  <testcase name="PredictDefault_24Q_Testcases" time="0.012" classname="pro.saral.testCases.APredict_Default_Test"/>
  <testcase name="PredictDefault_24Q_Testcases" time="2.385" classname="pro.saral.testCases.APredict_Default_Test"/>
  <testcase name="PredictDefault_24Q_Testcases" time="2.4" classname="pro.saral.testCases.APredict_Default_Test"/>
  <testcase name="PredictDefault_24Q_Testcases" time="2.339" classname="pro.saral.testCases.APredict_Default_Test"/>
  <testcase name="PredictDefault_24Q_Testcases" time="2.281" classname="pro.saral.testCases.APredict_Default_Test"/>
  <testcase name="PredictDefault_24Q_Testcases" time="0.13" classname="pro.saral.testCases.APredict_Default_Test"/>
  <testcase name="PredictDefault_24Q_Testcases" time="0.009" classname="pro.saral.testCases.APredict_Default_Test"/>
  <testcase name="PredictDefault_24Q_Testcases" time="0.1" classname="pro.saral.testCases.APredict_Default_Test"/>
  <testcase name="PredictDefault_24Q_Testcases" time="2.25" classname="pro.saral.testCases.APredict_Default_Test"/>
  <testcase name="PredictDefault_24Q_Testcases" time="2.225" classname="pro.saral.testCases.APredict_Default_Test"/>
  <testcase name="PredictDefault_24Q_Testcases" time="2.306" classname="pro.saral.testCases.APredict_Default_Test"/>
  <testcase name="PredictDefault_24Q_Testcases" time="2.274" classname="pro.saral.testCases.APredict_Default_Test"/>
  <testcase name="PredictDefault_24Q_Testcases" time="2.288" classname="pro.saral.testCases.APredict_Default_Test"/>
  <testcase name="PredictDefault_24Q_Testcases" time="0.153" classname="pro.saral.testCases.APredict_Default_Test"/>
  <testcase name="Ereturn_24Q_Testcases" time="2.914" classname="pro.saral.testCases.AEreturn_Test"/>
  <testcase name="Ereturn_24Q_Testcases" time="0.669" classname="pro.saral.testCases.AEreturn_Test"/>
  <testcase name="Ereturn_24Q_Testcases" time="2.247" classname="pro.saral.testCases.AEreturn_Test"/>
  <testcase name="Ereturn_24Q_Testcases" time="2.823" classname="pro.saral.testCases.AEreturn_Test"/>
  <testcase name="Ereturn_24Q_Testcases" time="0.372" classname="pro.saral.testCases.AEreturn_Test"/>
  <testcase name="Ereturn_24Q_Testcases" time="0.098" classname="pro.saral.testCases.AEreturn_Test"/>
  <testcase name="Ereturn_24Q_Testcases" time="2.147" classname="pro.saral.testCases.AEreturn_Test"/>
  <testcase name="Ereturn_24Q_Testcases" time="2.171" classname="pro.saral.testCases.AEreturn_Test"/>
  <testcase name="Ereturn_24Q_Testcases" time="0.16" classname="pro.saral.testCases.AEreturn_Test"/>
  <testcase name="Ereturn_24Q_Testcases" time="0.184" classname="pro.saral.testCases.AEreturn_Test"/>
  <testcase name="Ereturn_24Q_Testcases" time="2.313" classname="pro.saral.testCases.AEreturn_Test"/>
  <testcase name="Ereturn_24Q_Testcases" time="2.089" classname="pro.saral.testCases.AEreturn_Test"/>
  <testcase name="Ereturn_24Q_Testcases" time="35.22" classname="pro.saral.testCases.AEreturn_Test"/>
  <testcase name="Ereturn_24Q_Testcases" time="0.037" classname="pro.saral.testCases.AEreturn_Test"/>
  <testcase name="Ereturn_24Q_Testcases" time="2.247" classname="pro.saral.testCases.AEreturn_Test"/>
  <testcase name="Ereturn_24Q_Testcases" time="2.26" classname="pro.saral.testCases.AEreturn_Test"/>
  <testcase name="Ereturn_24Q_Testcases" time="2.139" classname="pro.saral.testCases.AEreturn_Test"/>
  <testcase name="Ereturn_24Q_Testcases" time="0.098" classname="pro.saral.testCases.AEreturn_Test"/>
  <testcase name="Ereturn_24Q_Testcases" time="2.116" classname="pro.saral.testCases.AEreturn_Test"/>
  <testcase name="Ereturn_24Q_Testcases" time="0.085" classname="pro.saral.testCases.AEreturn_Test"/>
  <testcase name="Ereturn_24Q_Testcases" time="2.151" classname="pro.saral.testCases.AEreturn_Test"/>
  <testcase name="Ereturn_24Q_Testcases" time="2.171" classname="pro.saral.testCases.AEreturn_Test"/>
  <testcase name="Ereturn_24Q_Testcases" time="0.085" classname="pro.saral.testCases.AEreturn_Test"/>
  <testcase name="Ereturn_24Q_Testcases" time="2.191" classname="pro.saral.testCases.AEreturn_Test"/>
  <testcase name="Ereturn_24Q_Testcases" time="0.082" classname="pro.saral.testCases.AEreturn_Test"/>
  <testcase name="Ereturn_24Q_Testcases" time="2.141" classname="pro.saral.testCases.AEreturn_Test"/>
  <testcase name="Ereturn_24Q_Testcases" time="2.158" classname="pro.saral.testCases.AEreturn_Test"/>
  <testcase name="Ereturn_24Q_Testcases" time="2.713" classname="pro.saral.testCases.AEreturn_Test"/>
  <testcase name="Ereturn_24Q_Testcases" time="2.371" classname="pro.saral.testCases.AEreturn_Test"/>
  <testcase name="Ereturn_24Q_Testcases" time="0.139" classname="pro.saral.testCases.AEreturn_Test"/>
  <testcase name="Ereturn_24Q_Testcases" time="2.222" classname="pro.saral.testCases.AEreturn_Test"/>
  <testcase name="Ereturn_24Q_Testcases" time="2.498" classname="pro.saral.testCases.AEreturn_Test"/>
  <testcase name="Ereturn_24Q_Testcases" time="8.176" classname="pro.saral.testCases.AEreturn_Test"/>
  <testcase name="Ereturn_24Q_Testcases" time="0.048" classname="pro.saral.testCases.AEreturn_Test"/>
  <testcase name="Ereturn_24Q_Testcases" time="2.492" classname="pro.saral.testCases.AEreturn_Test"/>
  <testcase name="Ereturn_24Q_Testcases" time="2.451" classname="pro.saral.testCases.AEreturn_Test"/>
  <testcase name="Ereturn_24Q_Testcases" time="2.271" classname="pro.saral.testCases.AEreturn_Test"/>
  <testcase name="Ereturn_24Q_Testcases" time="2.145" classname="pro.saral.testCases.AEreturn_Test"/>
  <testcase name="Ereturn_24Q_Testcases" time="0.094" classname="pro.saral.testCases.AEreturn_Test"/>
  <testcase name="Ereturn_24Q_Testcases" time="0.341" classname="pro.saral.testCases.AEreturn_Test"/>
  <testcase name="Ereturn_24Q_Testcases" time="2.131" classname="pro.saral.testCases.AEreturn_Test"/>
  <testcase name="Ereturn_24Q_Testcases" time="2.15" classname="pro.saral.testCases.AEreturn_Test"/>
  <testcase name="Ereturn_24Q_Testcases" time="2.508" classname="pro.saral.testCases.AEreturn_Test"/>
  <testcase name="Ereturn_24Q_Testcases" time="2.397" classname="pro.saral.testCases.AEreturn_Test"/>
  <testcase name="Ereturn_24Q_Testcases" time="0.092" classname="pro.saral.testCases.AEreturn_Test"/>
  <testcase name="Ereturn_24Q_Testcases" time="2.179" classname="pro.saral.testCases.AEreturn_Test"/>
  <testcase name="Ereturn_24Q_Testcases" time="2.356" classname="pro.saral.testCases.AEreturn_Test"/>
  <testcase name="Ereturn_24Q_Testcases" time="5.035" classname="pro.saral.testCases.AEreturn_Test"/>
  <testcase name="Ereturn_24Q_Testcases" time="2.205" classname="pro.saral.testCases.AEreturn_Test"/>
  <testcase name="Ereturn_24Q_Testcases" time="2.216" classname="pro.saral.testCases.AEreturn_Test"/>
  <testcase name="Ereturn_24Q_Testcases" time="2.184" classname="pro.saral.testCases.AEreturn_Test"/>
  <testcase name="Ereturn_24Q_Testcases" time="0.071" classname="pro.saral.testCases.AEreturn_Test"/>
  <testcase name="Ereturn_24Q_Testcases" time="0.388" classname="pro.saral.testCases.AEreturn_Test"/>
  <testcase name="Ereturn_24Q_Testcases" time="2.192" classname="pro.saral.testCases.AEreturn_Test"/>
  <testcase name="Ereturn_24Q_Testcases" time="2.131" classname="pro.saral.testCases.AEreturn_Test"/>
  <testcase name="Ereturn_24Q_Testcases" time="2.04" classname="pro.saral.testCases.AEreturn_Test"/>
  <testcase name="Ereturn_24Q_Testcases" time="2.405" classname="pro.saral.testCases.AEreturn_Test"/>
  <testcase name="Ereturn_24Q_Testcases" time="0.086" classname="pro.saral.testCases.AEreturn_Test"/>
  <testcase name="Ereturn_24Q_Testcases" time="2.135" classname="pro.saral.testCases.AEreturn_Test"/>
  <testcase name="Ereturn_24Q_Testcases" time="2.315" classname="pro.saral.testCases.AEreturn_Test"/>
  <testcase name="Ereturn_24Q_Testcases" time="5.972" classname="pro.saral.testCases.AEreturn_Test"/>
  <testcase name="Ereturn_24Q_Testcases" time="0.037" classname="pro.saral.testCases.AEreturn_Test"/>
  <testcase name="Ereturn_24Q_Testcases" time="0.012" classname="pro.saral.testCases.AEreturn_Test"/>
  <testcase name="Ereturn_24Q_Testcases" time="2.276" classname="pro.saral.testCases.AEreturn_Test"/>
  <testcase name="Ereturn_24Q_Testcases" time="2.453" classname="pro.saral.testCases.AEreturn_Test"/>
  <testcase name="Ereturn_24Q_Testcases" time="2.232" classname="pro.saral.testCases.AEreturn_Test"/>
  <testcase name="Ereturn_24Q_Testcases" time="2.442" classname="pro.saral.testCases.AEreturn_Test"/>
  <testcase name="Ereturn_24Q_Testcases" time="2.421" classname="pro.saral.testCases.AEreturn_Test"/>
  <testcase name="Ereturn_24Q_Testcases" time="2.377" classname="pro.saral.testCases.AEreturn_Test"/>
  <testcase name="Ereturn_24Q_Testcases" time="2.415" classname="pro.saral.testCases.AEreturn_Test"/>
  <testcase name="Ereturn_24Q_Testcases" time="0.126" classname="pro.saral.testCases.AEreturn_Test"/>
  <testcase name="Ereturn_24Q_Testcases" time="0.012" classname="pro.saral.testCases.AEreturn_Test"/>
  <testcase name="Ereturn_24Q_Testcases" time="2.503" classname="pro.saral.testCases.AEreturn_Test"/>
  <testcase name="Ereturn_24Q_Testcases" time="2.845" classname="pro.saral.testCases.AEreturn_Test"/>
[...]
  <testcase name="Challan_Mapping_26Q_Testcases" time="2.221" classname="pro.saral.testCases.Challan_Mapping_26Q_Test"/>
  <testcase name="Challan_Mapping_26Q_Testcases" time="2.227" classname="pro.saral.testCases.Challan_Mapping_26Q_Test"/>
  <testcase name="Challan_Mapping_26Q_Testcases" time="0.117" classname="pro.saral.testCases.Challan_Mapping_26Q_Test"/>
  <testcase name="Challan_Mapping_26Q_Testcases" time="0.01" classname="pro.saral.testCases.Challan_Mapping_26Q_Test"/>
  <testcase name="Challan_Mapping_26Q_Testcases" time="0.091" classname="pro.saral.testCases.Challan_Mapping_26Q_Test"/>
  <testcase name="Challan_Mapping_26Q_Testcases" time="2.21" classname="pro.saral.testCases.Challan_Mapping_26Q_Test"/>
  <testcase name="Challan_Mapping_26Q_Testcases" time="2.228" classname="pro.saral.testCases.Challan_Mapping_26Q_Test"/>
  <testcase name="Challan_Mapping_26Q_Testcases" time="2.245" classname="pro.saral.testCases.Challan_Mapping_26Q_Test"/>
  <testcase name="Challan_Mapping_26Q_Testcases" time="2.223" classname="pro.saral.testCases.Challan_Mapping_26Q_Test"/>
  <testcase name="Challan_Mapping_26Q_Testcases" time="2.213" classname="pro.saral.testCases.Challan_Mapping_26Q_Test"/>
  <testcase name="Challan_Mapping_26Q_Testcases" time="0.086" classname="pro.saral.testCases.Challan_Mapping_26Q_Test"/>
  <testcase name="PredictDefault_26Q_Testcases" time="3.263" classname="pro.saral.testCases.Predict_Default_26Q_Test"/>
  <testcase name="PredictDefault_26Q_Testcases" time="0.669" classname="pro.saral.testCases.Predict_Default_26Q_Test"/>
  <testcase name="PredictDefault_26Q_Testcases" time="2.439" classname="pro.saral.testCases.Predict_Default_26Q_Test"/>
  <testcase name="PredictDefault_26Q_Testcases" time="3.025" classname="pro.saral.testCases.Predict_Default_26Q_Test"/>
  <testcase name="PredictDefault_26Q_Testcases" time="0.268" classname="pro.saral.testCases.Predict_Default_26Q_Test"/>
  <testcase name="PredictDefault_26Q_Testcases" time="0.053" classname="pro.saral.testCases.Predict_Default_26Q_Test"/>
  <testcase name="PredictDefault_26Q_Testcases" time="2.155" classname="pro.saral.testCases.Predict_Default_26Q_Test"/>
  <testcase name="PredictDefault_26Q_Testcases" time="2.439" classname="pro.saral.testCases.Predict_Default_26Q_Test"/>
  <testcase name="PredictDefault_26Q_Testcases" time="2.212" classname="pro.saral.testCases.Predict_Default_26Q_Test"/>
  <testcase name="PredictDefault_26Q_Testcases" time="2.164" classname="pro.saral.testCases.Predict_Default_26Q_Test"/>
  <testcase name="PredictDefault_26Q_Testcases" time="2.119" classname="pro.saral.testCases.Predict_Default_26Q_Test"/>
  <testcase name="PredictDefault_26Q_Testcases" time="35.23" classname="pro.saral.testCases.Predict_Default_26Q_Test"/>
  <testcase name="PredictDefault_26Q_Testcases" time="0.059" classname="pro.saral.testCases.Predict_Default_26Q_Test"/>
  <testcase name="PredictDefault_26Q_Testcases" time="2.143" classname="pro.saral.testCases.Predict_Default_26Q_Test"/>
  <testcase name="PredictDefault_26Q_Testcases" time="2.19" classname="pro.saral.testCases.Predict_Default_26Q_Test"/>
  <testcase name="PredictDefault_26Q_Testcases" time="0.07" classname="pro.saral.testCases.Predict_Default_26Q_Test"/>
  <testcase name="PredictDefault_26Q_Testcases" time="2.165" classname="pro.saral.testCases.Predict_Default_26Q_Test"/>
  <testcase name="PredictDefault_26Q_Testcases" time="2.179" classname="pro.saral.testCases.Predict_Default_26Q_Test"/>
  <testcase name="PredictDefault_26Q_Testcases" time="0.059" classname="pro.saral.testCases.Predict_Default_26Q_Test"/>
  <testcase name="PredictDefault_26Q_Testcases" time="2.122" classname="pro.saral.testCases.Predict_Default_26Q_Test"/>
  <testcase name="PredictDefault_26Q_Testcases" time="2.184" classname="pro.saral.testCases.Predict_Default_26Q_Test"/>
  <testcase name="PredictDefault_26Q_Testcases" time="0.055" classname="pro.saral.testCases.Predict_Default_26Q_Test"/>
  <testcase name="PredictDefault_26Q_Testcases" time="2.142" classname="pro.saral.testCases.Predict_Default_26Q_Test"/>
  <testcase name="PredictDefault_26Q_Testcases" time="2.181" classname="pro.saral.testCases.Predict_Default_26Q_Test"/>
  <testcase name="PredictDefault_26Q_Testcases" time="0.076" classname="pro.saral.testCases.Predict_Default_26Q_Test"/>
  <testcase name="PredictDefault_26Q_Testcases" time="2.198" classname="pro.saral.testCases.Predict_Default_26Q_Test"/>
  <testcase name="PredictDefault_26Q_Testcases" time="2.272" classname="pro.saral.testCases.Predict_Default_26Q_Test"/>
  <testcase name="PredictDefault_26Q_Testcases" time="0.064" classname="pro.saral.testCases.Predict_Default_26Q_Test"/>
  <testcase name="PredictDefault_26Q_Testcases" time="2.148" classname="pro.saral.testCases.Predict_Default_26Q_Test"/>
  <testcase name="PredictDefault_26Q_Testcases" time="0.05" classname="pro.saral.testCases.Predict_Default_26Q_Test"/>
  <testcase name="PredictDefault_26Q_Testcases" time="2.152" classname="pro.saral.testCases.Predict_Default_26Q_Test"/>
  <testcase name="PredictDefault_26Q_Testcases" time="0.06" classname="pro.saral.testCases.Predict_Default_26Q_Test"/>
  <testcase name="PredictDefault_26Q_Testcases" time="2.131" classname="pro.saral.testCases.Predict_Default_26Q_Test"/>
  <testcase name="PredictDefault_26Q_Testcases" time="2.171" classname="pro.saral.testCases.Predict_Default_26Q_Test"/>
  <testcase name="PredictDefault_26Q_Testcases" time="0.07" classname="pro.saral.testCases.Predict_Default_26Q_Test"/>
  <testcase name="PredictDefault_26Q_Testcases" time="2.133" classname="pro.saral.testCases.Predict_Default_26Q_Test"/>
  <testcase name="PredictDefault_26Q_Testcases" time="2.233" classname="pro.saral.testCases.Predict_Default_26Q_Test"/>
  <testcase name="PredictDefault_26Q_Testcases" time="0.069" classname="pro.saral.testCases.Predict_Default_26Q_Test"/>
  <testcase name="PredictDefault_26Q_Testcases" time="2.146" classname="pro.saral.testCases.Predict_Default_26Q_Test"/>
  <testcase name="PredictDefault_26Q_Testcases" time="2.214" classname="pro.saral.testCases.Predict_Default_26Q_Test"/>
  <testcase name="PredictDefault_26Q_Testcases" time="0.074" classname="pro.saral.testCases.Predict_Default_26Q_Test"/>
  <testcase name="PredictDefault_26Q_Testcases" time="2.162" classname="pro.saral.testCases.Predict_Default_26Q_Test"/>
  <testcase name="PredictDefault_26Q_Testcases" time="0.058" classname="pro.saral.testCases.Predict_Default_26Q_Test"/>
  <testcase name="PredictDefault_26Q_Testcases" time="0.035" classname="pro.saral.testCases.Predict_Default_26Q_Test"/>
  <testcase name="PredictDefault_26Q_Testcases" time="0.041" classname="pro.saral.testCases.Predict_Default_26Q_Test"/>
  <testcase name="PredictDefault_26Q_Testcases" time="2.278" classname="pro.saral.testCases.Predict_Default_26Q_Test"/>
  <testcase name="PredictDefault_26Q_Testcases" time="2.437" classname="pro.saral.testCases.Predict_Default_26Q_Test"/>
  <testcase name="PredictDefault_26Q_Testcases" time="2.269" classname="pro.saral.testCases.Predict_Default_26Q_Test"/>
  <testcase name="PredictDefault_26Q_Testcases" time="0.011" classname="pro.saral.testCases.Predict_Default_26Q_Test"/>
  <testcase name="PredictDefault_26Q_Testcases" time="2.547" classname="pro.saral.testCases.Predict_Default_26Q_Test"/>
  <testcase name="PredictDefault_26Q_Testcases" time="2.518" classname="pro.saral.testCases.Predict_Default_26Q_Test"/>
  <testcase name="PredictDefault_26Q_Testcases" time="2.5" classname="pro.saral.testCases.Predict_Default_26Q_Test"/>
  <testcase name="PredictDefault_26Q_Testcases" time="0.156" classname="pro.saral.testCases.Predict_Default_26Q_Test"/>
  <testcase name="PredictDefault_26Q_Testcases" time="0.01" classname="pro.saral.testCases.Predict_Default_26Q_Test"/>
  <testcase name="PredictDefault_26Q_Testcases" time="2.491" classname="pro.saral.testCases.Predict_Default_26Q_Test"/>
  <testcase name="PredictDefault_26Q_Testcases" time="2.265" classname="pro.saral.testCases.Predict_Default_26Q_Test"/>
  <testcase name="PredictDefault_26Q_Testcases" time="2.335" classname="pro.saral.testCases.Predict_Default_26Q_Test"/>
  <testcase name="PredictDefault_26Q_Testcases" time="2.287" classname="pro.saral.testCases.Predict_Default_26Q_Test"/>
  <testcase name="PredictDefault_26Q_Testcases" time="0.131" classname="pro.saral.testCases.Predict_Default_26Q_Test"/>
  <testcase name="PredictDefault_26Q_Testcases" time="0.011" classname="pro.saral.testCases.Predict_Default_26Q_Test"/>
  <testcase name="PredictDefault_26Q_Testcases" time="0.104" classname="pro.saral.testCases.Predict_Default_26Q_Test"/>
  <testcase name="PredictDefault_26Q_Testcases" time="2.249" classname="pro.saral.testCases.Predict_Default_26Q_Test"/>
  <testcase name="PredictDefault_26Q_Testcases" time="2.241" classname="pro.saral.testCases.Predict_Default_26Q_Test"/>
  <testcase name="PredictDefault_26Q_Testcases" time="2.344" classname="pro.saral.testCases.Predict_Default_26Q_Test"/>
  <testcase name="PredictDefault_26Q_Testcases" time="2.398" classname="pro.saral.testCases.Predict_Default_26Q_Test"/>
  <testcase name="PredictDefault_26Q_Testcases" time="2.235" classname="pro.saral.testCases.Predict_Default_26Q_Test"/>
  <testcase name="PredictDefault_26Q_Testcases" time="0.125" classname="pro.saral.testCases.Predict_Default_26Q_Test"/>
  <testcase name="Ereturn_26Q_Testcases" time="2.943" classname="pro.saral.testCases.Ereturn_26Q_Test"/>
  <testcase name="Ereturn_26Q_Testcases" time="0.654" classname="pro.saral.testCases.Ereturn_26Q_Test"/>
  <testcase name="Ereturn_26Q_Testcases" time="2.508" classname="pro.saral.testCases.Ereturn_26Q_Test"/>
  <testcase name="Ereturn_26Q_Testcases" time="2.871" classname="pro.saral.testCases.Ereturn_26Q_Test"/>
  <testcase name="Ereturn_26Q_Testcases" time="0.422" classname="pro.saral.testCases.Ereturn_26Q_Test"/>
  <testcase name="Ereturn_26Q_Testcases" time="0.076" classname="pro.saral.testCases.Ereturn_26Q_Test"/>
  <testcase name="Ereturn_26Q_Testcases" time="2.192" classname="pro.saral.testCases.Ereturn_26Q_Test"/>
  <testcase name="Ereturn_26Q_Testcases" time="2.207" classname="pro.saral.testCases.Ereturn_26Q_Test"/>
  <testcase name="Ereturn_26Q_Testcases" time="0.179" classname="pro.saral.testCases.Ereturn_26Q_Test"/>
  <testcase name="Ereturn_26Q_Testcases" time="0.119" classname="pro.saral.testCases.Ereturn_26Q_Test"/>
  <testcase name="Ereturn_26Q_Testcases" time="2.206" classname="pro.saral.testCases.Ereturn_26Q_Test"/>
  <testcase name="Ereturn_26Q_Testcases" time="2.221" classname="pro.saral.testCases.Ereturn_26Q_Test"/>
  <testcase name="Ereturn_26Q_Testcases" time="35.245" classname="pro.saral.testCases.Ereturn_26Q_Test"/>
  <testcase name="Ereturn_26Q_Testcases" time="0.067" classname="pro.saral.testCases.Ereturn_26Q_Test"/>
  <testcase name="Ereturn_26Q_Testcases" time="2.303" classname="pro.saral.testCases.Ereturn_26Q_Test"/>
  <testcase name="Ereturn_26Q_Testcases" time="2.164" classname="pro.saral.testCases.Ereturn_26Q_Test"/>
  <testcase name="Ereturn_26Q_Testcases" time="2.141" classname="pro.saral.testCases.Ereturn_26Q_Test"/>
  <testcase name="Ereturn_26Q_Testcases" time="0.089" classname="pro.saral.testCases.Ereturn_26Q_Test"/>
  <testcase name="Ereturn_26Q_Testcases" time="2.169" classname="pro.saral.testCases.Ereturn_26Q_Test"/>
  <testcase name="Ereturn_26Q_Testcases" time="2.301" classname="pro.saral.testCases.Ereturn_26Q_Test"/>
  <testcase name="Ereturn_26Q_Testcases" time="2.142" classname="pro.saral.testCases.Ereturn_26Q_Test"/>
  <testcase name="Ereturn_26Q_Testcases" time="0.081" classname="pro.saral.testCases.Ereturn_26Q_Test"/>
  <testcase name="Ereturn_26Q_Testcases" time="2.13" classname="pro.saral.testCases.Ereturn_26Q_Test"/>
  <testcase name="Ereturn_26Q_Testcases" time="0.083" classname="pro.saral.testCases.Ereturn_26Q_Test"/>
  <testcase name="Ereturn_26Q_Testcases" time="2.157" classname="pro.saral.testCases.Ereturn_26Q_Test"/>
  <testcase name="Ereturn_26Q_Testcases" time="2.136" classname="pro.saral.testCases.Ereturn_26Q_Test"/>
  <testcase name="Ereturn_26Q_Testcases" time="0.074" classname="pro.saral.testCases.Ereturn_26Q_Test"/>
  <testcase name="Ereturn_26Q_Testcases" time="2.121" classname="pro.saral.testCases.Ereturn_26Q_Test"/>
  <testcase name="Ereturn_26Q_Testcases" time="0.088" classname="pro.saral.testCases.Ereturn_26Q_Test"/>
  <testcase name="Ereturn_26Q_Testcases" time="2.186" classname="pro.saral.testCases.Ereturn_26Q_Test"/>
  <testcase name="Ereturn_26Q_Testcases" time="2.158" classname="pro.saral.testCases.Ereturn_26Q_Test"/>
  <testcase name="Ereturn_26Q_Testcases" time="2.733" classname="pro.saral.testCases.Ereturn_26Q_Test"/>
  <testcase name="Ereturn_26Q_Testcases" time="2.399" classname="pro.saral.testCases.Ereturn_26Q_Test"/>
  <testcase name="Ereturn_26Q_Testcases" time="0.077" classname="pro.saral.testCases.Ereturn_26Q_Test"/>
  <testcase name="Ereturn_26Q_Testcases" time="2.148" classname="pro.saral.testCases.Ereturn_26Q_Test"/>
  <testcase name="Ereturn_26Q_Testcases" time="2.29" classname="pro.saral.testCases.Ereturn_26Q_Test"/>
  <testcase name="Ereturn_26Q_Testcases" time="8.104" classname="pro.saral.testCases.Ereturn_26Q_Test"/>
  <testcase name="Ereturn_26Q_Testcases" time="0.033" classname="pro.saral.testCases.Ereturn_26Q_Test"/>
  <testcase name="Ereturn_26Q_Testcases" time="2.496" classname="pro.saral.testCases.Ereturn_26Q_Test"/>
  <testcase name="Ereturn_26Q_Testcases" time="2.357" classname="pro.saral.testCases.Ereturn_26Q_Test"/>
  <testcase name="Ereturn_26Q_Testcases" time="2.255" classname="pro.saral.testCases.Ereturn_26Q_Test"/>
  <testcase name="Ereturn_26Q_Testcases" time="2.143" classname="pro.saral.testCases.Ereturn_26Q_Test"/>
  <testcase name="Ereturn_26Q_Testcases" time="0.078" classname="pro.saral.testCases.Ereturn_26Q_Test"/>
  <testcase name="Ereturn_26Q_Testcases" time="0.34" classname="pro.saral.testCases.Ereturn_26Q_Test"/>
  <testcase name="Ereturn_26Q_Testcases" time="2.176" classname="pro.saral.testCases.Ereturn_26Q_Test"/>
  <testcase name="Ereturn_26Q_Testcases" time="2.123" classname="pro.saral.testCases.Ereturn_26Q_Test"/>
  <testcase name="Ereturn_26Q_Testcases" time="2.505" classname="pro.saral.testCases.Ereturn_26Q_Test"/>
  <testcase name="Ereturn_26Q_Testcases" time="2.406" classname="pro.saral.testCases.Ereturn_26Q_Test"/>
  <testcase name="Ereturn_26Q_Testcases" time="0.067" classname="pro.saral.testCases.Ereturn_26Q_Test"/>
  <testcase name="Ereturn_26Q_Testcases" time="2.143" classname="pro.saral.testCases.Ereturn_26Q_Test"/>
  <testcase name="Ereturn_26Q_Testcases" time="2.316" classname="pro.saral.testCases.Ereturn_26Q_Test"/>
  <testcase name="Ereturn_26Q_Testcases" time="5.105" classname="pro.saral.testCases.Ereturn_26Q_Test"/>
  <testcase name="Ereturn_26Q_Testcases" time="2.186" classname="pro.saral.testCases.Ereturn_26Q_Test"/>
  <testcase name="Ereturn_26Q_Testcases" time="2.202" classname="pro.saral.testCases.Ereturn_26Q_Test"/>
  <testcase name="Ereturn_26Q_Testcases" time="2.146" classname="pro.saral.testCases.Ereturn_26Q_Test"/>
  <testcase name="Ereturn_26Q_Testcases" time="0.091" classname="pro.saral.testCases.Ereturn_26Q_Test"/>
  <testcase name="Ereturn_26Q_Testcases" time="0.383" classname="pro.saral.testCases.Ereturn_26Q_Test"/>
  <testcase name="Ereturn_26Q_Testcases" time="2.131" classname="pro.saral.testCases.Ereturn_26Q_Test"/>
  <testcase name="Ereturn_26Q_Testcases" time="2.16" classname="pro.saral.testCases.Ereturn_26Q_Test"/>
  <testcase name="Ereturn_26Q_Testcases" time="2.038" classname="pro.saral.testCases.Ereturn_26Q_Test"/>
  <testcase name="Ereturn_26Q_Testcases" time="2.403" classname="pro.saral.testCases.Ereturn_26Q_Test"/>
  <testcase name="Ereturn_26Q_Testcases" time="0.075" classname="pro.saral.testCases.Ereturn_26Q_Test"/>
  <testcase name="Ereturn_26Q_Testcases" time="2.141" classname="pro.saral.testCases.Ereturn_26Q_Test"/>
  <testcase name="Ereturn_26Q_Testcases" time="2.357" classname="pro.saral.testCases.Ereturn_26Q_Test"/>
  <testcase name="Ereturn_26Q_Testcases" time="8.027" classname="pro.saral.testCases.Ereturn_26Q_Test"/>
  <testcase name="Ereturn_26Q_Testcases" time="0.04" classname="pro.saral.testCases.Ereturn_26Q_Test"/>
  <testcase name="Ereturn_26Q_Testcases" time="0.008" classname="pro.saral.testCases.Ereturn_26Q_Test"/>
  <testcase name="Ereturn_26Q_Testcases" time="2.304" classname="pro.saral.testCases.Ereturn_26Q_Test"/>
  <testcase name="Ereturn_26Q_Testcases" time="2.584" classname="pro.saral.testCases.Ereturn_26Q_Test"/>
  <testcase name="Ereturn_26Q_Testcases" time="2.201" classname="pro.saral.testCases.Ereturn_26Q_Test"/>
  <testcase name="Ereturn_26Q_Testcases" time="2.457" classname="pro.saral.testCases.Ereturn_26Q_Test"/>
  <testcase name="Ereturn_26Q_Testcases" time="2.405" classname="pro.saral.testCases.Ereturn_26Q_Test"/>
  <testcase name="Ereturn_26Q_Testcases" time="2.411" classname="pro.saral.testCases.Ereturn_26Q_Test"/>
  <testcase name="Ereturn_26Q_Testcases" time="0.147" classname="pro.saral.testCases.Ereturn_26Q_Test"/>
  <testcase name="Ereturn_26Q_Testcases" time="0.01" classname="pro.saral.testCases.Ereturn_26Q_Test"/>
  <testcase name="Ereturn_26Q_Testcases" time="2.559" classname="pro.saral.testCases.Ereturn_26Q_Test"/>
  <testcase name="Ereturn_26Q_Testcases" time="2.514" classname="pro.saral.testCases.Ereturn_26Q_Test"/>
  <testcase name="Ereturn_26Q_Testcases" time="2.251" classname="pro.saral.testCases.Ereturn_26Q_Test"/>
  <testcase name="Ereturn_26Q_Testcases" time="2.265" classname="pro.saral.testCases.Ereturn_26Q_Test"/>
  <testcase name="Ereturn_26Q_Testcases" time="2.206" classname="pro.saral.testCases.Ereturn_26Q_Test"/>
  <testcase name="Ereturn_26Q_Testcases" time="2.254" classname="pro.saral.testCases.Ereturn_26Q_Test"/>
  <testcase name="Ereturn_26Q_Testcases" time="0.096" classname="pro.saral.testCases.Ereturn_26Q_Test"/>
  <testcase name="Ereturn_26Q_Testcases" time="2.214" classname="pro.saral.testCases.Ereturn_26Q_Test"/>
  <testcase name="Ereturn_26Q_Testcases" time="2.204" classname="pro.saral.testCases.Ereturn_26Q_Test"/>
  <testcase name="Ereturn_26Q_Testcases" time="2.247" classname="pro.saral.testCases.Ereturn_26Q_Test"/>
  <testcase name="Ereturn_26Q_Testcases" time="2.24" classname="pro.saral.testCases.Ereturn_26Q_Test"/>
  <testcase name="Ereturn_26Q_Testcases" time="2.211" classname="pro.saral.testCases.Ereturn_26Q_Test"/>
  <testcase name="Ereturn_26Q_Testcases" time="2.054" classname="pro.saral.testCases.Ereturn_26Q_Test"/>
  <testcase name="Ereturn_26Q_Testcases" time="2.38" classname="pro.saral.testCases.Ereturn_26Q_Test"/>
  <testcase name="Ereturn_26Q_Testcases" time="0.11" classname="pro.saral.testCases.Ereturn_26Q_Test"/>
  <testcase name="Ereturn_26Q_Testcases" time="2.124" classname="pro.saral.testCases.Ereturn_26Q_Test"/>
  <testcase name="Ereturn_26Q_Testcases" time="2.304" classname="pro.saral.testCases.Ereturn_26Q_Test"/>
  <testcase name="Ereturn_26Q_Testcases" time="10.009" classname="pro.saral.testCases.Ereturn_26Q_Test"/>
  <testcase name="Ereturn_26Q_Testcases" time="2.298" classname="pro.saral.testCases.Ereturn_26Q_Test"/>
  <testcase name="Ereturn_26Q_Testcases" time="2.225" classname="pro.saral.testCases.Ereturn_26Q_Test"/>
  <testcase name="Ereturn_26Q_Testcases" time="2.215" classname="pro.saral.testCases.Ereturn_26Q_Test"/>
  <testcase name="Ereturn_26Q_Testcases" time="0.064" classname="pro.saral.testCases.Ereturn_26Q_Test"/>
  <testcase name="Ereturn_26Q_Testcases" time="0.033" classname="pro.saral.testCases.Ereturn_26Q_Test"/>
  <testcase name="Ereturn_26Q_Testcases" time="0.034" classname="pro.saral.testCases.Ereturn_26Q_Test"/>
  <testcase name="Ereturn_26Q_Testcases" time="0.032" classname="pro.saral.testCases.Ereturn_26Q_Test"/>
</testsuite> <!-- GstSaral Test -->
