<?xml version="1.0" encoding="UTF-8"?>
<!-- Generated by org.testng.reporters.JUnitXMLReporter -->
<testsuite hostname="Darshan" name="GstSaral Test" tests="11" failures="0" timestamp="13 Jun 2022 09:50:43 GMT" time="32.103" errors="0">
  <testcase name="@BeforeMethod Login_Entry" time="0.0" classname="pro.saral.testCases.Employee_Test">
    <failure type="org.openqa.selenium.json.JsonException" message="java.lang.reflect.InvocationTargetException
Build info: version: &amp;apos;3.141.59&amp;apos;, revision: &amp;apos;e82be7d358&amp;apos;, time: &amp;apos;2018-11-14T08:17:03&amp;apos;
System info: host: &amp;apos;DARSHAN&amp;apos;, ip: &amp;apos;192.168.2.30&amp;apos;, os.name: &amp;apos;Windows 8.1&amp;apos;, os.arch: &amp;apos;amd64&amp;apos;, os.version: &amp;apos;6.3&amp;apos;, java.version: &amp;apos;1.8.0_221&amp;apos;
Driver info: driver.version: RemoteWebDriver">
      <![CDATA[org.openqa.selenium.json.JsonException: java.lang.reflect.InvocationTargetException
Build info: version: '3.141.59', revision: 'e82be7d358', time: '2018-11-14T08:17:03'
System info: host: 'DARSHAN', ip: '192.168.2.30', os.name: 'Windows 8.1', os.arch: 'amd64', os.version: '6.3', java.version: '1.8.0_221'
Driver info: driver.version: RemoteWebDriver
	at org.openqa.selenium.json.JsonOutput.convertUsingMethod(JsonOutput.java:332)
	at org.openqa.selenium.json.JsonOutput.lambda$new$16(JsonOutput.java:155)
	at org.openqa.selenium.json.JsonOutput.write(JsonOutput.java:264)
	at org.openqa.selenium.json.JsonOutput.lambda$null$21(JsonOutput.java:168)
	at java.util.LinkedHashMap$LinkedValues.forEach(LinkedHashMap.java:608)
	at org.openqa.selenium.json.JsonOutput.lambda$new$22(JsonOutput.java:168)
	at org.openqa.selenium.json.JsonOutput.write(JsonOutput.java:264)
	at org.openqa.selenium.json.JsonOutput.lambda$null$23(JsonOutput.java:177)
	at com.google.common.collect.SingletonImmutableBiMap.forEach(SingletonImmutableBiMap.java:65)
	at org.openqa.selenium.json.JsonOutput.lambda$new$24(JsonOutput.java:176)
	at org.openqa.selenium.json.JsonOutput.write(JsonOutput.java:264)
	at org.openqa.selenium.json.JsonOutput.write(JsonOutput.java:255)
	at org.openqa.selenium.json.Json.toJson(Json.java:42)
	at org.openqa.selenium.remote.http.AbstractHttpCommandCodec.encode(AbstractHttpCommandCodec.java:227)
	at org.openqa.selenium.remote.http.AbstractHttpCommandCodec.encode(AbstractHttpCommandCodec.java:117)
	at org.openqa.selenium.remote.HttpCommandExecutor.execute(HttpCommandExecutor.java:152)
	at org.openqa.selenium.remote.service.DriverCommandExecutor.execute(DriverCommandExecutor.java:83)
	at org.openqa.selenium.remote.RemoteWebDriver.execute(RemoteWebDriver.java:552)
	at org.openqa.selenium.remote.RemoteWebDriver.perform(RemoteWebDriver.java:618)
	at org.openqa.selenium.interactions.Actions$BuiltAction.perform(Actions.java:639)
	at org.openqa.selenium.interactions.Actions.perform(Actions.java:595)
	at pro.saral.pageObject.Employee.entityhover(Employee.java:189)
	at pro.saral.testCases.Employee_Test.Login_Entry(Employee_Test.java:13)
	Suppressed: org.openqa.selenium.json.JsonException: Attempting to close incomplete json stream
Build info: version: '3.141.59', revision: 'e82be7d358', time: '2018-11-14T08:17:03'
System info: host: 'DARSHAN', ip: '192.168.2.30', os.name: 'Windows 8.1', os.arch: 'amd64', os.version: '6.3', java.version: '1.8.0_221'
Driver info: driver.version: RemoteWebDriver
		at org.openqa.selenium.json.JsonOutput.close(JsonOutput.java:279)
		at org.openqa.selenium.json.Json.toJson(Json.java:44)
		... 36 more
	at org.openqa.selenium.json.JsonOutput.convertUsingMethod(JsonOutput.java:328)
	... 48 more
Caused by: org.openqa.selenium.NoSuchWindowException: no such window: target window already closed
from unknown error: web view not found
  (Session info: chrome=102.0.5005.63)
Build info: version: '3.141.59', revision: 'e82be7d358', time: '2018-11-14T08:17:03'
System info: host: 'DARSHAN', ip: '192.168.2.30', os.name: 'Windows 8.1', os.arch: 'amd64', os.version: '6.3', java.version: '1.8.0_221'
Driver info: org.openqa.selenium.chrome.ChromeDriver
Capabilities {acceptInsecureCerts: false, browserName: chrome, browserVersion: 102.0.5005.63, chrome: {chromedriverVersion: 102.0.5005.61 (0e59bcc00cc4..., userDataDir: C:\Users\Darshan\AppData\Lo...}, goog:chromeOptions: {debuggerAddress: localhost:65139}, javascriptEnabled: true, networkConnectionEnabled: false, pageLoadStrategy: normal, platform: WINDOWS, platformName: WINDOWS, proxy: Proxy(), setWindowRect: true, strictFileInteractability: false, timeouts: {implicit: 0, pageLoad: 300000, script: 30000}, unhandledPromptBehavior: dismiss and notify, webauthn:extension:credBlob: true, webauthn:extension:largeBlob: true, webauthn:virtualAuthenticators: true}
Session ID: c94dbc329c09d63b36dfac496ee52bf7
*** Element info: {Using=id, value=Saral_Pro_Test}
	at org.openqa.selenium.remote.http.W3CHttpResponseCodec.createException(W3CHttpResponseCodec.java:187)
	at org.openqa.selenium.remote.http.W3CHttpResponseCodec.decode(W3CHttpResponseCodec.java:122)
	at org.openqa.selenium.remote.http.W3CHttpResponseCodec.decode(W3CHttpResponseCodec.java:49)
	at org.openqa.selenium.remote.HttpCommandExecutor.execute(HttpCommandExecutor.java:158)
	at org.openqa.selenium.remote.service.DriverCommandExecutor.execute(DriverCommandExecutor.java:83)
	at org.openqa.selenium.remote.RemoteWebDriver.execute(RemoteWebDriver.java:552)
	at org.openqa.selenium.remote.RemoteWebDriver.findElement(RemoteWebDriver.java:323)
	at org.openqa.selenium.remote.RemoteWebDriver.findElementById(RemoteWebDriver.java:372)
	at org.openqa.selenium.By$ById.findElement(By.java:188)
	at org.openqa.selenium.remote.RemoteWebDriver.findElement(RemoteWebDriver.java:315)
	at org.openqa.selenium.support.pagefactory.DefaultElementLocator.findElement(DefaultElementLocator.java:69)
	at org.openqa.selenium.support.pagefactory.internal.LocatingElementHandler.invoke(LocatingElementHandler.java:38)
	at com.sun.proxy.$Proxy11.getWrappedElement(Unknown Source)
	at org.openqa.selenium.interactions.PointerInput$Origin.asArg(PointerInput.java:204)
	at org.openqa.selenium.interactions.PointerInput$Move.encode(PointerInput.java:155)
	at org.openqa.selenium.interactions.Sequence.encode(Sequence.java:75)
	at org.openqa.selenium.interactions.Sequence.toJson(Sequence.java:84)
	... 53 more
... Removed 35 stack frames]]>
    </failure>
  </testcase> <!-- @BeforeMethod Login_Entry -->
  <testcase name="@BeforeMethod Login_Entry" time="0.0" classname="pro.saral.testCases.Employee_Test">
    <skipped/>
  </testcase> <!-- @BeforeMethod Login_Entry -->
  <testcase name="@BeforeMethod Login_Entry" time="0.0" classname="pro.saral.testCases.Employee_Test">
    <skipped/>
  </testcase> <!-- @BeforeMethod Login_Entry -->
  <testcase name="@BeforeMethod Login_Entry" time="0.0" classname="pro.saral.testCases.Employee_Test">
    <skipped/>
  </testcase> <!-- @BeforeMethod Login_Entry -->
  <testcase name="@BeforeMethod Login_Entry" time="0.0" classname="pro.saral.testCases.Employee_Test">
    <skipped/>
  </testcase> <!-- @BeforeMethod Login_Entry -->
  <testcase name="@BeforeMethod Login_Entry" time="0.0" classname="pro.saral.testCases.Employee_Test">
    <skipped/>
  </testcase> <!-- @BeforeMethod Login_Entry -->
  <testcase name="@BeforeMethod Login_Entry" time="0.0" classname="pro.saral.testCases.Employee_Test">
    <skipped/>
  </testcase> <!-- @BeforeMethod Login_Entry -->
  <testcase name="@BeforeMethod Login_Entry" time="0.0" classname="pro.saral.testCases.Employee_Test">
    <skipped/>
  </testcase> <!-- @BeforeMethod Login_Entry -->
  <testcase name="@BeforeMethod Login_Entry" time="0.0" classname="pro.saral.testCases.Employee_Test">
    <skipped/>
  </testcase> <!-- @BeforeMethod Login_Entry -->
  <testcase name="@BeforeMethod Login_Entry" time="0.0" classname="pro.saral.testCases.Employee_Test">
    <skipped/>
  </testcase> <!-- @BeforeMethod Login_Entry -->
  <testcase name="@AfterClass tearDown" time="0.0" classname="pro.saral.testCases.Employee_Test">
    <skipped/>
  </testcase> <!-- @AfterClass tearDown -->
  <testcase name="Mandatory_Field_Check" time="0.924" classname="pro.saral.testCases.Employee_Test"/>
  <testcase name="Enter_Invalid_Pan_And_Check_Validation" time="0.002" classname="pro.saral.testCases.Employee_Test">
    <skipped/>
  </testcase> <!-- Enter_Invalid_Pan_And_Check_Validation -->
  <testcase name="Enter_Invalid_Date_And_Check_Validation" time="0.001" classname="pro.saral.testCases.Employee_Test">
    <skipped/>
  </testcase> <!-- Enter_Invalid_Date_And_Check_Validation -->
  <testcase name="Enter_Only_Mandatory_Field_And_Check" time="0.002" classname="pro.saral.testCases.Employee_Test">
    <skipped/>
  </testcase> <!-- Enter_Only_Mandatory_Field_And_Check -->
  <testcase name="Edit_Fields_And_Update" time="0.001" classname="pro.saral.testCases.Employee_Test">
    <skipped/>
  </testcase> <!-- Edit_Fields_And_Update -->
  <testcase name="Download_Employyee_Excel" time="0.001" classname="pro.saral.testCases.Employee_Test">
    <skipped/>
  </testcase> <!-- Download_Employyee_Excel -->
  <testcase name="Delete_Single_Fields" time="0.001" classname="pro.saral.testCases.Employee_Test">
    <skipped/>
  </testcase> <!-- Delete_Single_Fields -->
  <testcase name="Enter_All_Field_And_Check" time="0.0" classname="pro.saral.testCases.Employee_Test">
    <skipped/>
  </testcase> <!-- Enter_All_Field_And_Check -->
  <testcase name="Enter_All_Field_And_Check_Duplication" time="0.001" classname="pro.saral.testCases.Employee_Test">
    <skipped/>
  </testcase> <!-- Enter_All_Field_And_Check_Duplication -->
  <testcase name="Enter_All_Different_Pan_Cases" time="0.001" classname="pro.saral.testCases.Employee_Test">
    <skipped/>
  </testcase> <!-- Enter_All_Different_Pan_Cases -->
  <testcase name="Delete_All_Fields" time="0.001" classname="pro.saral.testCases.Employee_Test">
    <skipped/>
  </testcase> <!-- Delete_All_Fields -->
</testsuite> <!-- GstSaral Test -->
