<?xml version="1.0" encoding="UTF-8"?>
<!-- Generated by org.testng.reporters.JUnitXMLReporter -->
<testsuite hostname="Darshan" name="GstSaral Test" tests="3" failures="0" timestamp="13 Jun 2022 12:42:30 GMT" time="78.127" errors="0">
  <testcase name="Enter_All_Field_And_Check_Duplication" time="4.988" classname="pro.saral.testCases.Employee_Test"/>
  <testcase name="Enter_All_Different_Pan_Cases" time="13.515" classname="pro.saral.testCases.Employee_Test"/>
  <testcase name="Delete_All_Fields" time="2.237" classname="pro.saral.testCases.Employee_Test"/>
</testsuite> <!-- GstSaral Test -->
