<?xml version="1.0" encoding="UTF-8"?>
<!-- Generated by org.testng.reporters.JUnitXMLReporter -->
<testsuite hostname="Darshan" name="GstSaral Test" tests="8" failures="0" timestamp="13 Jun 2022 04:03:23 GMT" time="307.324" errors="0">
  <testcase name="Download_Template_And_Verify" time="9.382" classname="pro.saral.testCases.Aimport_Test"/>
  <testcase name="Check_Tan_Validation" time="5.117" classname="pro.saral.testCases.Aimport_Test"/>
  <testcase name="Click_On_Upload_File_without_Selecting_Excel_File_and_verify_validation" time="18.753" classname="pro.saral.testCases.Aimport_Test"/>
  <testcase name="Upload_Valid_Excel_And_Check_Sucess_Status" time="37.553" classname="pro.saral.testCases.Aimport_Test"/>
  <testcase name="Upload_Invalid_Excel_And_Check_Errors" time="36.781" classname="pro.saral.testCases.Aimport_Test"/>
  <testcase name="Upload_Valid_Conso_And_Check_Sucess_Status" time="57.826" classname="pro.saral.testCases.Aimport_Test"/>
  <testcase name="Upload_Valid_Text_And_Check_Sucess_Status" time="35.786" classname="pro.saral.testCases.Aimport_Test"/>
  <testcase name="Upload_Valid_Mster_Excel_And_Check_Sucess_Status" time="41.084" classname="pro.saral.testCases.Aimport_Test"/>
</testsuite> <!-- GstSaral Test -->
