<?xml version="1.0" encoding="UTF-8"?>
<!-- Generated by org.testng.reporters.JUnitXMLReporter -->
<testsuite hostname="DESKTOP-KIK7PCN" name="GstSaral Test" tests="69" failures="0" timestamp="10 Jun 2022 08:42:33 GMT" time="46.969" errors="0">
  <testcase name="@BeforeClass setup" time="0.0" classname="pro.saral.testCases.AEreturn_Test">
    <failure type="org.openqa.selenium.ElementClickInterceptedException" message="element click intercepted: Element &amp;lt;div style=&amp;quot;position: absolute; top: 5px; right: 10px; cursor: pointer;&amp;quot;&amp;gt;...&amp;lt;/div&amp;gt; is not clickable at point (1052, 178). Other element would receive the click: &amp;lt;div class=&amp;quot;r-spinner-loader&amp;quot;&amp;gt;...&amp;lt;/div&amp;gt;
  (Session info: chrome=102.0.5005.63)
Build info: version: &amp;apos;3.141.59&amp;apos;, revision: &amp;apos;e82be7d358&amp;apos;, time: &amp;apos;2018-11-14T08:17:03&amp;apos;
System info: host: &amp;apos;DESKTOP-KIK7PCN&amp;apos;, ip: &amp;apos;192.168.43.53&amp;apos;, os.name: &amp;apos;Windows 10&amp;apos;, os.arch: &amp;apos;amd64&amp;apos;, os.version: &amp;apos;10.0&amp;apos;, java.version: &amp;apos;1.8.0_221&amp;apos;
Driver info: org.openqa.selenium.chrome.ChromeDriver
Capabilities {acceptInsecureCerts: false, browserName: chrome, browserVersion: 102.0.5005.63, chrome: {chromedriverVersion: 102.0.5005.61 (0e59bcc00cc4..., userDataDir: C:\Users\sujatha\AppData\Lo...}, goog:chromeOptions: {debuggerAddress: localhost:51787}, javascriptEnabled: true, networkConnectionEnabled: false, pageLoadStrategy: normal, platform: WINDOWS, platformName: WINDOWS, proxy: Proxy(), setWindowRect: true, strictFileInteractability: false, timeouts: {implicit: 0, pageLoad: 300000, script: 30000}, unhandledPromptBehavior: dismiss and notify, webauthn:extension:credBlob: true, webauthn:extension:largeBlob: true, webauthn:virtualAuthenticators: true}
Session ID: e9cab072c8ced0cc61aae1ee315c068f">
      <![CDATA[org.openqa.selenium.ElementClickInterceptedException: element click intercepted: Element <div style="position: absolute; top: 5px; right: 10px; cursor: pointer;">...</div> is not clickable at point (1052, 178). Other element would receive the click: <div class="r-spinner-loader">...</div>
  (Session info: chrome=102.0.5005.63)
Build info: version: '3.141.59', revision: 'e82be7d358', time: '2018-11-14T08:17:03'
System info: host: 'DESKTOP-KIK7PCN', ip: '192.168.43.53', os.name: 'Windows 10', os.arch: 'amd64', os.version: '10.0', java.version: '1.8.0_221'
Driver info: org.openqa.selenium.chrome.ChromeDriver
Capabilities {acceptInsecureCerts: false, browserName: chrome, browserVersion: 102.0.5005.63, chrome: {chromedriverVersion: 102.0.5005.61 (0e59bcc00cc4..., userDataDir: C:\Users\sujatha\AppData\Lo...}, goog:chromeOptions: {debuggerAddress: localhost:51787}, javascriptEnabled: true, networkConnectionEnabled: false, pageLoadStrategy: normal, platform: WINDOWS, platformName: WINDOWS, proxy: Proxy(), setWindowRect: true, strictFileInteractability: false, timeouts: {implicit: 0, pageLoad: 300000, script: 30000}, unhandledPromptBehavior: dismiss and notify, webauthn:extension:credBlob: true, webauthn:extension:largeBlob: true, webauthn:virtualAuthenticators: true}
Session ID: e9cab072c8ced0cc61aae1ee315c068f
	at org.openqa.selenium.remote.http.W3CHttpResponseCodec.createException(W3CHttpResponseCodec.java:187)
	at org.openqa.selenium.remote.http.W3CHttpResponseCodec.decode(W3CHttpResponseCodec.java:122)
	at org.openqa.selenium.remote.http.W3CHttpResponseCodec.decode(W3CHttpResponseCodec.java:49)
	at org.openqa.selenium.remote.HttpCommandExecutor.execute(HttpCommandExecutor.java:158)
	at org.openqa.selenium.remote.service.DriverCommandExecutor.execute(DriverCommandExecutor.java:83)
	at org.openqa.selenium.remote.RemoteWebDriver.execute(RemoteWebDriver.java:552)
	at org.openqa.selenium.remote.RemoteWebElement.execute(RemoteWebElement.java:285)
	at org.openqa.selenium.remote.RemoteWebElement.click(RemoteWebElement.java:84)
	at org.openqa.selenium.support.pagefactory.internal.LocatingElementHandler.invoke(LocatingElementHandler.java:51)
	at com.sun.proxy.$Proxy11.click(Unknown Source)
	at pro.saral.pageObject.LoginPage.closereleasenote(LoginPage.java:99)
	at pro.saral.testCases.BaseClass.setup(BaseClass.java:79)
... Removed 32 stack frames]]>
    </failure>
  </testcase> <!-- @BeforeClass setup -->
  <testcase name="@AfterClass tearDown" time="0.0" classname="pro.saral.testCases.AEreturn_Test">
    <skipped/>
  </testcase> <!-- @AfterClass tearDown -->
  <testcase name="Challan_Testcases" time="0.003" classname="pro.saral.testCases.AEreturn_Test">
    <skipped/>
  </testcase> <!-- Challan_Testcases -->
  <testcase name="Challan_Testcases" time="0.004" classname="pro.saral.testCases.AEreturn_Test">
    <skipped/>
  </testcase> <!-- Challan_Testcases -->
  <testcase name="Challan_Testcases" time="0.003" classname="pro.saral.testCases.AEreturn_Test">
    <skipped/>
  </testcase> <!-- Challan_Testcases -->
  <testcase name="Challan_Testcases" time="0.07" classname="pro.saral.testCases.AEreturn_Test">
    <skipped/>
  </testcase> <!-- Challan_Testcases -->
  <testcase name="Challan_Testcases" time="0.002" classname="pro.saral.testCases.AEreturn_Test">
    <skipped/>
  </testcase> <!-- Challan_Testcases -->
  <testcase name="Challan_Testcases" time="0.002" classname="pro.saral.testCases.AEreturn_Test">
    <skipped/>
  </testcase> <!-- Challan_Testcases -->
  <testcase name="Challan_Testcases" time="0.0" classname="pro.saral.testCases.AEreturn_Test">
    <skipped/>
  </testcase> <!-- Challan_Testcases -->
  <testcase name="Challan_Testcases" time="0.001" classname="pro.saral.testCases.AEreturn_Test">
    <skipped/>
  </testcase> <!-- Challan_Testcases -->
  <testcase name="Challan_Testcases" time="0.001" classname="pro.saral.testCases.AEreturn_Test">
    <skipped/>
  </testcase> <!-- Challan_Testcases -->
  <testcase name="Challan_Testcases" time="0.003" classname="pro.saral.testCases.AEreturn_Test">
    <skipped/>
  </testcase> <!-- Challan_Testcases -->
  <testcase name="Challan_Testcases" time="0.001" classname="pro.saral.testCases.AEreturn_Test">
    <skipped/>
  </testcase> <!-- Challan_Testcases -->
  <testcase name="Challan_Testcases" time="0.002" classname="pro.saral.testCases.AEreturn_Test">
    <skipped/>
  </testcase> <!-- Challan_Testcases -->
  <testcase name="Challan_Testcases" time="0.005" classname="pro.saral.testCases.AEreturn_Test">
    <skipped/>
  </testcase> <!-- Challan_Testcases -->
  <testcase name="Challan_Testcases" time="0.003" classname="pro.saral.testCases.AEreturn_Test">
    <skipped/>
  </testcase> <!-- Challan_Testcases -->
  <testcase name="Challan_Testcases" time="0.001" classname="pro.saral.testCases.AEreturn_Test">
    <skipped/>
  </testcase> <!-- Challan_Testcases -->
  <testcase name="Challan_Testcases" time="0.003" classname="pro.saral.testCases.AEreturn_Test">
    <skipped/>
  </testcase> <!-- Challan_Testcases -->
  <testcase name="Challan_Testcases" time="0.001" classname="pro.saral.testCases.AEreturn_Test">
    <skipped/>
  </testcase> <!-- Challan_Testcases -->
  <testcase name="Challan_Testcases" time="0.002" classname="pro.saral.testCases.AEreturn_Test">
    <skipped/>
  </testcase> <!-- Challan_Testcases -->
  <testcase name="Challan_Testcases" time="0.0" classname="pro.saral.testCases.AEreturn_Test">
    <skipped/>
  </testcase> <!-- Challan_Testcases -->
  <testcase name="Challan_Testcases" time="0.001" classname="pro.saral.testCases.AEreturn_Test">
    <skipped/>
  </testcase> <!-- Challan_Testcases -->
  <testcase name="Challan_Testcases" time="0.0" classname="pro.saral.testCases.AEreturn_Test">
    <skipped/>
  </testcase> <!-- Challan_Testcases -->
  <testcase name="Challan_Testcases" time="0.0" classname="pro.saral.testCases.AEreturn_Test">
    <skipped/>
  </testcase> <!-- Challan_Testcases -->
  <testcase name="Challan_Testcases" time="0.001" classname="pro.saral.testCases.AEreturn_Test">
    <skipped/>
  </testcase> <!-- Challan_Testcases -->
  <testcase name="Challan_Testcases" time="0.001" classname="pro.saral.testCases.AEreturn_Test">
    <skipped/>
  </testcase> <!-- Challan_Testcases -->
  <testcase name="Challan_Testcases" time="0.003" classname="pro.saral.testCases.AEreturn_Test">
    <skipped/>
  </testcase> <!-- Challan_Testcases -->
  <testcase name="Challan_Testcases" time="0.001" classname="pro.saral.testCases.AEreturn_Test">
    <skipped/>
  </testcase> <!-- Challan_Testcases -->
  <testcase name="Challan_Testcases" time="0.001" classname="pro.saral.testCases.AEreturn_Test">
    <skipped/>
  </testcase> <!-- Challan_Testcases -->
  <testcase name="Challan_Testcases" time="0.001" classname="pro.saral.testCases.AEreturn_Test">
    <skipped/>
  </testcase> <!-- Challan_Testcases -->
  <testcase name="Challan_Testcases" time="0.0" classname="pro.saral.testCases.AEreturn_Test">
    <skipped/>
  </testcase> <!-- Challan_Testcases -->
  <testcase name="Challan_Testcases" time="0.001" classname="pro.saral.testCases.AEreturn_Test">
    <skipped/>
  </testcase> <!-- Challan_Testcases -->
  <testcase name="Challan_Testcases" time="0.021" classname="pro.saral.testCases.AEreturn_Test">
    <skipped/>
  </testcase> <!-- Challan_Testcases -->
  <testcase name="Challan_Testcases" time="0.001" classname="pro.saral.testCases.AEreturn_Test">
    <skipped/>
  </testcase> <!-- Challan_Testcases -->
  <testcase name="Challan_Testcases" time="0.001" classname="pro.saral.testCases.AEreturn_Test">
    <skipped/>
  </testcase> <!-- Challan_Testcases -->
  <testcase name="Challan_Testcases" time="0.001" classname="pro.saral.testCases.AEreturn_Test">
    <skipped/>
  </testcase> <!-- Challan_Testcases -->
  <testcase name="Challan_Testcases" time="0.001" classname="pro.saral.testCases.AEreturn_Test">
    <skipped/>
  </testcase> <!-- Challan_Testcases -->
  <testcase name="Challan_Testcases" time="0.001" classname="pro.saral.testCases.AEreturn_Test">
    <skipped/>
  </testcase> <!-- Challan_Testcases -->
  <testcase name="Challan_Testcases" time="0.0" classname="pro.saral.testCases.AEreturn_Test">
    <skipped/>
  </testcase> <!-- Challan_Testcases -->
  <testcase name="Challan_Testcases" time="0.002" classname="pro.saral.testCases.AEreturn_Test">
    <skipped/>
  </testcase> <!-- Challan_Testcases -->
  <testcase name="Challan_Testcases" time="0.001" classname="pro.saral.testCases.AEreturn_Test">
    <skipped/>
  </testcase> <!-- Challan_Testcases -->
  <testcase name="Challan_Testcases" time="0.0" classname="pro.saral.testCases.AEreturn_Test">
    <skipped/>
  </testcase> <!-- Challan_Testcases -->
  <testcase name="Challan_Testcases" time="0.001" classname="pro.saral.testCases.AEreturn_Test">
    <skipped/>
  </testcase> <!-- Challan_Testcases -->
  <testcase name="Challan_Testcases" time="0.0" classname="pro.saral.testCases.AEreturn_Test">
    <skipped/>
  </testcase> <!-- Challan_Testcases -->
  <testcase name="Challan_Testcases" time="0.01" classname="pro.saral.testCases.AEreturn_Test">
    <skipped/>
  </testcase> <!-- Challan_Testcases -->
  <testcase name="Challan_Testcases" time="0.002" classname="pro.saral.testCases.AEreturn_Test">
    <skipped/>
  </testcase> <!-- Challan_Testcases -->
  <testcase name="Challan_Testcases" time="0.0" classname="pro.saral.testCases.AEreturn_Test">
    <skipped/>
  </testcase> <!-- Challan_Testcases -->
  <testcase name="Challan_Testcases" time="0.0" classname="pro.saral.testCases.AEreturn_Test">
    <skipped/>
  </testcase> <!-- Challan_Testcases -->
  <testcase name="Challan_Testcases" time="0.001" classname="pro.saral.testCases.AEreturn_Test">
    <skipped/>
  </testcase> <!-- Challan_Testcases -->
  <testcase name="Challan_Testcases" time="0.001" classname="pro.saral.testCases.AEreturn_Test">
    <skipped/>
  </testcase> <!-- Challan_Testcases -->
  <testcase name="Challan_Testcases" time="0.001" classname="pro.saral.testCases.AEreturn_Test">
    <skipped/>
  </testcase> <!-- Challan_Testcases -->
  <testcase name="Challan_Testcases" time="0.001" classname="pro.saral.testCases.AEreturn_Test">
    <skipped/>
  </testcase> <!-- Challan_Testcases -->
  <testcase name="Challan_Testcases" time="0.001" classname="pro.saral.testCases.AEreturn_Test">
    <skipped/>
  </testcase> <!-- Challan_Testcases -->
  <testcase name="Challan_Testcases" time="0.001" classname="pro.saral.testCases.AEreturn_Test">
    <skipped/>
  </testcase> <!-- Challan_Testcases -->
  <testcase name="Challan_Testcases" time="0.001" classname="pro.saral.testCases.AEreturn_Test">
    <skipped/>
  </testcase> <!-- Challan_Testcases -->
  <testcase name="Challan_Testcases" time="0.001" classname="pro.saral.testCases.AEreturn_Test">
    <skipped/>
  </testcase> <!-- Challan_Testcases -->
  <testcase name="Challan_Testcases" time="0.001" classname="pro.saral.testCases.AEreturn_Test">
    <skipped/>
  </testcase> <!-- Challan_Testcases -->
  <testcase name="Challan_Testcases" time="0.001" classname="pro.saral.testCases.AEreturn_Test">
    <skipped/>
  </testcase> <!-- Challan_Testcases -->
  <testcase name="Challan_Testcases" time="0.001" classname="pro.saral.testCases.AEreturn_Test">
    <skipped/>
  </testcase> <!-- Challan_Testcases -->
  <testcase name="Challan_Testcases" time="0.004" classname="pro.saral.testCases.AEreturn_Test">
    <skipped/>
  </testcase> <!-- Challan_Testcases -->
  <testcase name="Challan_Testcases" time="0.001" classname="pro.saral.testCases.AEreturn_Test">
    <skipped/>
  </testcase> <!-- Challan_Testcases -->
  <testcase name="Challan_Testcases" time="0.001" classname="pro.saral.testCases.AEreturn_Test">
    <skipped/>
  </testcase> <!-- Challan_Testcases -->
  <testcase name="Challan_Testcases" time="0.001" classname="pro.saral.testCases.AEreturn_Test">
    <skipped/>
  </testcase> <!-- Challan_Testcases -->
  <testcase name="Challan_Testcases" time="0.001" classname="pro.saral.testCases.AEreturn_Test">
    <skipped/>
  </testcase> <!-- Challan_Testcases -->
  <testcase name="Challan_Testcases" time="0.001" classname="pro.saral.testCases.AEreturn_Test">
    <skipped/>
  </testcase> <!-- Challan_Testcases -->
  <testcase name="Challan_Testcases" time="0.001" classname="pro.saral.testCases.AEreturn_Test">
    <skipped/>
  </testcase> <!-- Challan_Testcases -->
  <testcase name="Challan_Testcases" time="0.002" classname="pro.saral.testCases.AEreturn_Test">
    <skipped/>
  </testcase> <!-- Challan_Testcases -->
  <testcase name="Challan_Testcases" time="0.001" classname="pro.saral.testCases.AEreturn_Test">
    <skipped/>
  </testcase> <!-- Challan_Testcases -->
  <testcase name="Challan_Testcases" time="0.001" classname="pro.saral.testCases.AEreturn_Test">
    <skipped/>
  </testcase> <!-- Challan_Testcases -->
  <testcase name="Challan_Testcases" time="0.001" classname="pro.saral.testCases.AEreturn_Test">
    <skipped/>
  </testcase> <!-- Challan_Testcases -->
  <testcase name="Challan_Testcases" time="0.001" classname="pro.saral.testCases.AEreturn_Test">
    <skipped/>
  </testcase> <!-- Challan_Testcases -->
</testsuite> <!-- GstSaral Test -->
