<?xml version="1.0" encoding="UTF-8"?>
<!-- Generated by org.testng.reporters.JUnitXMLReporter -->
<testsuite hostname="Darshan" name="GstSaral Test" tests="159" failures="2" timestamp="9 Jun 2022 03:47:35 GMT" time="400.401" errors="0">
  <testcase name="Create_Client" time="27.044" classname="pro.saral.testCases.Tds_Stepper_Test">
    <failure type="org.openqa.selenium.NoSuchElementException" message="no such element: Unable to locate element: {&amp;quot;method&amp;quot;:&amp;quot;css selector&amp;quot;,&amp;quot;selector&amp;quot;:&amp;quot;#clientListCard\-SavedClientNotification&amp;quot;}
  (Session info: chrome=102.0.5005.63)
For documentation on this error, please visit: https://www.seleniumhq.org/exceptions/no_such_element.html
Build info: version: &amp;apos;3.141.59&amp;apos;, revision: &amp;apos;e82be7d358&amp;apos;, time: &amp;apos;2018-11-14T08:17:03&amp;apos;
System info: host: &amp;apos;DARSHAN&amp;apos;, ip: &amp;apos;192.168.2.30&amp;apos;, os.name: &amp;apos;Windows 8.1&amp;apos;, os.arch: &amp;apos;amd64&amp;apos;, os.version: &amp;apos;6.3&amp;apos;, java.version: &amp;apos;1.8.0_221&amp;apos;
Driver info: org.openqa.selenium.chrome.ChromeDriver
Capabilities {acceptInsecureCerts: false, browserName: chrome, browserVersion: 102.0.5005.63, chrome: {chromedriverVersion: 102.0.5005.61 (0e59bcc00cc4..., userDataDir: C:\Users\Darshan\AppData\Lo...}, goog:chromeOptions: {debuggerAddress: localhost:61751}, javascriptEnabled: true, networkConnectionEnabled: false, pageLoadStrategy: normal, platform: WINDOWS, platformName: WINDOWS, proxy: Proxy(), setWindowRect: true, strictFileInteractability: false, timeouts: {implicit: 0, pageLoad: 300000, script: 30000}, unhandledPromptBehavior: dismiss and notify, webauthn:extension:credBlob: true, webauthn:extension:largeBlob: true, webauthn:virtualAuthenticators: true}
Session ID: 22f8a7a785c33000ea6a211f8610200b
*** Element info: {Using=id, value=clientListCard-SavedClientNotification}">
      <![CDATA[org.openqa.selenium.NoSuchElementException: no such element: Unable to locate element: {"method":"css selector","selector":"#clientListCard\-SavedClientNotification"}
  (Session info: chrome=102.0.5005.63)
For documentation on this error, please visit: https://www.seleniumhq.org/exceptions/no_such_element.html
Build info: version: '3.141.59', revision: 'e82be7d358', time: '2018-11-14T08:17:03'
System info: host: 'DARSHAN', ip: '192.168.2.30', os.name: 'Windows 8.1', os.arch: 'amd64', os.version: '6.3', java.version: '1.8.0_221'
Driver info: org.openqa.selenium.chrome.ChromeDriver
Capabilities {acceptInsecureCerts: false, browserName: chrome, browserVersion: 102.0.5005.63, chrome: {chromedriverVersion: 102.0.5005.61 (0e59bcc00cc4..., userDataDir: C:\Users\Darshan\AppData\Lo...}, goog:chromeOptions: {debuggerAddress: localhost:61751}, javascriptEnabled: true, networkConnectionEnabled: false, pageLoadStrategy: normal, platform: WINDOWS, platformName: WINDOWS, proxy: Proxy(), setWindowRect: true, strictFileInteractability: false, timeouts: {implicit: 0, pageLoad: 300000, script: 30000}, unhandledPromptBehavior: dismiss and notify, webauthn:extension:credBlob: true, webauthn:extension:largeBlob: true, webauthn:virtualAuthenticators: true}
Session ID: 22f8a7a785c33000ea6a211f8610200b
*** Element info: {Using=id, value=clientListCard-SavedClientNotification}
	at org.openqa.selenium.remote.http.W3CHttpResponseCodec.createException(W3CHttpResponseCodec.java:187)
	at org.openqa.selenium.remote.http.W3CHttpResponseCodec.decode(W3CHttpResponseCodec.java:122)
	at org.openqa.selenium.remote.http.W3CHttpResponseCodec.decode(W3CHttpResponseCodec.java:49)
	at org.openqa.selenium.remote.HttpCommandExecutor.execute(HttpCommandExecutor.java:158)
	at org.openqa.selenium.remote.service.DriverCommandExecutor.execute(DriverCommandExecutor.java:83)
	at org.openqa.selenium.remote.RemoteWebDriver.execute(RemoteWebDriver.java:552)
	at org.openqa.selenium.remote.RemoteWebDriver.findElement(RemoteWebDriver.java:323)
	at org.openqa.selenium.remote.RemoteWebDriver.findElementById(RemoteWebDriver.java:372)
	at org.openqa.selenium.By$ById.findElement(By.java:188)
	at org.openqa.selenium.remote.RemoteWebDriver.findElement(RemoteWebDriver.java:315)
	at org.openqa.selenium.support.pagefactory.DefaultElementLocator.findElement(DefaultElementLocator.java:69)
	at org.openqa.selenium.support.pagefactory.internal.LocatingElementHandler.invoke(LocatingElementHandler.java:38)
	at com.sun.proxy.$Proxy12.isDisplayed(Unknown Source)
	at pro.saral.pageObject.Tds_Stepper.verifyclientsavenotification(Tds_Stepper.java:530)
	at pro.saral.pageObject.Tds_Stepper.create_new_client(Tds_Stepper.java:790)
	at pro.saral.testCases.Tds_Stepper_Test.Create_Client(Tds_Stepper_Test.java:19)
... Removed 28 stack frames]]>
    </failure>
  </testcase> <!-- Create_Client -->
  <testcase name="Enter_All_Deductor_And_Responsible_Person_Fields" time="23.402" classname="pro.saral.testCases.Tds_Stepper_Test">
    <failure type="org.openqa.selenium.NoSuchElementException" message="no such element: Unable to locate element: {&amp;quot;method&amp;quot;:&amp;quot;xpath&amp;quot;,&amp;quot;selector&amp;quot;:&amp;quot;//span[contains(text(),&amp;apos;Go To Manual Entry&amp;apos;)]//parent::button&amp;quot;}
  (Session info: chrome=102.0.5005.63)
For documentation on this error, please visit: https://www.seleniumhq.org/exceptions/no_such_element.html
Build info: version: &amp;apos;3.141.59&amp;apos;, revision: &amp;apos;e82be7d358&amp;apos;, time: &amp;apos;2018-11-14T08:17:03&amp;apos;
System info: host: &amp;apos;DARSHAN&amp;apos;, ip: &amp;apos;192.168.2.30&amp;apos;, os.name: &amp;apos;Windows 8.1&amp;apos;, os.arch: &amp;apos;amd64&amp;apos;, os.version: &amp;apos;6.3&amp;apos;, java.version: &amp;apos;1.8.0_221&amp;apos;
Driver info: org.openqa.selenium.chrome.ChromeDriver
Capabilities {acceptInsecureCerts: false, browserName: chrome, browserVersion: 102.0.5005.63, chrome: {chromedriverVersion: 102.0.5005.61 (0e59bcc00cc4..., userDataDir: C:\Users\Darshan\AppData\Lo...}, goog:chromeOptions: {debuggerAddress: localhost:61751}, javascriptEnabled: true, networkConnectionEnabled: false, pageLoadStrategy: normal, platform: WINDOWS, platformName: WINDOWS, proxy: Proxy(), setWindowRect: true, strictFileInteractability: false, timeouts: {implicit: 0, pageLoad: 300000, script: 30000}, unhandledPromptBehavior: dismiss and notify, webauthn:extension:credBlob: true, webauthn:extension:largeBlob: true, webauthn:virtualAuthenticators: true}
Session ID: 22f8a7a785c33000ea6a211f8610200b
*** Element info: {Using=xpath, value=//span[contains(text(),&amp;apos;Go To Manual Entry&amp;apos;)]//parent::button}">
      <![CDATA[org.openqa.selenium.NoSuchElementException: no such element: Unable to locate element: {"method":"xpath","selector":"//span[contains(text(),'Go To Manual Entry')]//parent::button"}
  (Session info: chrome=102.0.5005.63)
For documentation on this error, please visit: https://www.seleniumhq.org/exceptions/no_such_element.html
Build info: version: '3.141.59', revision: 'e82be7d358', time: '2018-11-14T08:17:03'
System info: host: 'DARSHAN', ip: '192.168.2.30', os.name: 'Windows 8.1', os.arch: 'amd64', os.version: '6.3', java.version: '1.8.0_221'
Driver info: org.openqa.selenium.chrome.ChromeDriver
Capabilities {acceptInsecureCerts: false, browserName: chrome, browserVersion: 102.0.5005.63, chrome: {chromedriverVersion: 102.0.5005.61 (0e59bcc00cc4..., userDataDir: C:\Users\Darshan\AppData\Lo...}, goog:chromeOptions: {debuggerAddress: localhost:61751}, javascriptEnabled: true, networkConnectionEnabled: false, pageLoadStrategy: normal, platform: WINDOWS, platformName: WINDOWS, proxy: Proxy(), setWindowRect: true, strictFileInteractability: false, timeouts: {implicit: 0, pageLoad: 300000, script: 30000}, unhandledPromptBehavior: dismiss and notify, webauthn:extension:credBlob: true, webauthn:extension:largeBlob: true, webauthn:virtualAuthenticators: true}
Session ID: 22f8a7a785c33000ea6a211f8610200b
*** Element info: {Using=xpath, value=//span[contains(text(),'Go To Manual Entry')]//parent::button}
	at org.openqa.selenium.remote.http.W3CHttpResponseCodec.createException(W3CHttpResponseCodec.java:187)
	at org.openqa.selenium.remote.http.W3CHttpResponseCodec.decode(W3CHttpResponseCodec.java:122)
	at org.openqa.selenium.remote.http.W3CHttpResponseCodec.decode(W3CHttpResponseCodec.java:49)
	at org.openqa.selenium.remote.HttpCommandExecutor.execute(HttpCommandExecutor.java:158)
	at org.openqa.selenium.remote.service.DriverCommandExecutor.execute(DriverCommandExecutor.java:83)
	at org.openqa.selenium.remote.RemoteWebDriver.execute(RemoteWebDriver.java:552)
	at org.openqa.selenium.remote.RemoteWebDriver.findElement(RemoteWebDriver.java:323)
	at org.openqa.selenium.remote.RemoteWebDriver.findElementByXPath(RemoteWebDriver.java:428)
	at org.openqa.selenium.By$ByXPath.findElement(By.java:353)
	at org.openqa.selenium.remote.RemoteWebDriver.findElement(RemoteWebDriver.java:315)
	at org.openqa.selenium.support.pagefactory.DefaultElementLocator.findElement(DefaultElementLocator.java:69)
	at org.openqa.selenium.support.pagefactory.internal.LocatingElementHandler.invoke(LocatingElementHandler.java:38)
	at com.sun.proxy.$Proxy12.click(Unknown Source)
	at pro.saral.pageObject.Tds_Stepper.clickskipbutton(Tds_Stepper.java:542)
	at pro.saral.pageObject.Tds_Stepper.enter_all_deductor_and_responsible_person_fields(Tds_Stepper.java:845)
	at pro.saral.testCases.Tds_Stepper_Test.Enter_All_Deductor_And_Responsible_Person_Fields(Tds_Stepper_Test.java:29)
... Removed 28 stack frames]]>
    </failure>
  </testcase> <!-- Enter_All_Deductor_And_Responsible_Person_Fields -->
  <testcase name="Enter_Only_Mandatory_Field_And_Check" time="4.62" classname="pro.saral.testCases.Employee_Test"/>
  <testcase name="Challan_Testcases" time="3.638" classname="pro.saral.testCases.Regression_Test"/>
  <testcase name="Challan_Testcases" time="0.395" classname="pro.saral.testCases.Regression_Test"/>
  <testcase name="Challan_Testcases" time="3.695" classname="pro.saral.testCases.Regression_Test"/>
  <testcase name="Challan_Testcases" time="3.628" classname="pro.saral.testCases.Regression_Test"/>
  <testcase name="Challan_Testcases" time="0.462" classname="pro.saral.testCases.Regression_Test"/>
  <testcase name="Challan_Testcases" time="2.478" classname="pro.saral.testCases.Regression_Test"/>
  <testcase name="Challan_Testcases" time="2.404" classname="pro.saral.testCases.Regression_Test"/>
  <testcase name="Challan_Testcases" time="2.245" classname="pro.saral.testCases.Regression_Test"/>
  <testcase name="Challan_Testcases" time="0.031" classname="pro.saral.testCases.Regression_Test"/>
  <testcase name="Challan_Testcases" time="2.495" classname="pro.saral.testCases.Regression_Test"/>
  <testcase name="Challan_Testcases" time="0.095" classname="pro.saral.testCases.Regression_Test"/>
  <testcase name="Challan_Testcases" time="2.202" classname="pro.saral.testCases.Regression_Test"/>
  <testcase name="Challan_Testcases" time="0.315" classname="pro.saral.testCases.Regression_Test"/>
  <testcase name="Challan_Testcases" time="0.318" classname="pro.saral.testCases.Regression_Test"/>
  <testcase name="Challan_Testcases" time="0.338" classname="pro.saral.testCases.Regression_Test"/>
  <testcase name="Challan_Testcases" time="0.325" classname="pro.saral.testCases.Regression_Test"/>
  <testcase name="Challan_Testcases" time="0.319" classname="pro.saral.testCases.Regression_Test"/>
  <testcase name="Challan_Testcases" time="0.326" classname="pro.saral.testCases.Regression_Test"/>
  <testcase name="Challan_Testcases" time="0.24" classname="pro.saral.testCases.Regression_Test"/>
  <testcase name="Challan_Testcases" time="0.24" classname="pro.saral.testCases.Regression_Test"/>
  <testcase name="Challan_Testcases" time="0.267" classname="pro.saral.testCases.Regression_Test"/>
  <testcase name="Challan_Testcases" time="0.293" classname="pro.saral.testCases.Regression_Test"/>
  <testcase name="Challan_Testcases" time="0.429" classname="pro.saral.testCases.Regression_Test"/>
  <testcase name="Challan_Testcases" time="0.109" classname="pro.saral.testCases.Regression_Test"/>
  <testcase name="Challan_Testcases" time="0.561" classname="pro.saral.testCases.Regression_Test"/>
  <testcase name="Challan_Testcases" time="2.246" classname="pro.saral.testCases.Regression_Test"/>
  <testcase name="Challan_Testcases" time="0.467" classname="pro.saral.testCases.Regression_Test"/>
  <testcase name="Challan_Testcases" time="0.027" classname="pro.saral.testCases.Regression_Test"/>
  <testcase name="Challan_Testcases" time="2.378" classname="pro.saral.testCases.Regression_Test"/>
  <testcase name="Challan_Testcases" time="3.24" classname="pro.saral.testCases.Regression_Test"/>
  <testcase name="Challan_Testcases" time="2.202" classname="pro.saral.testCases.Regression_Test"/>
  <testcase name="Challan_Testcases" time="2.625" classname="pro.saral.testCases.Regression_Test"/>
  <testcase name="Challan_Testcases" time="0.256" classname="pro.saral.testCases.Regression_Test"/>
  <testcase name="Challan_Testcases" time="2.429" classname="pro.saral.testCases.Regression_Test"/>
  <testcase name="Challan_Testcases" time="0.321" classname="pro.saral.testCases.Regression_Test"/>
  <testcase name="Challan_Testcases" time="0.359" classname="pro.saral.testCases.Regression_Test"/>
  <testcase name="Challan_Testcases" time="0.489" classname="pro.saral.testCases.Regression_Test"/>
  <testcase name="Challan_Testcases" time="2.319" classname="pro.saral.testCases.Regression_Test"/>
  <testcase name="Challan_Testcases" time="0.4" classname="pro.saral.testCases.Regression_Test"/>
  <testcase name="Challan_Testcases" time="2.276" classname="pro.saral.testCases.Regression_Test"/>
  <testcase name="Challan_Testcases" time="0.229" classname="pro.saral.testCases.Regression_Test"/>
  <testcase name="Challan_Testcases" time="2.327" classname="pro.saral.testCases.Regression_Test"/>
  <testcase name="Challan_Testcases" time="0.295" classname="pro.saral.testCases.Regression_Test"/>
  <testcase name="Challan_Testcases" time="2.324" classname="pro.saral.testCases.Regression_Test"/>
  <testcase name="Challan_Testcases" time="0.242" classname="pro.saral.testCases.Regression_Test"/>
  <testcase name="Challan_Testcases" time="2.29" classname="pro.saral.testCases.Regression_Test"/>
  <testcase name="Challan_Testcases" time="0.257" classname="pro.saral.testCases.Regression_Test"/>
  <testcase name="Challan_Testcases" time="2.309" classname="pro.saral.testCases.Regression_Test"/>
  <testcase name="Challan_Testcases" time="0.53" classname="pro.saral.testCases.Regression_Test"/>
  <testcase name="Challan_Testcases" time="0.115" classname="pro.saral.testCases.Regression_Test"/>
  <testcase name="Challan_Testcases" time="2.38" classname="pro.saral.testCases.Regression_Test"/>
  <testcase name="Challan_Testcases" time="0.157" classname="pro.saral.testCases.Regression_Test"/>
  <testcase name="Challan_Testcases" time="2.557" classname="pro.saral.testCases.Regression_Test"/>
  <testcase name="Challan_Testcases" time="0.019" classname="pro.saral.testCases.Regression_Test"/>
  <testcase name="Challan_Testcases" time="2.427" classname="pro.saral.testCases.Regression_Test"/>
  <testcase name="Challan_Testcases" time="2.112" classname="pro.saral.testCases.Regression_Test"/>
  <testcase name="Challan_Testcases" time="0.191" classname="pro.saral.testCases.Regression_Test"/>
  <testcase name="Challan_Testcases" time="2.18" classname="pro.saral.testCases.Regression_Test"/>
  <testcase name="Challan_Testcases" time="2.416" classname="pro.saral.testCases.Regression_Test"/>
  <testcase name="Challan_Testcases" time="2.418" classname="pro.saral.testCases.Regression_Test"/>
  <testcase name="Challan_Testcases" time="0.126" classname="pro.saral.testCases.Regression_Test"/>
  <testcase name="Challan_Testcases" time="0.117" classname="pro.saral.testCases.Regression_Test"/>
  <testcase name="Challan_Testcases" time="0.139" classname="pro.saral.testCases.Regression_Test"/>
  <testcase name="Challan_Testcases" time="0.144" classname="pro.saral.testCases.Regression_Test"/>
  <testcase name="Challan_Testcases" time="0.397" classname="pro.saral.testCases.Regression_Test"/>
  <testcase name="Challan_Testcases" time="0.42" classname="pro.saral.testCases.Regression_Test"/>
  <testcase name="Challan_Testcases" time="0.488" classname="pro.saral.testCases.Regression_Test"/>
  <testcase name="Challan_Testcases" time="0.423" classname="pro.saral.testCases.Regression_Test"/>
  <testcase name="Challan_Testcases" time="2.463" classname="pro.saral.testCases.Regression_Test"/>
  <testcase name="Challan_Testcases" time="2.455" classname="pro.saral.testCases.Regression_Test"/>
  <testcase name="Challan_Testcases" time="0.275" classname="pro.saral.testCases.Regression_Test"/>
  <testcase name="Challan_Testcases" time="0.029" classname="pro.saral.testCases.Regression_Test"/>
  <testcase name="Challan_Testcases" time="2.593" classname="pro.saral.testCases.Regression_Test"/>
  <testcase name="Challan_Testcases" time="3.194" classname="pro.saral.testCases.Regression_Test"/>
  <testcase name="Challan_Testcases" time="2.186" classname="pro.saral.testCases.Regression_Test"/>
  <testcase name="Challan_Testcases" time="2.585" classname="pro.saral.testCases.Regression_Test"/>
  <testcase name="Challan_Testcases" time="2.36" classname="pro.saral.testCases.Regression_Test"/>
  <testcase name="Challan_Testcases" time="0.262" classname="pro.saral.testCases.Regression_Test"/>
  <testcase name="Challan_Testcases" time="2.446" classname="pro.saral.testCases.Regression_Test"/>
  <testcase name="Challan_Testcases" time="0.168" classname="pro.saral.testCases.Regression_Test"/>
  <testcase name="Challan_Testcases" time="0.018" classname="pro.saral.testCases.Regression_Test"/>
  <testcase name="Challan_Testcases" time="0.126" classname="pro.saral.testCases.Regression_Test"/>
  <testcase name="Challan_Testcases" time="2.559" classname="pro.saral.testCases.Regression_Test"/>
  <testcase name="Challan_Testcases" time="3.152" classname="pro.saral.testCases.Regression_Test"/>
  <testcase name="Challan_Testcases" time="2.19" classname="pro.saral.testCases.Regression_Test"/>
  <testcase name="Challan_Testcases" time="2.222" classname="pro.saral.testCases.Regression_Test"/>
  <testcase name="Challan_Testcases" time="2.246" classname="pro.saral.testCases.Regression_Test"/>
  <testcase name="Challan_Testcases" time="2.325" classname="pro.saral.testCases.Regression_Test"/>
  <testcase name="Challan_Testcases" time="2.533" classname="pro.saral.testCases.Regression_Test"/>
  <testcase name="Challan_Testcases" time="2.206" classname="pro.saral.testCases.Regression_Test"/>
  <testcase name="Challan_Testcases" time="2.258" classname="pro.saral.testCases.Regression_Test"/>
  <testcase name="Challan_Testcases" time="0.096" classname="pro.saral.testCases.Regression_Test"/>
  <testcase name="Challan_Testcases" time="2.34" classname="pro.saral.testCases.Regression_Test"/>
  <testcase name="Challan_Testcases" time="2.473" classname="pro.saral.testCases.Regression_Test"/>
  <testcase name="Challan_Testcases" time="2.304" classname="pro.saral.testCases.Regression_Test"/>
  <testcase name="Challan_Testcases" time="2.211" classname="pro.saral.testCases.Regression_Test"/>
  <testcase name="Challan_Testcases" time="0.216" classname="pro.saral.testCases.Regression_Test"/>
  <testcase name="Challan_Testcases" time="15.666" classname="pro.saral.testCases.Regression_Test"/>
  <testcase name="Challan_Testcases" time="10.577" classname="pro.saral.testCases.Regression_Test"/>
  <testcase name="Challan_Testcases" time="2.357" classname="pro.saral.testCases.Regression_Test"/>
  <testcase name="Challan_Testcases" time="2.222" classname="pro.saral.testCases.Regression_Test"/>
  <testcase name="Challan_Testcases" time="0.119" classname="pro.saral.testCases.Regression_Test"/>
  <testcase name="Challan_Testcases" time="2.198" classname="pro.saral.testCases.Regression_Test"/>
  <testcase name="Challan_Testcases" time="2.216" classname="pro.saral.testCases.Regression_Test"/>
  <testcase name="Challan_Testcases" time="0.092" classname="pro.saral.testCases.Regression_Test"/>
  <testcase name="Challan_Testcases" time="2.261" classname="pro.saral.testCases.Regression_Test"/>
  <testcase name="Challan_Testcases" time="2.218" classname="pro.saral.testCases.Regression_Test"/>
  <testcase name="Challan_Testcases" time="0.126" classname="pro.saral.testCases.Regression_Test"/>
  <testcase name="Challan_Testcases" time="2.365" classname="pro.saral.testCases.Regression_Test"/>
  <testcase name="Challan_Testcases" time="2.297" classname="pro.saral.testCases.Regression_Test"/>
  <testcase name="Challan_Testcases" time="0.076" classname="pro.saral.testCases.Regression_Test"/>
  <testcase name="Challan_Testcases" time="2.234" classname="pro.saral.testCases.Regression_Test"/>
  <testcase name="Challan_Testcases" time="0.066" classname="pro.saral.testCases.Regression_Test"/>
  <testcase name="Challan_Testcases" time="2.276" classname="pro.saral.testCases.Regression_Test"/>
  <testcase name="Challan_Testcases" time="0.069" classname="pro.saral.testCases.Regression_Test"/>
  <testcase name="Challan_Testcases" time="2.183" classname="pro.saral.testCases.Regression_Test"/>
  <testcase name="Challan_Testcases" time="2.206" classname="pro.saral.testCases.Regression_Test"/>
  <testcase name="Challan_Testcases" time="0.095" classname="pro.saral.testCases.Regression_Test"/>
  <testcase name="Challan_Testcases" time="2.209" classname="pro.saral.testCases.Regression_Test"/>
  <testcase name="Challan_Testcases" time="0.061" classname="pro.saral.testCases.Regression_Test"/>
  <testcase name="Challan_Testcases" time="0.052" classname="pro.saral.testCases.Regression_Test"/>
  <testcase name="Challan_Testcases" time="2.047" classname="pro.saral.testCases.Regression_Test"/>
  <testcase name="Challan_Testcases" time="2.511" classname="pro.saral.testCases.Regression_Test"/>
  <testcase name="Challan_Testcases" time="2.072" classname="pro.saral.testCases.Regression_Test"/>
  <testcase name="Challan_Testcases" time="2.318" classname="pro.saral.testCases.Regression_Test"/>
  <testcase name="Challan_Testcases" time="0.201" classname="pro.saral.testCases.Regression_Test"/>
  <testcase name="Challan_Testcases" time="0.284" classname="pro.saral.testCases.Regression_Test"/>
  <testcase name="Challan_Testcases" time="2.388" classname="pro.saral.testCases.Regression_Test"/>
  <testcase name="Challan_Testcases" time="0.191" classname="pro.saral.testCases.Regression_Test"/>
  <testcase name="Challan_Testcases" time="15.6" classname="pro.saral.testCases.Regression_Test"/>
  <testcase name="Challan_Testcases" time="0.077" classname="pro.saral.testCases.Regression_Test"/>
  <testcase name="Challan_Testcases" time="2.154" classname="pro.saral.testCases.Regression_Test"/>
  <testcase name="Challan_Testcases" time="2.46" classname="pro.saral.testCases.Regression_Test"/>
  <testcase name="Challan_Testcases" time="26.232" classname="pro.saral.testCases.Regression_Test"/>
  <testcase name="Challan_Testcases" time="0.078" classname="pro.saral.testCases.Regression_Test"/>
  <testcase name="Challan_Testcases" time="0.022" classname="pro.saral.testCases.Regression_Test"/>
  <testcase name="Challan_Testcases" time="2.371" classname="pro.saral.testCases.Regression_Test"/>
  <testcase name="Challan_Testcases" time="2.475" classname="pro.saral.testCases.Regression_Test"/>
  <testcase name="Challan_Testcases" time="2.291" classname="pro.saral.testCases.Regression_Test"/>
  <testcase name="Challan_Testcases" time="2.5" classname="pro.saral.testCases.Regression_Test"/>
  <testcase name="Challan_Testcases" time="2.475" classname="pro.saral.testCases.Regression_Test"/>
  <testcase name="Challan_Testcases" time="2.484" classname="pro.saral.testCases.Regression_Test"/>
  <testcase name="Challan_Testcases" time="0.178" classname="pro.saral.testCases.Regression_Test"/>
  <testcase name="Challan_Testcases" time="0.017" classname="pro.saral.testCases.Regression_Test"/>
  <testcase name="Challan_Testcases" time="2.622" classname="pro.saral.testCases.Regression_Test"/>
  <testcase name="Challan_Testcases" time="2.512" classname="pro.saral.testCases.Regression_Test"/>
  <testcase name="Challan_Testcases" time="2.337" classname="pro.saral.testCases.Regression_Test"/>
  <testcase name="Challan_Testcases" time="2.438" classname="pro.saral.testCases.Regression_Test"/>
  <testcase name="Challan_Testcases" time="2.326" classname="pro.saral.testCases.Regression_Test"/>
  <testcase name="Challan_Testcases" time="2.459" classname="pro.saral.testCases.Regression_Test"/>
  <testcase name="Challan_Testcases" time="0.574" classname="pro.saral.testCases.Regression_Test"/>
  <testcase name="Challan_Testcases" time="2.685" classname="pro.saral.testCases.Regression_Test"/>
  <testcase name="Challan_Testcases" time="3.013" classname="pro.saral.testCases.Regression_Test"/>
  <testcase name="Challan_Testcases" time="2.457" classname="pro.saral.testCases.Regression_Test"/>
  <testcase name="Challan_Testcases" time="2.439" classname="pro.saral.testCases.Regression_Test"/>
  <testcase name="Challan_Testcases" time="2.325" classname="pro.saral.testCases.Regression_Test"/>
</testsuite> <!-- GstSaral Test -->
