<?xml version="1.0" encoding="UTF-8"?>
<!-- Generated by org.testng.reporters.JUnitXMLReporter -->
<testsuite hostname="DESKTOP-KIK7PCN" name="GstSaral Test" tests="115" failures="5" timestamp="1 Jun 2022 12:24:34 GMT" time="166.797" errors="0">
  <testcase name="Challan_Testcases" time="2.105" classname="pro.saral.testCases.AChallan_Mapping_Test"/>
  <testcase name="Challan_Testcases" time="1.978" classname="pro.saral.testCases.AChallan_Mapping_Test"/>
  <testcase name="Challan_Testcases" time="1.222" classname="pro.saral.testCases.AChallan_Mapping_Test"/>
  <testcase name="Challan_Testcases" time="3.098" classname="pro.saral.testCases.AChallan_Mapping_Test"/>
  <testcase name="Challan_Testcases" time="0.628" classname="pro.saral.testCases.AChallan_Mapping_Test"/>
  <testcase name="Challan_Testcases" time="2.197" classname="pro.saral.testCases.AChallan_Mapping_Test"/>
  <testcase name="Challan_Testcases" time="1.547" classname="pro.saral.testCases.AChallan_Mapping_Test"/>
  <testcase name="Challan_Testcases" time="2.123" classname="pro.saral.testCases.AChallan_Mapping_Test"/>
  <testcase name="Challan_Testcases" time="0.003" classname="pro.saral.testCases.AChallan_Mapping_Test"/>
  <testcase name="Challan_Testcases" time="0.861" classname="pro.saral.testCases.AChallan_Mapping_Test"/>
  <testcase name="Challan_Testcases" time="0.605" classname="pro.saral.testCases.AChallan_Mapping_Test"/>
  <testcase name="Challan_Testcases" time="0.555" classname="pro.saral.testCases.AChallan_Mapping_Test"/>
  <testcase name="Challan_Testcases" time="0.548" classname="pro.saral.testCases.AChallan_Mapping_Test"/>
  <testcase name="Challan_Testcases" time="0.546" classname="pro.saral.testCases.AChallan_Mapping_Test"/>
  <testcase name="Challan_Testcases" time="0.509" classname="pro.saral.testCases.AChallan_Mapping_Test"/>
  <testcase name="Challan_Testcases" time="0.487" classname="pro.saral.testCases.AChallan_Mapping_Test"/>
  <testcase name="Challan_Testcases" time="0.559" classname="pro.saral.testCases.AChallan_Mapping_Test"/>
  <testcase name="Challan_Testcases" time="0.363" classname="pro.saral.testCases.AChallan_Mapping_Test"/>
  <testcase name="Challan_Testcases" time="0.52" classname="pro.saral.testCases.AChallan_Mapping_Test"/>
  <testcase name="Challan_Testcases" time="0.688" classname="pro.saral.testCases.AChallan_Mapping_Test"/>
  <testcase name="Challan_Testcases" time="1.066" classname="pro.saral.testCases.AChallan_Mapping_Test"/>
  <testcase name="Challan_Testcases" time="0.459" classname="pro.saral.testCases.AChallan_Mapping_Test"/>
  <testcase name="Challan_Testcases" time="0.957" classname="pro.saral.testCases.AChallan_Mapping_Test"/>
  <testcase name="Challan_Testcases" time="0.314" classname="pro.saral.testCases.AChallan_Mapping_Test"/>
  <testcase name="Challan_Testcases" time="1.1" classname="pro.saral.testCases.AChallan_Mapping_Test"/>
  <testcase name="Challan_Testcases" time="0.679" classname="pro.saral.testCases.AChallan_Mapping_Test"/>
  <testcase name="Challan_Testcases" time="1.987" classname="pro.saral.testCases.AChallan_Mapping_Test"/>
  <testcase name="Challan_Testcases" time="0.481" classname="pro.saral.testCases.AChallan_Mapping_Test"/>
  <testcase name="Challan_Testcases" time="0.002" classname="pro.saral.testCases.AChallan_Mapping_Test"/>
  <testcase name="Challan_Testcases" time="0.645" classname="pro.saral.testCases.AChallan_Mapping_Test"/>
  <testcase name="Challan_Testcases" time="1.102" classname="pro.saral.testCases.AChallan_Mapping_Test"/>
  <testcase name="Challan_Testcases" time="0.746" classname="pro.saral.testCases.AChallan_Mapping_Test"/>
  <testcase name="Challan_Testcases" time="0.857" classname="pro.saral.testCases.AChallan_Mapping_Test"/>
  <testcase name="Challan_Testcases" time="0.524" classname="pro.saral.testCases.AChallan_Mapping_Test"/>
  <testcase name="Challan_Testcases" time="0.797" classname="pro.saral.testCases.AChallan_Mapping_Test"/>
  <testcase name="Challan_Testcases" time="0.84" classname="pro.saral.testCases.AChallan_Mapping_Test"/>
  <testcase name="Challan_Testcases" time="0.849" classname="pro.saral.testCases.AChallan_Mapping_Test"/>
  <testcase name="Challan_Testcases" time="0.56" classname="pro.saral.testCases.AChallan_Mapping_Test"/>
  <testcase name="Challan_Testcases" time="0.564" classname="pro.saral.testCases.AChallan_Mapping_Test"/>
  <testcase name="Challan_Testcases" time="1.42" classname="pro.saral.testCases.AChallan_Mapping_Test"/>
  <testcase name="Challan_Testcases" time="1.029" classname="pro.saral.testCases.AChallan_Mapping_Test"/>
  <testcase name="Challan_Testcases" time="1.007" classname="pro.saral.testCases.AChallan_Mapping_Test"/>
  <testcase name="Challan_Testcases" time="1.358" classname="pro.saral.testCases.AChallan_Mapping_Test"/>
  <testcase name="Challan_Testcases" time="0.556" classname="pro.saral.testCases.AChallan_Mapping_Test"/>
  <testcase name="Challan_Testcases" time="0.8" classname="pro.saral.testCases.AChallan_Mapping_Test"/>
  <testcase name="Challan_Testcases" time="0.764" classname="pro.saral.testCases.AChallan_Mapping_Test"/>
  <testcase name="Challan_Testcases" time="0.72" classname="pro.saral.testCases.AChallan_Mapping_Test"/>
  <testcase name="Challan_Testcases" time="0.913" classname="pro.saral.testCases.AChallan_Mapping_Test"/>
  <testcase name="Challan_Testcases" time="0.661" classname="pro.saral.testCases.AChallan_Mapping_Test"/>
  <testcase name="Challan_Testcases" time="0.798" classname="pro.saral.testCases.AChallan_Mapping_Test"/>
  <testcase name="Challan_Testcases" time="0.727" classname="pro.saral.testCases.AChallan_Mapping_Test"/>
  <testcase name="Challan_Testcases" time="0.529" classname="pro.saral.testCases.AChallan_Mapping_Test"/>
  <testcase name="Challan_Testcases" time="0.703" classname="pro.saral.testCases.AChallan_Mapping_Test"/>
  <testcase name="Challan_Testcases" time="0.67" classname="pro.saral.testCases.AChallan_Mapping_Test"/>
  <testcase name="Challan_Testcases" time="0.664" classname="pro.saral.testCases.AChallan_Mapping_Test"/>
  <testcase name="Challan_Testcases" time="0.521" classname="pro.saral.testCases.AChallan_Mapping_Test"/>
  <testcase name="Challan_Testcases" time="0.644" classname="pro.saral.testCases.AChallan_Mapping_Test"/>
  <testcase name="Challan_Testcases" time="0.566" classname="pro.saral.testCases.AChallan_Mapping_Test"/>
  <testcase name="Challan_Testcases" time="1.075" classname="pro.saral.testCases.AChallan_Mapping_Test"/>
  <testcase name="Challan_Testcases" time="0.195" classname="pro.saral.testCases.AChallan_Mapping_Test"/>
  <testcase name="Challan_Testcases" time="0.671" classname="pro.saral.testCases.AChallan_Mapping_Test"/>
  <testcase name="Challan_Testcases" time="1.551" classname="pro.saral.testCases.AChallan_Mapping_Test"/>
  <testcase name="Challan_Testcases" time="0.002" classname="pro.saral.testCases.AChallan_Mapping_Test"/>
  <testcase name="Challan_Testcases" time="0.38" classname="pro.saral.testCases.AChallan_Mapping_Test"/>
  <testcase name="Challan_Testcases" time="0.99" classname="pro.saral.testCases.AChallan_Mapping_Test"/>
  <testcase name="Challan_Testcases" time="0.632" classname="pro.saral.testCases.AChallan_Mapping_Test"/>
  <testcase name="Challan_Testcases" time="1.5" classname="pro.saral.testCases.AChallan_Mapping_Test"/>
  <testcase name="Challan_Testcases" time="0.697" classname="pro.saral.testCases.AChallan_Mapping_Test"/>
  <testcase name="Challan_Testcases" time="1.135" classname="pro.saral.testCases.AChallan_Mapping_Test"/>
  <testcase name="Challan_Testcases" time="0.697" classname="pro.saral.testCases.AChallan_Mapping_Test"/>
  <testcase name="Challan_Testcases" time="0.591" classname="pro.saral.testCases.AChallan_Mapping_Test"/>
  <testcase name="Challan_Testcases" time="1.133" classname="pro.saral.testCases.AChallan_Mapping_Test"/>
  <testcase name="Challan_Testcases" time="0.001" classname="pro.saral.testCases.AChallan_Mapping_Test"/>
  <testcase name="Challan_Testcases" time="1.559" classname="pro.saral.testCases.AChallan_Mapping_Test"/>
  <testcase name="Challan_Testcases" time="0.964" classname="pro.saral.testCases.AChallan_Mapping_Test"/>
  <testcase name="Challan_Testcases" time="1.269" classname="pro.saral.testCases.AChallan_Mapping_Test"/>
  <testcase name="Challan_Testcases" time="0.883" classname="pro.saral.testCases.AChallan_Mapping_Test"/>
  <testcase name="Challan_Testcases" time="1.49" classname="pro.saral.testCases.AChallan_Mapping_Test"/>
  <testcase name="Challan_Testcases" time="0.588" classname="pro.saral.testCases.AChallan_Mapping_Test"/>
  <testcase name="Challan_Testcases" time="1.408" classname="pro.saral.testCases.AChallan_Mapping_Test"/>
  <testcase name="Challan_Testcases" time="0.675" classname="pro.saral.testCases.AChallan_Mapping_Test"/>
  <testcase name="Challan_Testcases" time="0.907" classname="pro.saral.testCases.AChallan_Mapping_Test"/>
  <testcase name="Challan_Testcases" time="0.783" classname="pro.saral.testCases.AChallan_Mapping_Test"/>
  <testcase name="Challan_Testcases" time="0.86" classname="pro.saral.testCases.AChallan_Mapping_Test"/>
  <testcase name="Challan_Testcases" time="0.622" classname="pro.saral.testCases.AChallan_Mapping_Test"/>
  <testcase name="Challan_Testcases" time="0.964" classname="pro.saral.testCases.AChallan_Mapping_Test"/>
  <testcase name="Challan_Testcases" time="1.134" classname="pro.saral.testCases.AChallan_Mapping_Test"/>
  <testcase name="Challan_Testcases" time="0.842" classname="pro.saral.testCases.AChallan_Mapping_Test"/>
  <testcase name="Challan_Testcases" time="1.016" classname="pro.saral.testCases.AChallan_Mapping_Test"/>
  <testcase name="Challan_Testcases" time="0.774" classname="pro.saral.testCases.AChallan_Mapping_Test"/>
  <testcase name="Challan_Testcases" time="2.049" classname="pro.saral.testCases.AChallan_Mapping_Test"/>
  <testcase name="Challan_Testcases" time="1.331" classname="pro.saral.testCases.AChallan_Mapping_Test"/>
  <testcase name="Challan_Testcases" time="1.709" classname="pro.saral.testCases.AChallan_Mapping_Test"/>
  <testcase name="Challan_Testcases" time="1.846" classname="pro.saral.testCases.AChallan_Mapping_Test">
    <failure type="org.openqa.selenium.ElementClickInterceptedException" message="element click intercepted: Element &amp;lt;div class=&amp;quot;styles__tab___59Jbl Small-Body-CopySmall-body-Primary false&amp;quot; style=&amp;quot;border-top-right-radius: 5px;&amp;quot;&amp;gt;...&amp;lt;/div&amp;gt; is not clickable at point (280, 246). Other element would receive the click: &amp;lt;div class=&amp;quot;r-spinner-loader&amp;quot;&amp;gt;...&amp;lt;/div&amp;gt;
  (Session info: chrome=102.0.5005.63)
Build info: version: &amp;apos;3.141.59&amp;apos;, revision: &amp;apos;e82be7d358&amp;apos;, time: &amp;apos;2018-11-14T08:17:03&amp;apos;
System info: host: &amp;apos;DESKTOP-KIK7PCN&amp;apos;, ip: &amp;apos;192.168.43.53&amp;apos;, os.name: &amp;apos;Windows 10&amp;apos;, os.arch: &amp;apos;amd64&amp;apos;, os.version: &amp;apos;10.0&amp;apos;, java.version: &amp;apos;1.8.0_221&amp;apos;
Driver info: org.openqa.selenium.chrome.ChromeDriver
Capabilities {acceptInsecureCerts: false, browserName: chrome, browserVersion: 102.0.5005.63, chrome: {chromedriverVersion: 102.0.5005.61 (0e59bcc00cc4..., userDataDir: C:\Users\sujatha\AppData\Lo...}, goog:chromeOptions: {debuggerAddress: localhost:54924}, javascriptEnabled: true, networkConnectionEnabled: false, pageLoadStrategy: normal, platform: WINDOWS, platformName: WINDOWS, proxy: Proxy(), setWindowRect: true, strictFileInteractability: false, timeouts: {implicit: 0, pageLoad: 300000, script: 30000}, unhandledPromptBehavior: dismiss and notify, webauthn:extension:credBlob: true, webauthn:extension:largeBlob: true, webauthn:virtualAuthenticators: true}
Session ID: 560d16dc5f4687a25f0be31cc0a01677">
      <![CDATA[org.openqa.selenium.ElementClickInterceptedException: element click intercepted: Element <div class="styles__tab___59Jbl Small-Body-CopySmall-body-Primary false" style="border-top-right-radius: 5px;">...</div> is not clickable at point (280, 246). Other element would receive the click: <div class="r-spinner-loader">...</div>
  (Session info: chrome=102.0.5005.63)
Build info: version: '3.141.59', revision: 'e82be7d358', time: '2018-11-14T08:17:03'
System info: host: 'DESKTOP-KIK7PCN', ip: '192.168.43.53', os.name: 'Windows 10', os.arch: 'amd64', os.version: '10.0', java.version: '1.8.0_221'
Driver info: org.openqa.selenium.chrome.ChromeDriver
Capabilities {acceptInsecureCerts: false, browserName: chrome, browserVersion: 102.0.5005.63, chrome: {chromedriverVersion: 102.0.5005.61 (0e59bcc00cc4..., userDataDir: C:\Users\sujatha\AppData\Lo...}, goog:chromeOptions: {debuggerAddress: localhost:54924}, javascriptEnabled: true, networkConnectionEnabled: false, pageLoadStrategy: normal, platform: WINDOWS, platformName: WINDOWS, proxy: Proxy(), setWindowRect: true, strictFileInteractability: false, timeouts: {implicit: 0, pageLoad: 300000, script: 30000}, unhandledPromptBehavior: dismiss and notify, webauthn:extension:credBlob: true, webauthn:extension:largeBlob: true, webauthn:virtualAuthenticators: true}
Session ID: 560d16dc5f4687a25f0be31cc0a01677
	at org.openqa.selenium.remote.http.W3CHttpResponseCodec.createException(W3CHttpResponseCodec.java:187)
	at org.openqa.selenium.remote.http.W3CHttpResponseCodec.decode(W3CHttpResponseCodec.java:122)
	at org.openqa.selenium.remote.http.W3CHttpResponseCodec.decode(W3CHttpResponseCodec.java:49)
	at org.openqa.selenium.remote.HttpCommandExecutor.execute(HttpCommandExecutor.java:158)
	at org.openqa.selenium.remote.service.DriverCommandExecutor.execute(DriverCommandExecutor.java:83)
	at org.openqa.selenium.remote.RemoteWebDriver.execute(RemoteWebDriver.java:552)
	at org.openqa.selenium.remote.RemoteWebElement.execute(RemoteWebElement.java:285)
	at org.openqa.selenium.remote.RemoteWebElement.click(RemoteWebElement.java:84)
	at pro.saral.pageObject.UIOperation.perform(UIOperation.java:25)
	at pro.saral.testCases.AChallan_Mapping_Test.Challan_Testcases(AChallan_Mapping_Test.java:23)
... Removed 27 stack frames]]>
    </failure>
  </testcase> <!-- Challan_Testcases -->
  <testcase name="Challan_Testcases" time="1.628" classname="pro.saral.testCases.AChallan_Mapping_Test"/>
  <testcase name="Challan_Testcases" time="20.513" classname="pro.saral.testCases.AChallan_Mapping_Test">
    <failure type="org.openqa.selenium.ElementClickInterceptedException" message="element click intercepted: Element &amp;lt;button class=&amp;quot;btn2 button2 btn-danger btn-sm Ripple-parent&amp;quot; type=&amp;quot;button&amp;quot;&amp;gt;...&amp;lt;/button&amp;gt; is not clickable at point (1262, 561). Other element would receive the click: &amp;lt;div class=&amp;quot;r-spinner-loader&amp;quot;&amp;gt;...&amp;lt;/div&amp;gt;
  (Session info: chrome=102.0.5005.63)
Build info: version: &amp;apos;3.141.59&amp;apos;, revision: &amp;apos;e82be7d358&amp;apos;, time: &amp;apos;2018-11-14T08:17:03&amp;apos;
System info: host: &amp;apos;DESKTOP-KIK7PCN&amp;apos;, ip: &amp;apos;192.168.43.53&amp;apos;, os.name: &amp;apos;Windows 10&amp;apos;, os.arch: &amp;apos;amd64&amp;apos;, os.version: &amp;apos;10.0&amp;apos;, java.version: &amp;apos;1.8.0_221&amp;apos;
Driver info: org.openqa.selenium.chrome.ChromeDriver
Capabilities {acceptInsecureCerts: false, browserName: chrome, browserVersion: 102.0.5005.63, chrome: {chromedriverVersion: 102.0.5005.61 (0e59bcc00cc4..., userDataDir: C:\Users\sujatha\AppData\Lo...}, goog:chromeOptions: {debuggerAddress: localhost:54924}, javascriptEnabled: true, networkConnectionEnabled: false, pageLoadStrategy: normal, platform: WINDOWS, platformName: WINDOWS, proxy: Proxy(), setWindowRect: true, strictFileInteractability: false, timeouts: {implicit: 0, pageLoad: 300000, script: 30000}, unhandledPromptBehavior: dismiss and notify, webauthn:extension:credBlob: true, webauthn:extension:largeBlob: true, webauthn:virtualAuthenticators: true}
Session ID: 560d16dc5f4687a25f0be31cc0a01677">
      <![CDATA[org.openqa.selenium.ElementClickInterceptedException: element click intercepted: Element <button class="btn2 button2 btn-danger btn-sm Ripple-parent" type="button">...</button> is not clickable at point (1262, 561). Other element would receive the click: <div class="r-spinner-loader">...</div>
  (Session info: chrome=102.0.5005.63)
Build info: version: '3.141.59', revision: 'e82be7d358', time: '2018-11-14T08:17:03'
System info: host: 'DESKTOP-KIK7PCN', ip: '192.168.43.53', os.name: 'Windows 10', os.arch: 'amd64', os.version: '10.0', java.version: '1.8.0_221'
Driver info: org.openqa.selenium.chrome.ChromeDriver
Capabilities {acceptInsecureCerts: false, browserName: chrome, browserVersion: 102.0.5005.63, chrome: {chromedriverVersion: 102.0.5005.61 (0e59bcc00cc4..., userDataDir: C:\Users\sujatha\AppData\Lo...}, goog:chromeOptions: {debuggerAddress: localhost:54924}, javascriptEnabled: true, networkConnectionEnabled: false, pageLoadStrategy: normal, platform: WINDOWS, platformName: WINDOWS, proxy: Proxy(), setWindowRect: true, strictFileInteractability: false, timeouts: {implicit: 0, pageLoad: 300000, script: 30000}, unhandledPromptBehavior: dismiss and notify, webauthn:extension:credBlob: true, webauthn:extension:largeBlob: true, webauthn:virtualAuthenticators: true}
Session ID: 560d16dc5f4687a25f0be31cc0a01677
	at org.openqa.selenium.remote.http.W3CHttpResponseCodec.createException(W3CHttpResponseCodec.java:187)
	at org.openqa.selenium.remote.http.W3CHttpResponseCodec.decode(W3CHttpResponseCodec.java:122)
	at org.openqa.selenium.remote.http.W3CHttpResponseCodec.decode(W3CHttpResponseCodec.java:49)
	at org.openqa.selenium.remote.HttpCommandExecutor.execute(HttpCommandExecutor.java:158)
	at org.openqa.selenium.remote.service.DriverCommandExecutor.execute(DriverCommandExecutor.java:83)
	at org.openqa.selenium.remote.RemoteWebDriver.execute(RemoteWebDriver.java:552)
	at org.openqa.selenium.remote.RemoteWebElement.execute(RemoteWebElement.java:285)
	at org.openqa.selenium.remote.RemoteWebElement.click(RemoteWebElement.java:84)
	at pro.saral.pageObject.UIOperation.perform(UIOperation.java:25)
	at pro.saral.testCases.AChallan_Mapping_Test.Challan_Testcases(AChallan_Mapping_Test.java:23)
... Removed 27 stack frames]]>
    </failure>
  </testcase> <!-- Challan_Testcases -->
  <testcase name="Challan_Testcases" time="0.001" classname="pro.saral.testCases.AChallan_Mapping_Test"/>
  <testcase name="Challan_Testcases" time="1.768" classname="pro.saral.testCases.AChallan_Mapping_Test"/>
  <testcase name="Challan_Testcases" time="1.3" classname="pro.saral.testCases.AChallan_Mapping_Test"/>
  <testcase name="Challan_Testcases" time="2.065" classname="pro.saral.testCases.AChallan_Mapping_Test">
    <failure type="org.openqa.selenium.ElementClickInterceptedException" message="element click intercepted: Element &amp;lt;label class=&amp;quot;checkbox checkbox-primary&amp;quot; for=&amp;quot;deduction-select-all&amp;quot;&amp;gt;...&amp;lt;/label&amp;gt; is not clickable at point (1299, 294). Other element would receive the click: &amp;lt;div class=&amp;quot;r-spinner-loader&amp;quot;&amp;gt;...&amp;lt;/div&amp;gt;
  (Session info: chrome=102.0.5005.63)
Build info: version: &amp;apos;3.141.59&amp;apos;, revision: &amp;apos;e82be7d358&amp;apos;, time: &amp;apos;2018-11-14T08:17:03&amp;apos;
System info: host: &amp;apos;DESKTOP-KIK7PCN&amp;apos;, ip: &amp;apos;192.168.43.53&amp;apos;, os.name: &amp;apos;Windows 10&amp;apos;, os.arch: &amp;apos;amd64&amp;apos;, os.version: &amp;apos;10.0&amp;apos;, java.version: &amp;apos;1.8.0_221&amp;apos;
Driver info: org.openqa.selenium.chrome.ChromeDriver
Capabilities {acceptInsecureCerts: false, browserName: chrome, browserVersion: 102.0.5005.63, chrome: {chromedriverVersion: 102.0.5005.61 (0e59bcc00cc4..., userDataDir: C:\Users\sujatha\AppData\Lo...}, goog:chromeOptions: {debuggerAddress: localhost:54924}, javascriptEnabled: true, networkConnectionEnabled: false, pageLoadStrategy: normal, platform: WINDOWS, platformName: WINDOWS, proxy: Proxy(), setWindowRect: true, strictFileInteractability: false, timeouts: {implicit: 0, pageLoad: 300000, script: 30000}, unhandledPromptBehavior: dismiss and notify, webauthn:extension:credBlob: true, webauthn:extension:largeBlob: true, webauthn:virtualAuthenticators: true}
Session ID: 560d16dc5f4687a25f0be31cc0a01677">
      <![CDATA[org.openqa.selenium.ElementClickInterceptedException: element click intercepted: Element <label class="checkbox checkbox-primary" for="deduction-select-all">...</label> is not clickable at point (1299, 294). Other element would receive the click: <div class="r-spinner-loader">...</div>
  (Session info: chrome=102.0.5005.63)
Build info: version: '3.141.59', revision: 'e82be7d358', time: '2018-11-14T08:17:03'
System info: host: 'DESKTOP-KIK7PCN', ip: '192.168.43.53', os.name: 'Windows 10', os.arch: 'amd64', os.version: '10.0', java.version: '1.8.0_221'
Driver info: org.openqa.selenium.chrome.ChromeDriver
Capabilities {acceptInsecureCerts: false, browserName: chrome, browserVersion: 102.0.5005.63, chrome: {chromedriverVersion: 102.0.5005.61 (0e59bcc00cc4..., userDataDir: C:\Users\sujatha\AppData\Lo...}, goog:chromeOptions: {debuggerAddress: localhost:54924}, javascriptEnabled: true, networkConnectionEnabled: false, pageLoadStrategy: normal, platform: WINDOWS, platformName: WINDOWS, proxy: Proxy(), setWindowRect: true, strictFileInteractability: false, timeouts: {implicit: 0, pageLoad: 300000, script: 30000}, unhandledPromptBehavior: dismiss and notify, webauthn:extension:credBlob: true, webauthn:extension:largeBlob: true, webauthn:virtualAuthenticators: true}
Session ID: 560d16dc5f4687a25f0be31cc0a01677
	at org.openqa.selenium.remote.http.W3CHttpResponseCodec.createException(W3CHttpResponseCodec.java:187)
	at org.openqa.selenium.remote.http.W3CHttpResponseCodec.decode(W3CHttpResponseCodec.java:122)
	at org.openqa.selenium.remote.http.W3CHttpResponseCodec.decode(W3CHttpResponseCodec.java:49)
	at org.openqa.selenium.remote.HttpCommandExecutor.execute(HttpCommandExecutor.java:158)
	at org.openqa.selenium.remote.service.DriverCommandExecutor.execute(DriverCommandExecutor.java:83)
	at org.openqa.selenium.remote.RemoteWebDriver.execute(RemoteWebDriver.java:552)
	at org.openqa.selenium.remote.RemoteWebElement.execute(RemoteWebElement.java:285)
	at org.openqa.selenium.remote.RemoteWebElement.click(RemoteWebElement.java:84)
	at pro.saral.pageObject.UIOperation.perform(UIOperation.java:25)
	at pro.saral.testCases.AChallan_Mapping_Test.Challan_Testcases(AChallan_Mapping_Test.java:23)
... Removed 27 stack frames]]>
    </failure>
  </testcase> <!-- Challan_Testcases -->
  <testcase name="Challan_Testcases" time="1.966" classname="pro.saral.testCases.AChallan_Mapping_Test">
    <failure type="org.openqa.selenium.ElementClickInterceptedException" message="element click intercepted: Element &amp;lt;button class=&amp;quot;btn2 icon-btn2 btn-danger Ripple-parent&amp;quot; type=&amp;quot;button&amp;quot; id=&amp;quot;btn-delete-challan&amp;quot;&amp;gt;...&amp;lt;/button&amp;gt; is not clickable at point (1276, 597). Other element would receive the click: &amp;lt;div class=&amp;quot;r-spinner-loader&amp;quot;&amp;gt;...&amp;lt;/div&amp;gt;
  (Session info: chrome=102.0.5005.63)
Build info: version: &amp;apos;3.141.59&amp;apos;, revision: &amp;apos;e82be7d358&amp;apos;, time: &amp;apos;2018-11-14T08:17:03&amp;apos;
System info: host: &amp;apos;DESKTOP-KIK7PCN&amp;apos;, ip: &amp;apos;192.168.43.53&amp;apos;, os.name: &amp;apos;Windows 10&amp;apos;, os.arch: &amp;apos;amd64&amp;apos;, os.version: &amp;apos;10.0&amp;apos;, java.version: &amp;apos;1.8.0_221&amp;apos;
Driver info: org.openqa.selenium.chrome.ChromeDriver
Capabilities {acceptInsecureCerts: false, browserName: chrome, browserVersion: 102.0.5005.63, chrome: {chromedriverVersion: 102.0.5005.61 (0e59bcc00cc4..., userDataDir: C:\Users\sujatha\AppData\Lo...}, goog:chromeOptions: {debuggerAddress: localhost:54924}, javascriptEnabled: true, networkConnectionEnabled: false, pageLoadStrategy: normal, platform: WINDOWS, platformName: WINDOWS, proxy: Proxy(), setWindowRect: true, strictFileInteractability: false, timeouts: {implicit: 0, pageLoad: 300000, script: 30000}, unhandledPromptBehavior: dismiss and notify, webauthn:extension:credBlob: true, webauthn:extension:largeBlob: true, webauthn:virtualAuthenticators: true}
Session ID: 560d16dc5f4687a25f0be31cc0a01677">
      <![CDATA[org.openqa.selenium.ElementClickInterceptedException: element click intercepted: Element <button class="btn2 icon-btn2 btn-danger Ripple-parent" type="button" id="btn-delete-challan">...</button> is not clickable at point (1276, 597). Other element would receive the click: <div class="r-spinner-loader">...</div>
  (Session info: chrome=102.0.5005.63)
Build info: version: '3.141.59', revision: 'e82be7d358', time: '2018-11-14T08:17:03'
System info: host: 'DESKTOP-KIK7PCN', ip: '192.168.43.53', os.name: 'Windows 10', os.arch: 'amd64', os.version: '10.0', java.version: '1.8.0_221'
Driver info: org.openqa.selenium.chrome.ChromeDriver
Capabilities {acceptInsecureCerts: false, browserName: chrome, browserVersion: 102.0.5005.63, chrome: {chromedriverVersion: 102.0.5005.61 (0e59bcc00cc4..., userDataDir: C:\Users\sujatha\AppData\Lo...}, goog:chromeOptions: {debuggerAddress: localhost:54924}, javascriptEnabled: true, networkConnectionEnabled: false, pageLoadStrategy: normal, platform: WINDOWS, platformName: WINDOWS, proxy: Proxy(), setWindowRect: true, strictFileInteractability: false, timeouts: {implicit: 0, pageLoad: 300000, script: 30000}, unhandledPromptBehavior: dismiss and notify, webauthn:extension:credBlob: true, webauthn:extension:largeBlob: true, webauthn:virtualAuthenticators: true}
Session ID: 560d16dc5f4687a25f0be31cc0a01677
	at org.openqa.selenium.remote.http.W3CHttpResponseCodec.createException(W3CHttpResponseCodec.java:187)
	at org.openqa.selenium.remote.http.W3CHttpResponseCodec.decode(W3CHttpResponseCodec.java:122)
	at org.openqa.selenium.remote.http.W3CHttpResponseCodec.decode(W3CHttpResponseCodec.java:49)
	at org.openqa.selenium.remote.HttpCommandExecutor.execute(HttpCommandExecutor.java:158)
	at org.openqa.selenium.remote.service.DriverCommandExecutor.execute(DriverCommandExecutor.java:83)
	at org.openqa.selenium.remote.RemoteWebDriver.execute(RemoteWebDriver.java:552)
	at org.openqa.selenium.remote.RemoteWebElement.execute(RemoteWebElement.java:285)
	at org.openqa.selenium.remote.RemoteWebElement.click(RemoteWebElement.java:84)
	at pro.saral.pageObject.UIOperation.perform(UIOperation.java:25)
	at pro.saral.testCases.AChallan_Mapping_Test.Challan_Testcases(AChallan_Mapping_Test.java:23)
... Removed 27 stack frames]]>
    </failure>
  </testcase> <!-- Challan_Testcases -->
  <testcase name="Challan_Testcases" time="12.578" classname="pro.saral.testCases.AChallan_Mapping_Test"/>
  <testcase name="Challan_Testcases" time="2.323" classname="pro.saral.testCases.AChallan_Mapping_Test"/>
  <testcase name="Challan_Testcases" time="0.001" classname="pro.saral.testCases.AChallan_Mapping_Test"/>
  <testcase name="Challan_Testcases" time="1.417" classname="pro.saral.testCases.AChallan_Mapping_Test"/>
  <testcase name="Challan_Testcases" time="1.202" classname="pro.saral.testCases.AChallan_Mapping_Test"/>
  <testcase name="Challan_Testcases" time="1.293" classname="pro.saral.testCases.AChallan_Mapping_Test"/>
  <testcase name="Challan_Testcases" time="0.997" classname="pro.saral.testCases.AChallan_Mapping_Test"/>
  <testcase name="Challan_Testcases" time="1.58" classname="pro.saral.testCases.AChallan_Mapping_Test"/>
  <testcase name="Challan_Testcases" time="0.766" classname="pro.saral.testCases.AChallan_Mapping_Test"/>
  <testcase name="Challan_Testcases" time="1.606" classname="pro.saral.testCases.AChallan_Mapping_Test"/>
  <testcase name="Challan_Testcases" time="2.122" classname="pro.saral.testCases.AChallan_Mapping_Test">
    <failure type="org.openqa.selenium.ElementClickInterceptedException" message="element click intercepted: Element &amp;lt;a class=&amp;quot;tab tab-primary&amp;quot; id=&amp;quot;Employee&amp;quot; href=&amp;quot;/tds/employee&amp;quot;&amp;gt;...&amp;lt;/a&amp;gt; is not clickable at point (254, 143). Other element would receive the click: &amp;lt;div class=&amp;quot;r-spinner-loader&amp;quot;&amp;gt;...&amp;lt;/div&amp;gt;
  (Session info: chrome=102.0.5005.63)
Build info: version: &amp;apos;3.141.59&amp;apos;, revision: &amp;apos;e82be7d358&amp;apos;, time: &amp;apos;2018-11-14T08:17:03&amp;apos;
System info: host: &amp;apos;DESKTOP-KIK7PCN&amp;apos;, ip: &amp;apos;192.168.43.53&amp;apos;, os.name: &amp;apos;Windows 10&amp;apos;, os.arch: &amp;apos;amd64&amp;apos;, os.version: &amp;apos;10.0&amp;apos;, java.version: &amp;apos;1.8.0_221&amp;apos;
Driver info: org.openqa.selenium.chrome.ChromeDriver
Capabilities {acceptInsecureCerts: false, browserName: chrome, browserVersion: 102.0.5005.63, chrome: {chromedriverVersion: 102.0.5005.61 (0e59bcc00cc4..., userDataDir: C:\Users\sujatha\AppData\Lo...}, goog:chromeOptions: {debuggerAddress: localhost:54924}, javascriptEnabled: true, networkConnectionEnabled: false, pageLoadStrategy: normal, platform: WINDOWS, platformName: WINDOWS, proxy: Proxy(), setWindowRect: true, strictFileInteractability: false, timeouts: {implicit: 0, pageLoad: 300000, script: 30000}, unhandledPromptBehavior: dismiss and notify, webauthn:extension:credBlob: true, webauthn:extension:largeBlob: true, webauthn:virtualAuthenticators: true}
Session ID: 560d16dc5f4687a25f0be31cc0a01677">
      <![CDATA[org.openqa.selenium.ElementClickInterceptedException: element click intercepted: Element <a class="tab tab-primary" id="Employee" href="/tds/employee">...</a> is not clickable at point (254, 143). Other element would receive the click: <div class="r-spinner-loader">...</div>
  (Session info: chrome=102.0.5005.63)
Build info: version: '3.141.59', revision: 'e82be7d358', time: '2018-11-14T08:17:03'
System info: host: 'DESKTOP-KIK7PCN', ip: '192.168.43.53', os.name: 'Windows 10', os.arch: 'amd64', os.version: '10.0', java.version: '1.8.0_221'
Driver info: org.openqa.selenium.chrome.ChromeDriver
Capabilities {acceptInsecureCerts: false, browserName: chrome, browserVersion: 102.0.5005.63, chrome: {chromedriverVersion: 102.0.5005.61 (0e59bcc00cc4..., userDataDir: C:\Users\sujatha\AppData\Lo...}, goog:chromeOptions: {debuggerAddress: localhost:54924}, javascriptEnabled: true, networkConnectionEnabled: false, pageLoadStrategy: normal, platform: WINDOWS, platformName: WINDOWS, proxy: Proxy(), setWindowRect: true, strictFileInteractability: false, timeouts: {implicit: 0, pageLoad: 300000, script: 30000}, unhandledPromptBehavior: dismiss and notify, webauthn:extension:credBlob: true, webauthn:extension:largeBlob: true, webauthn:virtualAuthenticators: true}
Session ID: 560d16dc5f4687a25f0be31cc0a01677
	at org.openqa.selenium.remote.http.W3CHttpResponseCodec.createException(W3CHttpResponseCodec.java:187)
	at org.openqa.selenium.remote.http.W3CHttpResponseCodec.decode(W3CHttpResponseCodec.java:122)
	at org.openqa.selenium.remote.http.W3CHttpResponseCodec.decode(W3CHttpResponseCodec.java:49)
	at org.openqa.selenium.remote.HttpCommandExecutor.execute(HttpCommandExecutor.java:158)
	at org.openqa.selenium.remote.service.DriverCommandExecutor.execute(DriverCommandExecutor.java:83)
	at org.openqa.selenium.remote.RemoteWebDriver.execute(RemoteWebDriver.java:552)
	at org.openqa.selenium.remote.RemoteWebElement.execute(RemoteWebElement.java:285)
	at org.openqa.selenium.remote.RemoteWebElement.click(RemoteWebElement.java:84)
	at pro.saral.pageObject.UIOperation.perform(UIOperation.java:25)
	at pro.saral.testCases.AChallan_Mapping_Test.Challan_Testcases(AChallan_Mapping_Test.java:23)
... Removed 27 stack frames]]>
    </failure>
  </testcase> <!-- Challan_Testcases -->
  <testcase name="Challan_Testcases" time="3.262" classname="pro.saral.testCases.AChallan_Mapping_Test"/>
  <testcase name="Challan_Testcases" time="0.654" classname="pro.saral.testCases.AChallan_Mapping_Test"/>
  <testcase name="Challan_Testcases" time="1.169" classname="pro.saral.testCases.AChallan_Mapping_Test"/>
</testsuite> <!-- GstSaral Test -->
