<?xml version="1.0" encoding="UTF-8"?>
<!-- Generated by org.testng.reporters.JUnitXMLReporter -->
<testsuite hostname="Darshan" name="GstSaral Test" tests="1" failures="0" timestamp="2 Jun 2022 11:08:09 GMT" time="5.3" errors="0">
  <testcase name="@BeforeClass setup" time="0.0" classname="pro.saral.testCases.Employee_Test">
    <failure type="org.openqa.selenium.NoSuchElementException" message="Cannot locate an element using name=email
For documentation on this error, please visit: https://www.seleniumhq.org/exceptions/no_such_element.html
Build info: version: &amp;apos;3.141.59&amp;apos;, revision: &amp;apos;e82be7d358&amp;apos;, time: &amp;apos;2018-11-14T08:17:03&amp;apos;
System info: host: &amp;apos;DARSHAN&amp;apos;, ip: &amp;apos;192.168.2.30&amp;apos;, os.name: &amp;apos;Windows 8.1&amp;apos;, os.arch: &amp;apos;amd64&amp;apos;, os.version: &amp;apos;6.3&amp;apos;, java.version: &amp;apos;1.8.0_221&amp;apos;
Driver info: driver.version: RemoteWebDriver">
      <![CDATA[org.openqa.selenium.NoSuchElementException: Cannot locate an element using name=email
For documentation on this error, please visit: https://www.seleniumhq.org/exceptions/no_such_element.html
Build info: version: '3.141.59', revision: 'e82be7d358', time: '2018-11-14T08:17:03'
System info: host: 'DARSHAN', ip: '192.168.2.30', os.name: 'Windows 8.1', os.arch: 'amd64', os.version: '6.3', java.version: '1.8.0_221'
Driver info: driver.version: RemoteWebDriver
	at org.openqa.selenium.remote.RemoteWebDriver.findElement(RemoteWebDriver.java:327)
	at org.openqa.selenium.remote.RemoteWebDriver.findElementByName(RemoteWebDriver.java:404)
	at org.openqa.selenium.By$ByName.findElement(By.java:284)
	at org.openqa.selenium.remote.RemoteWebDriver.findElement(RemoteWebDriver.java:315)
	at org.openqa.selenium.support.pagefactory.DefaultElementLocator.findElement(DefaultElementLocator.java:69)
	at org.openqa.selenium.support.pagefactory.internal.LocatingElementHandler.invoke(LocatingElementHandler.java:38)
	at com.sun.proxy.$Proxy11.sendKeys(Unknown Source)
	at pro.saral.pageObject.LoginPage.setUserName(LoginPage.java:83)
	at pro.saral.testCases.BaseClass.setup(BaseClass.java:66)
... Removed 24 stack frames]]>
    </failure>
  </testcase> <!-- @BeforeClass setup -->
  <testcase name="@BeforeMethod Login_Entry" time="0.0" classname="pro.saral.testCases.Employee_Test">
    <skipped/>
  </testcase> <!-- @BeforeMethod Login_Entry -->
  <testcase name="@AfterClass tearDown" time="0.0" classname="pro.saral.testCases.Employee_Test">
    <skipped/>
  </testcase> <!-- @AfterClass tearDown -->
  <testcase name="Mandatory_Field_Check" time="0.001" classname="pro.saral.testCases.Employee_Test">
    <skipped/>
  </testcase> <!-- Mandatory_Field_Check -->
</testsuite> <!-- GstSaral Test -->
