<?xml version="1.0" encoding="UTF-8"?>
<!-- Generated by org.testng.reporters.JUnitXMLReporter -->
<testsuite hostname="Darshan" name="GstSaral Test" tests="144" failures="1" timestamp="6 Jun 2022 10:23:07 GMT" time="156.671" errors="0">
  <testcase name="Enter_Only_Mandatory_Field_And_Check" time="3.153" classname="pro.saral.testCases.Employee_Test"/>
  <testcase name="Challan_Testcases" time="3.472" classname="pro.saral.testCases.Regression_Test"/>
  <testcase name="Challan_Testcases" time="0.706" classname="pro.saral.testCases.Regression_Test"/>
  <testcase name="Challan_Testcases" time="0.428" classname="pro.saral.testCases.Regression_Test"/>
  <testcase name="Challan_Testcases" time="1.672" classname="pro.saral.testCases.Regression_Test"/>
  <testcase name="Challan_Testcases" time="1.26" classname="pro.saral.testCases.Regression_Test"/>
  <testcase name="Challan_Testcases" time="0.302" classname="pro.saral.testCases.Regression_Test"/>
  <testcase name="Challan_Testcases" time="0.047" classname="pro.saral.testCases.Regression_Test"/>
  <testcase name="Challan_Testcases" time="4.648" classname="pro.saral.testCases.Regression_Test"/>
  <testcase name="Challan_Testcases" time="0.819" classname="pro.saral.testCases.Regression_Test"/>
  <testcase name="Challan_Testcases" time="0.749" classname="pro.saral.testCases.Regression_Test"/>
  <testcase name="Challan_Testcases" time="0.559" classname="pro.saral.testCases.Regression_Test"/>
  <testcase name="Challan_Testcases" time="0.435" classname="pro.saral.testCases.Regression_Test"/>
  <testcase name="Challan_Testcases" time="2.002" classname="pro.saral.testCases.Regression_Test"/>
  <testcase name="Challan_Testcases" time="1.056" classname="pro.saral.testCases.Regression_Test"/>
  <testcase name="Challan_Testcases" time="0.9" classname="pro.saral.testCases.Regression_Test"/>
  <testcase name="Challan_Testcases" time="0.839" classname="pro.saral.testCases.Regression_Test"/>
  <testcase name="Challan_Testcases" time="0.55" classname="pro.saral.testCases.Regression_Test"/>
  <testcase name="Challan_Testcases" time="0.637" classname="pro.saral.testCases.Regression_Test"/>
  <testcase name="Challan_Testcases" time="3.179" classname="pro.saral.testCases.Regression_Test"/>
  <testcase name="Challan_Testcases" time="0.355" classname="pro.saral.testCases.Regression_Test"/>
  <testcase name="Challan_Testcases" time="0.59" classname="pro.saral.testCases.Regression_Test"/>
  <testcase name="Challan_Testcases" time="0.423" classname="pro.saral.testCases.Regression_Test"/>
  <testcase name="Challan_Testcases" time="0.337" classname="pro.saral.testCases.Regression_Test"/>
  <testcase name="Challan_Testcases" time="0.336" classname="pro.saral.testCases.Regression_Test"/>
  <testcase name="Challan_Testcases" time="0.187" classname="pro.saral.testCases.Regression_Test">
    <failure type="org.openqa.selenium.StaleElementReferenceException" message="stale element reference: element is not attached to the page document
  (Session info: chrome=102.0.5005.63)
For documentation on this error, please visit: https://www.seleniumhq.org/exceptions/stale_element_reference.html
Build info: version: &amp;apos;3.141.59&amp;apos;, revision: &amp;apos;e82be7d358&amp;apos;, time: &amp;apos;2018-11-14T08:17:03&amp;apos;
System info: host: &amp;apos;DARSHAN&amp;apos;, ip: &amp;apos;192.168.2.30&amp;apos;, os.name: &amp;apos;Windows 8.1&amp;apos;, os.arch: &amp;apos;amd64&amp;apos;, os.version: &amp;apos;6.3&amp;apos;, java.version: &amp;apos;1.8.0_221&amp;apos;
Driver info: org.openqa.selenium.chrome.ChromeDriver
Capabilities {acceptInsecureCerts: false, browserName: chrome, browserVersion: 102.0.5005.63, chrome: {chromedriverVersion: 102.0.5005.61 (0e59bcc00cc4..., userDataDir: C:\Users\Darshan\AppData\Lo...}, goog:chromeOptions: {debuggerAddress: localhost:52163}, javascriptEnabled: true, networkConnectionEnabled: false, pageLoadStrategy: normal, platform: WINDOWS, platformName: WINDOWS, proxy: Proxy(), setWindowRect: true, strictFileInteractability: false, timeouts: {implicit: 0, pageLoad: 300000, script: 30000}, unhandledPromptBehavior: dismiss and notify, webauthn:extension:credBlob: true, webauthn:extension:largeBlob: true, webauthn:virtualAuthenticators: true}
Session ID: 9292eb316094296c1a5b311aa4849140">
      <![CDATA[org.openqa.selenium.StaleElementReferenceException: stale element reference: element is not attached to the page document
  (Session info: chrome=102.0.5005.63)
For documentation on this error, please visit: https://www.seleniumhq.org/exceptions/stale_element_reference.html
Build info: version: '3.141.59', revision: 'e82be7d358', time: '2018-11-14T08:17:03'
System info: host: 'DARSHAN', ip: '192.168.2.30', os.name: 'Windows 8.1', os.arch: 'amd64', os.version: '6.3', java.version: '1.8.0_221'
Driver info: org.openqa.selenium.chrome.ChromeDriver
Capabilities {acceptInsecureCerts: false, browserName: chrome, browserVersion: 102.0.5005.63, chrome: {chromedriverVersion: 102.0.5005.61 (0e59bcc00cc4..., userDataDir: C:\Users\Darshan\AppData\Lo...}, goog:chromeOptions: {debuggerAddress: localhost:52163}, javascriptEnabled: true, networkConnectionEnabled: false, pageLoadStrategy: normal, platform: WINDOWS, platformName: WINDOWS, proxy: Proxy(), setWindowRect: true, strictFileInteractability: false, timeouts: {implicit: 0, pageLoad: 300000, script: 30000}, unhandledPromptBehavior: dismiss and notify, webauthn:extension:credBlob: true, webauthn:extension:largeBlob: true, webauthn:virtualAuthenticators: true}
Session ID: 9292eb316094296c1a5b311aa4849140
	at org.openqa.selenium.remote.http.W3CHttpResponseCodec.createException(W3CHttpResponseCodec.java:187)
	at org.openqa.selenium.remote.http.W3CHttpResponseCodec.decode(W3CHttpResponseCodec.java:122)
	at org.openqa.selenium.remote.http.W3CHttpResponseCodec.decode(W3CHttpResponseCodec.java:49)
	at org.openqa.selenium.remote.HttpCommandExecutor.execute(HttpCommandExecutor.java:158)
	at org.openqa.selenium.remote.service.DriverCommandExecutor.execute(DriverCommandExecutor.java:83)
	at org.openqa.selenium.remote.RemoteWebDriver.execute(RemoteWebDriver.java:552)
	at org.openqa.selenium.remote.RemoteWebElement.execute(RemoteWebElement.java:285)
	at org.openqa.selenium.remote.RemoteWebElement.isDisplayed(RemoteWebElement.java:326)
	at pro.saral.pageObject.UIOperation.perform(UIOperation.java:47)
	at pro.saral.testCases.Regression_Test.Challan_Testcases(Regression_Test.java:22)
... Removed 27 stack frames]]>
    </failure>
  </testcase> <!-- Challan_Testcases -->
  <testcase name="Challan_Testcases" time="2.746" classname="pro.saral.testCases.Regression_Test"/>
  <testcase name="Challan_Testcases" time="0.424" classname="pro.saral.testCases.Regression_Test"/>
  <testcase name="Challan_Testcases" time="1.005" classname="pro.saral.testCases.Regression_Test"/>
  <testcase name="Challan_Testcases" time="0.04" classname="pro.saral.testCases.Regression_Test"/>
  <testcase name="Challan_Testcases" time="1.031" classname="pro.saral.testCases.Regression_Test"/>
  <testcase name="Challan_Testcases" time="0.074" classname="pro.saral.testCases.Regression_Test"/>
  <testcase name="Challan_Testcases" time="0.433" classname="pro.saral.testCases.Regression_Test"/>
  <testcase name="Challan_Testcases" time="0.304" classname="pro.saral.testCases.Regression_Test"/>
  <testcase name="Challan_Testcases" time="0.45" classname="pro.saral.testCases.Regression_Test"/>
  <testcase name="Challan_Testcases" time="0.248" classname="pro.saral.testCases.Regression_Test"/>
  <testcase name="Challan_Testcases" time="0.411" classname="pro.saral.testCases.Regression_Test"/>
  <testcase name="Challan_Testcases" time="0.251" classname="pro.saral.testCases.Regression_Test"/>
  <testcase name="Challan_Testcases" time="0.23" classname="pro.saral.testCases.Regression_Test"/>
  <testcase name="Challan_Testcases" time="0.258" classname="pro.saral.testCases.Regression_Test"/>
  <testcase name="Challan_Testcases" time="0.179" classname="pro.saral.testCases.Regression_Test"/>
  <testcase name="Challan_Testcases" time="0.26" classname="pro.saral.testCases.Regression_Test"/>
  <testcase name="Challan_Testcases" time="0.37" classname="pro.saral.testCases.Regression_Test"/>
  <testcase name="Challan_Testcases" time="0.114" classname="pro.saral.testCases.Regression_Test"/>
  <testcase name="Challan_Testcases" time="0.508" classname="pro.saral.testCases.Regression_Test"/>
  <testcase name="Challan_Testcases" time="0.232" classname="pro.saral.testCases.Regression_Test"/>
  <testcase name="Challan_Testcases" time="0.678" classname="pro.saral.testCases.Regression_Test"/>
  <testcase name="Challan_Testcases" time="0.02" classname="pro.saral.testCases.Regression_Test"/>
  <testcase name="Challan_Testcases" time="0.52" classname="pro.saral.testCases.Regression_Test"/>
  <testcase name="Challan_Testcases" time="2.555" classname="pro.saral.testCases.Regression_Test"/>
  <testcase name="Challan_Testcases" time="0.273" classname="pro.saral.testCases.Regression_Test"/>
  <testcase name="Challan_Testcases" time="1.03" classname="pro.saral.testCases.Regression_Test"/>
  <testcase name="Challan_Testcases" time="0.281" classname="pro.saral.testCases.Regression_Test"/>
  <testcase name="Challan_Testcases" time="0.453" classname="pro.saral.testCases.Regression_Test"/>
  <testcase name="Challan_Testcases" time="0.308" classname="pro.saral.testCases.Regression_Test"/>
  <testcase name="Challan_Testcases" time="0.35" classname="pro.saral.testCases.Regression_Test"/>
  <testcase name="Challan_Testcases" time="0.491" classname="pro.saral.testCases.Regression_Test"/>
  <testcase name="Challan_Testcases" time="0.332" classname="pro.saral.testCases.Regression_Test"/>
  <testcase name="Challan_Testcases" time="0.428" classname="pro.saral.testCases.Regression_Test"/>
  <testcase name="Challan_Testcases" time="0.316" classname="pro.saral.testCases.Regression_Test"/>
  <testcase name="Challan_Testcases" time="0.275" classname="pro.saral.testCases.Regression_Test"/>
  <testcase name="Challan_Testcases" time="0.394" classname="pro.saral.testCases.Regression_Test"/>
  <testcase name="Challan_Testcases" time="0.316" classname="pro.saral.testCases.Regression_Test"/>
  <testcase name="Challan_Testcases" time="0.284" classname="pro.saral.testCases.Regression_Test"/>
  <testcase name="Challan_Testcases" time="0.257" classname="pro.saral.testCases.Regression_Test"/>
  <testcase name="Challan_Testcases" time="0.326" classname="pro.saral.testCases.Regression_Test"/>
  <testcase name="Challan_Testcases" time="0.283" classname="pro.saral.testCases.Regression_Test"/>
  <testcase name="Challan_Testcases" time="0.283" classname="pro.saral.testCases.Regression_Test"/>
  <testcase name="Challan_Testcases" time="0.464" classname="pro.saral.testCases.Regression_Test"/>
  <testcase name="Challan_Testcases" time="0.104" classname="pro.saral.testCases.Regression_Test"/>
  <testcase name="Challan_Testcases" time="0.31" classname="pro.saral.testCases.Regression_Test"/>
  <testcase name="Challan_Testcases" time="0.839" classname="pro.saral.testCases.Regression_Test"/>
  <testcase name="Challan_Testcases" time="2.492" classname="pro.saral.testCases.Regression_Test"/>
  <testcase name="Challan_Testcases" time="0.015" classname="pro.saral.testCases.Regression_Test"/>
  <testcase name="Challan_Testcases" time="0.516" classname="pro.saral.testCases.Regression_Test"/>
  <testcase name="Challan_Testcases" time="2.108" classname="pro.saral.testCases.Regression_Test"/>
  <testcase name="Challan_Testcases" time="0.17" classname="pro.saral.testCases.Regression_Test"/>
  <testcase name="Challan_Testcases" time="0.245" classname="pro.saral.testCases.Regression_Test"/>
  <testcase name="Challan_Testcases" time="1.144" classname="pro.saral.testCases.Regression_Test"/>
  <testcase name="Challan_Testcases" time="0.571" classname="pro.saral.testCases.Regression_Test"/>
  <testcase name="Challan_Testcases" time="0.174" classname="pro.saral.testCases.Regression_Test"/>
  <testcase name="Challan_Testcases" time="0.142" classname="pro.saral.testCases.Regression_Test"/>
  <testcase name="Challan_Testcases" time="0.184" classname="pro.saral.testCases.Regression_Test"/>
  <testcase name="Challan_Testcases" time="0.123" classname="pro.saral.testCases.Regression_Test"/>
  <testcase name="Challan_Testcases" time="0.443" classname="pro.saral.testCases.Regression_Test"/>
  <testcase name="Challan_Testcases" time="0.428" classname="pro.saral.testCases.Regression_Test"/>
  <testcase name="Challan_Testcases" time="0.492" classname="pro.saral.testCases.Regression_Test"/>
  <testcase name="Challan_Testcases" time="0.434" classname="pro.saral.testCases.Regression_Test"/>
  <testcase name="Challan_Testcases" time="0.391" classname="pro.saral.testCases.Regression_Test"/>
  <testcase name="Challan_Testcases" time="0.411" classname="pro.saral.testCases.Regression_Test"/>
  <testcase name="Challan_Testcases" time="2.505" classname="pro.saral.testCases.Regression_Test"/>
  <testcase name="Challan_Testcases" time="0.021" classname="pro.saral.testCases.Regression_Test"/>
  <testcase name="Challan_Testcases" time="0.841" classname="pro.saral.testCases.Regression_Test"/>
  <testcase name="Challan_Testcases" time="2.597" classname="pro.saral.testCases.Regression_Test"/>
  <testcase name="Challan_Testcases" time="0.299" classname="pro.saral.testCases.Regression_Test"/>
  <testcase name="Challan_Testcases" time="1.129" classname="pro.saral.testCases.Regression_Test"/>
  <testcase name="Challan_Testcases" time="0.5" classname="pro.saral.testCases.Regression_Test"/>
  <testcase name="Challan_Testcases" time="0.423" classname="pro.saral.testCases.Regression_Test"/>
  <testcase name="Challan_Testcases" time="0.389" classname="pro.saral.testCases.Regression_Test"/>
  <testcase name="Challan_Testcases" time="0.846" classname="pro.saral.testCases.Regression_Test"/>
  <testcase name="Challan_Testcases" time="0.021" classname="pro.saral.testCases.Regression_Test"/>
  <testcase name="Challan_Testcases" time="0.122" classname="pro.saral.testCases.Regression_Test"/>
  <testcase name="Challan_Testcases" time="0.515" classname="pro.saral.testCases.Regression_Test"/>
  <testcase name="Challan_Testcases" time="2.563" classname="pro.saral.testCases.Regression_Test"/>
  <testcase name="Challan_Testcases" time="0.301" classname="pro.saral.testCases.Regression_Test"/>
  <testcase name="Challan_Testcases" time="0.839" classname="pro.saral.testCases.Regression_Test"/>
  <testcase name="Challan_Testcases" time="0.305" classname="pro.saral.testCases.Regression_Test"/>
  <testcase name="Challan_Testcases" time="0.597" classname="pro.saral.testCases.Regression_Test"/>
  <testcase name="Challan_Testcases" time="0.379" classname="pro.saral.testCases.Regression_Test"/>
  <testcase name="Challan_Testcases" time="0.275" classname="pro.saral.testCases.Regression_Test"/>
  <testcase name="Challan_Testcases" time="0.816" classname="pro.saral.testCases.Regression_Test"/>
  <testcase name="Challan_Testcases" time="2.629" classname="pro.saral.testCases.Regression_Test"/>
  <testcase name="Challan_Testcases" time="0.361" classname="pro.saral.testCases.Regression_Test"/>
  <testcase name="Challan_Testcases" time="2.742" classname="pro.saral.testCases.Regression_Test"/>
  <testcase name="Challan_Testcases" time="0.232" classname="pro.saral.testCases.Regression_Test"/>
  <testcase name="Challan_Testcases" time="0.51" classname="pro.saral.testCases.Regression_Test"/>
  <testcase name="Challan_Testcases" time="0.31" classname="pro.saral.testCases.Regression_Test"/>
  <testcase name="Challan_Testcases" time="0.348" classname="pro.saral.testCases.Regression_Test"/>
  <testcase name="Challan_Testcases" time="0.29" classname="pro.saral.testCases.Regression_Test"/>
  <testcase name="Challan_Testcases" time="15.622" classname="pro.saral.testCases.Regression_Test"/>
  <testcase name="Challan_Testcases" time="0.063" classname="pro.saral.testCases.Regression_Test"/>
  <testcase name="Challan_Testcases" time="0.135" classname="pro.saral.testCases.Regression_Test"/>
  <testcase name="Challan_Testcases" time="0.892" classname="pro.saral.testCases.Regression_Test"/>
  <testcase name="Challan_Testcases" time="0.021" classname="pro.saral.testCases.Regression_Test"/>
  <testcase name="Challan_Testcases" time="0.527" classname="pro.saral.testCases.Regression_Test"/>
  <testcase name="Challan_Testcases" time="2.611" classname="pro.saral.testCases.Regression_Test"/>
  <testcase name="Challan_Testcases" time="0.273" classname="pro.saral.testCases.Regression_Test"/>
  <testcase name="Challan_Testcases" time="0.877" classname="pro.saral.testCases.Regression_Test"/>
  <testcase name="Challan_Testcases" time="0.623" classname="pro.saral.testCases.Regression_Test"/>
  <testcase name="Challan_Testcases" time="0.988" classname="pro.saral.testCases.Regression_Test"/>
  <testcase name="Challan_Testcases" time="0.375" classname="pro.saral.testCases.Regression_Test"/>
  <testcase name="Challan_Testcases" time="0.018" classname="pro.saral.testCases.Regression_Test"/>
  <testcase name="Challan_Testcases" time="0.771" classname="pro.saral.testCases.Regression_Test"/>
  <testcase name="Challan_Testcases" time="2.499" classname="pro.saral.testCases.Regression_Test"/>
  <testcase name="Challan_Testcases" time="0.382" classname="pro.saral.testCases.Regression_Test"/>
  <testcase name="Challan_Testcases" time="0.964" classname="pro.saral.testCases.Regression_Test"/>
  <testcase name="Challan_Testcases" time="0.381" classname="pro.saral.testCases.Regression_Test"/>
  <testcase name="Challan_Testcases" time="0.869" classname="pro.saral.testCases.Regression_Test"/>
  <testcase name="Challan_Testcases" time="0.362" classname="pro.saral.testCases.Regression_Test"/>
  <testcase name="Challan_Testcases" time="0.663" classname="pro.saral.testCases.Regression_Test"/>
  <testcase name="Challan_Testcases" time="0.84" classname="pro.saral.testCases.Regression_Test"/>
  <testcase name="Challan_Testcases" time="0.682" classname="pro.saral.testCases.Regression_Test"/>
  <testcase name="Challan_Testcases" time="0.327" classname="pro.saral.testCases.Regression_Test"/>
  <testcase name="Challan_Testcases" time="0.81" classname="pro.saral.testCases.Regression_Test"/>
</testsuite> <!-- GstSaral Test -->
