<?xml version="1.0" encoding="UTF-8"?>
<!-- Generated by org.testng.reporters.JUnitXMLReporter -->
<testsuite hostname="Darshan" name="GstSaral Test" tests="94" failures="0" timestamp="2 Jun 2022 12:28:46 GMT" time="205.099" errors="0">
  <testcase name="Mandatory_Field_Check" time="1.182" classname="pro.saral.testCases.Employee_Test"/>
  <testcase name="Enter_Invalid_Pan_And_Check_Validation" time="1.146" classname="pro.saral.testCases.Employee_Test"/>
  <testcase name="Enter_Invalid_Date_And_Check_Validation" time="2.549" classname="pro.saral.testCases.Employee_Test"/>
  <testcase name="Enter_Only_Mandatory_Field_And_Check" time="3.012" classname="pro.saral.testCases.Employee_Test"/>
  <testcase name="Edit_Fields_And_Update" time="3.867" classname="pro.saral.testCases.Employee_Test"/>
  <testcase name="Delete_Single_Fields" time="1.724" classname="pro.saral.testCases.Employee_Test"/>
  <testcase name="Enter_All_Field_And_Check" time="5.819" classname="pro.saral.testCases.Employee_Test"/>
  <testcase name="Enter_All_Field_And_Check_Duplication" time="1.578" classname="pro.saral.testCases.Employee_Test"/>
  <testcase name="Enter_All_Different_Pan_Cases" time="14.677" classname="pro.saral.testCases.Employee_Test"/>
  <testcase name="Delete_All_Fields" time="1.884" classname="pro.saral.testCases.Employee_Test"/>
  <testcase name="Deductee_Testcases" time="3.388" classname="pro.saral.testCases.Deductee_Test"/>
  <testcase name="Deductee_Testcases" time="0.598" classname="pro.saral.testCases.Deductee_Test"/>
  <testcase name="Deductee_Testcases" time="0.338" classname="pro.saral.testCases.Deductee_Test"/>
  <testcase name="Deductee_Testcases" time="1.649" classname="pro.saral.testCases.Deductee_Test"/>
  <testcase name="Deductee_Testcases" time="2.158" classname="pro.saral.testCases.Deductee_Test"/>
  <testcase name="Deductee_Testcases" time="0.355" classname="pro.saral.testCases.Deductee_Test"/>
  <testcase name="Deductee_Testcases" time="0.777" classname="pro.saral.testCases.Deductee_Test"/>
  <testcase name="Deductee_Testcases" time="0.8" classname="pro.saral.testCases.Deductee_Test"/>
  <testcase name="Deductee_Testcases" time="0.038" classname="pro.saral.testCases.Deductee_Test"/>
  <testcase name="Deductee_Testcases" time="0.063" classname="pro.saral.testCases.Deductee_Test"/>
  <testcase name="Deductee_Testcases" time="0.17" classname="pro.saral.testCases.Deductee_Test"/>
  <testcase name="Deductee_Testcases" time="0.002" classname="pro.saral.testCases.Deductee_Test"/>
  <testcase name="Deductee_Testcases" time="0.551" classname="pro.saral.testCases.Deductee_Test"/>
  <testcase name="Deductee_Testcases" time="0.079" classname="pro.saral.testCases.Deductee_Test"/>
  <testcase name="Deductee_Testcases" time="0.353" classname="pro.saral.testCases.Deductee_Test"/>
  <testcase name="Deductee_Testcases" time="0.249" classname="pro.saral.testCases.Deductee_Test"/>
  <testcase name="Deductee_Testcases" time="0.118" classname="pro.saral.testCases.Deductee_Test"/>
  <testcase name="Deductee_Testcases" time="0.436" classname="pro.saral.testCases.Deductee_Test"/>
  <testcase name="Deductee_Testcases" time="0.287" classname="pro.saral.testCases.Deductee_Test"/>
  <testcase name="Deductee_Testcases" time="0.107" classname="pro.saral.testCases.Deductee_Test"/>
  <testcase name="Deductee_Testcases" time="0.377" classname="pro.saral.testCases.Deductee_Test"/>
  <testcase name="Deductee_Testcases" time="0.814" classname="pro.saral.testCases.Deductee_Test"/>
  <testcase name="Deductee_Testcases" time="0.003" classname="pro.saral.testCases.Deductee_Test"/>
  <testcase name="Deductee_Testcases" time="0.647" classname="pro.saral.testCases.Deductee_Test"/>
  <testcase name="Deductee_Testcases" time="0.402" classname="pro.saral.testCases.Deductee_Test"/>
  <testcase name="Deductee_Testcases" time="0.493" classname="pro.saral.testCases.Deductee_Test"/>
  <testcase name="Deductee_Testcases" time="0.193" classname="pro.saral.testCases.Deductee_Test"/>
  <testcase name="Deductee_Testcases" time="0.22" classname="pro.saral.testCases.Deductee_Test"/>
  <testcase name="Deductee_Testcases" time="0.78" classname="pro.saral.testCases.Deductee_Test"/>
  <testcase name="Deductee_Testcases" time="0.479" classname="pro.saral.testCases.Deductee_Test"/>
  <testcase name="Deductee_Testcases" time="0.239" classname="pro.saral.testCases.Deductee_Test"/>
  <testcase name="Deductee_Testcases" time="0.373" classname="pro.saral.testCases.Deductee_Test"/>
  <testcase name="Deductee_Testcases" time="0.329" classname="pro.saral.testCases.Deductee_Test"/>
  <testcase name="Deductee_Testcases" time="0.168" classname="pro.saral.testCases.Deductee_Test"/>
  <testcase name="Deductee_Testcases" time="1.018" classname="pro.saral.testCases.Deductee_Test"/>
  <testcase name="Deductee_Testcases" time="0.004" classname="pro.saral.testCases.Deductee_Test"/>
  <testcase name="Deductee_Testcases" time="0.234" classname="pro.saral.testCases.Deductee_Test"/>
  <testcase name="Deductee_Testcases" time="0.758" classname="pro.saral.testCases.Deductee_Test"/>
  <testcase name="Deductee_Testcases" time="0.431" classname="pro.saral.testCases.Deductee_Test"/>
  <testcase name="Deductee_Testcases" time="0.283" classname="pro.saral.testCases.Deductee_Test"/>
  <testcase name="Deductee_Testcases" time="0.267" classname="pro.saral.testCases.Deductee_Test"/>
  <testcase name="Deductee_Testcases" time="0.33" classname="pro.saral.testCases.Deductee_Test"/>
  <testcase name="Deductee_Testcases" time="0.002" classname="pro.saral.testCases.Deductee_Test"/>
  <testcase name="Deductee_Testcases" time="0.787" classname="pro.saral.testCases.Deductee_Test"/>
  <testcase name="Deductee_Testcases" time="0.462" classname="pro.saral.testCases.Deductee_Test"/>
  <testcase name="Deductee_Testcases" time="0.293" classname="pro.saral.testCases.Deductee_Test"/>
  <testcase name="Deductee_Testcases" time="0.238" classname="pro.saral.testCases.Deductee_Test"/>
  <testcase name="Deductee_Testcases" time="0.288" classname="pro.saral.testCases.Deductee_Test"/>
  <testcase name="Deductee_Testcases" time="0.273" classname="pro.saral.testCases.Deductee_Test"/>
  <testcase name="Deductee_Testcases" time="0.218" classname="pro.saral.testCases.Deductee_Test"/>
  <testcase name="Deductee_Testcases" time="0.411" classname="pro.saral.testCases.Deductee_Test"/>
  <testcase name="Deductee_Testcases" time="0.225" classname="pro.saral.testCases.Deductee_Test"/>
  <testcase name="Deductee_Testcases" time="0.393" classname="pro.saral.testCases.Deductee_Test"/>
  <testcase name="Deductee_Testcases" time="0.247" classname="pro.saral.testCases.Deductee_Test"/>
  <testcase name="Deductee_Testcases" time="1.044" classname="pro.saral.testCases.Deductee_Test"/>
  <testcase name="Deductee_Testcases" time="0.001" classname="pro.saral.testCases.Deductee_Test"/>
  <testcase name="Deductee_Testcases" time="0.286" classname="pro.saral.testCases.Deductee_Test"/>
  <testcase name="Deductee_Testcases" time="0.638" classname="pro.saral.testCases.Deductee_Test"/>
  <testcase name="Deductee_Testcases" time="0.447" classname="pro.saral.testCases.Deductee_Test"/>
  <testcase name="Deductee_Testcases" time="0.293" classname="pro.saral.testCases.Deductee_Test"/>
  <testcase name="Deductee_Testcases" time="0.332" classname="pro.saral.testCases.Deductee_Test"/>
  <testcase name="Deductee_Testcases" time="0.969" classname="pro.saral.testCases.Deductee_Test"/>
  <testcase name="Deductee_Testcases" time="0.297" classname="pro.saral.testCases.Deductee_Test"/>
  <testcase name="Deductee_Testcases" time="0.702" classname="pro.saral.testCases.Deductee_Test"/>
  <testcase name="Deductee_Testcases" time="0.468" classname="pro.saral.testCases.Deductee_Test"/>
  <testcase name="Deductee_Testcases" time="0.325" classname="pro.saral.testCases.Deductee_Test"/>
  <testcase name="Deductee_Testcases" time="0.398" classname="pro.saral.testCases.Deductee_Test"/>
  <testcase name="Deductee_Testcases" time="2.554" classname="pro.saral.testCases.Deductee_Test"/>
  <testcase name="Deductee_Testcases" time="0.369" classname="pro.saral.testCases.Deductee_Test"/>
  <testcase name="Deductee_Testcases" time="0.713" classname="pro.saral.testCases.Deductee_Test"/>
  <testcase name="Deductee_Testcases" time="0.474" classname="pro.saral.testCases.Deductee_Test"/>
  <testcase name="Deductee_Testcases" time="0.443" classname="pro.saral.testCases.Deductee_Test"/>
  <testcase name="Deductee_Testcases" time="0.358" classname="pro.saral.testCases.Deductee_Test"/>
  <testcase name="Deductee_Testcases" time="2.739" classname="pro.saral.testCases.Deductee_Test"/>
  <testcase name="Deductee_Testcases" time="0.003" classname="pro.saral.testCases.Deductee_Test"/>
  <testcase name="Deductee_Testcases" time="0.381" classname="pro.saral.testCases.Deductee_Test"/>
  <testcase name="Deductee_Testcases" time="0.392" classname="pro.saral.testCases.Deductee_Test"/>
  <testcase name="Deductee_Testcases" time="0.927" classname="pro.saral.testCases.Deductee_Test"/>
  <testcase name="Deductee_Testcases" time="0.308" classname="pro.saral.testCases.Deductee_Test"/>
  <testcase name="Deductee_Testcases" time="0.002" classname="pro.saral.testCases.Deductee_Test"/>
  <testcase name="Deductee_Testcases" time="0.488" classname="pro.saral.testCases.Deductee_Test"/>
  <testcase name="Deductee_Testcases" time="0.352" classname="pro.saral.testCases.Deductee_Test"/>
  <testcase name="Deductee_Testcases" time="0.87" classname="pro.saral.testCases.Deductee_Test"/>
  <testcase name="Deductee_Testcases" time="0.163" classname="pro.saral.testCases.Deductee_Test"/>
</testsuite> <!-- GstSaral Test -->
