<?xml version="1.0" encoding="UTF-8"?>
<!-- Generated by org.testng.reporters.JUnitXMLReporter -->
<testsuite hostname="Darshan" name="GstSaral Test" tests="8" failures="0" timestamp="27 Jun 2022 07:10:45 GMT" time="442.116" errors="0">
  <testcase name="Download_Template_And_Verify" time="8.796" classname="pro.saral.testCases.Import_27Q_Test"/>
  <testcase name="Check_Tan_Validation" time="4.987" classname="pro.saral.testCases.Import_27Q_Test"/>
  <testcase name="Click_On_Upload_File_without_Selecting_Excel_File_and_verify_validation" time="18.645" classname="pro.saral.testCases.Import_27Q_Test"/>
  <testcase name="Upload_Valid_Excel_And_Check_Sucess_Status" time="36.792" classname="pro.saral.testCases.Import_27Q_Test"/>
  <testcase name="Upload_Invalid_Excel_And_Check_Errors" time="37.768" classname="pro.saral.testCases.Import_27Q_Test"/>
  <testcase name="Upload_Valid_Conso_And_Check_Sucess_Status" time="57.658" classname="pro.saral.testCases.Import_27Q_Test"/>
  <testcase name="Upload_Valid_Text_And_Check_Sucess_Status" time="36.717" classname="pro.saral.testCases.Import_27Q_Test"/>
  <testcase name="Upload_Valid_Master_Excel_And_Check_Sucess_Status" time="41.79" classname="pro.saral.testCases.Import_27Q_Test"/>
</testsuite> <!-- GstSaral Test -->
