<?xml version="1.0" encoding="UTF-8"?>
<!-- Generated by org.testng.reporters.JUnitXMLReporter -->
<testsuite hostname="DESKTOP-KIK7PCN" name="GstSaral Test" tests="35" failures="0" timestamp="4 Jun 2022 08:06:06 GMT" time="64.652" errors="0">
  <testcase name="Challan_Testcases" time="3.711" classname="pro.saral.testCases.Regression_Test"/>
  <testcase name="Challan_Testcases" time="1.03" classname="pro.saral.testCases.Regression_Test"/>
  <testcase name="Challan_Testcases" time="0.49" classname="pro.saral.testCases.Regression_Test"/>
  <testcase name="Challan_Testcases" time="3.186" classname="pro.saral.testCases.Regression_Test"/>
  <testcase name="Challan_Testcases" time="0.004" classname="pro.saral.testCases.Regression_Test"/>
  <testcase name="Challan_Testcases" time="1.888" classname="pro.saral.testCases.Regression_Test"/>
  <testcase name="Challan_Testcases" time="3.17" classname="pro.saral.testCases.Regression_Test"/>
  <testcase name="Challan_Testcases" time="1.735" classname="pro.saral.testCases.Regression_Test"/>
  <testcase name="Challan_Testcases" time="1.863" classname="pro.saral.testCases.Regression_Test"/>
  <testcase name="Challan_Testcases" time="0.707" classname="pro.saral.testCases.Regression_Test"/>
  <testcase name="Challan_Testcases" time="0.549" classname="pro.saral.testCases.Regression_Test"/>
  <testcase name="Challan_Testcases" time="0.468" classname="pro.saral.testCases.Regression_Test"/>
  <testcase name="Challan_Testcases" time="2.319" classname="pro.saral.testCases.Regression_Test"/>
  <testcase name="Challan_Testcases" time="0.003" classname="pro.saral.testCases.Regression_Test"/>
  <testcase name="Challan_Testcases" time="0.198" classname="pro.saral.testCases.Regression_Test"/>
  <testcase name="Challan_Testcases" time="0.908" classname="pro.saral.testCases.Regression_Test"/>
  <testcase name="Challan_Testcases" time="2.751" classname="pro.saral.testCases.Regression_Test"/>
  <testcase name="Challan_Testcases" time="0.37" classname="pro.saral.testCases.Regression_Test"/>
  <testcase name="Challan_Testcases" time="1.895" classname="pro.saral.testCases.Regression_Test"/>
  <testcase name="Challan_Testcases" time="0.439" classname="pro.saral.testCases.Regression_Test"/>
  <testcase name="Challan_Testcases" time="0.565" classname="pro.saral.testCases.Regression_Test"/>
  <testcase name="Challan_Testcases" time="0.461" classname="pro.saral.testCases.Regression_Test"/>
  <testcase name="Challan_Testcases" time="0.381" classname="pro.saral.testCases.Regression_Test"/>
  <testcase name="Challan_Testcases" time="0.992" classname="pro.saral.testCases.Regression_Test"/>
  <testcase name="Challan_Testcases" time="2.071" classname="pro.saral.testCases.Regression_Test"/>
  <testcase name="Challan_Testcases" time="1.533" classname="pro.saral.testCases.Regression_Test"/>
  <testcase name="Challan_Testcases" time="2.614" classname="pro.saral.testCases.Regression_Test"/>
  <testcase name="Challan_Testcases" time="0.448" classname="pro.saral.testCases.Regression_Test"/>
  <testcase name="Challan_Testcases" time="0.163" classname="pro.saral.testCases.Regression_Test"/>
  <testcase name="Challan_Testcases" time="0.199" classname="pro.saral.testCases.Regression_Test"/>
  <testcase name="Challan_Testcases" time="2.074" classname="pro.saral.testCases.Regression_Test"/>
  <testcase name="Challan_Testcases" time="0.347" classname="pro.saral.testCases.Regression_Test"/>
  <testcase name="Challan_Testcases" time="0.086" classname="pro.saral.testCases.Regression_Test"/>
  <testcase name="Challan_Testcases" time="0.253" classname="pro.saral.testCases.Regression_Test"/>
  <testcase name="Challan_Testcases" time="1.137" classname="pro.saral.testCases.Regression_Test"/>
</testsuite> <!-- GstSaral Test -->
