<?xml version="1.0" encoding="UTF-8"?>
<!-- Generated by org.testng.reporters.JUnitXMLReporter -->
<testsuite hostname="Darshan" name="GstSaral Test" tests="11" failures="0" timestamp="13 Jun 2022 06:08:38 GMT" time="178.635" errors="0">
  <testcase name="Mandatory_Field_Check" time="1.017" classname="pro.saral.testCases.Employee_Test"/>
  <testcase name="Enter_Invalid_Pan_And_Check_Validation" time="2.806" classname="pro.saral.testCases.Employee_Test"/>
  <testcase name="Enter_Invalid_Date_And_Check_Validation" time="2.877" classname="pro.saral.testCases.Employee_Test"/>
  <testcase name="Enter_Only_Mandatory_Field_And_Check" time="3.075" classname="pro.saral.testCases.Employee_Test"/>
  <testcase name="Edit_Fields_And_Update" time="2.555" classname="pro.saral.testCases.Employee_Test"/>
  <testcase name="Download_Employyee_Excel" time="5.249" classname="pro.saral.testCases.Employee_Test"/>
  <testcase name="Delete_Single_Fields" time="1.754" classname="pro.saral.testCases.Employee_Test"/>
  <testcase name="Enter_All_Field_And_Check" time="4.895" classname="pro.saral.testCases.Employee_Test"/>
  <testcase name="Enter_All_Field_And_Check_Duplication" time="2.023" classname="pro.saral.testCases.Employee_Test"/>
  <testcase name="Enter_All_Different_Pan_Cases" time="13.366" classname="pro.saral.testCases.Employee_Test"/>
  <testcase name="Delete_All_Fields" time="1.885" classname="pro.saral.testCases.Employee_Test"/>
</testsuite> <!-- GstSaral Test -->
