<?xml version="1.0" encoding="UTF-8"?>
<!-- Generated by org.testng.reporters.JUnitXMLReporter -->
<testsuite hostname="Darshan" name="GstSaral Test" tests="176" failures="0" timestamp="23 Jun 2022 11:57:15 GMT" time="240.988" errors="0">
  <testcase name="Deduction_26Q_Testcases" time="3.139" classname="pro.saral.testCases.Deduction_27Q_Test"/>
  <testcase name="Deduction_26Q_Testcases" time="0.649" classname="pro.saral.testCases.Deduction_27Q_Test"/>
  <testcase name="Deduction_26Q_Testcases" time="2.428" classname="pro.saral.testCases.Deduction_27Q_Test"/>
  <testcase name="Deduction_26Q_Testcases" time="3.379" classname="pro.saral.testCases.Deduction_27Q_Test"/>
  <testcase name="Deduction_26Q_Testcases" time="0.44" classname="pro.saral.testCases.Deduction_27Q_Test"/>
  <testcase name="Deduction_26Q_Testcases" time="0.137" classname="pro.saral.testCases.Deduction_27Q_Test"/>
  <testcase name="Deduction_26Q_Testcases" time="2.278" classname="pro.saral.testCases.Deduction_27Q_Test"/>
  <testcase name="Deduction_26Q_Testcases" time="2.626" classname="pro.saral.testCases.Deduction_27Q_Test"/>
  <testcase name="Deduction_26Q_Testcases" time="2.257" classname="pro.saral.testCases.Deduction_27Q_Test"/>
  <testcase name="Deduction_26Q_Testcases" time="2.634" classname="pro.saral.testCases.Deduction_27Q_Test"/>
  <testcase name="Deduction_26Q_Testcases" time="0.288" classname="pro.saral.testCases.Deduction_27Q_Test"/>
  <testcase name="Deduction_26Q_Testcases" time="0.027" classname="pro.saral.testCases.Deduction_27Q_Test"/>
  <testcase name="Deduction_26Q_Testcases" time="2.148" classname="pro.saral.testCases.Deduction_27Q_Test"/>
  <testcase name="Deduction_26Q_Testcases" time="2.553" classname="pro.saral.testCases.Deduction_27Q_Test"/>
  <testcase name="Deduction_26Q_Testcases" time="2.286" classname="pro.saral.testCases.Deduction_27Q_Test"/>
  <testcase name="Deduction_26Q_Testcases" time="0.288" classname="pro.saral.testCases.Deduction_27Q_Test"/>
  <testcase name="Deduction_26Q_Testcases" time="0.485" classname="pro.saral.testCases.Deduction_27Q_Test"/>
  <testcase name="Deduction_26Q_Testcases" time="0.484" classname="pro.saral.testCases.Deduction_27Q_Test"/>
  <testcase name="Deduction_26Q_Testcases" time="0.213" classname="pro.saral.testCases.Deduction_27Q_Test"/>
  <testcase name="Deduction_26Q_Testcases" time="0.408" classname="pro.saral.testCases.Deduction_27Q_Test"/>
  <testcase name="Deduction_26Q_Testcases" time="0.21" classname="pro.saral.testCases.Deduction_27Q_Test"/>
  <testcase name="Deduction_26Q_Testcases" time="0.377" classname="pro.saral.testCases.Deduction_27Q_Test"/>
  <testcase name="Deduction_26Q_Testcases" time="2.242" classname="pro.saral.testCases.Deduction_27Q_Test"/>
  <testcase name="Deduction_26Q_Testcases" time="2.224" classname="pro.saral.testCases.Deduction_27Q_Test"/>
  <testcase name="Deduction_26Q_Testcases" time="0.199" classname="pro.saral.testCases.Deduction_27Q_Test"/>
  <testcase name="Deduction_26Q_Testcases" time="2.264" classname="pro.saral.testCases.Deduction_27Q_Test"/>
  <testcase name="Deduction_26Q_Testcases" time="0.209" classname="pro.saral.testCases.Deduction_27Q_Test"/>
  <testcase name="Deduction_26Q_Testcases" time="0.407" classname="pro.saral.testCases.Deduction_27Q_Test"/>
  <testcase name="Deduction_26Q_Testcases" time="0.236" classname="pro.saral.testCases.Deduction_27Q_Test"/>
  <testcase name="Deduction_26Q_Testcases" time="2.318" classname="pro.saral.testCases.Deduction_27Q_Test"/>
  <testcase name="Deduction_26Q_Testcases" time="0.097" classname="pro.saral.testCases.Deduction_27Q_Test"/>
  <testcase name="Deduction_26Q_Testcases" time="0.02" classname="pro.saral.testCases.Deduction_27Q_Test"/>
  <testcase name="Deduction_26Q_Testcases" time="2.283" classname="pro.saral.testCases.Deduction_27Q_Test"/>
  <testcase name="Deduction_26Q_Testcases" time="2.616" classname="pro.saral.testCases.Deduction_27Q_Test"/>
  <testcase name="Deduction_26Q_Testcases" time="2.275" classname="pro.saral.testCases.Deduction_27Q_Test"/>
  <testcase name="Deduction_26Q_Testcases" time="2.733" classname="pro.saral.testCases.Deduction_27Q_Test"/>
  <testcase name="Deduction_26Q_Testcases" time="0.277" classname="pro.saral.testCases.Deduction_27Q_Test"/>
  <testcase name="Deduction_26Q_Testcases" time="2.641" classname="pro.saral.testCases.Deduction_27Q_Test"/>
  <testcase name="Deduction_26Q_Testcases" time="2.428" classname="pro.saral.testCases.Deduction_27Q_Test"/>
  <testcase name="Deduction_26Q_Testcases" time="0.139" classname="pro.saral.testCases.Deduction_27Q_Test"/>
  <testcase name="Deduction_26Q_Testcases" time="2.355" classname="pro.saral.testCases.Deduction_27Q_Test"/>
  <testcase name="Deduction_26Q_Testcases" time="0.128" classname="pro.saral.testCases.Deduction_27Q_Test"/>
  <testcase name="Deduction_26Q_Testcases" time="0.115" classname="pro.saral.testCases.Deduction_27Q_Test"/>
  <testcase name="Deduction_26Q_Testcases" time="0.132" classname="pro.saral.testCases.Deduction_27Q_Test"/>
  <testcase name="Deduction_26Q_Testcases" time="0.018" classname="pro.saral.testCases.Deduction_27Q_Test"/>
  <testcase name="Deduction_26Q_Testcases" time="0.464" classname="pro.saral.testCases.Deduction_27Q_Test"/>
  <testcase name="Deduction_26Q_Testcases" time="0.482" classname="pro.saral.testCases.Deduction_27Q_Test"/>
  <testcase name="Deduction_26Q_Testcases" time="0.677" classname="pro.saral.testCases.Deduction_27Q_Test"/>
  <testcase name="Deduction_26Q_Testcases" time="0.136" classname="pro.saral.testCases.Deduction_27Q_Test"/>
  <testcase name="Deduction_26Q_Testcases" time="2.378" classname="pro.saral.testCases.Deduction_27Q_Test"/>
  <testcase name="Deduction_26Q_Testcases" time="0.319" classname="pro.saral.testCases.Deduction_27Q_Test"/>
  <testcase name="Deduction_26Q_Testcases" time="2.391" classname="pro.saral.testCases.Deduction_27Q_Test"/>
  <testcase name="Deduction_26Q_Testcases" time="0.342" classname="pro.saral.testCases.Deduction_27Q_Test"/>
  <testcase name="Deduction_26Q_Testcases" time="2.386" classname="pro.saral.testCases.Deduction_27Q_Test"/>
  <testcase name="Deduction_26Q_Testcases" time="0.323" classname="pro.saral.testCases.Deduction_27Q_Test"/>
  <testcase name="Deduction_26Q_Testcases" time="2.39" classname="pro.saral.testCases.Deduction_27Q_Test"/>
  <testcase name="Deduction_26Q_Testcases" time="0.36" classname="pro.saral.testCases.Deduction_27Q_Test"/>
  <testcase name="Deduction_26Q_Testcases" time="0.603" classname="pro.saral.testCases.Deduction_27Q_Test"/>
  <testcase name="Deduction_26Q_Testcases" time="0.454" classname="pro.saral.testCases.Deduction_27Q_Test"/>
  <testcase name="Deduction_26Q_Testcases" time="0.424" classname="pro.saral.testCases.Deduction_27Q_Test"/>
  <testcase name="Deduction_26Q_Testcases" time="0.802" classname="pro.saral.testCases.Deduction_27Q_Test"/>
  <testcase name="Deduction_26Q_Testcases" time="0.28" classname="pro.saral.testCases.Deduction_27Q_Test"/>
  <testcase name="Deduction_26Q_Testcases" time="0.258" classname="pro.saral.testCases.Deduction_27Q_Test"/>
  <testcase name="Deduction_26Q_Testcases" time="0.291" classname="pro.saral.testCases.Deduction_27Q_Test"/>
  <testcase name="Deduction_26Q_Testcases" time="0.415" classname="pro.saral.testCases.Deduction_27Q_Test"/>
  <testcase name="Deduction_26Q_Testcases" time="0.012" classname="pro.saral.testCases.Deduction_27Q_Test"/>
  <testcase name="Deduction_26Q_Testcases" time="2.4" classname="pro.saral.testCases.Deduction_27Q_Test"/>
  <testcase name="Deduction_26Q_Testcases" time="0.191" classname="pro.saral.testCases.Deduction_27Q_Test"/>
  <testcase name="Deduction_26Q_Testcases" time="0.015" classname="pro.saral.testCases.Deduction_27Q_Test"/>
  <testcase name="Deduction_26Q_Testcases" time="0.295" classname="pro.saral.testCases.Deduction_27Q_Test"/>
  <testcase name="Deduction_26Q_Testcases" time="1.045" classname="pro.saral.testCases.Deduction_27Q_Test"/>
  <testcase name="Deduction_26Q_Testcases" time="2.405" classname="pro.saral.testCases.Deduction_27Q_Test"/>
  <testcase name="Deduction_26Q_Testcases" time="0.488" classname="pro.saral.testCases.Deduction_27Q_Test"/>
  <testcase name="Deduction_26Q_Testcases" time="0.472" classname="pro.saral.testCases.Deduction_27Q_Test"/>
  <testcase name="Deduction_26Q_Testcases" time="0.943" classname="pro.saral.testCases.Deduction_27Q_Test"/>
  <testcase name="Deduction_26Q_Testcases" time="2.422" classname="pro.saral.testCases.Deduction_27Q_Test"/>
  <testcase name="Deduction_26Q_Testcases" time="0.119" classname="pro.saral.testCases.Deduction_27Q_Test"/>
  <testcase name="Deduction_26Q_Testcases" time="2.382" classname="pro.saral.testCases.Deduction_27Q_Test"/>
  <testcase name="Deduction_26Q_Testcases" time="0.484" classname="pro.saral.testCases.Deduction_27Q_Test"/>
  <testcase name="Deduction_26Q_Testcases" time="2.385" classname="pro.saral.testCases.Deduction_27Q_Test"/>
  <testcase name="Deduction_26Q_Testcases" time="0.116" classname="pro.saral.testCases.Deduction_27Q_Test"/>
  <testcase name="Deduction_26Q_Testcases" time="2.406" classname="pro.saral.testCases.Deduction_27Q_Test"/>
  <testcase name="Deduction_26Q_Testcases" time="0.691" classname="pro.saral.testCases.Deduction_27Q_Test"/>
  <testcase name="Deduction_26Q_Testcases" time="2.397" classname="pro.saral.testCases.Deduction_27Q_Test"/>
  <testcase name="Deduction_26Q_Testcases" time="0.136" classname="pro.saral.testCases.Deduction_27Q_Test"/>
  <testcase name="Deduction_26Q_Testcases" time="2.438" classname="pro.saral.testCases.Deduction_27Q_Test"/>
  <testcase name="Deduction_26Q_Testcases" time="0.4" classname="pro.saral.testCases.Deduction_27Q_Test"/>
  <testcase name="Deduction_26Q_Testcases" time="2.429" classname="pro.saral.testCases.Deduction_27Q_Test"/>
  <testcase name="Deduction_26Q_Testcases" time="0.128" classname="pro.saral.testCases.Deduction_27Q_Test"/>
  <testcase name="Deduction_26Q_Testcases" time="2.403" classname="pro.saral.testCases.Deduction_27Q_Test"/>
  <testcase name="Deduction_26Q_Testcases" time="0.846" classname="pro.saral.testCases.Deduction_27Q_Test"/>
  <testcase name="Deduction_26Q_Testcases" time="2.544" classname="pro.saral.testCases.Deduction_27Q_Test"/>
  <testcase name="Deduction_26Q_Testcases" time="0.208" classname="pro.saral.testCases.Deduction_27Q_Test"/>
  <testcase name="Deduction_26Q_Testcases" time="2.912" classname="pro.saral.testCases.Deduction_27Q_Test"/>
  <testcase name="Deduction_26Q_Testcases" time="0.477" classname="pro.saral.testCases.Deduction_27Q_Test"/>
  <testcase name="Deduction_26Q_Testcases" time="2.475" classname="pro.saral.testCases.Deduction_27Q_Test"/>
  <testcase name="Deduction_26Q_Testcases" time="0.136" classname="pro.saral.testCases.Deduction_27Q_Test"/>
  <testcase name="Deduction_26Q_Testcases" time="2.422" classname="pro.saral.testCases.Deduction_27Q_Test"/>
  <testcase name="Deduction_26Q_Testcases" time="0.718" classname="pro.saral.testCases.Deduction_27Q_Test"/>
  <testcase name="Deduction_26Q_Testcases" time="2.425" classname="pro.saral.testCases.Deduction_27Q_Test"/>
  <testcase name="Deduction_26Q_Testcases" time="0.134" classname="pro.saral.testCases.Deduction_27Q_Test"/>
  <testcase name="Deduction_26Q_Testcases" time="2.412" classname="pro.saral.testCases.Deduction_27Q_Test"/>
  <testcase name="Deduction_26Q_Testcases" time="0.171" classname="pro.saral.testCases.Deduction_27Q_Test"/>
  <testcase name="Deduction_26Q_Testcases" time="0.518" classname="pro.saral.testCases.Deduction_27Q_Test"/>
  <testcase name="Deduction_26Q_Testcases" time="2.467" classname="pro.saral.testCases.Deduction_27Q_Test"/>
  <testcase name="Deduction_26Q_Testcases" time="0.169" classname="pro.saral.testCases.Deduction_27Q_Test"/>
  <testcase name="Deduction_26Q_Testcases" time="2.452" classname="pro.saral.testCases.Deduction_27Q_Test"/>
  <testcase name="Deduction_26Q_Testcases" time="2.447" classname="pro.saral.testCases.Deduction_27Q_Test"/>
  <testcase name="Deduction_26Q_Testcases" time="2.511" classname="pro.saral.testCases.Deduction_27Q_Test"/>
  <testcase name="Deduction_26Q_Testcases" time="0.013" classname="pro.saral.testCases.Deduction_27Q_Test"/>
  <testcase name="Deduction_26Q_Testcases" time="2.602" classname="pro.saral.testCases.Deduction_27Q_Test"/>
  <testcase name="Deduction_26Q_Testcases" time="0.335" classname="pro.saral.testCases.Deduction_27Q_Test"/>
  <testcase name="Deduction_26Q_Testcases" time="0.463" classname="pro.saral.testCases.Deduction_27Q_Test"/>
  <testcase name="Deduction_26Q_Testcases" time="2.404" classname="pro.saral.testCases.Deduction_27Q_Test"/>
  <testcase name="Deduction_26Q_Testcases" time="0.442" classname="pro.saral.testCases.Deduction_27Q_Test"/>
  <testcase name="Deduction_26Q_Testcases" time="0.625" classname="pro.saral.testCases.Deduction_27Q_Test"/>
  <testcase name="Deduction_26Q_Testcases" time="0.425" classname="pro.saral.testCases.Deduction_27Q_Test"/>
  <testcase name="Deduction_26Q_Testcases" time="0.419" classname="pro.saral.testCases.Deduction_27Q_Test"/>
  <testcase name="Deduction_26Q_Testcases" time="2.389" classname="pro.saral.testCases.Deduction_27Q_Test"/>
  <testcase name="Deduction_26Q_Testcases" time="0.158" classname="pro.saral.testCases.Deduction_27Q_Test"/>
  <testcase name="Deduction_26Q_Testcases" time="2.669" classname="pro.saral.testCases.Deduction_27Q_Test"/>
  <testcase name="Deduction_26Q_Testcases" time="0.125" classname="pro.saral.testCases.Deduction_27Q_Test"/>
  <testcase name="Deduction_26Q_Testcases" time="2.329" classname="pro.saral.testCases.Deduction_27Q_Test"/>
  <testcase name="Deduction_26Q_Testcases" time="2.354" classname="pro.saral.testCases.Deduction_27Q_Test"/>
  <testcase name="Deduction_26Q_Testcases" time="2.454" classname="pro.saral.testCases.Deduction_27Q_Test"/>
  <testcase name="Deduction_26Q_Testcases" time="0.112" classname="pro.saral.testCases.Deduction_27Q_Test"/>
  <testcase name="Deduction_26Q_Testcases" time="0.119" classname="pro.saral.testCases.Deduction_27Q_Test"/>
  <testcase name="Deduction_26Q_Testcases" time="0.137" classname="pro.saral.testCases.Deduction_27Q_Test"/>
  <testcase name="Deduction_26Q_Testcases" time="0.108" classname="pro.saral.testCases.Deduction_27Q_Test"/>
  <testcase name="Deduction_26Q_Testcases" time="0.421" classname="pro.saral.testCases.Deduction_27Q_Test"/>
  <testcase name="Deduction_26Q_Testcases" time="0.3" classname="pro.saral.testCases.Deduction_27Q_Test"/>
  <testcase name="Deduction_26Q_Testcases" time="0.498" classname="pro.saral.testCases.Deduction_27Q_Test"/>
  <testcase name="Deduction_26Q_Testcases" time="0.479" classname="pro.saral.testCases.Deduction_27Q_Test"/>
  <testcase name="Deduction_26Q_Testcases" time="2.389" classname="pro.saral.testCases.Deduction_27Q_Test"/>
  <testcase name="Deduction_26Q_Testcases" time="2.408" classname="pro.saral.testCases.Deduction_27Q_Test"/>
  <testcase name="Deduction_26Q_Testcases" time="2.444" classname="pro.saral.testCases.Deduction_27Q_Test"/>
  <testcase name="Deduction_26Q_Testcases" time="0.232" classname="pro.saral.testCases.Deduction_27Q_Test"/>
  <testcase name="Deduction_26Q_Testcases" time="0.014" classname="pro.saral.testCases.Deduction_27Q_Test"/>
  <testcase name="Deduction_26Q_Testcases" time="2.71" classname="pro.saral.testCases.Deduction_27Q_Test"/>
  <testcase name="Deduction_26Q_Testcases" time="2.604" classname="pro.saral.testCases.Deduction_27Q_Test"/>
  <testcase name="Deduction_26Q_Testcases" time="2.201" classname="pro.saral.testCases.Deduction_27Q_Test"/>
  <testcase name="Deduction_26Q_Testcases" time="2.653" classname="pro.saral.testCases.Deduction_27Q_Test"/>
  <testcase name="Deduction_26Q_Testcases" time="2.428" classname="pro.saral.testCases.Deduction_27Q_Test"/>
  <testcase name="Deduction_26Q_Testcases" time="0.432" classname="pro.saral.testCases.Deduction_27Q_Test"/>
  <testcase name="Deduction_26Q_Testcases" time="0.491" classname="pro.saral.testCases.Deduction_27Q_Test"/>
  <testcase name="Deduction_26Q_Testcases" time="0.62" classname="pro.saral.testCases.Deduction_27Q_Test"/>
  <testcase name="Deduction_26Q_Testcases" time="0.653" classname="pro.saral.testCases.Deduction_27Q_Test"/>
  <testcase name="Deduction_26Q_Testcases" time="2.382" classname="pro.saral.testCases.Deduction_27Q_Test"/>
  <testcase name="Deduction_26Q_Testcases" time="0.165" classname="pro.saral.testCases.Deduction_27Q_Test"/>
  <testcase name="Deduction_26Q_Testcases" time="0.012" classname="pro.saral.testCases.Deduction_27Q_Test"/>
  <testcase name="Deduction_26Q_Testcases" time="2.536" classname="pro.saral.testCases.Deduction_27Q_Test"/>
  <testcase name="Deduction_26Q_Testcases" time="2.658" classname="pro.saral.testCases.Deduction_27Q_Test"/>
  <testcase name="Deduction_26Q_Testcases" time="2.21" classname="pro.saral.testCases.Deduction_27Q_Test"/>
  <testcase name="Deduction_26Q_Testcases" time="2.495" classname="pro.saral.testCases.Deduction_27Q_Test"/>
  <testcase name="Deduction_26Q_Testcases" time="2.492" classname="pro.saral.testCases.Deduction_27Q_Test"/>
  <testcase name="Deduction_26Q_Testcases" time="2.457" classname="pro.saral.testCases.Deduction_27Q_Test"/>
  <testcase name="Deduction_26Q_Testcases" time="0.187" classname="pro.saral.testCases.Deduction_27Q_Test"/>
  <testcase name="Deduction_26Q_Testcases" time="0.015" classname="pro.saral.testCases.Deduction_27Q_Test"/>
  <testcase name="Deduction_26Q_Testcases" time="2.491" classname="pro.saral.testCases.Deduction_27Q_Test"/>
  <testcase name="Deduction_26Q_Testcases" time="2.453" classname="pro.saral.testCases.Deduction_27Q_Test"/>
  <testcase name="Deduction_26Q_Testcases" time="2.46" classname="pro.saral.testCases.Deduction_27Q_Test"/>
  <testcase name="Deduction_26Q_Testcases" time="0.181" classname="pro.saral.testCases.Deduction_27Q_Test"/>
  <testcase name="Deduction_26Q_Testcases" time="0.012" classname="pro.saral.testCases.Deduction_27Q_Test"/>
  <testcase name="Deduction_26Q_Testcases" time="2.472" classname="pro.saral.testCases.Deduction_27Q_Test"/>
  <testcase name="Deduction_26Q_Testcases" time="2.394" classname="pro.saral.testCases.Deduction_27Q_Test"/>
  <testcase name="Deduction_26Q_Testcases" time="2.242" classname="pro.saral.testCases.Deduction_27Q_Test"/>
  <testcase name="Deduction_26Q_Testcases" time="2.245" classname="pro.saral.testCases.Deduction_27Q_Test"/>
  <testcase name="Deduction_26Q_Testcases" time="0.133" classname="pro.saral.testCases.Deduction_27Q_Test"/>
  <testcase name="Deduction_26Q_Testcases" time="0.014" classname="pro.saral.testCases.Deduction_27Q_Test"/>
  <testcase name="Deduction_26Q_Testcases" time="0.089" classname="pro.saral.testCases.Deduction_27Q_Test"/>
  <testcase name="Deduction_26Q_Testcases" time="2.228" classname="pro.saral.testCases.Deduction_27Q_Test"/>
  <testcase name="Deduction_26Q_Testcases" time="2.258" classname="pro.saral.testCases.Deduction_27Q_Test"/>
  <testcase name="Deduction_26Q_Testcases" time="2.312" classname="pro.saral.testCases.Deduction_27Q_Test"/>
  <testcase name="Deduction_26Q_Testcases" time="2.225" classname="pro.saral.testCases.Deduction_27Q_Test"/>
  <testcase name="Deduction_26Q_Testcases" time="2.249" classname="pro.saral.testCases.Deduction_27Q_Test"/>
  <testcase name="Deduction_26Q_Testcases" time="0.095" classname="pro.saral.testCases.Deduction_27Q_Test"/>
</testsuite> <!-- GstSaral Test -->
