<?xml version="1.0" encoding="UTF-8"?>
<!-- Generated by org.testng.reporters.JUnitXMLReporter -->
<testsuite hostname="Darshan" name="GstSaral Test" tests="235" failures="0" timestamp="28 Jun 2022 05:33:58 GMT" time="364.251" errors="0">
  <testcase name="PredictDefault_Testcases" time="3.435" classname="pro.saral.testCases.Challan_Mapping_27Q_Test"/>
  <testcase name="PredictDefault_Testcases" time="0.817" classname="pro.saral.testCases.Challan_Mapping_27Q_Test"/>
  <testcase name="PredictDefault_Testcases" time="2.622" classname="pro.saral.testCases.Challan_Mapping_27Q_Test"/>
  <testcase name="PredictDefault_Testcases" time="3.354" classname="pro.saral.testCases.Challan_Mapping_27Q_Test"/>
  <testcase name="PredictDefault_Testcases" time="0.582" classname="pro.saral.testCases.Challan_Mapping_27Q_Test"/>
  <testcase name="PredictDefault_Testcases" time="0.205" classname="pro.saral.testCases.Challan_Mapping_27Q_Test"/>
  <testcase name="PredictDefault_Testcases" time="2.29" classname="pro.saral.testCases.Challan_Mapping_27Q_Test"/>
  <testcase name="PredictDefault_Testcases" time="0.026" classname="pro.saral.testCases.Challan_Mapping_27Q_Test"/>
  <testcase name="PredictDefault_Testcases" time="2.272" classname="pro.saral.testCases.Challan_Mapping_27Q_Test"/>
  <testcase name="PredictDefault_Testcases" time="2.374" classname="pro.saral.testCases.Challan_Mapping_27Q_Test"/>
  <testcase name="PredictDefault_Testcases" time="0.024" classname="pro.saral.testCases.Challan_Mapping_27Q_Test"/>
  <testcase name="PredictDefault_Testcases" time="0.352" classname="pro.saral.testCases.Challan_Mapping_27Q_Test"/>
  <testcase name="PredictDefault_Testcases" time="0.268" classname="pro.saral.testCases.Challan_Mapping_27Q_Test"/>
  <testcase name="PredictDefault_Testcases" time="0.32" classname="pro.saral.testCases.Challan_Mapping_27Q_Test"/>
  <testcase name="PredictDefault_Testcases" time="0.265" classname="pro.saral.testCases.Challan_Mapping_27Q_Test"/>
  <testcase name="PredictDefault_Testcases" time="0.359" classname="pro.saral.testCases.Challan_Mapping_27Q_Test"/>
  <testcase name="PredictDefault_Testcases" time="0.274" classname="pro.saral.testCases.Challan_Mapping_27Q_Test"/>
  <testcase name="PredictDefault_Testcases" time="0.288" classname="pro.saral.testCases.Challan_Mapping_27Q_Test"/>
  <testcase name="PredictDefault_Testcases" time="0.248" classname="pro.saral.testCases.Challan_Mapping_27Q_Test"/>
  <testcase name="PredictDefault_Testcases" time="0.171" classname="pro.saral.testCases.Challan_Mapping_27Q_Test"/>
  <testcase name="PredictDefault_Testcases" time="0.282" classname="pro.saral.testCases.Challan_Mapping_27Q_Test"/>
  <testcase name="PredictDefault_Testcases" time="0.351" classname="pro.saral.testCases.Challan_Mapping_27Q_Test"/>
  <testcase name="PredictDefault_Testcases" time="0.519" classname="pro.saral.testCases.Challan_Mapping_27Q_Test"/>
  <testcase name="PredictDefault_Testcases" time="2.37" classname="pro.saral.testCases.Challan_Mapping_27Q_Test"/>
  <testcase name="PredictDefault_Testcases" time="0.188" classname="pro.saral.testCases.Challan_Mapping_27Q_Test"/>
  <testcase name="PredictDefault_Testcases" time="0.128" classname="pro.saral.testCases.Challan_Mapping_27Q_Test"/>
  <testcase name="PredictDefault_Testcases" time="2.439" classname="pro.saral.testCases.Challan_Mapping_27Q_Test"/>
  <testcase name="PredictDefault_Testcases" time="2.692" classname="pro.saral.testCases.Challan_Mapping_27Q_Test"/>
  <testcase name="PredictDefault_Testcases" time="2.232" classname="pro.saral.testCases.Challan_Mapping_27Q_Test"/>
  <testcase name="PredictDefault_Testcases" time="2.679" classname="pro.saral.testCases.Challan_Mapping_27Q_Test"/>
  <testcase name="PredictDefault_Testcases" time="0.309" classname="pro.saral.testCases.Challan_Mapping_27Q_Test"/>
  <testcase name="PredictDefault_Testcases" time="0.021" classname="pro.saral.testCases.Challan_Mapping_27Q_Test"/>
  <testcase name="PredictDefault_Testcases" time="2.448" classname="pro.saral.testCases.Challan_Mapping_27Q_Test"/>
  <testcase name="PredictDefault_Testcases" time="2.576" classname="pro.saral.testCases.Challan_Mapping_27Q_Test"/>
  <testcase name="PredictDefault_Testcases" time="2.458" classname="pro.saral.testCases.Challan_Mapping_27Q_Test"/>
  <testcase name="PredictDefault_Testcases" time="0.447" classname="pro.saral.testCases.Challan_Mapping_27Q_Test"/>
  <testcase name="PredictDefault_Testcases" time="0.433" classname="pro.saral.testCases.Challan_Mapping_27Q_Test"/>
  <testcase name="PredictDefault_Testcases" time="0.539" classname="pro.saral.testCases.Challan_Mapping_27Q_Test"/>
  <testcase name="PredictDefault_Testcases" time="0.238" classname="pro.saral.testCases.Challan_Mapping_27Q_Test"/>
  <testcase name="PredictDefault_Testcases" time="0.526" classname="pro.saral.testCases.Challan_Mapping_27Q_Test"/>
  <testcase name="PredictDefault_Testcases" time="0.258" classname="pro.saral.testCases.Challan_Mapping_27Q_Test"/>
  <testcase name="PredictDefault_Testcases" time="0.497" classname="pro.saral.testCases.Challan_Mapping_27Q_Test"/>
  <testcase name="PredictDefault_Testcases" time="2.304" classname="pro.saral.testCases.Challan_Mapping_27Q_Test"/>
  <testcase name="PredictDefault_Testcases" time="0.18" classname="pro.saral.testCases.Challan_Mapping_27Q_Test"/>
  <testcase name="PredictDefault_Testcases" time="2.356" classname="pro.saral.testCases.Challan_Mapping_27Q_Test"/>
  <testcase name="PredictDefault_Testcases" time="2.599" classname="pro.saral.testCases.Challan_Mapping_27Q_Test"/>
  <testcase name="PredictDefault_Testcases" time="2.228" classname="pro.saral.testCases.Challan_Mapping_27Q_Test"/>
  <testcase name="PredictDefault_Testcases" time="2.687" classname="pro.saral.testCases.Challan_Mapping_27Q_Test"/>
  <testcase name="PredictDefault_Testcases" time="0.302" classname="pro.saral.testCases.Challan_Mapping_27Q_Test"/>
  <testcase name="PredictDefault_Testcases" time="0.36" classname="pro.saral.testCases.Challan_Mapping_27Q_Test"/>
  <testcase name="PredictDefault_Testcases" time="2.474" classname="pro.saral.testCases.Challan_Mapping_27Q_Test"/>
  <testcase name="PredictDefault_Testcases" time="0.02" classname="pro.saral.testCases.Challan_Mapping_27Q_Test"/>
  <testcase name="PredictDefault_Testcases" time="0.484" classname="pro.saral.testCases.Challan_Mapping_27Q_Test"/>
  <testcase name="PredictDefault_Testcases" time="0.495" classname="pro.saral.testCases.Challan_Mapping_27Q_Test"/>
  <testcase name="PredictDefault_Testcases" time="0.941" classname="pro.saral.testCases.Challan_Mapping_27Q_Test"/>
  <testcase name="PredictDefault_Testcases" time="2.414" classname="pro.saral.testCases.Challan_Mapping_27Q_Test"/>
  <testcase name="PredictDefault_Testcases" time="0.341" classname="pro.saral.testCases.Challan_Mapping_27Q_Test"/>
  <testcase name="PredictDefault_Testcases" time="2.392" classname="pro.saral.testCases.Challan_Mapping_27Q_Test"/>
  <testcase name="PredictDefault_Testcases" time="0.407" classname="pro.saral.testCases.Challan_Mapping_27Q_Test"/>
  <testcase name="PredictDefault_Testcases" time="2.402" classname="pro.saral.testCases.Challan_Mapping_27Q_Test"/>
  <testcase name="PredictDefault_Testcases" time="0.345" classname="pro.saral.testCases.Challan_Mapping_27Q_Test"/>
  <testcase name="PredictDefault_Testcases" time="2.393" classname="pro.saral.testCases.Challan_Mapping_27Q_Test"/>
  <testcase name="PredictDefault_Testcases" time="0.373" classname="pro.saral.testCases.Challan_Mapping_27Q_Test"/>
  <testcase name="PredictDefault_Testcases" time="0.657" classname="pro.saral.testCases.Challan_Mapping_27Q_Test"/>
  <testcase name="PredictDefault_Testcases" time="0.453" classname="pro.saral.testCases.Challan_Mapping_27Q_Test"/>
  <testcase name="PredictDefault_Testcases" time="0.456" classname="pro.saral.testCases.Challan_Mapping_27Q_Test"/>
  <testcase name="PredictDefault_Testcases" time="2.421" classname="pro.saral.testCases.Challan_Mapping_27Q_Test"/>
  <testcase name="PredictDefault_Testcases" time="0.178" classname="pro.saral.testCases.Challan_Mapping_27Q_Test"/>
  <testcase name="PredictDefault_Testcases" time="0.015" classname="pro.saral.testCases.Challan_Mapping_27Q_Test"/>
  <testcase name="PredictDefault_Testcases" time="0.192" classname="pro.saral.testCases.Challan_Mapping_27Q_Test"/>
  <testcase name="PredictDefault_Testcases" time="2.543" classname="pro.saral.testCases.Challan_Mapping_27Q_Test"/>
  <testcase name="PredictDefault_Testcases" time="2.674" classname="pro.saral.testCases.Challan_Mapping_27Q_Test"/>
  <testcase name="PredictDefault_Testcases" time="2.241" classname="pro.saral.testCases.Challan_Mapping_27Q_Test"/>
  <testcase name="PredictDefault_Testcases" time="2.257" classname="pro.saral.testCases.Challan_Mapping_27Q_Test"/>
  <testcase name="PredictDefault_Testcases" time="2.149" classname="pro.saral.testCases.Challan_Mapping_27Q_Test"/>
  <testcase name="PredictDefault_Testcases" time="0.046" classname="pro.saral.testCases.Challan_Mapping_27Q_Test"/>
  <testcase name="PredictDefault_Testcases" time="2.587" classname="pro.saral.testCases.Challan_Mapping_27Q_Test"/>
  <testcase name="PredictDefault_Testcases" time="2.177" classname="pro.saral.testCases.Challan_Mapping_27Q_Test"/>
  <testcase name="PredictDefault_Testcases" time="2.645" classname="pro.saral.testCases.Challan_Mapping_27Q_Test"/>
  <testcase name="PredictDefault_Testcases" time="2.386" classname="pro.saral.testCases.Challan_Mapping_27Q_Test"/>
  <testcase name="PredictDefault_Testcases" time="0.408" classname="pro.saral.testCases.Challan_Mapping_27Q_Test"/>
  <testcase name="PredictDefault_Testcases" time="2.431" classname="pro.saral.testCases.Challan_Mapping_27Q_Test"/>
  <testcase name="PredictDefault_Testcases" time="0.176" classname="pro.saral.testCases.Challan_Mapping_27Q_Test"/>
  <testcase name="PredictDefault_Testcases" time="2.667" classname="pro.saral.testCases.Challan_Mapping_27Q_Test"/>
  <testcase name="PredictDefault_Testcases" time="2.379" classname="pro.saral.testCases.Challan_Mapping_27Q_Test"/>
  <testcase name="PredictDefault_Testcases" time="2.597" classname="pro.saral.testCases.Challan_Mapping_27Q_Test"/>
  <testcase name="PredictDefault_Testcases" time="2.459" classname="pro.saral.testCases.Challan_Mapping_27Q_Test"/>
  <testcase name="PredictDefault_Testcases" time="0.29" classname="pro.saral.testCases.Challan_Mapping_27Q_Test"/>
  <testcase name="PredictDefault_Testcases" time="0.264" classname="pro.saral.testCases.Challan_Mapping_27Q_Test"/>
  <testcase name="PredictDefault_Testcases" time="2.377" classname="pro.saral.testCases.Challan_Mapping_27Q_Test"/>
  <testcase name="PredictDefault_Testcases" time="0.588" classname="pro.saral.testCases.Challan_Mapping_27Q_Test"/>
  <testcase name="PredictDefault_Testcases" time="2.432" classname="pro.saral.testCases.Challan_Mapping_27Q_Test"/>
  <testcase name="PredictDefault_Testcases" time="0.364" classname="pro.saral.testCases.Challan_Mapping_27Q_Test"/>
  <testcase name="PredictDefault_Testcases" time="0.28" classname="pro.saral.testCases.Challan_Mapping_27Q_Test"/>
  <testcase name="PredictDefault_Testcases" time="0.278" classname="pro.saral.testCases.Challan_Mapping_27Q_Test"/>
  <testcase name="PredictDefault_Testcases" time="2.376" classname="pro.saral.testCases.Challan_Mapping_27Q_Test"/>
  <testcase name="PredictDefault_Testcases" time="0.168" classname="pro.saral.testCases.Challan_Mapping_27Q_Test"/>
  <testcase name="PredictDefault_Testcases" time="0.125" classname="pro.saral.testCases.Challan_Mapping_27Q_Test"/>
  <testcase name="PredictDefault_Testcases" time="2.52" classname="pro.saral.testCases.Challan_Mapping_27Q_Test"/>
  <testcase name="PredictDefault_Testcases" time="2.055" classname="pro.saral.testCases.Challan_Mapping_27Q_Test"/>
  <testcase name="PredictDefault_Testcases" time="2.291" classname="pro.saral.testCases.Challan_Mapping_27Q_Test"/>
  <testcase name="PredictDefault_Testcases" time="2.332" classname="pro.saral.testCases.Challan_Mapping_27Q_Test"/>
  <testcase name="PredictDefault_Testcases" time="0.366" classname="pro.saral.testCases.Challan_Mapping_27Q_Test"/>
  <testcase name="PredictDefault_Testcases" time="0.273" classname="pro.saral.testCases.Challan_Mapping_27Q_Test"/>
  <testcase name="PredictDefault_Testcases" time="0.308" classname="pro.saral.testCases.Challan_Mapping_27Q_Test"/>
  <testcase name="PredictDefault_Testcases" time="0.299" classname="pro.saral.testCases.Challan_Mapping_27Q_Test"/>
  <testcase name="PredictDefault_Testcases" time="0.306" classname="pro.saral.testCases.Challan_Mapping_27Q_Test"/>
  <testcase name="PredictDefault_Testcases" time="0.248" classname="pro.saral.testCases.Challan_Mapping_27Q_Test"/>
  <testcase name="PredictDefault_Testcases" time="0.21" classname="pro.saral.testCases.Challan_Mapping_27Q_Test"/>
  <testcase name="PredictDefault_Testcases" time="0.239" classname="pro.saral.testCases.Challan_Mapping_27Q_Test"/>
  <testcase name="PredictDefault_Testcases" time="0.169" classname="pro.saral.testCases.Challan_Mapping_27Q_Test"/>
  <testcase name="PredictDefault_Testcases" time="0.244" classname="pro.saral.testCases.Challan_Mapping_27Q_Test"/>
  <testcase name="PredictDefault_Testcases" time="0.347" classname="pro.saral.testCases.Challan_Mapping_27Q_Test"/>
  <testcase name="PredictDefault_Testcases" time="0.511" classname="pro.saral.testCases.Challan_Mapping_27Q_Test"/>
  <testcase name="PredictDefault_Testcases" time="2.311" classname="pro.saral.testCases.Challan_Mapping_27Q_Test"/>
  <testcase name="PredictDefault_Testcases" time="0.143" classname="pro.saral.testCases.Challan_Mapping_27Q_Test"/>
  <testcase name="PredictDefault_Testcases" time="2.381" classname="pro.saral.testCases.Challan_Mapping_27Q_Test"/>
  <testcase name="PredictDefault_Testcases" time="2.043" classname="pro.saral.testCases.Challan_Mapping_27Q_Test"/>
  <testcase name="PredictDefault_Testcases" time="2.294" classname="pro.saral.testCases.Challan_Mapping_27Q_Test"/>
  <testcase name="PredictDefault_Testcases" time="2.191" classname="pro.saral.testCases.Challan_Mapping_27Q_Test"/>
  <testcase name="PredictDefault_Testcases" time="0.131" classname="pro.saral.testCases.Challan_Mapping_27Q_Test"/>
  <testcase name="PredictDefault_Testcases" time="2.226" classname="pro.saral.testCases.Challan_Mapping_27Q_Test"/>
  <testcase name="PredictDefault_Testcases" time="2.208" classname="pro.saral.testCases.Challan_Mapping_27Q_Test"/>
  <testcase name="PredictDefault_Testcases" time="2.295" classname="pro.saral.testCases.Challan_Mapping_27Q_Test"/>
  <testcase name="PredictDefault_Testcases" time="2.246" classname="pro.saral.testCases.Challan_Mapping_27Q_Test"/>
  <testcase name="PredictDefault_Testcases" time="2.179" classname="pro.saral.testCases.Challan_Mapping_27Q_Test"/>
  <testcase name="PredictDefault_Testcases" time="0.149" classname="pro.saral.testCases.Challan_Mapping_27Q_Test"/>
  <testcase name="PredictDefault_Testcases" time="0.125" classname="pro.saral.testCases.Challan_Mapping_27Q_Test"/>
  <testcase name="PredictDefault_Testcases" time="0.08" classname="pro.saral.testCases.Challan_Mapping_27Q_Test"/>
  <testcase name="PredictDefault_Testcases" time="0.084" classname="pro.saral.testCases.Challan_Mapping_27Q_Test"/>
  <testcase name="PredictDefault_Testcases" time="0.112" classname="pro.saral.testCases.Challan_Mapping_27Q_Test"/>
  <testcase name="PredictDefault_Testcases" time="0.103" classname="pro.saral.testCases.Challan_Mapping_27Q_Test"/>
  <testcase name="PredictDefault_Testcases" time="2.165" classname="pro.saral.testCases.Challan_Mapping_27Q_Test"/>
  <testcase name="PredictDefault_Testcases" time="2.26" classname="pro.saral.testCases.Challan_Mapping_27Q_Test"/>
  <testcase name="PredictDefault_Testcases" time="2.177" classname="pro.saral.testCases.Challan_Mapping_27Q_Test"/>
  <testcase name="PredictDefault_Testcases" time="2.225" classname="pro.saral.testCases.Challan_Mapping_27Q_Test"/>
  <testcase name="PredictDefault_Testcases" time="2.915" classname="pro.saral.testCases.Challan_Mapping_27Q_Test"/>
  <testcase name="PredictDefault_Testcases" time="2.4" classname="pro.saral.testCases.Challan_Mapping_27Q_Test"/>
  <testcase name="PredictDefault_Testcases" time="2.826" classname="pro.saral.testCases.Challan_Mapping_27Q_Test"/>
  <testcase name="PredictDefault_Testcases" time="2.479" classname="pro.saral.testCases.Challan_Mapping_27Q_Test"/>
  <testcase name="PredictDefault_Testcases" time="2.393" classname="pro.saral.testCases.Challan_Mapping_27Q_Test"/>
  <testcase name="PredictDefault_Testcases" time="0.024" classname="pro.saral.testCases.Challan_Mapping_27Q_Test"/>
  <testcase name="PredictDefault_Testcases" time="2.499" classname="pro.saral.testCases.Challan_Mapping_27Q_Test"/>
  <testcase name="PredictDefault_Testcases" time="2.398" classname="pro.saral.testCases.Challan_Mapping_27Q_Test"/>
  <testcase name="PredictDefault_Testcases" time="0.027" classname="pro.saral.testCases.Challan_Mapping_27Q_Test"/>
  <testcase name="PredictDefault_Testcases" time="2.472" classname="pro.saral.testCases.Challan_Mapping_27Q_Test"/>
  <testcase name="PredictDefault_Testcases" time="0.178" classname="pro.saral.testCases.Challan_Mapping_27Q_Test"/>
  <testcase name="PredictDefault_Testcases" time="2.537" classname="pro.saral.testCases.Challan_Mapping_27Q_Test"/>
  <testcase name="PredictDefault_Testcases" time="2.677" classname="pro.saral.testCases.Challan_Mapping_27Q_Test"/>
  <testcase name="PredictDefault_Testcases" time="2.411" classname="pro.saral.testCases.Challan_Mapping_27Q_Test"/>
  <testcase name="PredictDefault_Testcases" time="2.402" classname="pro.saral.testCases.Challan_Mapping_27Q_Test"/>
  <testcase name="PredictDefault_Testcases" time="2.425" classname="pro.saral.testCases.Challan_Mapping_27Q_Test"/>
  <testcase name="PredictDefault_Testcases" time="0.194" classname="pro.saral.testCases.Challan_Mapping_27Q_Test"/>
  <testcase name="PredictDefault_Testcases" time="2.541" classname="pro.saral.testCases.Challan_Mapping_27Q_Test"/>
  <testcase name="PredictDefault_Testcases" time="2.645" classname="pro.saral.testCases.Challan_Mapping_27Q_Test"/>
  <testcase name="PredictDefault_Testcases" time="2.317" classname="pro.saral.testCases.Challan_Mapping_27Q_Test"/>
  <testcase name="PredictDefault_Testcases" time="2.263" classname="pro.saral.testCases.Challan_Mapping_27Q_Test"/>
  <testcase name="PredictDefault_Testcases" time="2.192" classname="pro.saral.testCases.Challan_Mapping_27Q_Test"/>
  <testcase name="PredictDefault_Testcases" time="2.197" classname="pro.saral.testCases.Challan_Mapping_27Q_Test"/>
  <testcase name="PredictDefault_Testcases" time="2.198" classname="pro.saral.testCases.Challan_Mapping_27Q_Test"/>
  <testcase name="PredictDefault_Testcases" time="2.209" classname="pro.saral.testCases.Challan_Mapping_27Q_Test"/>
  <testcase name="PredictDefault_Testcases" time="2.205" classname="pro.saral.testCases.Challan_Mapping_27Q_Test"/>
  <testcase name="PredictDefault_Testcases" time="2.197" classname="pro.saral.testCases.Challan_Mapping_27Q_Test"/>
  <testcase name="PredictDefault_Testcases" time="2.173" classname="pro.saral.testCases.Challan_Mapping_27Q_Test"/>
  <testcase name="PredictDefault_Testcases" time="2.177" classname="pro.saral.testCases.Challan_Mapping_27Q_Test"/>
  <testcase name="PredictDefault_Testcases" time="2.184" classname="pro.saral.testCases.Challan_Mapping_27Q_Test"/>
  <testcase name="PredictDefault_Testcases" time="0.058" classname="pro.saral.testCases.Challan_Mapping_27Q_Test"/>
  <testcase name="PredictDefault_Testcases" time="0.12" classname="pro.saral.testCases.Challan_Mapping_27Q_Test"/>
  <testcase name="PredictDefault_Testcases" time="2.128" classname="pro.saral.testCases.Challan_Mapping_27Q_Test"/>
  <testcase name="PredictDefault_Testcases" time="0.016" classname="pro.saral.testCases.Challan_Mapping_27Q_Test"/>
  <testcase name="PredictDefault_Testcases" time="2.267" classname="pro.saral.testCases.Challan_Mapping_27Q_Test"/>
  <testcase name="PredictDefault_Testcases" time="2.214" classname="pro.saral.testCases.Challan_Mapping_27Q_Test"/>
  <testcase name="PredictDefault_Testcases" time="2.189" classname="pro.saral.testCases.Challan_Mapping_27Q_Test"/>
  <testcase name="PredictDefault_Testcases" time="2.406" classname="pro.saral.testCases.Challan_Mapping_27Q_Test"/>
  <testcase name="PredictDefault_Testcases" time="2.233" classname="pro.saral.testCases.Challan_Mapping_27Q_Test"/>
  <testcase name="PredictDefault_Testcases" time="2.198" classname="pro.saral.testCases.Challan_Mapping_27Q_Test"/>
  <testcase name="PredictDefault_Testcases" time="2.222" classname="pro.saral.testCases.Challan_Mapping_27Q_Test"/>
  <testcase name="PredictDefault_Testcases" time="2.387" classname="pro.saral.testCases.Challan_Mapping_27Q_Test"/>
  <testcase name="PredictDefault_Testcases" time="0.013" classname="pro.saral.testCases.Challan_Mapping_27Q_Test"/>
  <testcase name="PredictDefault_Testcases" time="2.336" classname="pro.saral.testCases.Challan_Mapping_27Q_Test"/>
  <testcase name="PredictDefault_Testcases" time="2.048" classname="pro.saral.testCases.Challan_Mapping_27Q_Test"/>
  <testcase name="PredictDefault_Testcases" time="2.275" classname="pro.saral.testCases.Challan_Mapping_27Q_Test"/>
  <testcase name="PredictDefault_Testcases" time="2.523" classname="pro.saral.testCases.Challan_Mapping_27Q_Test"/>
  <testcase name="PredictDefault_Testcases" time="2.49" classname="pro.saral.testCases.Challan_Mapping_27Q_Test"/>
  <testcase name="PredictDefault_Testcases" time="2.497" classname="pro.saral.testCases.Challan_Mapping_27Q_Test"/>
  <testcase name="PredictDefault_Testcases" time="2.477" classname="pro.saral.testCases.Challan_Mapping_27Q_Test"/>
  <testcase name="PredictDefault_Testcases" time="0.164" classname="pro.saral.testCases.Challan_Mapping_27Q_Test"/>
  <testcase name="PredictDefault_Testcases" time="2.667" classname="pro.saral.testCases.Challan_Mapping_27Q_Test"/>
  <testcase name="PredictDefault_Testcases" time="0.351" classname="pro.saral.testCases.Challan_Mapping_27Q_Test"/>
  <testcase name="PredictDefault_Testcases" time="0.361" classname="pro.saral.testCases.Challan_Mapping_27Q_Test"/>
  <testcase name="PredictDefault_Testcases" time="2.482" classname="pro.saral.testCases.Challan_Mapping_27Q_Test"/>
  <testcase name="PredictDefault_Testcases" time="0.635" classname="pro.saral.testCases.Challan_Mapping_27Q_Test"/>
  <testcase name="PredictDefault_Testcases" time="0.501" classname="pro.saral.testCases.Challan_Mapping_27Q_Test"/>
  <testcase name="PredictDefault_Testcases" time="0.515" classname="pro.saral.testCases.Challan_Mapping_27Q_Test"/>
  <testcase name="PredictDefault_Testcases" time="2.453" classname="pro.saral.testCases.Challan_Mapping_27Q_Test"/>
  <testcase name="PredictDefault_Testcases" time="0.377" classname="pro.saral.testCases.Challan_Mapping_27Q_Test"/>
  <testcase name="PredictDefault_Testcases" time="2.398" classname="pro.saral.testCases.Challan_Mapping_27Q_Test"/>
  <testcase name="PredictDefault_Testcases" time="0.484" classname="pro.saral.testCases.Challan_Mapping_27Q_Test"/>
  <testcase name="PredictDefault_Testcases" time="0.535" classname="pro.saral.testCases.Challan_Mapping_27Q_Test"/>
  <testcase name="PredictDefault_Testcases" time="0.433" classname="pro.saral.testCases.Challan_Mapping_27Q_Test"/>
  <testcase name="PredictDefault_Testcases" time="2.405" classname="pro.saral.testCases.Challan_Mapping_27Q_Test"/>
  <testcase name="PredictDefault_Testcases" time="0.54" classname="pro.saral.testCases.Challan_Mapping_27Q_Test"/>
  <testcase name="PredictDefault_Testcases" time="2.395" classname="pro.saral.testCases.Challan_Mapping_27Q_Test"/>
  <testcase name="PredictDefault_Testcases" time="2.409" classname="pro.saral.testCases.Challan_Mapping_27Q_Test"/>
  <testcase name="PredictDefault_Testcases" time="0.239" classname="pro.saral.testCases.Challan_Mapping_27Q_Test"/>
  <testcase name="PredictDefault_Testcases" time="2.747" classname="pro.saral.testCases.Challan_Mapping_27Q_Test"/>
  <testcase name="PredictDefault_Testcases" time="2.043" classname="pro.saral.testCases.Challan_Mapping_27Q_Test"/>
  <testcase name="PredictDefault_Testcases" time="2.276" classname="pro.saral.testCases.Challan_Mapping_27Q_Test"/>
  <testcase name="PredictDefault_Testcases" time="2.239" classname="pro.saral.testCases.Challan_Mapping_27Q_Test"/>
  <testcase name="PredictDefault_Testcases" time="2.206" classname="pro.saral.testCases.Challan_Mapping_27Q_Test"/>
  <testcase name="PredictDefault_Testcases" time="2.259" classname="pro.saral.testCases.Challan_Mapping_27Q_Test"/>
  <testcase name="PredictDefault_Testcases" time="2.19" classname="pro.saral.testCases.Challan_Mapping_27Q_Test"/>
  <testcase name="PredictDefault_Testcases" time="2.256" classname="pro.saral.testCases.Challan_Mapping_27Q_Test"/>
  <testcase name="PredictDefault_Testcases" time="2.573" classname="pro.saral.testCases.Challan_Mapping_27Q_Test"/>
  <testcase name="PredictDefault_Testcases" time="0.127" classname="pro.saral.testCases.Challan_Mapping_27Q_Test"/>
  <testcase name="PredictDefault_Testcases" time="2.346" classname="pro.saral.testCases.Challan_Mapping_27Q_Test"/>
  <testcase name="PredictDefault_Testcases" time="2.222" classname="pro.saral.testCases.Challan_Mapping_27Q_Test"/>
  <testcase name="PredictDefault_Testcases" time="2.495" classname="pro.saral.testCases.Challan_Mapping_27Q_Test"/>
  <testcase name="PredictDefault_Testcases" time="2.478" classname="pro.saral.testCases.Challan_Mapping_27Q_Test"/>
  <testcase name="PredictDefault_Testcases" time="2.477" classname="pro.saral.testCases.Challan_Mapping_27Q_Test"/>
  <testcase name="PredictDefault_Testcases" time="0.159" classname="pro.saral.testCases.Challan_Mapping_27Q_Test"/>
  <testcase name="PredictDefault_Testcases" time="0.013" classname="pro.saral.testCases.Challan_Mapping_27Q_Test"/>
  <testcase name="PredictDefault_Testcases" time="2.471" classname="pro.saral.testCases.Challan_Mapping_27Q_Test"/>
  <testcase name="PredictDefault_Testcases" time="2.343" classname="pro.saral.testCases.Challan_Mapping_27Q_Test"/>
  <testcase name="PredictDefault_Testcases" time="2.276" classname="pro.saral.testCases.Challan_Mapping_27Q_Test"/>
  <testcase name="PredictDefault_Testcases" time="2.262" classname="pro.saral.testCases.Challan_Mapping_27Q_Test"/>
  <testcase name="PredictDefault_Testcases" time="0.131" classname="pro.saral.testCases.Challan_Mapping_27Q_Test"/>
  <testcase name="PredictDefault_Testcases" time="0.015" classname="pro.saral.testCases.Challan_Mapping_27Q_Test"/>
  <testcase name="PredictDefault_Testcases" time="0.109" classname="pro.saral.testCases.Challan_Mapping_27Q_Test"/>
  <testcase name="PredictDefault_Testcases" time="2.245" classname="pro.saral.testCases.Challan_Mapping_27Q_Test"/>
  <testcase name="PredictDefault_Testcases" time="2.272" classname="pro.saral.testCases.Challan_Mapping_27Q_Test"/>
  <testcase name="PredictDefault_Testcases" time="2.309" classname="pro.saral.testCases.Challan_Mapping_27Q_Test"/>
  <testcase name="PredictDefault_Testcases" time="2.277" classname="pro.saral.testCases.Challan_Mapping_27Q_Test"/>
  <testcase name="PredictDefault_Testcases" time="2.271" classname="pro.saral.testCases.Challan_Mapping_27Q_Test"/>
  <testcase name="PredictDefault_Testcases" time="0.122" classname="pro.saral.testCases.Challan_Mapping_27Q_Test"/>
</testsuite> <!-- GstSaral Test -->
