<?xml version="1.0" encoding="UTF-8"?>
<!-- Generated by org.testng.reporters.JUnitXMLReporter -->
<testsuite hostname="DESKTOP-KIK7PCN" name="GstSaral Test" tests="97" failures="0" timestamp="13 Jun 2022 10:39:36 GMT" time="323.144" errors="0">
  <testcase name="AEreturn_Testcases" time="5.907" classname="pro.saral.testCases.AEreturn_Test"/>
  <testcase name="AEreturn_Testcases" time="4.028" classname="pro.saral.testCases.AEreturn_Test"/>
  <testcase name="AEreturn_Testcases" time="3.181" classname="pro.saral.testCases.AEreturn_Test"/>
  <testcase name="AEreturn_Testcases" time="6.052" classname="pro.saral.testCases.AEreturn_Test"/>
  <testcase name="AEreturn_Testcases" time="2.566" classname="pro.saral.testCases.AEreturn_Test"/>
  <testcase name="AEreturn_Testcases" time="0.42" classname="pro.saral.testCases.AEreturn_Test"/>
  <testcase name="AEreturn_Testcases" time="2.886" classname="pro.saral.testCases.AEreturn_Test"/>
  <testcase name="AEreturn_Testcases" time="2.999" classname="pro.saral.testCases.AEreturn_Test"/>
  <testcase name="AEreturn_Testcases" time="0.544" classname="pro.saral.testCases.AEreturn_Test"/>
  <testcase name="AEreturn_Testcases" time="0.659" classname="pro.saral.testCases.AEreturn_Test"/>
  <testcase name="AEreturn_Testcases" time="3.058" classname="pro.saral.testCases.AEreturn_Test"/>
  <testcase name="AEreturn_Testcases" time="2.31" classname="pro.saral.testCases.AEreturn_Test"/>
  <testcase name="AEreturn_Testcases" time="35.503" classname="pro.saral.testCases.AEreturn_Test"/>
  <testcase name="AEreturn_Testcases" time="0.278" classname="pro.saral.testCases.AEreturn_Test"/>
  <testcase name="AEreturn_Testcases" time="3.058" classname="pro.saral.testCases.AEreturn_Test"/>
  <testcase name="AEreturn_Testcases" time="3.353" classname="pro.saral.testCases.AEreturn_Test"/>
  <testcase name="AEreturn_Testcases" time="2.735" classname="pro.saral.testCases.AEreturn_Test"/>
  <testcase name="AEreturn_Testcases" time="1.071" classname="pro.saral.testCases.AEreturn_Test"/>
  <testcase name="AEreturn_Testcases" time="2.98" classname="pro.saral.testCases.AEreturn_Test"/>
  <testcase name="AEreturn_Testcases" time="0.482" classname="pro.saral.testCases.AEreturn_Test"/>
  <testcase name="AEreturn_Testcases" time="2.844" classname="pro.saral.testCases.AEreturn_Test"/>
  <testcase name="AEreturn_Testcases" time="2.756" classname="pro.saral.testCases.AEreturn_Test"/>
  <testcase name="AEreturn_Testcases" time="0.496" classname="pro.saral.testCases.AEreturn_Test"/>
  <testcase name="AEreturn_Testcases" time="2.623" classname="pro.saral.testCases.AEreturn_Test"/>
  <testcase name="AEreturn_Testcases" time="0.599" classname="pro.saral.testCases.AEreturn_Test"/>
  <testcase name="AEreturn_Testcases" time="2.78" classname="pro.saral.testCases.AEreturn_Test"/>
  <testcase name="AEreturn_Testcases" time="2.552" classname="pro.saral.testCases.AEreturn_Test"/>
  <testcase name="AEreturn_Testcases" time="4.512" classname="pro.saral.testCases.AEreturn_Test"/>
  <testcase name="AEreturn_Testcases" time="3.197" classname="pro.saral.testCases.AEreturn_Test"/>
  <testcase name="AEreturn_Testcases" time="0.365" classname="pro.saral.testCases.AEreturn_Test"/>
  <testcase name="AEreturn_Testcases" time="3.211" classname="pro.saral.testCases.AEreturn_Test"/>
  <testcase name="AEreturn_Testcases" time="3.109" classname="pro.saral.testCases.AEreturn_Test"/>
  <testcase name="AEreturn_Testcases" time="11.006" classname="pro.saral.testCases.AEreturn_Test"/>
  <testcase name="AEreturn_Testcases" time="0.315" classname="pro.saral.testCases.AEreturn_Test"/>
  <testcase name="AEreturn_Testcases" time="3.883" classname="pro.saral.testCases.AEreturn_Test"/>
  <testcase name="AEreturn_Testcases" time="3.488" classname="pro.saral.testCases.AEreturn_Test"/>
  <testcase name="AEreturn_Testcases" time="3.252" classname="pro.saral.testCases.AEreturn_Test"/>
  <testcase name="AEreturn_Testcases" time="2.585" classname="pro.saral.testCases.AEreturn_Test"/>
  <testcase name="AEreturn_Testcases" time="0.897" classname="pro.saral.testCases.AEreturn_Test"/>
  <testcase name="AEreturn_Testcases" time="1.337" classname="pro.saral.testCases.AEreturn_Test"/>
  <testcase name="AEreturn_Testcases" time="2.688" classname="pro.saral.testCases.AEreturn_Test"/>
  <testcase name="AEreturn_Testcases" time="2.712" classname="pro.saral.testCases.AEreturn_Test"/>
  <testcase name="AEreturn_Testcases" time="5.2" classname="pro.saral.testCases.AEreturn_Test"/>
  <testcase name="AEreturn_Testcases" time="3.09" classname="pro.saral.testCases.AEreturn_Test"/>
  <testcase name="AEreturn_Testcases" time="0.266" classname="pro.saral.testCases.AEreturn_Test"/>
  <testcase name="AEreturn_Testcases" time="2.597" classname="pro.saral.testCases.AEreturn_Test"/>
  <testcase name="AEreturn_Testcases" time="3.197" classname="pro.saral.testCases.AEreturn_Test"/>
  <testcase name="AEreturn_Testcases" time="5.022" classname="pro.saral.testCases.AEreturn_Test"/>
  <testcase name="AEreturn_Testcases" time="2.843" classname="pro.saral.testCases.AEreturn_Test"/>
  <testcase name="AEreturn_Testcases" time="2.679" classname="pro.saral.testCases.AEreturn_Test"/>
  <testcase name="AEreturn_Testcases" time="2.619" classname="pro.saral.testCases.AEreturn_Test"/>
  <testcase name="AEreturn_Testcases" time="0.347" classname="pro.saral.testCases.AEreturn_Test"/>
  <testcase name="AEreturn_Testcases" time="1.246" classname="pro.saral.testCases.AEreturn_Test"/>
  <testcase name="AEreturn_Testcases" time="2.62" classname="pro.saral.testCases.AEreturn_Test"/>
  <testcase name="AEreturn_Testcases" time="2.548" classname="pro.saral.testCases.AEreturn_Test"/>
  <testcase name="AEreturn_Testcases" time="5.218" classname="pro.saral.testCases.AEreturn_Test"/>
  <testcase name="AEreturn_Testcases" time="3.072" classname="pro.saral.testCases.AEreturn_Test"/>
  <testcase name="AEreturn_Testcases" time="0.267" classname="pro.saral.testCases.AEreturn_Test"/>
  <testcase name="AEreturn_Testcases" time="2.608" classname="pro.saral.testCases.AEreturn_Test"/>
  <testcase name="AEreturn_Testcases" time="3.214" classname="pro.saral.testCases.AEreturn_Test"/>
  <testcase name="AEreturn_Testcases" time="9.354" classname="pro.saral.testCases.AEreturn_Test"/>
  <testcase name="AEreturn_Testcases" time="0.197" classname="pro.saral.testCases.AEreturn_Test"/>
  <testcase name="AEreturn_Testcases" time="0.025" classname="pro.saral.testCases.AEreturn_Test"/>
  <testcase name="AEreturn_Testcases" time="2.962" classname="pro.saral.testCases.AEreturn_Test"/>
  <testcase name="AEreturn_Testcases" time="3.79" classname="pro.saral.testCases.AEreturn_Test"/>
  <testcase name="AEreturn_Testcases" time="2.783" classname="pro.saral.testCases.AEreturn_Test"/>
  <testcase name="AEreturn_Testcases" time="3.599" classname="pro.saral.testCases.AEreturn_Test"/>
  <testcase name="AEreturn_Testcases" time="3.181" classname="pro.saral.testCases.AEreturn_Test"/>
  <testcase name="AEreturn_Testcases" time="3.237" classname="pro.saral.testCases.AEreturn_Test"/>
  <testcase name="AEreturn_Testcases" time="3.091" classname="pro.saral.testCases.AEreturn_Test"/>
  <testcase name="AEreturn_Testcases" time="0.345" classname="pro.saral.testCases.AEreturn_Test"/>
  <testcase name="AEreturn_Testcases" time="0.029" classname="pro.saral.testCases.AEreturn_Test"/>
  <testcase name="AEreturn_Testcases" time="3.319" classname="pro.saral.testCases.AEreturn_Test"/>
  <testcase name="AEreturn_Testcases" time="4.719" classname="pro.saral.testCases.AEreturn_Test"/>
  <testcase name="AEreturn_Testcases" time="2.536" classname="pro.saral.testCases.AEreturn_Test"/>
  <testcase name="AEreturn_Testcases" time="2.907" classname="pro.saral.testCases.AEreturn_Test"/>
  <testcase name="AEreturn_Testcases" time="2.997" classname="pro.saral.testCases.AEreturn_Test"/>
  <testcase name="AEreturn_Testcases" time="2.722" classname="pro.saral.testCases.AEreturn_Test"/>
  <testcase name="AEreturn_Testcases" time="0.324" classname="pro.saral.testCases.AEreturn_Test"/>
  <testcase name="AEreturn_Testcases" time="2.817" classname="pro.saral.testCases.AEreturn_Test"/>
  <testcase name="AEreturn_Testcases" time="2.906" classname="pro.saral.testCases.AEreturn_Test"/>
  <testcase name="AEreturn_Testcases" time="2.833" classname="pro.saral.testCases.AEreturn_Test"/>
  <testcase name="AEreturn_Testcases" time="2.701" classname="pro.saral.testCases.AEreturn_Test"/>
  <testcase name="AEreturn_Testcases" time="2.744" classname="pro.saral.testCases.AEreturn_Test"/>
  <testcase name="AEreturn_Testcases" time="3.493" classname="pro.saral.testCases.AEreturn_Test"/>
  <testcase name="AEreturn_Testcases" time="3.147" classname="pro.saral.testCases.AEreturn_Test"/>
  <testcase name="AEreturn_Testcases" time="0.292" classname="pro.saral.testCases.AEreturn_Test"/>
  <testcase name="AEreturn_Testcases" time="2.529" classname="pro.saral.testCases.AEreturn_Test"/>
  <testcase name="AEreturn_Testcases" time="3.137" classname="pro.saral.testCases.AEreturn_Test"/>
  <testcase name="AEreturn_Testcases" time="10.039" classname="pro.saral.testCases.AEreturn_Test"/>
  <testcase name="AEreturn_Testcases" time="3.089" classname="pro.saral.testCases.AEreturn_Test"/>
  <testcase name="AEreturn_Testcases" time="2.918" classname="pro.saral.testCases.AEreturn_Test"/>
  <testcase name="AEreturn_Testcases" time="2.8" classname="pro.saral.testCases.AEreturn_Test"/>
  <testcase name="AEreturn_Testcases" time="0.112" classname="pro.saral.testCases.AEreturn_Test"/>
  <testcase name="AEreturn_Testcases" time="0.099" classname="pro.saral.testCases.AEreturn_Test"/>
  <testcase name="AEreturn_Testcases" time="0.098" classname="pro.saral.testCases.AEreturn_Test"/>
  <testcase name="AEreturn_Testcases" time="0.094" classname="pro.saral.testCases.AEreturn_Test"/>
</testsuite> <!-- GstSaral Test -->
