<?xml version="1.0" encoding="UTF-8"?>
<!-- Generated by org.testng.reporters.JUnitXMLReporter -->
<testsuite hostname="DESKTOP-KIK7PCN" name="GstSaral Test" tests="81" failures="0" timestamp="10 Jun 2022 09:58:43 GMT" time="243.728" errors="0">
  <testcase name="Challan_Testcases" time="4.573" classname="pro.saral.testCases.AEreturn_Test"/>
  <testcase name="Challan_Testcases" time="1.63" classname="pro.saral.testCases.AEreturn_Test"/>
  <testcase name="Challan_Testcases" time="3.184" classname="pro.saral.testCases.AEreturn_Test"/>
  <testcase name="Challan_Testcases" time="13.912" classname="pro.saral.testCases.AEreturn_Test"/>
  <testcase name="Challan_Testcases" time="0.216" classname="pro.saral.testCases.AEreturn_Test"/>
  <testcase name="Challan_Testcases" time="1.843" classname="pro.saral.testCases.AEreturn_Test"/>
  <testcase name="Challan_Testcases" time="3.691" classname="pro.saral.testCases.AEreturn_Test"/>
  <testcase name="Challan_Testcases" time="3.831" classname="pro.saral.testCases.AEreturn_Test"/>
  <testcase name="Challan_Testcases" time="0.224" classname="pro.saral.testCases.AEreturn_Test"/>
  <testcase name="Challan_Testcases" time="0.211" classname="pro.saral.testCases.AEreturn_Test"/>
  <testcase name="Challan_Testcases" time="5.614" classname="pro.saral.testCases.AEreturn_Test"/>
  <testcase name="Challan_Testcases" time="2.131" classname="pro.saral.testCases.AEreturn_Test"/>
  <testcase name="Challan_Testcases" time="30.334" classname="pro.saral.testCases.AEreturn_Test"/>
  <testcase name="Challan_Testcases" time="0.246" classname="pro.saral.testCases.AEreturn_Test"/>
  <testcase name="Challan_Testcases" time="2.299" classname="pro.saral.testCases.AEreturn_Test"/>
  <testcase name="Challan_Testcases" time="2.901" classname="pro.saral.testCases.AEreturn_Test"/>
  <testcase name="Challan_Testcases" time="6.755" classname="pro.saral.testCases.AEreturn_Test"/>
  <testcase name="Challan_Testcases" time="0.136" classname="pro.saral.testCases.AEreturn_Test"/>
  <testcase name="Challan_Testcases" time="3.082" classname="pro.saral.testCases.AEreturn_Test"/>
  <testcase name="Challan_Testcases" time="2.558" classname="pro.saral.testCases.AEreturn_Test"/>
  <testcase name="Challan_Testcases" time="2.471" classname="pro.saral.testCases.AEreturn_Test"/>
  <testcase name="Challan_Testcases" time="2.282" classname="pro.saral.testCases.AEreturn_Test"/>
  <testcase name="Challan_Testcases" time="0.123" classname="pro.saral.testCases.AEreturn_Test"/>
  <testcase name="Challan_Testcases" time="0.526" classname="pro.saral.testCases.AEreturn_Test"/>
  <testcase name="Challan_Testcases" time="2.278" classname="pro.saral.testCases.AEreturn_Test"/>
  <testcase name="Challan_Testcases" time="2.247" classname="pro.saral.testCases.AEreturn_Test"/>
  <testcase name="Challan_Testcases" time="3.042" classname="pro.saral.testCases.AEreturn_Test"/>
  <testcase name="Challan_Testcases" time="2.612" classname="pro.saral.testCases.AEreturn_Test"/>
  <testcase name="Challan_Testcases" time="0.106" classname="pro.saral.testCases.AEreturn_Test"/>
  <testcase name="Challan_Testcases" time="2.265" classname="pro.saral.testCases.AEreturn_Test"/>
  <testcase name="Challan_Testcases" time="2.625" classname="pro.saral.testCases.AEreturn_Test"/>
  <testcase name="Challan_Testcases" time="6.781" classname="pro.saral.testCases.AEreturn_Test"/>
  <testcase name="Challan_Testcases" time="2.334" classname="pro.saral.testCases.AEreturn_Test"/>
  <testcase name="Challan_Testcases" time="2.303" classname="pro.saral.testCases.AEreturn_Test"/>
  <testcase name="Challan_Testcases" time="2.255" classname="pro.saral.testCases.AEreturn_Test"/>
  <testcase name="Challan_Testcases" time="0.135" classname="pro.saral.testCases.AEreturn_Test"/>
  <testcase name="Challan_Testcases" time="0.666" classname="pro.saral.testCases.AEreturn_Test"/>
  <testcase name="Challan_Testcases" time="2.33" classname="pro.saral.testCases.AEreturn_Test"/>
  <testcase name="Challan_Testcases" time="2.31" classname="pro.saral.testCases.AEreturn_Test"/>
  <testcase name="Challan_Testcases" time="2.989" classname="pro.saral.testCases.AEreturn_Test"/>
  <testcase name="Challan_Testcases" time="2.628" classname="pro.saral.testCases.AEreturn_Test"/>
  <testcase name="Challan_Testcases" time="0.127" classname="pro.saral.testCases.AEreturn_Test"/>
  <testcase name="Challan_Testcases" time="2.271" classname="pro.saral.testCases.AEreturn_Test"/>
  <testcase name="Challan_Testcases" time="2.52" classname="pro.saral.testCases.AEreturn_Test"/>
  <testcase name="Challan_Testcases" time="9.477" classname="pro.saral.testCases.AEreturn_Test"/>
  <testcase name="Challan_Testcases" time="0.097" classname="pro.saral.testCases.AEreturn_Test"/>
  <testcase name="Challan_Testcases" time="0.022" classname="pro.saral.testCases.AEreturn_Test"/>
  <testcase name="Challan_Testcases" time="2.471" classname="pro.saral.testCases.AEreturn_Test"/>
  <testcase name="Challan_Testcases" time="2.976" classname="pro.saral.testCases.AEreturn_Test"/>
  <testcase name="Challan_Testcases" time="2.415" classname="pro.saral.testCases.AEreturn_Test"/>
  <testcase name="Challan_Testcases" time="2.571" classname="pro.saral.testCases.AEreturn_Test"/>
  <testcase name="Challan_Testcases" time="2.555" classname="pro.saral.testCases.AEreturn_Test"/>
  <testcase name="Challan_Testcases" time="2.533" classname="pro.saral.testCases.AEreturn_Test"/>
  <testcase name="Challan_Testcases" time="2.515" classname="pro.saral.testCases.AEreturn_Test"/>
  <testcase name="Challan_Testcases" time="0.18" classname="pro.saral.testCases.AEreturn_Test"/>
  <testcase name="Challan_Testcases" time="0.021" classname="pro.saral.testCases.AEreturn_Test"/>
  <testcase name="Challan_Testcases" time="2.72" classname="pro.saral.testCases.AEreturn_Test"/>
  <testcase name="Challan_Testcases" time="2.925" classname="pro.saral.testCases.AEreturn_Test"/>
  <testcase name="Challan_Testcases" time="2.503" classname="pro.saral.testCases.AEreturn_Test"/>
  <testcase name="Challan_Testcases" time="2.468" classname="pro.saral.testCases.AEreturn_Test"/>
  <testcase name="Challan_Testcases" time="2.415" classname="pro.saral.testCases.AEreturn_Test"/>
  <testcase name="Challan_Testcases" time="2.428" classname="pro.saral.testCases.AEreturn_Test"/>
  <testcase name="Challan_Testcases" time="0.169" classname="pro.saral.testCases.AEreturn_Test"/>
  <testcase name="Challan_Testcases" time="2.405" classname="pro.saral.testCases.AEreturn_Test"/>
  <testcase name="Challan_Testcases" time="2.419" classname="pro.saral.testCases.AEreturn_Test"/>
  <testcase name="Challan_Testcases" time="2.407" classname="pro.saral.testCases.AEreturn_Test"/>
  <testcase name="Challan_Testcases" time="2.386" classname="pro.saral.testCases.AEreturn_Test"/>
  <testcase name="Challan_Testcases" time="2.334" classname="pro.saral.testCases.AEreturn_Test"/>
  <testcase name="Challan_Testcases" time="2.823" classname="pro.saral.testCases.AEreturn_Test"/>
  <testcase name="Challan_Testcases" time="2.532" classname="pro.saral.testCases.AEreturn_Test"/>
  <testcase name="Challan_Testcases" time="0.138" classname="pro.saral.testCases.AEreturn_Test"/>
  <testcase name="Challan_Testcases" time="2.241" classname="pro.saral.testCases.AEreturn_Test"/>
  <testcase name="Challan_Testcases" time="2.562" classname="pro.saral.testCases.AEreturn_Test"/>
  <testcase name="Challan_Testcases" time="10.018" classname="pro.saral.testCases.AEreturn_Test"/>
  <testcase name="Challan_Testcases" time="2.558" classname="pro.saral.testCases.AEreturn_Test"/>
  <testcase name="Challan_Testcases" time="2.43" classname="pro.saral.testCases.AEreturn_Test"/>
  <testcase name="Challan_Testcases" time="2.462" classname="pro.saral.testCases.AEreturn_Test"/>
  <testcase name="Challan_Testcases" time="0.068" classname="pro.saral.testCases.AEreturn_Test"/>
  <testcase name="Challan_Testcases" time="0.056" classname="pro.saral.testCases.AEreturn_Test"/>
  <testcase name="Challan_Testcases" time="0.06" classname="pro.saral.testCases.AEreturn_Test"/>
  <testcase name="Challan_Testcases" time="0.071" classname="pro.saral.testCases.AEreturn_Test"/>
</testsuite> <!-- GstSaral Test -->
