<?xml version="1.0" encoding="UTF-8"?>
<!-- Generated by org.testng.reporters.JUnitXMLReporter -->
<testsuite hostname="Darshan" name="GstSaral Test" tests="68" failures="0" timestamp="5 Jul 2022 03:33:05 GMT" time="155.456" errors="0">
  <testcase name="PredictDefault_27Q_Testcases" time="2.646" classname="pro.saral.testCases.Predict_Default_27Q_Test"/>
  <testcase name="PredictDefault_27Q_Testcases" time="0.963" classname="pro.saral.testCases.Predict_Default_27Q_Test"/>
  <testcase name="PredictDefault_27Q_Testcases" time="2.559" classname="pro.saral.testCases.Predict_Default_27Q_Test"/>
  <testcase name="PredictDefault_27Q_Testcases" time="3.151" classname="pro.saral.testCases.Predict_Default_27Q_Test"/>
  <testcase name="PredictDefault_27Q_Testcases" time="0.487" classname="pro.saral.testCases.Predict_Default_27Q_Test"/>
  <testcase name="PredictDefault_27Q_Testcases" time="0.149" classname="pro.saral.testCases.Predict_Default_27Q_Test"/>
  <testcase name="PredictDefault_27Q_Testcases" time="2.298" classname="pro.saral.testCases.Predict_Default_27Q_Test"/>
  <testcase name="PredictDefault_27Q_Testcases" time="2.534" classname="pro.saral.testCases.Predict_Default_27Q_Test"/>
  <testcase name="PredictDefault_27Q_Testcases" time="2.345" classname="pro.saral.testCases.Predict_Default_27Q_Test"/>
  <testcase name="PredictDefault_27Q_Testcases" time="2.206" classname="pro.saral.testCases.Predict_Default_27Q_Test"/>
  <testcase name="PredictDefault_27Q_Testcases" time="0.217" classname="pro.saral.testCases.Predict_Default_27Q_Test"/>
  <testcase name="PredictDefault_27Q_Testcases" time="2.377" classname="pro.saral.testCases.Predict_Default_27Q_Test"/>
  <testcase name="PredictDefault_27Q_Testcases" time="35.296" classname="pro.saral.testCases.Predict_Default_27Q_Test"/>
  <testcase name="PredictDefault_27Q_Testcases" time="0.126" classname="pro.saral.testCases.Predict_Default_27Q_Test"/>
  <testcase name="PredictDefault_27Q_Testcases" time="2.181" classname="pro.saral.testCases.Predict_Default_27Q_Test"/>
  <testcase name="PredictDefault_27Q_Testcases" time="2.248" classname="pro.saral.testCases.Predict_Default_27Q_Test"/>
  <testcase name="PredictDefault_27Q_Testcases" time="0.101" classname="pro.saral.testCases.Predict_Default_27Q_Test"/>
  <testcase name="PredictDefault_27Q_Testcases" time="2.193" classname="pro.saral.testCases.Predict_Default_27Q_Test"/>
  <testcase name="PredictDefault_27Q_Testcases" time="2.198" classname="pro.saral.testCases.Predict_Default_27Q_Test"/>
  <testcase name="PredictDefault_27Q_Testcases" time="0.07" classname="pro.saral.testCases.Predict_Default_27Q_Test"/>
  <testcase name="PredictDefault_27Q_Testcases" time="2.152" classname="pro.saral.testCases.Predict_Default_27Q_Test"/>
  <testcase name="PredictDefault_27Q_Testcases" time="2.188" classname="pro.saral.testCases.Predict_Default_27Q_Test"/>
  <testcase name="PredictDefault_27Q_Testcases" time="0.085" classname="pro.saral.testCases.Predict_Default_27Q_Test"/>
  <testcase name="PredictDefault_27Q_Testcases" time="2.157" classname="pro.saral.testCases.Predict_Default_27Q_Test"/>
  <testcase name="PredictDefault_27Q_Testcases" time="2.245" classname="pro.saral.testCases.Predict_Default_27Q_Test"/>
  <testcase name="PredictDefault_27Q_Testcases" time="0.076" classname="pro.saral.testCases.Predict_Default_27Q_Test"/>
  <testcase name="PredictDefault_27Q_Testcases" time="2.173" classname="pro.saral.testCases.Predict_Default_27Q_Test"/>
  <testcase name="PredictDefault_27Q_Testcases" time="2.209" classname="pro.saral.testCases.Predict_Default_27Q_Test"/>
  <testcase name="PredictDefault_27Q_Testcases" time="0.134" classname="pro.saral.testCases.Predict_Default_27Q_Test"/>
  <testcase name="PredictDefault_27Q_Testcases" time="2.21" classname="pro.saral.testCases.Predict_Default_27Q_Test"/>
  <testcase name="PredictDefault_27Q_Testcases" time="0.056" classname="pro.saral.testCases.Predict_Default_27Q_Test"/>
  <testcase name="PredictDefault_27Q_Testcases" time="2.157" classname="pro.saral.testCases.Predict_Default_27Q_Test"/>
  <testcase name="PredictDefault_27Q_Testcases" time="0.123" classname="pro.saral.testCases.Predict_Default_27Q_Test"/>
  <testcase name="PredictDefault_27Q_Testcases" time="2.337" classname="pro.saral.testCases.Predict_Default_27Q_Test"/>
  <testcase name="PredictDefault_27Q_Testcases" time="2.292" classname="pro.saral.testCases.Predict_Default_27Q_Test"/>
  <testcase name="PredictDefault_27Q_Testcases" time="0.103" classname="pro.saral.testCases.Predict_Default_27Q_Test"/>
  <testcase name="PredictDefault_27Q_Testcases" time="2.305" classname="pro.saral.testCases.Predict_Default_27Q_Test"/>
  <testcase name="PredictDefault_27Q_Testcases" time="2.218" classname="pro.saral.testCases.Predict_Default_27Q_Test"/>
  <testcase name="PredictDefault_27Q_Testcases" time="0.106" classname="pro.saral.testCases.Predict_Default_27Q_Test"/>
  <testcase name="PredictDefault_27Q_Testcases" time="2.145" classname="pro.saral.testCases.Predict_Default_27Q_Test"/>
  <testcase name="PredictDefault_27Q_Testcases" time="2.2" classname="pro.saral.testCases.Predict_Default_27Q_Test"/>
  <testcase name="PredictDefault_27Q_Testcases" time="0.081" classname="pro.saral.testCases.Predict_Default_27Q_Test"/>
  <testcase name="PredictDefault_27Q_Testcases" time="2.174" classname="pro.saral.testCases.Predict_Default_27Q_Test"/>
  <testcase name="PredictDefault_27Q_Testcases" time="0.067" classname="pro.saral.testCases.Predict_Default_27Q_Test"/>
  <testcase name="PredictDefault_27Q_Testcases" time="0.045" classname="pro.saral.testCases.Predict_Default_27Q_Test"/>
  <testcase name="PredictDefault_27Q_Testcases" time="0.046" classname="pro.saral.testCases.Predict_Default_27Q_Test"/>
  <testcase name="PredictDefault_27Q_Testcases" time="2.279" classname="pro.saral.testCases.Predict_Default_27Q_Test"/>
  <testcase name="PredictDefault_27Q_Testcases" time="2.573" classname="pro.saral.testCases.Predict_Default_27Q_Test"/>
  <testcase name="PredictDefault_27Q_Testcases" time="2.221" classname="pro.saral.testCases.Predict_Default_27Q_Test"/>
  <testcase name="PredictDefault_27Q_Testcases" time="0.018" classname="pro.saral.testCases.Predict_Default_27Q_Test"/>
  <testcase name="PredictDefault_27Q_Testcases" time="2.482" classname="pro.saral.testCases.Predict_Default_27Q_Test"/>
  <testcase name="PredictDefault_27Q_Testcases" time="2.442" classname="pro.saral.testCases.Predict_Default_27Q_Test"/>
  <testcase name="PredictDefault_27Q_Testcases" time="2.481" classname="pro.saral.testCases.Predict_Default_27Q_Test"/>
  <testcase name="PredictDefault_27Q_Testcases" time="0.147" classname="pro.saral.testCases.Predict_Default_27Q_Test"/>
  <testcase name="PredictDefault_27Q_Testcases" time="0.02" classname="pro.saral.testCases.Predict_Default_27Q_Test"/>
  <testcase name="PredictDefault_27Q_Testcases" time="2.426" classname="pro.saral.testCases.Predict_Default_27Q_Test"/>
  <testcase name="PredictDefault_27Q_Testcases" time="2.289" classname="pro.saral.testCases.Predict_Default_27Q_Test"/>
  <testcase name="PredictDefault_27Q_Testcases" time="2.311" classname="pro.saral.testCases.Predict_Default_27Q_Test"/>
  <testcase name="PredictDefault_27Q_Testcases" time="2.289" classname="pro.saral.testCases.Predict_Default_27Q_Test"/>
  <testcase name="PredictDefault_27Q_Testcases" time="0.139" classname="pro.saral.testCases.Predict_Default_27Q_Test"/>
  <testcase name="PredictDefault_27Q_Testcases" time="0.015" classname="pro.saral.testCases.Predict_Default_27Q_Test"/>
  <testcase name="PredictDefault_27Q_Testcases" time="0.083" classname="pro.saral.testCases.Predict_Default_27Q_Test"/>
  <testcase name="PredictDefault_27Q_Testcases" time="2.213" classname="pro.saral.testCases.Predict_Default_27Q_Test"/>
  <testcase name="PredictDefault_27Q_Testcases" time="2.223" classname="pro.saral.testCases.Predict_Default_27Q_Test"/>
  <testcase name="PredictDefault_27Q_Testcases" time="2.21" classname="pro.saral.testCases.Predict_Default_27Q_Test"/>
  <testcase name="PredictDefault_27Q_Testcases" time="2.258" classname="pro.saral.testCases.Predict_Default_27Q_Test"/>
  <testcase name="PredictDefault_27Q_Testcases" time="2.232" classname="pro.saral.testCases.Predict_Default_27Q_Test"/>
  <testcase name="PredictDefault_27Q_Testcases" time="0.101" classname="pro.saral.testCases.Predict_Default_27Q_Test"/>
</testsuite> <!-- GstSaral Test -->
