<?xml version="1.0" encoding="UTF-8"?>
<!-- Generated by org.testng.reporters.JUnitXMLReporter -->
<testsuite hostname="Darshan" name="GstSaral Test" tests="8" failures="0" timestamp="1 Jun 2022 12:15:17 GMT" time="256.158" errors="0">
  <testcase name="Download_Template_And_Verify" time="8.466" classname="pro.saral.testCases.Aimport_Test"/>
  <testcase name="Check_Tan_Validation" time="4.503" classname="pro.saral.testCases.Aimport_Test"/>
  <testcase name="Click_On_Upload_File_without_Selecting_Excel_File_and_verify_validation" time="13.394" classname="pro.saral.testCases.Aimport_Test"/>
  <testcase name="Upload_Valid_Excel_And_Check_Sucess_Status" time="32.665" classname="pro.saral.testCases.Aimport_Test"/>
  <testcase name="Upload_Invalid_Excel_And_Check_Errors" time="30.636" classname="pro.saral.testCases.Aimport_Test"/>
  <testcase name="Upload_Valid_Conso_And_Check_Sucess_Status" time="54.768" classname="pro.saral.testCases.Aimport_Test"/>
  <testcase name="Upload_Valid_Text_And_Check_Sucess_Status" time="31.053" classname="pro.saral.testCases.Aimport_Test"/>
  <testcase name="Upload_Valid_Mster_Excel_And_Check_Sucess_Status" time="35.957" classname="pro.saral.testCases.Aimport_Test"/>
</testsuite> <!-- GstSaral Test -->
