<?xml version="1.0" encoding="UTF-8"?>
<!-- Generated by org.testng.reporters.JUnitXMLReporter -->
<testsuite hostname="Darshan" name="GstSaral Test" tests="365" failures="4" timestamp="3 Jun 2022 12:12:30 GMT" time="2273.647" errors="0">
  <testcase name="Mandatory_Field_Check" time="9.585" classname="pro.saral.testCases.Employee_Test"/>
  <testcase name="Enter_Invalid_Pan_And_Check_Validation" time="14.213" classname="pro.saral.testCases.Employee_Test"/>
  <testcase name="Enter_Invalid_Date_And_Check_Validation" time="12.316" classname="pro.saral.testCases.Employee_Test"/>
  <testcase name="Enter_Only_Mandatory_Field_And_Check" time="21.589" classname="pro.saral.testCases.Employee_Test">
    <failure type="org.openqa.selenium.StaleElementReferenceException" message="stale element reference: element is not attached to the page document
  (Session info: chrome=102.0.5005.63)
For documentation on this error, please visit: https://www.seleniumhq.org/exceptions/stale_element_reference.html
Build info: version: &amp;apos;3.141.59&amp;apos;, revision: &amp;apos;e82be7d358&amp;apos;, time: &amp;apos;2018-11-14T08:17:03&amp;apos;
System info: host: &amp;apos;DARSHAN&amp;apos;, ip: &amp;apos;192.168.2.30&amp;apos;, os.name: &amp;apos;Windows 8.1&amp;apos;, os.arch: &amp;apos;amd64&amp;apos;, os.version: &amp;apos;6.3&amp;apos;, java.version: &amp;apos;1.8.0_221&amp;apos;
Driver info: org.openqa.selenium.chrome.ChromeDriver
Capabilities {acceptInsecureCerts: false, browserName: chrome, browserVersion: 102.0.5005.63, chrome: {chromedriverVersion: 102.0.5005.61 (0e59bcc00cc4..., userDataDir: C:\Users\Darshan\AppData\Lo...}, goog:chromeOptions: {debuggerAddress: localhost:64358}, javascriptEnabled: true, networkConnectionEnabled: false, pageLoadStrategy: normal, platform: WINDOWS, platformName: WINDOWS, proxy: Proxy(), setWindowRect: true, strictFileInteractability: false, timeouts: {implicit: 0, pageLoad: 300000, script: 30000}, unhandledPromptBehavior: dismiss and notify, webauthn:extension:credBlob: true, webauthn:extension:largeBlob: true, webauthn:virtualAuthenticators: true}
Session ID: 66e0936f78294126de321978407956d9">
      <![CDATA[org.openqa.selenium.StaleElementReferenceException: stale element reference: element is not attached to the page document
  (Session info: chrome=102.0.5005.63)
For documentation on this error, please visit: https://www.seleniumhq.org/exceptions/stale_element_reference.html
Build info: version: '3.141.59', revision: 'e82be7d358', time: '2018-11-14T08:17:03'
System info: host: 'DARSHAN', ip: '192.168.2.30', os.name: 'Windows 8.1', os.arch: 'amd64', os.version: '6.3', java.version: '1.8.0_221'
Driver info: org.openqa.selenium.chrome.ChromeDriver
Capabilities {acceptInsecureCerts: false, browserName: chrome, browserVersion: 102.0.5005.63, chrome: {chromedriverVersion: 102.0.5005.61 (0e59bcc00cc4..., userDataDir: C:\Users\Darshan\AppData\Lo...}, goog:chromeOptions: {debuggerAddress: localhost:64358}, javascriptEnabled: true, networkConnectionEnabled: false, pageLoadStrategy: normal, platform: WINDOWS, platformName: WINDOWS, proxy: Proxy(), setWindowRect: true, strictFileInteractability: false, timeouts: {implicit: 0, pageLoad: 300000, script: 30000}, unhandledPromptBehavior: dismiss and notify, webauthn:extension:credBlob: true, webauthn:extension:largeBlob: true, webauthn:virtualAuthenticators: true}
Session ID: 66e0936f78294126de321978407956d9
	at org.openqa.selenium.remote.http.W3CHttpResponseCodec.createException(W3CHttpResponseCodec.java:187)
	at org.openqa.selenium.remote.http.W3CHttpResponseCodec.decode(W3CHttpResponseCodec.java:122)
	at org.openqa.selenium.remote.http.W3CHttpResponseCodec.decode(W3CHttpResponseCodec.java:49)
	at org.openqa.selenium.remote.HttpCommandExecutor.execute(HttpCommandExecutor.java:158)
	at org.openqa.selenium.remote.service.DriverCommandExecutor.execute(DriverCommandExecutor.java:83)
	at org.openqa.selenium.remote.RemoteWebDriver.execute(RemoteWebDriver.java:552)
	at org.openqa.selenium.remote.RemoteWebElement.execute(RemoteWebElement.java:285)
	at org.openqa.selenium.remote.RemoteWebElement.isEnabled(RemoteWebElement.java:156)
	at org.openqa.selenium.support.pagefactory.internal.LocatingElementHandler.invoke(LocatingElementHandler.java:51)
	at com.sun.proxy.$Proxy12.isEnabled(Unknown Source)
	at pro.saral.pageObject.Employee.empsavenotification(Employee.java:221)
	at pro.saral.pageObject.Employee.enter_mandatory_fields(Employee.java:276)
	at pro.saral.testCases.Employee_Test.Enter_Only_Mandatory_Field_And_Check(Employee_Test.java:41)
... Removed 32 stack frames]]>
    </failure>
  </testcase> <!-- Enter_Only_Mandatory_Field_And_Check -->
  <testcase name="Edit_Fields_And_Update" time="12.263" classname="pro.saral.testCases.Employee_Test"/>
  <testcase name="Delete_Single_Fields" time="10.636" classname="pro.saral.testCases.Employee_Test"/>
  <testcase name="Enter_All_Field_And_Check" time="32.854" classname="pro.saral.testCases.Employee_Test"/>
  <testcase name="Enter_All_Field_And_Check_Duplication" time="11.637" classname="pro.saral.testCases.Employee_Test"/>
  <testcase name="Enter_All_Different_Pan_Cases" time="56.296" classname="pro.saral.testCases.Employee_Test"/>
  <testcase name="Delete_All_Fields" time="11.083" classname="pro.saral.testCases.Employee_Test"/>
  <testcase name="Deductee_Testcases" time="11.533" classname="pro.saral.testCases.Deductee_Test"/>
  <testcase name="Deductee_Testcases" time="4.881" classname="pro.saral.testCases.Deductee_Test"/>
  <testcase name="Deductee_Testcases" time="4.032" classname="pro.saral.testCases.Deductee_Test"/>
  <testcase name="Deductee_Testcases" time="10.43" classname="pro.saral.testCases.Deductee_Test"/>
  <testcase name="Deductee_Testcases" time="10.447" classname="pro.saral.testCases.Deductee_Test"/>
  <testcase name="Deductee_Testcases" time="2.998" classname="pro.saral.testCases.Deductee_Test"/>
  <testcase name="Deductee_Testcases" time="8.197" classname="pro.saral.testCases.Deductee_Test"/>
  <testcase name="Deductee_Testcases" time="3.135" classname="pro.saral.testCases.Deductee_Test"/>
  <testcase name="Deductee_Testcases" time="1.097" classname="pro.saral.testCases.Deductee_Test"/>
  <testcase name="Deductee_Testcases" time="1.0" classname="pro.saral.testCases.Deductee_Test"/>
  <testcase name="Deductee_Testcases" time="1.163" classname="pro.saral.testCases.Deductee_Test"/>
  <testcase name="Deductee_Testcases" time="0.233" classname="pro.saral.testCases.Deductee_Test"/>
  <testcase name="Deductee_Testcases" time="3.998" classname="pro.saral.testCases.Deductee_Test"/>
  <testcase name="Deductee_Testcases" time="0.916" classname="pro.saral.testCases.Deductee_Test"/>
  <testcase name="Deductee_Testcases" time="3.598" classname="pro.saral.testCases.Deductee_Test"/>
  <testcase name="Deductee_Testcases" time="2.516" classname="pro.saral.testCases.Deductee_Test"/>
  <testcase name="Deductee_Testcases" time="1.278" classname="pro.saral.testCases.Deductee_Test"/>
  <testcase name="Deductee_Testcases" time="3.687" classname="pro.saral.testCases.Deductee_Test"/>
  <testcase name="Deductee_Testcases" time="3.178" classname="pro.saral.testCases.Deductee_Test"/>
  <testcase name="Deductee_Testcases" time="1.169" classname="pro.saral.testCases.Deductee_Test"/>
  <testcase name="Deductee_Testcases" time="3.561" classname="pro.saral.testCases.Deductee_Test"/>
  <testcase name="Deductee_Testcases" time="3.485" classname="pro.saral.testCases.Deductee_Test"/>
  <testcase name="Deductee_Testcases" time="0.18" classname="pro.saral.testCases.Deductee_Test"/>
  <testcase name="Deductee_Testcases" time="3.17" classname="pro.saral.testCases.Deductee_Test"/>
  <testcase name="Deductee_Testcases" time="3.528" classname="pro.saral.testCases.Deductee_Test"/>
  <testcase name="Deductee_Testcases" time="3.637" classname="pro.saral.testCases.Deductee_Test"/>
  <testcase name="Deductee_Testcases" time="2.109" classname="pro.saral.testCases.Deductee_Test"/>
  <testcase name="Deductee_Testcases" time="3.12" classname="pro.saral.testCases.Deductee_Test"/>
  <testcase name="Deductee_Testcases" time="2.814" classname="pro.saral.testCases.Deductee_Test"/>
  <testcase name="Deductee_Testcases" time="3.716" classname="pro.saral.testCases.Deductee_Test"/>
  <testcase name="Deductee_Testcases" time="3.167" classname="pro.saral.testCases.Deductee_Test"/>
  <testcase name="Deductee_Testcases" time="3.466" classname="pro.saral.testCases.Deductee_Test"/>
  <testcase name="Deductee_Testcases" time="3.433" classname="pro.saral.testCases.Deductee_Test"/>
  <testcase name="Deductee_Testcases" time="2.448" classname="pro.saral.testCases.Deductee_Test"/>
  <testcase name="Deductee_Testcases" time="2.782" classname="pro.saral.testCases.Deductee_Test"/>
  <testcase name="Deductee_Testcases" time="0.226" classname="pro.saral.testCases.Deductee_Test"/>
  <testcase name="Deductee_Testcases" time="4.203" classname="pro.saral.testCases.Deductee_Test"/>
  <testcase name="Deductee_Testcases" time="3.346" classname="pro.saral.testCases.Deductee_Test"/>
  <testcase name="Deductee_Testcases" time="4.1" classname="pro.saral.testCases.Deductee_Test"/>
  <testcase name="Deductee_Testcases" time="5.812" classname="pro.saral.testCases.Deductee_Test"/>
  <testcase name="Deductee_Testcases" time="1.614" classname="pro.saral.testCases.Deductee_Test"/>
  <testcase name="Deductee_Testcases" time="4.152" classname="pro.saral.testCases.Deductee_Test"/>
  <testcase name="Deductee_Testcases" time="0.229" classname="pro.saral.testCases.Deductee_Test"/>
  <testcase name="Deductee_Testcases" time="3.415" classname="pro.saral.testCases.Deductee_Test"/>
  <testcase name="Deductee_Testcases" time="2.667" classname="pro.saral.testCases.Deductee_Test"/>
  <testcase name="Deductee_Testcases" time="2.219" classname="pro.saral.testCases.Deductee_Test"/>
  <testcase name="Deductee_Testcases" time="2.414" classname="pro.saral.testCases.Deductee_Test"/>
  <testcase name="Deductee_Testcases" time="2.681" classname="pro.saral.testCases.Deductee_Test"/>
  <testcase name="Deductee_Testcases" time="2.541" classname="pro.saral.testCases.Deductee_Test"/>
  <testcase name="Deductee_Testcases" time="2.21" classname="pro.saral.testCases.Deductee_Test"/>
  <testcase name="Deductee_Testcases" time="3.478" classname="pro.saral.testCases.Deductee_Test"/>
  <testcase name="Deductee_Testcases" time="3.335" classname="pro.saral.testCases.Deductee_Test"/>
  <testcase name="Deductee_Testcases" time="2.988" classname="pro.saral.testCases.Deductee_Test"/>
  <testcase name="Deductee_Testcases" time="2.99" classname="pro.saral.testCases.Deductee_Test"/>
  <testcase name="Deductee_Testcases" time="3.35" classname="pro.saral.testCases.Deductee_Test"/>
  <testcase name="Deductee_Testcases" time="0.165" classname="pro.saral.testCases.Deductee_Test"/>
  <testcase name="Deductee_Testcases" time="3.434" classname="pro.saral.testCases.Deductee_Test"/>
  <testcase name="Deductee_Testcases" time="3.348" classname="pro.saral.testCases.Deductee_Test"/>
  <testcase name="Deductee_Testcases" time="3.784" classname="pro.saral.testCases.Deductee_Test"/>
  <testcase name="Deductee_Testcases" time="3.998" classname="pro.saral.testCases.Deductee_Test"/>
  <testcase name="Deductee_Testcases" time="3.947" classname="pro.saral.testCases.Deductee_Test"/>
  <testcase name="Deductee_Testcases" time="3.48" classname="pro.saral.testCases.Deductee_Test"/>
  <testcase name="Deductee_Testcases" time="3.735" classname="pro.saral.testCases.Deductee_Test"/>
  <testcase name="Deductee_Testcases" time="4.018" classname="pro.saral.testCases.Deductee_Test"/>
  <testcase name="Deductee_Testcases" time="3.781" classname="pro.saral.testCases.Deductee_Test"/>
  <testcase name="Deductee_Testcases" time="3.765" classname="pro.saral.testCases.Deductee_Test"/>
  <testcase name="Deductee_Testcases" time="3.377" classname="pro.saral.testCases.Deductee_Test"/>
  <testcase name="Deductee_Testcases" time="4.121" classname="pro.saral.testCases.Deductee_Test"/>
  <testcase name="Deductee_Testcases" time="3.516" classname="pro.saral.testCases.Deductee_Test"/>
  <testcase name="Deductee_Testcases" time="3.4" classname="pro.saral.testCases.Deductee_Test"/>
  <testcase name="Deductee_Testcases" time="3.615" classname="pro.saral.testCases.Deductee_Test"/>
  <testcase name="Deductee_Testcases" time="3.679" classname="pro.saral.testCases.Deductee_Test"/>
  <testcase name="Deductee_Testcases" time="3.502" classname="pro.saral.testCases.Deductee_Test"/>
  <testcase name="Deductee_Testcases" time="4.202" classname="pro.saral.testCases.Deductee_Test"/>
  <testcase name="Deductee_Testcases" time="0.049" classname="pro.saral.testCases.Deductee_Test"/>
  <testcase name="Deductee_Testcases" time="2.788" classname="pro.saral.testCases.Deductee_Test"/>
  <testcase name="Deductee_Testcases" time="3.591" classname="pro.saral.testCases.Deductee_Test"/>
  <testcase name="Deductee_Testcases" time="3.032" classname="pro.saral.testCases.Deductee_Test"/>
  <testcase name="Deductee_Testcases" time="2.049" classname="pro.saral.testCases.Deductee_Test"/>
  <testcase name="Deductee_Testcases" time="0.117" classname="pro.saral.testCases.Deductee_Test"/>
  <testcase name="Deductee_Testcases" time="3.406" classname="pro.saral.testCases.Deductee_Test"/>
  <testcase name="Deductee_Testcases" time="3.059" classname="pro.saral.testCases.Deductee_Test"/>
  <testcase name="Deductee_Testcases" time="3.1" classname="pro.saral.testCases.Deductee_Test"/>
  <testcase name="Deductee_Testcases" time="1.712" classname="pro.saral.testCases.Deductee_Test"/>
  <testcase name="Challan_Testcases" time="10.05" classname="pro.saral.testCases.AChallan_Test"/>
  <testcase name="Challan_Testcases" time="6.681" classname="pro.saral.testCases.AChallan_Test"/>
  <testcase name="Challan_Testcases" time="3.681" classname="pro.saral.testCases.AChallan_Test"/>
  <testcase name="Challan_Testcases" time="15.716" classname="pro.saral.testCases.AChallan_Test"/>
  <testcase name="Challan_Testcases" time="3.433" classname="pro.saral.testCases.AChallan_Test"/>
  <testcase name="Challan_Testcases" time="8.628" classname="pro.saral.testCases.AChallan_Test"/>
  <testcase name="Challan_Testcases" time="8.633" classname="pro.saral.testCases.AChallan_Test"/>
  <testcase name="Challan_Testcases" time="3.167" classname="pro.saral.testCases.AChallan_Test"/>
  <testcase name="Challan_Testcases" time="0.278" classname="pro.saral.testCases.AChallan_Test"/>
  <testcase name="Challan_Testcases" time="1.151" classname="pro.saral.testCases.AChallan_Test"/>
  <testcase name="Challan_Testcases" time="1.162" classname="pro.saral.testCases.AChallan_Test"/>
  <testcase name="Challan_Testcases" time="0.998" classname="pro.saral.testCases.AChallan_Test"/>
  <testcase name="Challan_Testcases" time="1.22" classname="pro.saral.testCases.AChallan_Test"/>
  <testcase name="Challan_Testcases" time="0.13" classname="pro.saral.testCases.AChallan_Test"/>
  <testcase name="Challan_Testcases" time="2.735" classname="pro.saral.testCases.AChallan_Test"/>
  <testcase name="Challan_Testcases" time="2.961" classname="pro.saral.testCases.AChallan_Test"/>
  <testcase name="Challan_Testcases" time="2.432" classname="pro.saral.testCases.AChallan_Test"/>
  <testcase name="Challan_Testcases" time="2.702" classname="pro.saral.testCases.AChallan_Test"/>
  <testcase name="Challan_Testcases" time="2.665" classname="pro.saral.testCases.AChallan_Test"/>
  <testcase name="Challan_Testcases" time="2.697" classname="pro.saral.testCases.AChallan_Test"/>
  <testcase name="Challan_Testcases" time="2.799" classname="pro.saral.testCases.AChallan_Test"/>
  <testcase name="Challan_Testcases" time="3.43" classname="pro.saral.testCases.AChallan_Test"/>
  <testcase name="Challan_Testcases" time="2.781" classname="pro.saral.testCases.AChallan_Test"/>
  <testcase name="Challan_Testcases" time="2.584" classname="pro.saral.testCases.AChallan_Test"/>
  <testcase name="Challan_Testcases" time="2.763" classname="pro.saral.testCases.AChallan_Test"/>
  <testcase name="Challan_Testcases" time="0.971" classname="pro.saral.testCases.AChallan_Test"/>
  <testcase name="Challan_Testcases" time="4.126" classname="pro.saral.testCases.AChallan_Test"/>
  <testcase name="Challan_Testcases" time="2.771" classname="pro.saral.testCases.AChallan_Test"/>
  <testcase name="Challan_Testcases" time="3.961" classname="pro.saral.testCases.AChallan_Test"/>
  <testcase name="Challan_Testcases" time="0.182" classname="pro.saral.testCases.AChallan_Test"/>
  <testcase name="Challan_Testcases" time="5.101" classname="pro.saral.testCases.AChallan_Test"/>
  <testcase name="Challan_Testcases" time="3.232" classname="pro.saral.testCases.AChallan_Test"/>
  <testcase name="Challan_Testcases" time="1.184" classname="pro.saral.testCases.AChallan_Test"/>
  <testcase name="Challan_Testcases" time="5.897" classname="pro.saral.testCases.AChallan_Test"/>
  <testcase name="Challan_Testcases" time="3.256" classname="pro.saral.testCases.AChallan_Test"/>
  <testcase name="Challan_Testcases" time="1.192" classname="pro.saral.testCases.AChallan_Test"/>
  <testcase name="Challan_Testcases" time="6.761" classname="pro.saral.testCases.AChallan_Test"/>
  <testcase name="Challan_Testcases" time="6.103" classname="pro.saral.testCases.AChallan_Test"/>
  <testcase name="Challan_Testcases" time="1.98" classname="pro.saral.testCases.AChallan_Test"/>
  <testcase name="Challan_Testcases" time="4.61" classname="pro.saral.testCases.AChallan_Test"/>
  <testcase name="Challan_Testcases" time="2.983" classname="pro.saral.testCases.AChallan_Test"/>
  <testcase name="Challan_Testcases" time="0.85" classname="pro.saral.testCases.AChallan_Test"/>
  <testcase name="Challan_Testcases" time="4.547" classname="pro.saral.testCases.AChallan_Test"/>
  <testcase name="Challan_Testcases" time="2.872" classname="pro.saral.testCases.AChallan_Test"/>
  <testcase name="Challan_Testcases" time="1.295" classname="pro.saral.testCases.AChallan_Test"/>
  <testcase name="Challan_Testcases" time="5.085" classname="pro.saral.testCases.AChallan_Test"/>
  <testcase name="Challan_Testcases" time="3.081" classname="pro.saral.testCases.AChallan_Test"/>
  <testcase name="Challan_Testcases" time="1.165" classname="pro.saral.testCases.AChallan_Test"/>
  <testcase name="Challan_Testcases" time="3.716" classname="pro.saral.testCases.AChallan_Test"/>
  <testcase name="Challan_Testcases" time="2.881" classname="pro.saral.testCases.AChallan_Test"/>
  <testcase name="Challan_Testcases" time="1.351" classname="pro.saral.testCases.AChallan_Test"/>
  <testcase name="Challan_Testcases" time="2.482" classname="pro.saral.testCases.AChallan_Test"/>
  <testcase name="Challan_Testcases" time="3.527" classname="pro.saral.testCases.AChallan_Test"/>
  <testcase name="Challan_Testcases" time="1.152" classname="pro.saral.testCases.AChallan_Test"/>
  <testcase name="Challan_Testcases" time="3.498" classname="pro.saral.testCases.AChallan_Test"/>
  <testcase name="Challan_Testcases" time="3.766" classname="pro.saral.testCases.AChallan_Test"/>
  <testcase name="Challan_Testcases" time="1.112" classname="pro.saral.testCases.AChallan_Test"/>
  <testcase name="Challan_Testcases" time="3.349" classname="pro.saral.testCases.AChallan_Test"/>
  <testcase name="Challan_Testcases" time="1.469" classname="pro.saral.testCases.AChallan_Test"/>
  <testcase name="Challan_Testcases" time="3.298" classname="pro.saral.testCases.AChallan_Test"/>
  <testcase name="Challan_Testcases" time="3.216" classname="pro.saral.testCases.AChallan_Test"/>
  <testcase name="Challan_Testcases" time="5.268" classname="pro.saral.testCases.AChallan_Test"/>
  <testcase name="Challan_Testcases" time="2.979" classname="pro.saral.testCases.AChallan_Test"/>
  <testcase name="Challan_Testcases" time="2.652" classname="pro.saral.testCases.AChallan_Test"/>
  <testcase name="Challan_Testcases" time="2.947" classname="pro.saral.testCases.AChallan_Test"/>
  <testcase name="Challan_Testcases" time="1.216" classname="pro.saral.testCases.AChallan_Test"/>
  <testcase name="Challan_Testcases" time="2.909" classname="pro.saral.testCases.AChallan_Test"/>
  <testcase name="Challan_Testcases" time="2.554" classname="pro.saral.testCases.AChallan_Test"/>
  <testcase name="Challan_Testcases" time="0.132" classname="pro.saral.testCases.AChallan_Test"/>
  <testcase name="Challan_Testcases" time="5.066" classname="pro.saral.testCases.AChallan_Test"/>
  <testcase name="Challan_Testcases" time="3.381" classname="pro.saral.testCases.AChallan_Test"/>
  <testcase name="Challan_Testcases" time="3.136" classname="pro.saral.testCases.AChallan_Test"/>
  <testcase name="Challan_Testcases" time="3.333" classname="pro.saral.testCases.AChallan_Test"/>
  <testcase name="Challan_Testcases" time="2.896" classname="pro.saral.testCases.AChallan_Test"/>
  <testcase name="Challan_Testcases" time="3.147" classname="pro.saral.testCases.AChallan_Test"/>
  <testcase name="Challan_Testcases" time="2.948" classname="pro.saral.testCases.AChallan_Test"/>
  <testcase name="Challan_Testcases" time="3.836" classname="pro.saral.testCases.AChallan_Test"/>
  <testcase name="Challan_Testcases" time="3.577" classname="pro.saral.testCases.AChallan_Test"/>
  <testcase name="Challan_Testcases" time="0.147" classname="pro.saral.testCases.AChallan_Test"/>
  <testcase name="Challan_Testcases" time="4.302" classname="pro.saral.testCases.AChallan_Test"/>
  <testcase name="Challan_Testcases" time="3.7" classname="pro.saral.testCases.AChallan_Test"/>
  <testcase name="Challan_Testcases" time="2.516" classname="pro.saral.testCases.AChallan_Test"/>
  <testcase name="Challan_Testcases" time="1.879" classname="pro.saral.testCases.AChallan_Test"/>
  <testcase name="Challan_Testcases" time="2.798" classname="pro.saral.testCases.AChallan_Test"/>
  <testcase name="Challan_Testcases" time="2.835" classname="pro.saral.testCases.AChallan_Test"/>
  <testcase name="Challan_Testcases" time="20.876" classname="pro.saral.testCases.AChallan_Test">
    <failure type="org.openqa.selenium.NoSuchElementException" message="no such element: Unable to locate element: {&amp;quot;method&amp;quot;:&amp;quot;xpath&amp;quot;,&amp;quot;selector&amp;quot;:&amp;quot;//div[contains(text(),&amp;apos;Updated Successfully&amp;apos;)]&amp;quot;}
  (Session info: chrome=102.0.5005.63)
For documentation on this error, please visit: https://www.seleniumhq.org/exceptions/no_such_element.html
Build info: version: &amp;apos;3.141.59&amp;apos;, revision: &amp;apos;e82be7d358&amp;apos;, time: &amp;apos;2018-11-14T08:17:03&amp;apos;
System info: host: &amp;apos;DARSHAN&amp;apos;, ip: &amp;apos;192.168.2.30&amp;apos;, os.name: &amp;apos;Windows 8.1&amp;apos;, os.arch: &amp;apos;amd64&amp;apos;, os.version: &amp;apos;6.3&amp;apos;, java.version: &amp;apos;1.8.0_221&amp;apos;
Driver info: org.openqa.selenium.chrome.ChromeDriver
Capabilities {acceptInsecureCerts: false, browserName: chrome, browserVersion: 102.0.5005.63, chrome: {chromedriverVersion: 102.0.5005.61 (0e59bcc00cc4..., userDataDir: C:\Users\Darshan\AppData\Lo...}, goog:chromeOptions: {debuggerAddress: localhost:64550}, javascriptEnabled: true, networkConnectionEnabled: false, pageLoadStrategy: normal, platform: WINDOWS, platformName: WINDOWS, proxy: Proxy(), setWindowRect: true, strictFileInteractability: false, timeouts: {implicit: 0, pageLoad: 300000, script: 30000}, unhandledPromptBehavior: dismiss and notify, webauthn:extension:credBlob: true, webauthn:extension:largeBlob: true, webauthn:virtualAuthenticators: true}
Session ID: 83ef354cc62a90806df91265b9576acb
*** Element info: {Using=xpath, value=//div[contains(text(),&amp;apos;Updated Successfully&amp;apos;)]}">
      <![CDATA[org.openqa.selenium.NoSuchElementException: no such element: Unable to locate element: {"method":"xpath","selector":"//div[contains(text(),'Updated Successfully')]"}
  (Session info: chrome=102.0.5005.63)
For documentation on this error, please visit: https://www.seleniumhq.org/exceptions/no_such_element.html
Build info: version: '3.141.59', revision: 'e82be7d358', time: '2018-11-14T08:17:03'
System info: host: 'DARSHAN', ip: '192.168.2.30', os.name: 'Windows 8.1', os.arch: 'amd64', os.version: '6.3', java.version: '1.8.0_221'
Driver info: org.openqa.selenium.chrome.ChromeDriver
Capabilities {acceptInsecureCerts: false, browserName: chrome, browserVersion: 102.0.5005.63, chrome: {chromedriverVersion: 102.0.5005.61 (0e59bcc00cc4..., userDataDir: C:\Users\Darshan\AppData\Lo...}, goog:chromeOptions: {debuggerAddress: localhost:64550}, javascriptEnabled: true, networkConnectionEnabled: false, pageLoadStrategy: normal, platform: WINDOWS, platformName: WINDOWS, proxy: Proxy(), setWindowRect: true, strictFileInteractability: false, timeouts: {implicit: 0, pageLoad: 300000, script: 30000}, unhandledPromptBehavior: dismiss and notify, webauthn:extension:credBlob: true, webauthn:extension:largeBlob: true, webauthn:virtualAuthenticators: true}
Session ID: 83ef354cc62a90806df91265b9576acb
*** Element info: {Using=xpath, value=//div[contains(text(),'Updated Successfully')]}
	at org.openqa.selenium.remote.http.W3CHttpResponseCodec.createException(W3CHttpResponseCodec.java:187)
	at org.openqa.selenium.remote.http.W3CHttpResponseCodec.decode(W3CHttpResponseCodec.java:122)
	at org.openqa.selenium.remote.http.W3CHttpResponseCodec.decode(W3CHttpResponseCodec.java:49)
	at org.openqa.selenium.remote.HttpCommandExecutor.execute(HttpCommandExecutor.java:158)
	at org.openqa.selenium.remote.service.DriverCommandExecutor.execute(DriverCommandExecutor.java:83)
	at org.openqa.selenium.remote.RemoteWebDriver.execute(RemoteWebDriver.java:552)
	at org.openqa.selenium.remote.RemoteWebDriver.findElement(RemoteWebDriver.java:323)
	at org.openqa.selenium.remote.RemoteWebDriver.findElementByXPath(RemoteWebDriver.java:428)
	at org.openqa.selenium.By$ByXPath.findElement(By.java:353)
	at org.openqa.selenium.remote.RemoteWebDriver.findElement(RemoteWebDriver.java:315)
	at pro.saral.pageObject.UIOperation.perform(UIOperation.java:46)
	at pro.saral.testCases.AChallan_Test.Challan_Testcases(AChallan_Test.java:23)
... Removed 27 stack frames]]>
    </failure>
  </testcase> <!-- Challan_Testcases -->
  <testcase name="Challan_Testcases" time="0.87" classname="pro.saral.testCases.AChallan_Test"/>
  <testcase name="Challan_Testcases" time="2.46" classname="pro.saral.testCases.AChallan_Test"/>
  <testcase name="Challan_Testcases" time="2.321" classname="pro.saral.testCases.AChallan_Test"/>
  <testcase name="Challan_Testcases" time="3.065" classname="pro.saral.testCases.AChallan_Test"/>
  <testcase name="Challan_Testcases" time="2.749" classname="pro.saral.testCases.AChallan_Test"/>
  <testcase name="Challan_Testcases" time="4.196" classname="pro.saral.testCases.AChallan_Test">
    <failure type="org.openqa.selenium.ElementClickInterceptedException" message="element click intercepted: Element &amp;lt;button class=&amp;quot;btn2 button2 btn-primary btn-sm Ripple-parent&amp;quot; type=&amp;quot;submit&amp;quot; id=&amp;quot;challan-submit-btn&amp;quot;&amp;gt;...&amp;lt;/button&amp;gt; is not clickable at point (1243, 596). Other element would receive the click: &amp;lt;div class=&amp;quot;modal-backdrop&amp;quot;&amp;gt;&amp;lt;/div&amp;gt;
  (Session info: chrome=102.0.5005.63)
Build info: version: &amp;apos;3.141.59&amp;apos;, revision: &amp;apos;e82be7d358&amp;apos;, time: &amp;apos;2018-11-14T08:17:03&amp;apos;
System info: host: &amp;apos;DARSHAN&amp;apos;, ip: &amp;apos;192.168.2.30&amp;apos;, os.name: &amp;apos;Windows 8.1&amp;apos;, os.arch: &amp;apos;amd64&amp;apos;, os.version: &amp;apos;6.3&amp;apos;, java.version: &amp;apos;1.8.0_221&amp;apos;
Driver info: org.openqa.selenium.chrome.ChromeDriver
Capabilities {acceptInsecureCerts: false, browserName: chrome, browserVersion: 102.0.5005.63, chrome: {chromedriverVersion: 102.0.5005.61 (0e59bcc00cc4..., userDataDir: C:\Users\Darshan\AppData\Lo...}, goog:chromeOptions: {debuggerAddress: localhost:64550}, javascriptEnabled: true, networkConnectionEnabled: false, pageLoadStrategy: normal, platform: WINDOWS, platformName: WINDOWS, proxy: Proxy(), setWindowRect: true, strictFileInteractability: false, timeouts: {implicit: 0, pageLoad: 300000, script: 30000}, unhandledPromptBehavior: dismiss and notify, webauthn:extension:credBlob: true, webauthn:extension:largeBlob: true, webauthn:virtualAuthenticators: true}
Session ID: 83ef354cc62a90806df91265b9576acb">
      <![CDATA[org.openqa.selenium.ElementClickInterceptedException: element click intercepted: Element <button class="btn2 button2 btn-primary btn-sm Ripple-parent" type="submit" id="challan-submit-btn">...</button> is not clickable at point (1243, 596). Other element would receive the click: <div class="modal-backdrop"></div>
  (Session info: chrome=102.0.5005.63)
Build info: version: '3.141.59', revision: 'e82be7d358', time: '2018-11-14T08:17:03'
System info: host: 'DARSHAN', ip: '192.168.2.30', os.name: 'Windows 8.1', os.arch: 'amd64', os.version: '6.3', java.version: '1.8.0_221'
Driver info: org.openqa.selenium.chrome.ChromeDriver
Capabilities {acceptInsecureCerts: false, browserName: chrome, browserVersion: 102.0.5005.63, chrome: {chromedriverVersion: 102.0.5005.61 (0e59bcc00cc4..., userDataDir: C:\Users\Darshan\AppData\Lo...}, goog:chromeOptions: {debuggerAddress: localhost:64550}, javascriptEnabled: true, networkConnectionEnabled: false, pageLoadStrategy: normal, platform: WINDOWS, platformName: WINDOWS, proxy: Proxy(), setWindowRect: true, strictFileInteractability: false, timeouts: {implicit: 0, pageLoad: 300000, script: 30000}, unhandledPromptBehavior: dismiss and notify, webauthn:extension:credBlob: true, webauthn:extension:largeBlob: true, webauthn:virtualAuthenticators: true}
Session ID: 83ef354cc62a90806df91265b9576acb
	at org.openqa.selenium.remote.http.W3CHttpResponseCodec.createException(W3CHttpResponseCodec.java:187)
	at org.openqa.selenium.remote.http.W3CHttpResponseCodec.decode(W3CHttpResponseCodec.java:122)
	at org.openqa.selenium.remote.http.W3CHttpResponseCodec.decode(W3CHttpResponseCodec.java:49)
	at org.openqa.selenium.remote.HttpCommandExecutor.execute(HttpCommandExecutor.java:158)
	at org.openqa.selenium.remote.service.DriverCommandExecutor.execute(DriverCommandExecutor.java:83)
	at org.openqa.selenium.remote.RemoteWebDriver.execute(RemoteWebDriver.java:552)
	at org.openqa.selenium.remote.RemoteWebElement.execute(RemoteWebElement.java:285)
	at org.openqa.selenium.remote.RemoteWebElement.click(RemoteWebElement.java:84)
	at pro.saral.pageObject.UIOperation.perform(UIOperation.java:28)
	at pro.saral.testCases.AChallan_Test.Challan_Testcases(AChallan_Test.java:23)
... Removed 27 stack frames]]>
    </failure>
  </testcase> <!-- Challan_Testcases -->
  <testcase name="Challan_Testcases" time="3.142" classname="pro.saral.testCases.AChallan_Test"/>
  <testcase name="Challan_Testcases" time="0.182" classname="pro.saral.testCases.AChallan_Test"/>
  <testcase name="Challan_Testcases" time="4.139" classname="pro.saral.testCases.AChallan_Test"/>
  <testcase name="Challan_Testcases" time="11.583" classname="pro.saral.testCases.AChallan_Test"/>
  <testcase name="Challan_Testcases" time="2.715" classname="pro.saral.testCases.AChallan_Test"/>
  <testcase name="Challan_Testcases" time="6.796" classname="pro.saral.testCases.AChallan_Test"/>
  <testcase name="Challan_Testcases" time="3.647" classname="pro.saral.testCases.AChallan_Test"/>
  <testcase name="Challan_Testcases" time="3.635" classname="pro.saral.testCases.AChallan_Test"/>
  <testcase name="Challan_Testcases" time="2.228" classname="pro.saral.testCases.AChallan_Test"/>
  <testcase name="Challan_Testcases" time="0.192" classname="pro.saral.testCases.AChallan_Test"/>
  <testcase name="Challan_Testcases" time="3.094" classname="pro.saral.testCases.AChallan_Test"/>
  <testcase name="Challan_Testcases" time="3.627" classname="pro.saral.testCases.AChallan_Test"/>
  <testcase name="Challan_Testcases" time="2.936" classname="pro.saral.testCases.AChallan_Test"/>
  <testcase name="Challan_Testcases" time="2.132" classname="pro.saral.testCases.AChallan_Test"/>
  <testcase name="Deduction_Testcases" time="9.193" classname="pro.saral.testCases.ADeduction_Test"/>
  <testcase name="Deduction_Testcases" time="6.543" classname="pro.saral.testCases.ADeduction_Test"/>
  <testcase name="Deduction_Testcases" time="3.782" classname="pro.saral.testCases.ADeduction_Test"/>
  <testcase name="Deduction_Testcases" time="16.512" classname="pro.saral.testCases.ADeduction_Test"/>
  <testcase name="Deduction_Testcases" time="2.885" classname="pro.saral.testCases.ADeduction_Test"/>
  <testcase name="Deduction_Testcases" time="1.232" classname="pro.saral.testCases.ADeduction_Test"/>
  <testcase name="Deduction_Testcases" time="3.145" classname="pro.saral.testCases.ADeduction_Test"/>
  <testcase name="Deduction_Testcases" time="13.05" classname="pro.saral.testCases.ADeduction_Test"/>
  <testcase name="Deduction_Testcases" time="3.035" classname="pro.saral.testCases.ADeduction_Test"/>
  <testcase name="Deduction_Testcases" time="7.496" classname="pro.saral.testCases.ADeduction_Test"/>
  <testcase name="Deduction_Testcases" time="2.253" classname="pro.saral.testCases.ADeduction_Test"/>
  <testcase name="Deduction_Testcases" time="0.13" classname="pro.saral.testCases.ADeduction_Test"/>
  <testcase name="Deduction_Testcases" time="3.165" classname="pro.saral.testCases.ADeduction_Test"/>
  <testcase name="Deduction_Testcases" time="7.125" classname="pro.saral.testCases.ADeduction_Test"/>
  <testcase name="Deduction_Testcases" time="5.086" classname="pro.saral.testCases.ADeduction_Test"/>
  <testcase name="Deduction_Testcases" time="2.981" classname="pro.saral.testCases.ADeduction_Test"/>
  <testcase name="Deduction_Testcases" time="3.933" classname="pro.saral.testCases.ADeduction_Test"/>
  <testcase name="Deduction_Testcases" time="2.367" classname="pro.saral.testCases.ADeduction_Test"/>
  <testcase name="Deduction_Testcases" time="3.216" classname="pro.saral.testCases.ADeduction_Test"/>
  <testcase name="Deduction_Testcases" time="3.83" classname="pro.saral.testCases.ADeduction_Test"/>
  <testcase name="Deduction_Testcases" time="4.269" classname="pro.saral.testCases.ADeduction_Test"/>
  <testcase name="Deduction_Testcases" time="3.417" classname="pro.saral.testCases.ADeduction_Test"/>
  <testcase name="Deduction_Testcases" time="2.764" classname="pro.saral.testCases.ADeduction_Test"/>
  <testcase name="Deduction_Testcases" time="3.982" classname="pro.saral.testCases.ADeduction_Test"/>
  <testcase name="Deduction_Testcases" time="4.15" classname="pro.saral.testCases.ADeduction_Test"/>
  <testcase name="Deduction_Testcases" time="3.113" classname="pro.saral.testCases.ADeduction_Test"/>
  <testcase name="Deduction_Testcases" time="2.987" classname="pro.saral.testCases.ADeduction_Test"/>
  <testcase name="Deduction_Testcases" time="3.413" classname="pro.saral.testCases.ADeduction_Test"/>
  <testcase name="Deduction_Testcases" time="4.125" classname="pro.saral.testCases.ADeduction_Test"/>
  <testcase name="Deduction_Testcases" time="1.681" classname="pro.saral.testCases.ADeduction_Test"/>
  <testcase name="Deduction_Testcases" time="0.225" classname="pro.saral.testCases.ADeduction_Test"/>
  <testcase name="Deduction_Testcases" time="3.517" classname="pro.saral.testCases.ADeduction_Test"/>
  <testcase name="Deduction_Testcases" time="9.981" classname="pro.saral.testCases.ADeduction_Test"/>
  <testcase name="Deduction_Testcases" time="2.972" classname="pro.saral.testCases.ADeduction_Test"/>
  <testcase name="Deduction_Testcases" time="6.62" classname="pro.saral.testCases.ADeduction_Test"/>
  <testcase name="Deduction_Testcases" time="2.134" classname="pro.saral.testCases.ADeduction_Test"/>
  <testcase name="Deduction_Testcases" time="3.787" classname="pro.saral.testCases.ADeduction_Test"/>
  <testcase name="Deduction_Testcases" time="2.863" classname="pro.saral.testCases.ADeduction_Test"/>
  <testcase name="Deduction_Testcases" time="1.202" classname="pro.saral.testCases.ADeduction_Test"/>
  <testcase name="Deduction_Testcases" time="2.751" classname="pro.saral.testCases.ADeduction_Test"/>
  <testcase name="Deduction_Testcases" time="1.281" classname="pro.saral.testCases.ADeduction_Test"/>
  <testcase name="Deduction_Testcases" time="0.132" classname="pro.saral.testCases.ADeduction_Test"/>
  <testcase name="Deduction_Testcases" time="3.061" classname="pro.saral.testCases.ADeduction_Test"/>
  <testcase name="Deduction_Testcases" time="3.287" classname="pro.saral.testCases.ADeduction_Test"/>
  <testcase name="Deduction_Testcases" time="3.535" classname="pro.saral.testCases.ADeduction_Test"/>
  <testcase name="Deduction_Testcases" time="3.307" classname="pro.saral.testCases.ADeduction_Test"/>
  <testcase name="Deduction_Testcases" time="4.659" classname="pro.saral.testCases.ADeduction_Test"/>
  <testcase name="Deduction_Testcases" time="5.448" classname="pro.saral.testCases.ADeduction_Test"/>
  <testcase name="Deduction_Testcases" time="2.961" classname="pro.saral.testCases.ADeduction_Test"/>
  <testcase name="Deduction_Testcases" time="3.547" classname="pro.saral.testCases.ADeduction_Test"/>
  <testcase name="Deduction_Testcases" time="2.25" classname="pro.saral.testCases.ADeduction_Test"/>
  <testcase name="Deduction_Testcases" time="3.734" classname="pro.saral.testCases.ADeduction_Test"/>
  <testcase name="Deduction_Testcases" time="2.65" classname="pro.saral.testCases.ADeduction_Test"/>
  <testcase name="Deduction_Testcases" time="3.098" classname="pro.saral.testCases.ADeduction_Test"/>
  <testcase name="Deduction_Testcases" time="2.614" classname="pro.saral.testCases.ADeduction_Test"/>
  <testcase name="Deduction_Testcases" time="3.418" classname="pro.saral.testCases.ADeduction_Test"/>
  <testcase name="Deduction_Testcases" time="3.532" classname="pro.saral.testCases.ADeduction_Test"/>
  <testcase name="Deduction_Testcases" time="1.385" classname="pro.saral.testCases.ADeduction_Test"/>
  <testcase name="Deduction_Testcases" time="3.298" classname="pro.saral.testCases.ADeduction_Test"/>
  <testcase name="Deduction_Testcases" time="2.948" classname="pro.saral.testCases.ADeduction_Test"/>
  <testcase name="Deduction_Testcases" time="0.132" classname="pro.saral.testCases.ADeduction_Test"/>
  <testcase name="Deduction_Testcases" time="2.148" classname="pro.saral.testCases.ADeduction_Test"/>
  <testcase name="Deduction_Testcases" time="1.236" classname="pro.saral.testCases.ADeduction_Test"/>
  <testcase name="Deduction_Testcases" time="3.165" classname="pro.saral.testCases.ADeduction_Test"/>
  <testcase name="Deduction_Testcases" time="3.551" classname="pro.saral.testCases.ADeduction_Test"/>
  <testcase name="Deduction_Testcases" time="3.232" classname="pro.saral.testCases.ADeduction_Test"/>
  <testcase name="Deduction_Testcases" time="3.194" classname="pro.saral.testCases.ADeduction_Test"/>
  <testcase name="Deduction_Testcases" time="0.35" classname="pro.saral.testCases.ADeduction_Test"/>
  <testcase name="Deduction_Testcases" time="3.77" classname="pro.saral.testCases.ADeduction_Test"/>
  <testcase name="Deduction_Testcases" time="3.131" classname="pro.saral.testCases.ADeduction_Test"/>
  <testcase name="Deduction_Testcases" time="3.115" classname="pro.saral.testCases.ADeduction_Test"/>
  <testcase name="Deduction_Testcases" time="1.012" classname="pro.saral.testCases.ADeduction_Test"/>
  <testcase name="Deduction_Testcases" time="3.373" classname="pro.saral.testCases.ADeduction_Test"/>
  <testcase name="Deduction_Testcases" time="3.13" classname="pro.saral.testCases.ADeduction_Test"/>
  <testcase name="Deduction_Testcases" time="2.677" classname="pro.saral.testCases.ADeduction_Test"/>
  <testcase name="Deduction_Testcases" time="2.904" classname="pro.saral.testCases.ADeduction_Test"/>
  <testcase name="Deduction_Testcases" time="1.019" classname="pro.saral.testCases.ADeduction_Test"/>
  <testcase name="Deduction_Testcases" time="2.9" classname="pro.saral.testCases.ADeduction_Test"/>
  <testcase name="Deduction_Testcases" time="2.694" classname="pro.saral.testCases.ADeduction_Test"/>
  <testcase name="Deduction_Testcases" time="3.363" classname="pro.saral.testCases.ADeduction_Test"/>
  <testcase name="Deduction_Testcases" time="1.201" classname="pro.saral.testCases.ADeduction_Test"/>
  <testcase name="Deduction_Testcases" time="3.354" classname="pro.saral.testCases.ADeduction_Test"/>
  <testcase name="Deduction_Testcases" time="4.048" classname="pro.saral.testCases.ADeduction_Test"/>
  <testcase name="Deduction_Testcases" time="3.397" classname="pro.saral.testCases.ADeduction_Test"/>
  <testcase name="Deduction_Testcases" time="1.133" classname="pro.saral.testCases.ADeduction_Test"/>
  <testcase name="Deduction_Testcases" time="3.299" classname="pro.saral.testCases.ADeduction_Test"/>
  <testcase name="Deduction_Testcases" time="2.453" classname="pro.saral.testCases.ADeduction_Test"/>
  <testcase name="Deduction_Testcases" time="3.227" classname="pro.saral.testCases.ADeduction_Test"/>
  <testcase name="Deduction_Testcases" time="1.064" classname="pro.saral.testCases.ADeduction_Test"/>
  <testcase name="Deduction_Testcases" time="3.439" classname="pro.saral.testCases.ADeduction_Test"/>
  <testcase name="Deduction_Testcases" time="4.543" classname="pro.saral.testCases.ADeduction_Test"/>
  <testcase name="Deduction_Testcases" time="3.301" classname="pro.saral.testCases.ADeduction_Test"/>
  <testcase name="Deduction_Testcases" time="1.204" classname="pro.saral.testCases.ADeduction_Test"/>
  <testcase name="Deduction_Testcases" time="3.798" classname="pro.saral.testCases.ADeduction_Test"/>
  <testcase name="Deduction_Testcases" time="3.166" classname="pro.saral.testCases.ADeduction_Test"/>
  <testcase name="Deduction_Testcases" time="3.418" classname="pro.saral.testCases.ADeduction_Test"/>
  <testcase name="Deduction_Testcases" time="1.458" classname="pro.saral.testCases.ADeduction_Test"/>
  <testcase name="Deduction_Testcases" time="3.405" classname="pro.saral.testCases.ADeduction_Test"/>
  <testcase name="Deduction_Testcases" time="3.764" classname="pro.saral.testCases.ADeduction_Test"/>
  <testcase name="Deduction_Testcases" time="4.051" classname="pro.saral.testCases.ADeduction_Test"/>
  <testcase name="Deduction_Testcases" time="0.147" classname="pro.saral.testCases.ADeduction_Test"/>
  <testcase name="Deduction_Testcases" time="4.152" classname="pro.saral.testCases.ADeduction_Test"/>
  <testcase name="Deduction_Testcases" time="2.126" classname="pro.saral.testCases.ADeduction_Test"/>
  <testcase name="Deduction_Testcases" time="1.32" classname="pro.saral.testCases.ADeduction_Test"/>
  <testcase name="Deduction_Testcases" time="3.333" classname="pro.saral.testCases.ADeduction_Test"/>
  <testcase name="Deduction_Testcases" time="3.243" classname="pro.saral.testCases.ADeduction_Test"/>
  <testcase name="Deduction_Testcases" time="3.518" classname="pro.saral.testCases.ADeduction_Test"/>
  <testcase name="Deduction_Testcases" time="3.288" classname="pro.saral.testCases.ADeduction_Test"/>
  <testcase name="Deduction_Testcases" time="3.981" classname="pro.saral.testCases.ADeduction_Test"/>
  <testcase name="Deduction_Testcases" time="3.276" classname="pro.saral.testCases.ADeduction_Test"/>
  <testcase name="Deduction_Testcases" time="3.088" classname="pro.saral.testCases.ADeduction_Test"/>
  <testcase name="Deduction_Testcases" time="0.149" classname="pro.saral.testCases.ADeduction_Test"/>
  <testcase name="Deduction_Testcases" time="4.348" classname="pro.saral.testCases.ADeduction_Test"/>
  <testcase name="Deduction_Testcases" time="10.667" classname="pro.saral.testCases.ADeduction_Test"/>
  <testcase name="Deduction_Testcases" time="0.946" classname="pro.saral.testCases.ADeduction_Test"/>
  <testcase name="Deduction_Testcases" time="2.153" classname="pro.saral.testCases.ADeduction_Test"/>
  <testcase name="Deduction_Testcases" time="7.462" classname="pro.saral.testCases.ADeduction_Test"/>
  <testcase name="Deduction_Testcases" time="4.049" classname="pro.saral.testCases.ADeduction_Test"/>
  <testcase name="Deduction_Testcases" time="1.384" classname="pro.saral.testCases.ADeduction_Test"/>
  <testcase name="Deduction_Testcases" time="1.064" classname="pro.saral.testCases.ADeduction_Test"/>
  <testcase name="Deduction_Testcases" time="1.184" classname="pro.saral.testCases.ADeduction_Test"/>
  <testcase name="Deduction_Testcases" time="1.081" classname="pro.saral.testCases.ADeduction_Test"/>
  <testcase name="Deduction_Testcases" time="3.415" classname="pro.saral.testCases.ADeduction_Test"/>
  <testcase name="Deduction_Testcases" time="3.366" classname="pro.saral.testCases.ADeduction_Test"/>
  <testcase name="Deduction_Testcases" time="3.749" classname="pro.saral.testCases.ADeduction_Test"/>
  <testcase name="Deduction_Testcases" time="3.481" classname="pro.saral.testCases.ADeduction_Test"/>
  <testcase name="Deduction_Testcases" time="3.116" classname="pro.saral.testCases.ADeduction_Test"/>
  <testcase name="Deduction_Testcases" time="3.387" classname="pro.saral.testCases.ADeduction_Test"/>
  <testcase name="Deduction_Testcases" time="5.098" classname="pro.saral.testCases.ADeduction_Test"/>
  <testcase name="Deduction_Testcases" time="0.246" classname="pro.saral.testCases.ADeduction_Test"/>
  <testcase name="Deduction_Testcases" time="4.07" classname="pro.saral.testCases.ADeduction_Test"/>
  <testcase name="Deduction_Testcases" time="10.492" classname="pro.saral.testCases.ADeduction_Test"/>
  <testcase name="Deduction_Testcases" time="2.569" classname="pro.saral.testCases.ADeduction_Test"/>
  <testcase name="Deduction_Testcases" time="6.534" classname="pro.saral.testCases.ADeduction_Test"/>
  <testcase name="Deduction_Testcases" time="3.598" classname="pro.saral.testCases.ADeduction_Test"/>
  <testcase name="Deduction_Testcases" time="3.627" classname="pro.saral.testCases.ADeduction_Test"/>
  <testcase name="Deduction_Testcases" time="3.673" classname="pro.saral.testCases.ADeduction_Test"/>
  <testcase name="Deduction_Testcases" time="2.8" classname="pro.saral.testCases.ADeduction_Test"/>
  <testcase name="Deduction_Testcases" time="0.165" classname="pro.saral.testCases.ADeduction_Test"/>
  <testcase name="Deduction_Testcases" time="4.2" classname="pro.saral.testCases.ADeduction_Test"/>
  <testcase name="Deduction_Testcases" time="10.492" classname="pro.saral.testCases.ADeduction_Test"/>
  <testcase name="Deduction_Testcases" time="3.307" classname="pro.saral.testCases.ADeduction_Test"/>
  <testcase name="Deduction_Testcases" time="7.577" classname="pro.saral.testCases.ADeduction_Test"/>
  <testcase name="Deduction_Testcases" time="3.817" classname="pro.saral.testCases.ADeduction_Test"/>
  <testcase name="Deduction_Testcases" time="4.1" classname="pro.saral.testCases.ADeduction_Test"/>
  <testcase name="Deduction_Testcases" time="1.964" classname="pro.saral.testCases.ADeduction_Test"/>
  <testcase name="Deduction_Testcases" time="0.159" classname="pro.saral.testCases.ADeduction_Test"/>
  <testcase name="Deduction_Testcases" time="4.105" classname="pro.saral.testCases.ADeduction_Test"/>
  <testcase name="Deduction_Testcases" time="3.581" classname="pro.saral.testCases.ADeduction_Test"/>
  <testcase name="Deduction_Testcases" time="5.647" classname="pro.saral.testCases.ADeduction_Test"/>
  <testcase name="Deduction_Testcases" time="2.617" classname="pro.saral.testCases.ADeduction_Test"/>
  <testcase name="Deduction_Testcases" time="0.28" classname="pro.saral.testCases.ADeduction_Test"/>
  <testcase name="Deduction_Testcases" time="6.034" classname="pro.saral.testCases.ADeduction_Test"/>
  <testcase name="Deduction_Testcases" time="8.483" classname="pro.saral.testCases.ADeduction_Test"/>
  <testcase name="Deduction_Testcases" time="5.098" classname="pro.saral.testCases.ADeduction_Test"/>
  <testcase name="Deduction_Testcases" time="5.565" classname="pro.saral.testCases.ADeduction_Test"/>
  <testcase name="Deduction_Testcases" time="3.417" classname="pro.saral.testCases.ADeduction_Test">
    <failure type="org.openqa.selenium.StaleElementReferenceException" message="stale element reference: element is not attached to the page document
  (Session info: chrome=102.0.5005.63)
For documentation on this error, please visit: https://www.seleniumhq.org/exceptions/stale_element_reference.html
Build info: version: &amp;apos;3.141.59&amp;apos;, revision: &amp;apos;e82be7d358&amp;apos;, time: &amp;apos;2018-11-14T08:17:03&amp;apos;
System info: host: &amp;apos;DARSHAN&amp;apos;, ip: &amp;apos;192.168.2.30&amp;apos;, os.name: &amp;apos;Windows 8.1&amp;apos;, os.arch: &amp;apos;amd64&amp;apos;, os.version: &amp;apos;6.3&amp;apos;, java.version: &amp;apos;1.8.0_221&amp;apos;
Driver info: org.openqa.selenium.chrome.ChromeDriver
Capabilities {acceptInsecureCerts: false, browserName: chrome, browserVersion: 102.0.5005.63, chrome: {chromedriverVersion: 102.0.5005.61 (0e59bcc00cc4..., userDataDir: C:\Users\Darshan\AppData\Lo...}, goog:chromeOptions: {debuggerAddress: localhost:64612}, javascriptEnabled: true, networkConnectionEnabled: false, pageLoadStrategy: normal, platform: WINDOWS, platformName: WINDOWS, proxy: Proxy(), setWindowRect: true, strictFileInteractability: false, timeouts: {implicit: 0, pageLoad: 300000, script: 30000}, unhandledPromptBehavior: dismiss and notify, webauthn:extension:credBlob: true, webauthn:extension:largeBlob: true, webauthn:virtualAuthenticators: true}
Session ID: b358c829b2a6a549a1971de8c4b41b8b">
      <![CDATA[org.openqa.selenium.StaleElementReferenceException: stale element reference: element is not attached to the page document
  (Session info: chrome=102.0.5005.63)
For documentation on this error, please visit: https://www.seleniumhq.org/exceptions/stale_element_reference.html
Build info: version: '3.141.59', revision: 'e82be7d358', time: '2018-11-14T08:17:03'
System info: host: 'DARSHAN', ip: '192.168.2.30', os.name: 'Windows 8.1', os.arch: 'amd64', os.version: '6.3', java.version: '1.8.0_221'
Driver info: org.openqa.selenium.chrome.ChromeDriver
Capabilities {acceptInsecureCerts: false, browserName: chrome, browserVersion: 102.0.5005.63, chrome: {chromedriverVersion: 102.0.5005.61 (0e59bcc00cc4..., userDataDir: C:\Users\Darshan\AppData\Lo...}, goog:chromeOptions: {debuggerAddress: localhost:64612}, javascriptEnabled: true, networkConnectionEnabled: false, pageLoadStrategy: normal, platform: WINDOWS, platformName: WINDOWS, proxy: Proxy(), setWindowRect: true, strictFileInteractability: false, timeouts: {implicit: 0, pageLoad: 300000, script: 30000}, unhandledPromptBehavior: dismiss and notify, webauthn:extension:credBlob: true, webauthn:extension:largeBlob: true, webauthn:virtualAuthenticators: true}
Session ID: b358c829b2a6a549a1971de8c4b41b8b
	at org.openqa.selenium.remote.http.W3CHttpResponseCodec.createException(W3CHttpResponseCodec.java:187)
	at org.openqa.selenium.remote.http.W3CHttpResponseCodec.decode(W3CHttpResponseCodec.java:122)
	at org.openqa.selenium.remote.http.W3CHttpResponseCodec.decode(W3CHttpResponseCodec.java:49)
	at org.openqa.selenium.remote.HttpCommandExecutor.execute(HttpCommandExecutor.java:158)
	at org.openqa.selenium.remote.service.DriverCommandExecutor.execute(DriverCommandExecutor.java:83)
	at org.openqa.selenium.remote.RemoteWebDriver.execute(RemoteWebDriver.java:552)
	at org.openqa.selenium.remote.RemoteWebElement.execute(RemoteWebElement.java:285)
	at org.openqa.selenium.remote.RemoteWebElement.isDisplayed(RemoteWebElement.java:326)
	at pro.saral.pageObject.UIOperation.perform(UIOperation.java:46)
	at pro.saral.testCases.ADeduction_Test.Deduction_Testcases(ADeduction_Test.java:24)
... Removed 27 stack frames]]>
    </failure>
  </testcase> <!-- Deduction_Testcases -->
  <testcase name="Deduction_Testcases" time="0.033" classname="pro.saral.testCases.ADeduction_Test"/>
  <testcase name="Deduction_Testcases" time="1.662" classname="pro.saral.testCases.ADeduction_Test"/>
  <testcase name="Deduction_Testcases" time="5.332" classname="pro.saral.testCases.ADeduction_Test"/>
  <testcase name="Deduction_Testcases" time="8.1" classname="pro.saral.testCases.ADeduction_Test"/>
  <testcase name="Deduction_Testcases" time="6.397" classname="pro.saral.testCases.ADeduction_Test"/>
  <testcase name="Deduction_Testcases" time="5.549" classname="pro.saral.testCases.ADeduction_Test"/>
  <testcase name="Deduction_Testcases" time="5.482" classname="pro.saral.testCases.ADeduction_Test"/>
  <testcase name="Deduction_Testcases" time="2.381" classname="pro.saral.testCases.ADeduction_Test"/>
</testsuite> <!-- GstSaral Test -->
