<?xml version="1.0" encoding="UTF-8"?>
<!-- Generated by org.testng.reporters.JUnitXMLReporter -->
<testsuite hostname="Darshan" name="GstSaral Test" tests="10" failures="0" timestamp="9 Jun 2022 04:24:21 GMT" time="163.675" errors="0">
  <testcase name="Mandatory_Field_Check" time="1.658" classname="pro.saral.testCases.Employee_Test"/>
  <testcase name="Enter_Invalid_Pan_And_Check_Validation" time="3.244" classname="pro.saral.testCases.Employee_Test"/>
  <testcase name="Enter_Invalid_Date_And_Check_Validation" time="3.149" classname="pro.saral.testCases.Employee_Test"/>
  <testcase name="Enter_Only_Mandatory_Field_And_Check" time="3.585" classname="pro.saral.testCases.Employee_Test"/>
  <testcase name="Edit_Fields_And_Update" time="4.08" classname="pro.saral.testCases.Employee_Test"/>
  <testcase name="Delete_Single_Fields" time="1.829" classname="pro.saral.testCases.Employee_Test"/>
  <testcase name="Enter_All_Field_And_Check" time="7.352" classname="pro.saral.testCases.Employee_Test"/>
  <testcase name="Enter_All_Field_And_Check_Duplication" time="2.094" classname="pro.saral.testCases.Employee_Test"/>
  <testcase name="Enter_All_Different_Pan_Cases" time="16.605" classname="pro.saral.testCases.Employee_Test"/>
  <testcase name="Delete_All_Fields" time="1.953" classname="pro.saral.testCases.Employee_Test"/>
</testsuite> <!-- GstSaral Test -->
