<?xml version="1.0" encoding="UTF-8"?>
<!-- Generated by org.testng.reporters.JUnitXMLReporter -->
<testsuite hostname="Darshan" name="GstSaral Test" tests="159" failures="0" timestamp="7 Jun 2022 12:40:21 GMT" time="329.813" errors="0">
  <testcase name="Create_Client" time="7.843" classname="pro.saral.testCases.Tds_Stepper_Test"/>
  <testcase name="Enter_All_Deductor_And_Responsible_Person_Fields" time="15.67" classname="pro.saral.testCases.Tds_Stepper_Test"/>
  <testcase name="Enter_Only_Mandatory_Field_And_Check" time="3.041" classname="pro.saral.testCases.Employee_Test"/>
  <testcase name="Challan_Testcases" time="3.393" classname="pro.saral.testCases.Regression_Test"/>
  <testcase name="Challan_Testcases" time="0.562" classname="pro.saral.testCases.Regression_Test"/>
  <testcase name="Challan_Testcases" time="2.567" classname="pro.saral.testCases.Regression_Test"/>
  <testcase name="Challan_Testcases" time="3.132" classname="pro.saral.testCases.Regression_Test"/>
  <testcase name="Challan_Testcases" time="0.428" classname="pro.saral.testCases.Regression_Test"/>
  <testcase name="Challan_Testcases" time="2.519" classname="pro.saral.testCases.Regression_Test"/>
  <testcase name="Challan_Testcases" time="2.324" classname="pro.saral.testCases.Regression_Test"/>
  <testcase name="Challan_Testcases" time="2.243" classname="pro.saral.testCases.Regression_Test"/>
  <testcase name="Challan_Testcases" time="0.035" classname="pro.saral.testCases.Regression_Test"/>
  <testcase name="Challan_Testcases" time="2.347" classname="pro.saral.testCases.Regression_Test"/>
  <testcase name="Challan_Testcases" time="0.109" classname="pro.saral.testCases.Regression_Test"/>
  <testcase name="Challan_Testcases" time="2.166" classname="pro.saral.testCases.Regression_Test"/>
  <testcase name="Challan_Testcases" time="0.309" classname="pro.saral.testCases.Regression_Test"/>
  <testcase name="Challan_Testcases" time="0.241" classname="pro.saral.testCases.Regression_Test"/>
  <testcase name="Challan_Testcases" time="0.287" classname="pro.saral.testCases.Regression_Test"/>
  <testcase name="Challan_Testcases" time="0.225" classname="pro.saral.testCases.Regression_Test"/>
  <testcase name="Challan_Testcases" time="0.259" classname="pro.saral.testCases.Regression_Test"/>
  <testcase name="Challan_Testcases" time="0.291" classname="pro.saral.testCases.Regression_Test"/>
  <testcase name="Challan_Testcases" time="0.244" classname="pro.saral.testCases.Regression_Test"/>
  <testcase name="Challan_Testcases" time="0.245" classname="pro.saral.testCases.Regression_Test"/>
  <testcase name="Challan_Testcases" time="0.136" classname="pro.saral.testCases.Regression_Test"/>
  <testcase name="Challan_Testcases" time="0.223" classname="pro.saral.testCases.Regression_Test"/>
  <testcase name="Challan_Testcases" time="0.32" classname="pro.saral.testCases.Regression_Test"/>
  <testcase name="Challan_Testcases" time="0.107" classname="pro.saral.testCases.Regression_Test"/>
  <testcase name="Challan_Testcases" time="0.465" classname="pro.saral.testCases.Regression_Test"/>
  <testcase name="Challan_Testcases" time="2.223" classname="pro.saral.testCases.Regression_Test"/>
  <testcase name="Challan_Testcases" time="0.131" classname="pro.saral.testCases.Regression_Test"/>
  <testcase name="Challan_Testcases" time="0.016" classname="pro.saral.testCases.Regression_Test"/>
  <testcase name="Challan_Testcases" time="2.693" classname="pro.saral.testCases.Regression_Test"/>
  <testcase name="Challan_Testcases" time="2.382" classname="pro.saral.testCases.Regression_Test"/>
  <testcase name="Challan_Testcases" time="2.269" classname="pro.saral.testCases.Regression_Test"/>
  <testcase name="Challan_Testcases" time="2.471" classname="pro.saral.testCases.Regression_Test"/>
  <testcase name="Challan_Testcases" time="0.174" classname="pro.saral.testCases.Regression_Test"/>
  <testcase name="Challan_Testcases" time="2.463" classname="pro.saral.testCases.Regression_Test"/>
  <testcase name="Challan_Testcases" time="0.234" classname="pro.saral.testCases.Regression_Test"/>
  <testcase name="Challan_Testcases" time="0.3" classname="pro.saral.testCases.Regression_Test"/>
  <testcase name="Challan_Testcases" time="0.412" classname="pro.saral.testCases.Regression_Test"/>
  <testcase name="Challan_Testcases" time="2.278" classname="pro.saral.testCases.Regression_Test"/>
  <testcase name="Challan_Testcases" time="0.408" classname="pro.saral.testCases.Regression_Test"/>
  <testcase name="Challan_Testcases" time="2.267" classname="pro.saral.testCases.Regression_Test"/>
  <testcase name="Challan_Testcases" time="0.198" classname="pro.saral.testCases.Regression_Test"/>
  <testcase name="Challan_Testcases" time="2.243" classname="pro.saral.testCases.Regression_Test"/>
  <testcase name="Challan_Testcases" time="0.21" classname="pro.saral.testCases.Regression_Test"/>
  <testcase name="Challan_Testcases" time="2.215" classname="pro.saral.testCases.Regression_Test"/>
  <testcase name="Challan_Testcases" time="0.186" classname="pro.saral.testCases.Regression_Test"/>
  <testcase name="Challan_Testcases" time="2.207" classname="pro.saral.testCases.Regression_Test"/>
  <testcase name="Challan_Testcases" time="0.206" classname="pro.saral.testCases.Regression_Test"/>
  <testcase name="Challan_Testcases" time="2.232" classname="pro.saral.testCases.Regression_Test"/>
  <testcase name="Challan_Testcases" time="0.434" classname="pro.saral.testCases.Regression_Test"/>
  <testcase name="Challan_Testcases" time="0.09" classname="pro.saral.testCases.Regression_Test"/>
  <testcase name="Challan_Testcases" time="2.261" classname="pro.saral.testCases.Regression_Test"/>
  <testcase name="Challan_Testcases" time="0.132" classname="pro.saral.testCases.Regression_Test"/>
  <testcase name="Challan_Testcases" time="2.512" classname="pro.saral.testCases.Regression_Test"/>
  <testcase name="Challan_Testcases" time="0.017" classname="pro.saral.testCases.Regression_Test"/>
  <testcase name="Challan_Testcases" time="2.383" classname="pro.saral.testCases.Regression_Test"/>
  <testcase name="Challan_Testcases" time="2.947" classname="pro.saral.testCases.Regression_Test"/>
  <testcase name="Challan_Testcases" time="0.089" classname="pro.saral.testCases.Regression_Test"/>
  <testcase name="Challan_Testcases" time="2.146" classname="pro.saral.testCases.Regression_Test"/>
  <testcase name="Challan_Testcases" time="2.322" classname="pro.saral.testCases.Regression_Test"/>
  <testcase name="Challan_Testcases" time="2.395" classname="pro.saral.testCases.Regression_Test"/>
  <testcase name="Challan_Testcases" time="0.098" classname="pro.saral.testCases.Regression_Test"/>
  <testcase name="Challan_Testcases" time="0.1" classname="pro.saral.testCases.Regression_Test"/>
  <testcase name="Challan_Testcases" time="0.103" classname="pro.saral.testCases.Regression_Test"/>
  <testcase name="Challan_Testcases" time="0.099" classname="pro.saral.testCases.Regression_Test"/>
  <testcase name="Challan_Testcases" time="0.249" classname="pro.saral.testCases.Regression_Test"/>
  <testcase name="Challan_Testcases" time="0.326" classname="pro.saral.testCases.Regression_Test"/>
  <testcase name="Challan_Testcases" time="0.406" classname="pro.saral.testCases.Regression_Test"/>
  <testcase name="Challan_Testcases" time="0.376" classname="pro.saral.testCases.Regression_Test"/>
  <testcase name="Challan_Testcases" time="2.499" classname="pro.saral.testCases.Regression_Test"/>
  <testcase name="Challan_Testcases" time="2.307" classname="pro.saral.testCases.Regression_Test"/>
  <testcase name="Challan_Testcases" time="0.149" classname="pro.saral.testCases.Regression_Test"/>
  <testcase name="Challan_Testcases" time="0.017" classname="pro.saral.testCases.Regression_Test"/>
  <testcase name="Challan_Testcases" time="2.591" classname="pro.saral.testCases.Regression_Test"/>
  <testcase name="Challan_Testcases" time="2.456" classname="pro.saral.testCases.Regression_Test"/>
  <testcase name="Challan_Testcases" time="2.215" classname="pro.saral.testCases.Regression_Test"/>
  <testcase name="Challan_Testcases" time="2.515" classname="pro.saral.testCases.Regression_Test"/>
  <testcase name="Challan_Testcases" time="2.29" classname="pro.saral.testCases.Regression_Test"/>
  <testcase name="Challan_Testcases" time="0.237" classname="pro.saral.testCases.Regression_Test"/>
  <testcase name="Challan_Testcases" time="2.277" classname="pro.saral.testCases.Regression_Test"/>
  <testcase name="Challan_Testcases" time="0.156" classname="pro.saral.testCases.Regression_Test"/>
  <testcase name="Challan_Testcases" time="0.013" classname="pro.saral.testCases.Regression_Test"/>
  <testcase name="Challan_Testcases" time="0.086" classname="pro.saral.testCases.Regression_Test"/>
  <testcase name="Challan_Testcases" time="2.384" classname="pro.saral.testCases.Regression_Test"/>
  <testcase name="Challan_Testcases" time="2.438" classname="pro.saral.testCases.Regression_Test"/>
  <testcase name="Challan_Testcases" time="2.234" classname="pro.saral.testCases.Regression_Test"/>
  <testcase name="Challan_Testcases" time="2.193" classname="pro.saral.testCases.Regression_Test"/>
  <testcase name="Challan_Testcases" time="2.226" classname="pro.saral.testCases.Regression_Test"/>
  <testcase name="Challan_Testcases" time="2.23" classname="pro.saral.testCases.Regression_Test"/>
  <testcase name="Challan_Testcases" time="2.157" classname="pro.saral.testCases.Regression_Test"/>
  <testcase name="Challan_Testcases" time="2.176" classname="pro.saral.testCases.Regression_Test"/>
  <testcase name="Challan_Testcases" time="2.16" classname="pro.saral.testCases.Regression_Test"/>
  <testcase name="Challan_Testcases" time="0.069" classname="pro.saral.testCases.Regression_Test"/>
  <testcase name="Challan_Testcases" time="2.275" classname="pro.saral.testCases.Regression_Test"/>
  <testcase name="Challan_Testcases" time="2.421" classname="pro.saral.testCases.Regression_Test"/>
  <testcase name="Challan_Testcases" time="2.212" classname="pro.saral.testCases.Regression_Test"/>
  <testcase name="Challan_Testcases" time="2.185" classname="pro.saral.testCases.Regression_Test"/>
  <testcase name="Challan_Testcases" time="0.091" classname="pro.saral.testCases.Regression_Test"/>
  <testcase name="Challan_Testcases" time="15.616" classname="pro.saral.testCases.Regression_Test"/>
  <testcase name="Challan_Testcases" time="10.583" classname="pro.saral.testCases.Regression_Test"/>
  <testcase name="Challan_Testcases" time="2.21" classname="pro.saral.testCases.Regression_Test"/>
  <testcase name="Challan_Testcases" time="2.216" classname="pro.saral.testCases.Regression_Test"/>
  <testcase name="Challan_Testcases" time="0.056" classname="pro.saral.testCases.Regression_Test"/>
  <testcase name="Challan_Testcases" time="2.133" classname="pro.saral.testCases.Regression_Test"/>
  <testcase name="Challan_Testcases" time="2.175" classname="pro.saral.testCases.Regression_Test"/>
  <testcase name="Challan_Testcases" time="0.086" classname="pro.saral.testCases.Regression_Test"/>
  <testcase name="Challan_Testcases" time="2.189" classname="pro.saral.testCases.Regression_Test"/>
  <testcase name="Challan_Testcases" time="2.183" classname="pro.saral.testCases.Regression_Test"/>
  <testcase name="Challan_Testcases" time="0.076" classname="pro.saral.testCases.Regression_Test"/>
  <testcase name="Challan_Testcases" time="2.172" classname="pro.saral.testCases.Regression_Test"/>
  <testcase name="Challan_Testcases" time="2.21" classname="pro.saral.testCases.Regression_Test"/>
  <testcase name="Challan_Testcases" time="0.067" classname="pro.saral.testCases.Regression_Test"/>
  <testcase name="Challan_Testcases" time="2.177" classname="pro.saral.testCases.Regression_Test"/>
  <testcase name="Challan_Testcases" time="0.05" classname="pro.saral.testCases.Regression_Test"/>
  <testcase name="Challan_Testcases" time="2.165" classname="pro.saral.testCases.Regression_Test"/>
  <testcase name="Challan_Testcases" time="0.062" classname="pro.saral.testCases.Regression_Test"/>
  <testcase name="Challan_Testcases" time="2.167" classname="pro.saral.testCases.Regression_Test"/>
  <testcase name="Challan_Testcases" time="2.442" classname="pro.saral.testCases.Regression_Test"/>
  <testcase name="Challan_Testcases" time="0.122" classname="pro.saral.testCases.Regression_Test"/>
  <testcase name="Challan_Testcases" time="2.304" classname="pro.saral.testCases.Regression_Test"/>
  <testcase name="Challan_Testcases" time="0.067" classname="pro.saral.testCases.Regression_Test"/>
  <testcase name="Challan_Testcases" time="0.049" classname="pro.saral.testCases.Regression_Test"/>
  <testcase name="Challan_Testcases" time="3.278" classname="pro.saral.testCases.Regression_Test"/>
  <testcase name="Challan_Testcases" time="2.312" classname="pro.saral.testCases.Regression_Test"/>
  <testcase name="Challan_Testcases" time="2.449" classname="pro.saral.testCases.Regression_Test"/>
  <testcase name="Challan_Testcases" time="2.215" classname="pro.saral.testCases.Regression_Test"/>
  <testcase name="Challan_Testcases" time="0.186" classname="pro.saral.testCases.Regression_Test"/>
  <testcase name="Challan_Testcases" time="0.296" classname="pro.saral.testCases.Regression_Test"/>
  <testcase name="Challan_Testcases" time="2.293" classname="pro.saral.testCases.Regression_Test"/>
  <testcase name="Challan_Testcases" time="0.164" classname="pro.saral.testCases.Regression_Test"/>
  <testcase name="Challan_Testcases" time="15.571" classname="pro.saral.testCases.Regression_Test"/>
  <testcase name="Challan_Testcases" time="0.075" classname="pro.saral.testCases.Regression_Test"/>
  <testcase name="Challan_Testcases" time="2.115" classname="pro.saral.testCases.Regression_Test"/>
  <testcase name="Challan_Testcases" time="2.321" classname="pro.saral.testCases.Regression_Test"/>
  <testcase name="Challan_Testcases" time="6.213" classname="pro.saral.testCases.Regression_Test"/>
  <testcase name="Challan_Testcases" time="0.049" classname="pro.saral.testCases.Regression_Test"/>
  <testcase name="Challan_Testcases" time="0.012" classname="pro.saral.testCases.Regression_Test"/>
  <testcase name="Challan_Testcases" time="2.296" classname="pro.saral.testCases.Regression_Test"/>
  <testcase name="Challan_Testcases" time="2.957" classname="pro.saral.testCases.Regression_Test"/>
  <testcase name="Challan_Testcases" time="2.185" classname="pro.saral.testCases.Regression_Test"/>
  <testcase name="Challan_Testcases" time="2.379" classname="pro.saral.testCases.Regression_Test"/>
  <testcase name="Challan_Testcases" time="2.369" classname="pro.saral.testCases.Regression_Test"/>
  <testcase name="Challan_Testcases" time="2.34" classname="pro.saral.testCases.Regression_Test"/>
  <testcase name="Challan_Testcases" time="0.144" classname="pro.saral.testCases.Regression_Test"/>
  <testcase name="Challan_Testcases" time="0.015" classname="pro.saral.testCases.Regression_Test"/>
  <testcase name="Challan_Testcases" time="2.494" classname="pro.saral.testCases.Regression_Test"/>
  <testcase name="Challan_Testcases" time="2.444" classname="pro.saral.testCases.Regression_Test"/>
  <testcase name="Challan_Testcases" time="2.229" classname="pro.saral.testCases.Regression_Test"/>
  <testcase name="Challan_Testcases" time="2.317" classname="pro.saral.testCases.Regression_Test"/>
  <testcase name="Challan_Testcases" time="2.257" classname="pro.saral.testCases.Regression_Test"/>
  <testcase name="Challan_Testcases" time="2.242" classname="pro.saral.testCases.Regression_Test"/>
  <testcase name="Challan_Testcases" time="0.107" classname="pro.saral.testCases.Regression_Test"/>
  <testcase name="Challan_Testcases" time="2.267" classname="pro.saral.testCases.Regression_Test"/>
  <testcase name="Challan_Testcases" time="2.239" classname="pro.saral.testCases.Regression_Test"/>
  <testcase name="Challan_Testcases" time="2.205" classname="pro.saral.testCases.Regression_Test"/>
  <testcase name="Challan_Testcases" time="2.217" classname="pro.saral.testCases.Regression_Test"/>
  <testcase name="Challan_Testcases" time="2.239" classname="pro.saral.testCases.Regression_Test"/>
</testsuite> <!-- GstSaral Test -->
