<?xml version="1.0" encoding="UTF-8"?>
<!-- Generated by org.testng.reporters.JUnitXMLReporter -->
<testsuite hostname="Darshan" name="GstSaral Test" tests="159" failures="0" timestamp="7 Jun 2022 09:10:37 GMT" time="369.899" errors="0">
  <testcase name="Create_Client" time="9.178" classname="pro.saral.testCases.Tds_Stepper_Test"/>
  <testcase name="Enter_All_Deductor_And_Responsible_Person_Fields" time="18.883" classname="pro.saral.testCases.Tds_Stepper_Test"/>
  <testcase name="Enter_Only_Mandatory_Field_And_Check" time="4.488" classname="pro.saral.testCases.Employee_Test"/>
  <testcase name="Challan_Testcases" time="3.716" classname="pro.saral.testCases.Regression_Test"/>
  <testcase name="Challan_Testcases" time="0.732" classname="pro.saral.testCases.Regression_Test"/>
  <testcase name="Challan_Testcases" time="2.639" classname="pro.saral.testCases.Regression_Test"/>
  <testcase name="Challan_Testcases" time="3.6" classname="pro.saral.testCases.Regression_Test"/>
  <testcase name="Challan_Testcases" time="0.61" classname="pro.saral.testCases.Regression_Test"/>
  <testcase name="Challan_Testcases" time="2.551" classname="pro.saral.testCases.Regression_Test"/>
  <testcase name="Challan_Testcases" time="2.451" classname="pro.saral.testCases.Regression_Test"/>
  <testcase name="Challan_Testcases" time="2.416" classname="pro.saral.testCases.Regression_Test"/>
  <testcase name="Challan_Testcases" time="0.035" classname="pro.saral.testCases.Regression_Test"/>
  <testcase name="Challan_Testcases" time="2.562" classname="pro.saral.testCases.Regression_Test"/>
  <testcase name="Challan_Testcases" time="0.128" classname="pro.saral.testCases.Regression_Test"/>
  <testcase name="Challan_Testcases" time="2.367" classname="pro.saral.testCases.Regression_Test"/>
  <testcase name="Challan_Testcases" time="0.334" classname="pro.saral.testCases.Regression_Test"/>
  <testcase name="Challan_Testcases" time="0.353" classname="pro.saral.testCases.Regression_Test"/>
  <testcase name="Challan_Testcases" time="0.375" classname="pro.saral.testCases.Regression_Test"/>
  <testcase name="Challan_Testcases" time="0.289" classname="pro.saral.testCases.Regression_Test"/>
  <testcase name="Challan_Testcases" time="0.318" classname="pro.saral.testCases.Regression_Test"/>
  <testcase name="Challan_Testcases" time="0.329" classname="pro.saral.testCases.Regression_Test"/>
  <testcase name="Challan_Testcases" time="0.292" classname="pro.saral.testCases.Regression_Test"/>
  <testcase name="Challan_Testcases" time="0.316" classname="pro.saral.testCases.Regression_Test"/>
  <testcase name="Challan_Testcases" time="0.233" classname="pro.saral.testCases.Regression_Test"/>
  <testcase name="Challan_Testcases" time="0.39" classname="pro.saral.testCases.Regression_Test"/>
  <testcase name="Challan_Testcases" time="0.426" classname="pro.saral.testCases.Regression_Test"/>
  <testcase name="Challan_Testcases" time="0.163" classname="pro.saral.testCases.Regression_Test"/>
  <testcase name="Challan_Testcases" time="0.643" classname="pro.saral.testCases.Regression_Test"/>
  <testcase name="Challan_Testcases" time="2.354" classname="pro.saral.testCases.Regression_Test"/>
  <testcase name="Challan_Testcases" time="0.176" classname="pro.saral.testCases.Regression_Test"/>
  <testcase name="Challan_Testcases" time="0.023" classname="pro.saral.testCases.Regression_Test"/>
  <testcase name="Challan_Testcases" time="2.475" classname="pro.saral.testCases.Regression_Test"/>
  <testcase name="Challan_Testcases" time="2.645" classname="pro.saral.testCases.Regression_Test"/>
  <testcase name="Challan_Testcases" time="2.323" classname="pro.saral.testCases.Regression_Test"/>
  <testcase name="Challan_Testcases" time="2.673" classname="pro.saral.testCases.Regression_Test"/>
  <testcase name="Challan_Testcases" time="0.279" classname="pro.saral.testCases.Regression_Test"/>
  <testcase name="Challan_Testcases" time="2.58" classname="pro.saral.testCases.Regression_Test"/>
  <testcase name="Challan_Testcases" time="0.432" classname="pro.saral.testCases.Regression_Test"/>
  <testcase name="Challan_Testcases" time="0.428" classname="pro.saral.testCases.Regression_Test"/>
  <testcase name="Challan_Testcases" time="0.551" classname="pro.saral.testCases.Regression_Test"/>
  <testcase name="Challan_Testcases" time="2.425" classname="pro.saral.testCases.Regression_Test"/>
  <testcase name="Challan_Testcases" time="0.498" classname="pro.saral.testCases.Regression_Test"/>
  <testcase name="Challan_Testcases" time="2.366" classname="pro.saral.testCases.Regression_Test"/>
  <testcase name="Challan_Testcases" time="0.341" classname="pro.saral.testCases.Regression_Test"/>
  <testcase name="Challan_Testcases" time="2.39" classname="pro.saral.testCases.Regression_Test"/>
  <testcase name="Challan_Testcases" time="0.382" classname="pro.saral.testCases.Regression_Test"/>
  <testcase name="Challan_Testcases" time="2.365" classname="pro.saral.testCases.Regression_Test"/>
  <testcase name="Challan_Testcases" time="0.344" classname="pro.saral.testCases.Regression_Test"/>
  <testcase name="Challan_Testcases" time="2.399" classname="pro.saral.testCases.Regression_Test"/>
  <testcase name="Challan_Testcases" time="0.353" classname="pro.saral.testCases.Regression_Test"/>
  <testcase name="Challan_Testcases" time="2.39" classname="pro.saral.testCases.Regression_Test"/>
  <testcase name="Challan_Testcases" time="0.466" classname="pro.saral.testCases.Regression_Test"/>
  <testcase name="Challan_Testcases" time="0.112" classname="pro.saral.testCases.Regression_Test"/>
  <testcase name="Challan_Testcases" time="2.329" classname="pro.saral.testCases.Regression_Test"/>
  <testcase name="Challan_Testcases" time="0.195" classname="pro.saral.testCases.Regression_Test"/>
  <testcase name="Challan_Testcases" time="2.594" classname="pro.saral.testCases.Regression_Test"/>
  <testcase name="Challan_Testcases" time="0.02" classname="pro.saral.testCases.Regression_Test"/>
  <testcase name="Challan_Testcases" time="2.48" classname="pro.saral.testCases.Regression_Test"/>
  <testcase name="Challan_Testcases" time="2.508" classname="pro.saral.testCases.Regression_Test"/>
  <testcase name="Challan_Testcases" time="0.215" classname="pro.saral.testCases.Regression_Test"/>
  <testcase name="Challan_Testcases" time="2.283" classname="pro.saral.testCases.Regression_Test"/>
  <testcase name="Challan_Testcases" time="2.548" classname="pro.saral.testCases.Regression_Test"/>
  <testcase name="Challan_Testcases" time="2.445" classname="pro.saral.testCases.Regression_Test"/>
  <testcase name="Challan_Testcases" time="0.135" classname="pro.saral.testCases.Regression_Test"/>
  <testcase name="Challan_Testcases" time="0.131" classname="pro.saral.testCases.Regression_Test"/>
  <testcase name="Challan_Testcases" time="0.151" classname="pro.saral.testCases.Regression_Test"/>
  <testcase name="Challan_Testcases" time="0.125" classname="pro.saral.testCases.Regression_Test"/>
  <testcase name="Challan_Testcases" time="0.506" classname="pro.saral.testCases.Regression_Test"/>
  <testcase name="Challan_Testcases" time="0.508" classname="pro.saral.testCases.Regression_Test"/>
  <testcase name="Challan_Testcases" time="0.572" classname="pro.saral.testCases.Regression_Test"/>
  <testcase name="Challan_Testcases" time="0.487" classname="pro.saral.testCases.Regression_Test"/>
  <testcase name="Challan_Testcases" time="2.622" classname="pro.saral.testCases.Regression_Test"/>
  <testcase name="Challan_Testcases" time="2.459" classname="pro.saral.testCases.Regression_Test"/>
  <testcase name="Challan_Testcases" time="0.211" classname="pro.saral.testCases.Regression_Test"/>
  <testcase name="Challan_Testcases" time="0.02" classname="pro.saral.testCases.Regression_Test"/>
  <testcase name="Challan_Testcases" time="2.626" classname="pro.saral.testCases.Regression_Test"/>
  <testcase name="Challan_Testcases" time="2.068" classname="pro.saral.testCases.Regression_Test"/>
  <testcase name="Challan_Testcases" time="2.364" classname="pro.saral.testCases.Regression_Test"/>
  <testcase name="Challan_Testcases" time="2.681" classname="pro.saral.testCases.Regression_Test"/>
  <testcase name="Challan_Testcases" time="2.504" classname="pro.saral.testCases.Regression_Test"/>
  <testcase name="Challan_Testcases" time="0.352" classname="pro.saral.testCases.Regression_Test"/>
  <testcase name="Challan_Testcases" time="2.409" classname="pro.saral.testCases.Regression_Test"/>
  <testcase name="Challan_Testcases" time="0.293" classname="pro.saral.testCases.Regression_Test"/>
  <testcase name="Challan_Testcases" time="0.015" classname="pro.saral.testCases.Regression_Test"/>
  <testcase name="Challan_Testcases" time="0.125" classname="pro.saral.testCases.Regression_Test"/>
  <testcase name="Challan_Testcases" time="2.574" classname="pro.saral.testCases.Regression_Test"/>
  <testcase name="Challan_Testcases" time="2.518" classname="pro.saral.testCases.Regression_Test"/>
  <testcase name="Challan_Testcases" time="2.278" classname="pro.saral.testCases.Regression_Test"/>
  <testcase name="Challan_Testcases" time="2.249" classname="pro.saral.testCases.Regression_Test"/>
  <testcase name="Challan_Testcases" time="2.246" classname="pro.saral.testCases.Regression_Test"/>
  <testcase name="Challan_Testcases" time="2.329" classname="pro.saral.testCases.Regression_Test"/>
  <testcase name="Challan_Testcases" time="2.293" classname="pro.saral.testCases.Regression_Test"/>
  <testcase name="Challan_Testcases" time="2.256" classname="pro.saral.testCases.Regression_Test"/>
  <testcase name="Challan_Testcases" time="2.282" classname="pro.saral.testCases.Regression_Test"/>
  <testcase name="Challan_Testcases" time="0.093" classname="pro.saral.testCases.Regression_Test"/>
  <testcase name="Challan_Testcases" time="2.419" classname="pro.saral.testCases.Regression_Test"/>
  <testcase name="Challan_Testcases" time="2.481" classname="pro.saral.testCases.Regression_Test"/>
  <testcase name="Challan_Testcases" time="2.31" classname="pro.saral.testCases.Regression_Test"/>
  <testcase name="Challan_Testcases" time="2.222" classname="pro.saral.testCases.Regression_Test"/>
  <testcase name="Challan_Testcases" time="0.103" classname="pro.saral.testCases.Regression_Test"/>
  <testcase name="Challan_Testcases" time="15.816" classname="pro.saral.testCases.Regression_Test"/>
  <testcase name="Challan_Testcases" time="10.978" classname="pro.saral.testCases.Regression_Test"/>
  <testcase name="Challan_Testcases" time="2.322" classname="pro.saral.testCases.Regression_Test"/>
  <testcase name="Challan_Testcases" time="2.274" classname="pro.saral.testCases.Regression_Test"/>
  <testcase name="Challan_Testcases" time="0.104" classname="pro.saral.testCases.Regression_Test"/>
  <testcase name="Challan_Testcases" time="2.197" classname="pro.saral.testCases.Regression_Test"/>
  <testcase name="Challan_Testcases" time="2.232" classname="pro.saral.testCases.Regression_Test"/>
  <testcase name="Challan_Testcases" time="0.123" classname="pro.saral.testCases.Regression_Test"/>
  <testcase name="Challan_Testcases" time="2.35" classname="pro.saral.testCases.Regression_Test"/>
  <testcase name="Challan_Testcases" time="2.233" classname="pro.saral.testCases.Regression_Test"/>
  <testcase name="Challan_Testcases" time="0.097" classname="pro.saral.testCases.Regression_Test"/>
  <testcase name="Challan_Testcases" time="2.254" classname="pro.saral.testCases.Regression_Test"/>
  <testcase name="Challan_Testcases" time="2.212" classname="pro.saral.testCases.Regression_Test"/>
  <testcase name="Challan_Testcases" time="0.118" classname="pro.saral.testCases.Regression_Test"/>
  <testcase name="Challan_Testcases" time="2.273" classname="pro.saral.testCases.Regression_Test"/>
  <testcase name="Challan_Testcases" time="0.049" classname="pro.saral.testCases.Regression_Test"/>
  <testcase name="Challan_Testcases" time="2.199" classname="pro.saral.testCases.Regression_Test"/>
  <testcase name="Challan_Testcases" time="0.088" classname="pro.saral.testCases.Regression_Test"/>
  <testcase name="Challan_Testcases" time="2.181" classname="pro.saral.testCases.Regression_Test"/>
  <testcase name="Challan_Testcases" time="2.219" classname="pro.saral.testCases.Regression_Test"/>
  <testcase name="Challan_Testcases" time="0.118" classname="pro.saral.testCases.Regression_Test"/>
  <testcase name="Challan_Testcases" time="2.229" classname="pro.saral.testCases.Regression_Test"/>
  <testcase name="Challan_Testcases" time="0.058" classname="pro.saral.testCases.Regression_Test"/>
  <testcase name="Challan_Testcases" time="0.051" classname="pro.saral.testCases.Regression_Test"/>
  <testcase name="Challan_Testcases" time="2.7" classname="pro.saral.testCases.Regression_Test"/>
  <testcase name="Challan_Testcases" time="2.428" classname="pro.saral.testCases.Regression_Test"/>
  <testcase name="Challan_Testcases" time="2.532" classname="pro.saral.testCases.Regression_Test"/>
  <testcase name="Challan_Testcases" time="2.25" classname="pro.saral.testCases.Regression_Test"/>
  <testcase name="Challan_Testcases" time="0.234" classname="pro.saral.testCases.Regression_Test"/>
  <testcase name="Challan_Testcases" time="0.326" classname="pro.saral.testCases.Regression_Test"/>
  <testcase name="Challan_Testcases" time="2.303" classname="pro.saral.testCases.Regression_Test"/>
  <testcase name="Challan_Testcases" time="0.09" classname="pro.saral.testCases.Regression_Test"/>
  <testcase name="Challan_Testcases" time="15.719" classname="pro.saral.testCases.Regression_Test"/>
  <testcase name="Challan_Testcases" time="0.07" classname="pro.saral.testCases.Regression_Test"/>
  <testcase name="Challan_Testcases" time="2.127" classname="pro.saral.testCases.Regression_Test"/>
  <testcase name="Challan_Testcases" time="2.492" classname="pro.saral.testCases.Regression_Test"/>
  <testcase name="Challan_Testcases" time="10.46" classname="pro.saral.testCases.Regression_Test"/>
  <testcase name="Challan_Testcases" time="0.063" classname="pro.saral.testCases.Regression_Test"/>
  <testcase name="Challan_Testcases" time="0.015" classname="pro.saral.testCases.Regression_Test"/>
  <testcase name="Challan_Testcases" time="2.442" classname="pro.saral.testCases.Regression_Test"/>
  <testcase name="Challan_Testcases" time="2.048" classname="pro.saral.testCases.Regression_Test"/>
  <testcase name="Challan_Testcases" time="2.364" classname="pro.saral.testCases.Regression_Test"/>
  <testcase name="Challan_Testcases" time="2.558" classname="pro.saral.testCases.Regression_Test"/>
  <testcase name="Challan_Testcases" time="2.512" classname="pro.saral.testCases.Regression_Test"/>
  <testcase name="Challan_Testcases" time="2.541" classname="pro.saral.testCases.Regression_Test"/>
  <testcase name="Challan_Testcases" time="0.201" classname="pro.saral.testCases.Regression_Test"/>
  <testcase name="Challan_Testcases" time="0.013" classname="pro.saral.testCases.Regression_Test"/>
  <testcase name="Challan_Testcases" time="2.688" classname="pro.saral.testCases.Regression_Test"/>
  <testcase name="Challan_Testcases" time="3.095" classname="pro.saral.testCases.Regression_Test"/>
  <testcase name="Challan_Testcases" time="2.315" classname="pro.saral.testCases.Regression_Test"/>
  <testcase name="Challan_Testcases" time="2.394" classname="pro.saral.testCases.Regression_Test"/>
  <testcase name="Challan_Testcases" time="2.391" classname="pro.saral.testCases.Regression_Test"/>
  <testcase name="Challan_Testcases" time="2.391" classname="pro.saral.testCases.Regression_Test"/>
  <testcase name="Challan_Testcases" time="0.152" classname="pro.saral.testCases.Regression_Test"/>
  <testcase name="Challan_Testcases" time="2.354" classname="pro.saral.testCases.Regression_Test"/>
  <testcase name="Challan_Testcases" time="2.332" classname="pro.saral.testCases.Regression_Test"/>
  <testcase name="Challan_Testcases" time="2.356" classname="pro.saral.testCases.Regression_Test"/>
  <testcase name="Challan_Testcases" time="2.306" classname="pro.saral.testCases.Regression_Test"/>
  <testcase name="Challan_Testcases" time="2.471" classname="pro.saral.testCases.Regression_Test"/>
</testsuite> <!-- GstSaral Test -->
