<?xml version="1.0" encoding="UTF-8"?>
<!-- Generated by org.testng.reporters.JUnitXMLReporter -->
<testsuite hostname="Darshan" name="GstSaral Test" tests="203" failures="0" timestamp="3 Jun 2022 05:10:48 GMT" time="457.284" errors="0">
  <testcase name="Mandatory_Field_Check" time="2.086" classname="pro.saral.testCases.Employee_Test"/>
  <testcase name="Enter_Invalid_Pan_And_Check_Validation" time="3.896" classname="pro.saral.testCases.Employee_Test"/>
  <testcase name="Enter_Invalid_Date_And_Check_Validation" time="4.249" classname="pro.saral.testCases.Employee_Test"/>
  <testcase name="Enter_Only_Mandatory_Field_And_Check" time="5.927" classname="pro.saral.testCases.Employee_Test"/>
  <testcase name="Edit_Fields_And_Update" time="3.877" classname="pro.saral.testCases.Employee_Test"/>
  <testcase name="Delete_Single_Fields" time="2.953" classname="pro.saral.testCases.Employee_Test"/>
  <testcase name="Enter_All_Field_And_Check" time="8.297" classname="pro.saral.testCases.Employee_Test"/>
  <testcase name="Enter_All_Field_And_Check_Duplication" time="3.299" classname="pro.saral.testCases.Employee_Test"/>
  <testcase name="Enter_All_Different_Pan_Cases" time="19.681" classname="pro.saral.testCases.Employee_Test"/>
  <testcase name="Delete_All_Fields" time="2.731" classname="pro.saral.testCases.Employee_Test"/>
  <testcase name="Deductee_Testcases" time="4.257" classname="pro.saral.testCases.Deductee_Test"/>
  <testcase name="Deductee_Testcases" time="1.75" classname="pro.saral.testCases.Deductee_Test"/>
  <testcase name="Deductee_Testcases" time="0.574" classname="pro.saral.testCases.Deductee_Test"/>
  <testcase name="Deductee_Testcases" time="3.129" classname="pro.saral.testCases.Deductee_Test"/>
  <testcase name="Deductee_Testcases" time="3.1" classname="pro.saral.testCases.Deductee_Test"/>
  <testcase name="Deductee_Testcases" time="0.635" classname="pro.saral.testCases.Deductee_Test"/>
  <testcase name="Deductee_Testcases" time="1.387" classname="pro.saral.testCases.Deductee_Test"/>
  <testcase name="Deductee_Testcases" time="1.17" classname="pro.saral.testCases.Deductee_Test"/>
  <testcase name="Deductee_Testcases" time="0.204" classname="pro.saral.testCases.Deductee_Test"/>
  <testcase name="Deductee_Testcases" time="0.195" classname="pro.saral.testCases.Deductee_Test"/>
  <testcase name="Deductee_Testcases" time="0.32" classname="pro.saral.testCases.Deductee_Test"/>
  <testcase name="Deductee_Testcases" time="0.002" classname="pro.saral.testCases.Deductee_Test"/>
  <testcase name="Deductee_Testcases" time="0.803" classname="pro.saral.testCases.Deductee_Test"/>
  <testcase name="Deductee_Testcases" time="0.184" classname="pro.saral.testCases.Deductee_Test"/>
  <testcase name="Deductee_Testcases" time="0.722" classname="pro.saral.testCases.Deductee_Test"/>
  <testcase name="Deductee_Testcases" time="0.48" classname="pro.saral.testCases.Deductee_Test"/>
  <testcase name="Deductee_Testcases" time="0.247" classname="pro.saral.testCases.Deductee_Test"/>
  <testcase name="Deductee_Testcases" time="0.634" classname="pro.saral.testCases.Deductee_Test"/>
  <testcase name="Deductee_Testcases" time="0.448" classname="pro.saral.testCases.Deductee_Test"/>
  <testcase name="Deductee_Testcases" time="0.178" classname="pro.saral.testCases.Deductee_Test"/>
  <testcase name="Deductee_Testcases" time="0.556" classname="pro.saral.testCases.Deductee_Test"/>
  <testcase name="Deductee_Testcases" time="0.896" classname="pro.saral.testCases.Deductee_Test"/>
  <testcase name="Deductee_Testcases" time="0.002" classname="pro.saral.testCases.Deductee_Test"/>
  <testcase name="Deductee_Testcases" time="1.095" classname="pro.saral.testCases.Deductee_Test"/>
  <testcase name="Deductee_Testcases" time="0.666" classname="pro.saral.testCases.Deductee_Test"/>
  <testcase name="Deductee_Testcases" time="0.652" classname="pro.saral.testCases.Deductee_Test"/>
  <testcase name="Deductee_Testcases" time="0.299" classname="pro.saral.testCases.Deductee_Test"/>
  <testcase name="Deductee_Testcases" time="0.395" classname="pro.saral.testCases.Deductee_Test"/>
  <testcase name="Deductee_Testcases" time="0.966" classname="pro.saral.testCases.Deductee_Test"/>
  <testcase name="Deductee_Testcases" time="0.886" classname="pro.saral.testCases.Deductee_Test"/>
  <testcase name="Deductee_Testcases" time="0.576" classname="pro.saral.testCases.Deductee_Test"/>
  <testcase name="Deductee_Testcases" time="0.603" classname="pro.saral.testCases.Deductee_Test"/>
  <testcase name="Deductee_Testcases" time="0.462" classname="pro.saral.testCases.Deductee_Test"/>
  <testcase name="Deductee_Testcases" time="0.518" classname="pro.saral.testCases.Deductee_Test"/>
  <testcase name="Deductee_Testcases" time="1.234" classname="pro.saral.testCases.Deductee_Test"/>
  <testcase name="Deductee_Testcases" time="0.002" classname="pro.saral.testCases.Deductee_Test"/>
  <testcase name="Deductee_Testcases" time="1.104" classname="pro.saral.testCases.Deductee_Test"/>
  <testcase name="Deductee_Testcases" time="0.887" classname="pro.saral.testCases.Deductee_Test"/>
  <testcase name="Deductee_Testcases" time="1.001" classname="pro.saral.testCases.Deductee_Test"/>
  <testcase name="Deductee_Testcases" time="0.729" classname="pro.saral.testCases.Deductee_Test"/>
  <testcase name="Deductee_Testcases" time="0.313" classname="pro.saral.testCases.Deductee_Test"/>
  <testcase name="Deductee_Testcases" time="0.545" classname="pro.saral.testCases.Deductee_Test"/>
  <testcase name="Deductee_Testcases" time="0.002" classname="pro.saral.testCases.Deductee_Test"/>
  <testcase name="Deductee_Testcases" time="0.858" classname="pro.saral.testCases.Deductee_Test"/>
  <testcase name="Deductee_Testcases" time="0.563" classname="pro.saral.testCases.Deductee_Test"/>
  <testcase name="Deductee_Testcases" time="0.395" classname="pro.saral.testCases.Deductee_Test"/>
  <testcase name="Deductee_Testcases" time="0.333" classname="pro.saral.testCases.Deductee_Test"/>
  <testcase name="Deductee_Testcases" time="0.516" classname="pro.saral.testCases.Deductee_Test"/>
  <testcase name="Deductee_Testcases" time="0.497" classname="pro.saral.testCases.Deductee_Test"/>
  <testcase name="Deductee_Testcases" time="0.294" classname="pro.saral.testCases.Deductee_Test"/>
  <testcase name="Deductee_Testcases" time="0.657" classname="pro.saral.testCases.Deductee_Test"/>
  <testcase name="Deductee_Testcases" time="0.581" classname="pro.saral.testCases.Deductee_Test"/>
  <testcase name="Deductee_Testcases" time="0.671" classname="pro.saral.testCases.Deductee_Test"/>
  <testcase name="Deductee_Testcases" time="0.395" classname="pro.saral.testCases.Deductee_Test"/>
  <testcase name="Deductee_Testcases" time="1.269" classname="pro.saral.testCases.Deductee_Test"/>
  <testcase name="Deductee_Testcases" time="0.002" classname="pro.saral.testCases.Deductee_Test"/>
  <testcase name="Deductee_Testcases" time="0.693" classname="pro.saral.testCases.Deductee_Test"/>
  <testcase name="Deductee_Testcases" time="0.818" classname="pro.saral.testCases.Deductee_Test"/>
  <testcase name="Deductee_Testcases" time="0.765" classname="pro.saral.testCases.Deductee_Test"/>
  <testcase name="Deductee_Testcases" time="0.495" classname="pro.saral.testCases.Deductee_Test"/>
  <testcase name="Deductee_Testcases" time="0.549" classname="pro.saral.testCases.Deductee_Test"/>
  <testcase name="Deductee_Testcases" time="1.064" classname="pro.saral.testCases.Deductee_Test"/>
  <testcase name="Deductee_Testcases" time="0.603" classname="pro.saral.testCases.Deductee_Test"/>
  <testcase name="Deductee_Testcases" time="1.118" classname="pro.saral.testCases.Deductee_Test"/>
  <testcase name="Deductee_Testcases" time="0.66" classname="pro.saral.testCases.Deductee_Test"/>
  <testcase name="Deductee_Testcases" time="0.42" classname="pro.saral.testCases.Deductee_Test"/>
  <testcase name="Deductee_Testcases" time="0.593" classname="pro.saral.testCases.Deductee_Test"/>
  <testcase name="Deductee_Testcases" time="2.599" classname="pro.saral.testCases.Deductee_Test"/>
  <testcase name="Deductee_Testcases" time="0.65" classname="pro.saral.testCases.Deductee_Test"/>
  <testcase name="Deductee_Testcases" time="0.855" classname="pro.saral.testCases.Deductee_Test"/>
  <testcase name="Deductee_Testcases" time="0.879" classname="pro.saral.testCases.Deductee_Test"/>
  <testcase name="Deductee_Testcases" time="0.637" classname="pro.saral.testCases.Deductee_Test"/>
  <testcase name="Deductee_Testcases" time="0.593" classname="pro.saral.testCases.Deductee_Test"/>
  <testcase name="Deductee_Testcases" time="2.684" classname="pro.saral.testCases.Deductee_Test"/>
  <testcase name="Deductee_Testcases" time="0.002" classname="pro.saral.testCases.Deductee_Test"/>
  <testcase name="Deductee_Testcases" time="0.8" classname="pro.saral.testCases.Deductee_Test"/>
  <testcase name="Deductee_Testcases" time="0.559" classname="pro.saral.testCases.Deductee_Test"/>
  <testcase name="Deductee_Testcases" time="1.181" classname="pro.saral.testCases.Deductee_Test"/>
  <testcase name="Deductee_Testcases" time="0.433" classname="pro.saral.testCases.Deductee_Test"/>
  <testcase name="Deductee_Testcases" time="0.002" classname="pro.saral.testCases.Deductee_Test"/>
  <testcase name="Deductee_Testcases" time="0.837" classname="pro.saral.testCases.Deductee_Test"/>
  <testcase name="Deductee_Testcases" time="0.558" classname="pro.saral.testCases.Deductee_Test"/>
  <testcase name="Deductee_Testcases" time="1.072" classname="pro.saral.testCases.Deductee_Test"/>
  <testcase name="Deductee_Testcases" time="0.341" classname="pro.saral.testCases.Deductee_Test"/>
  <testcase name="Challan_Testcases" time="4.283" classname="pro.saral.testCases.AChallan_Test"/>
  <testcase name="Challan_Testcases" time="0.907" classname="pro.saral.testCases.AChallan_Test"/>
  <testcase name="Challan_Testcases" time="0.549" classname="pro.saral.testCases.AChallan_Test"/>
  <testcase name="Challan_Testcases" time="2.779" classname="pro.saral.testCases.AChallan_Test"/>
  <testcase name="Challan_Testcases" time="0.485" classname="pro.saral.testCases.AChallan_Test"/>
  <testcase name="Challan_Testcases" time="4.309" classname="pro.saral.testCases.AChallan_Test"/>
  <testcase name="Challan_Testcases" time="0.607" classname="pro.saral.testCases.AChallan_Test"/>
  <testcase name="Challan_Testcases" time="4.247" classname="pro.saral.testCases.AChallan_Test"/>
  <testcase name="Challan_Testcases" time="0.368" classname="pro.saral.testCases.AChallan_Test"/>
  <testcase name="Challan_Testcases" time="1.919" classname="pro.saral.testCases.AChallan_Test"/>
  <testcase name="Challan_Testcases" time="0.628" classname="pro.saral.testCases.AChallan_Test"/>
  <testcase name="Challan_Testcases" time="0.002" classname="pro.saral.testCases.AChallan_Test"/>
  <testcase name="Challan_Testcases" time="0.214" classname="pro.saral.testCases.AChallan_Test"/>
  <testcase name="Challan_Testcases" time="0.229" classname="pro.saral.testCases.AChallan_Test"/>
  <testcase name="Challan_Testcases" time="0.131" classname="pro.saral.testCases.AChallan_Test"/>
  <testcase name="Challan_Testcases" time="0.155" classname="pro.saral.testCases.AChallan_Test"/>
  <testcase name="Challan_Testcases" time="0.002" classname="pro.saral.testCases.AChallan_Test"/>
  <testcase name="Challan_Testcases" time="0.659" classname="pro.saral.testCases.AChallan_Test"/>
  <testcase name="Challan_Testcases" time="0.453" classname="pro.saral.testCases.AChallan_Test"/>
  <testcase name="Challan_Testcases" time="0.459" classname="pro.saral.testCases.AChallan_Test"/>
  <testcase name="Challan_Testcases" time="0.468" classname="pro.saral.testCases.AChallan_Test"/>
  <testcase name="Challan_Testcases" time="0.518" classname="pro.saral.testCases.AChallan_Test"/>
  <testcase name="Challan_Testcases" time="0.405" classname="pro.saral.testCases.AChallan_Test"/>
  <testcase name="Challan_Testcases" time="0.38" classname="pro.saral.testCases.AChallan_Test"/>
  <testcase name="Challan_Testcases" time="0.448" classname="pro.saral.testCases.AChallan_Test"/>
  <testcase name="Challan_Testcases" time="0.28" classname="pro.saral.testCases.AChallan_Test"/>
  <testcase name="Challan_Testcases" time="0.466" classname="pro.saral.testCases.AChallan_Test"/>
  <testcase name="Challan_Testcases" time="0.536" classname="pro.saral.testCases.AChallan_Test"/>
  <testcase name="Challan_Testcases" time="0.215" classname="pro.saral.testCases.AChallan_Test"/>
  <testcase name="Challan_Testcases" time="0.849" classname="pro.saral.testCases.AChallan_Test"/>
  <testcase name="Challan_Testcases" time="0.417" classname="pro.saral.testCases.AChallan_Test"/>
  <testcase name="Challan_Testcases" time="2.042" classname="pro.saral.testCases.AChallan_Test"/>
  <testcase name="Challan_Testcases" time="0.002" classname="pro.saral.testCases.AChallan_Test"/>
  <testcase name="Challan_Testcases" time="1.69" classname="pro.saral.testCases.AChallan_Test"/>
  <testcase name="Challan_Testcases" time="0.545" classname="pro.saral.testCases.AChallan_Test"/>
  <testcase name="Challan_Testcases" time="0.266" classname="pro.saral.testCases.AChallan_Test"/>
  <testcase name="Challan_Testcases" time="1.166" classname="pro.saral.testCases.AChallan_Test"/>
  <testcase name="Challan_Testcases" time="0.432" classname="pro.saral.testCases.AChallan_Test"/>
  <testcase name="Challan_Testcases" time="0.166" classname="pro.saral.testCases.AChallan_Test"/>
  <testcase name="Challan_Testcases" time="1.165" classname="pro.saral.testCases.AChallan_Test"/>
  <testcase name="Challan_Testcases" time="0.497" classname="pro.saral.testCases.AChallan_Test"/>
  <testcase name="Challan_Testcases" time="0.24" classname="pro.saral.testCases.AChallan_Test"/>
  <testcase name="Challan_Testcases" time="1.347" classname="pro.saral.testCases.AChallan_Test"/>
  <testcase name="Challan_Testcases" time="0.45" classname="pro.saral.testCases.AChallan_Test"/>
  <testcase name="Challan_Testcases" time="0.232" classname="pro.saral.testCases.AChallan_Test"/>
  <testcase name="Challan_Testcases" time="1.226" classname="pro.saral.testCases.AChallan_Test"/>
  <testcase name="Challan_Testcases" time="0.556" classname="pro.saral.testCases.AChallan_Test"/>
  <testcase name="Challan_Testcases" time="0.177" classname="pro.saral.testCases.AChallan_Test"/>
  <testcase name="Challan_Testcases" time="1.071" classname="pro.saral.testCases.AChallan_Test"/>
  <testcase name="Challan_Testcases" time="0.462" classname="pro.saral.testCases.AChallan_Test"/>
  <testcase name="Challan_Testcases" time="0.252" classname="pro.saral.testCases.AChallan_Test"/>
  <testcase name="Challan_Testcases" time="0.883" classname="pro.saral.testCases.AChallan_Test"/>
  <testcase name="Challan_Testcases" time="0.47" classname="pro.saral.testCases.AChallan_Test"/>
  <testcase name="Challan_Testcases" time="0.192" classname="pro.saral.testCases.AChallan_Test"/>
  <testcase name="Challan_Testcases" time="0.548" classname="pro.saral.testCases.AChallan_Test"/>
  <testcase name="Challan_Testcases" time="0.454" classname="pro.saral.testCases.AChallan_Test"/>
  <testcase name="Challan_Testcases" time="0.279" classname="pro.saral.testCases.AChallan_Test"/>
  <testcase name="Challan_Testcases" time="0.795" classname="pro.saral.testCases.AChallan_Test"/>
  <testcase name="Challan_Testcases" time="0.865" classname="pro.saral.testCases.AChallan_Test"/>
  <testcase name="Challan_Testcases" time="0.169" classname="pro.saral.testCases.AChallan_Test"/>
  <testcase name="Challan_Testcases" time="0.487" classname="pro.saral.testCases.AChallan_Test"/>
  <testcase name="Challan_Testcases" time="0.229" classname="pro.saral.testCases.AChallan_Test"/>
  <testcase name="Challan_Testcases" time="0.521" classname="pro.saral.testCases.AChallan_Test"/>
  <testcase name="Challan_Testcases" time="1.124" classname="pro.saral.testCases.AChallan_Test"/>
  <testcase name="Challan_Testcases" time="1.569" classname="pro.saral.testCases.AChallan_Test"/>
  <testcase name="Challan_Testcases" time="0.669" classname="pro.saral.testCases.AChallan_Test"/>
  <testcase name="Challan_Testcases" time="0.445" classname="pro.saral.testCases.AChallan_Test"/>
  <testcase name="Challan_Testcases" time="0.434" classname="pro.saral.testCases.AChallan_Test"/>
  <testcase name="Challan_Testcases" time="0.236" classname="pro.saral.testCases.AChallan_Test"/>
  <testcase name="Challan_Testcases" time="0.448" classname="pro.saral.testCases.AChallan_Test"/>
  <testcase name="Challan_Testcases" time="0.984" classname="pro.saral.testCases.AChallan_Test"/>
  <testcase name="Challan_Testcases" time="0.002" classname="pro.saral.testCases.AChallan_Test"/>
  <testcase name="Challan_Testcases" time="1.594" classname="pro.saral.testCases.AChallan_Test"/>
  <testcase name="Challan_Testcases" time="0.78" classname="pro.saral.testCases.AChallan_Test"/>
  <testcase name="Challan_Testcases" time="0.42" classname="pro.saral.testCases.AChallan_Test"/>
  <testcase name="Challan_Testcases" time="0.461" classname="pro.saral.testCases.AChallan_Test"/>
  <testcase name="Challan_Testcases" time="0.566" classname="pro.saral.testCases.AChallan_Test"/>
  <testcase name="Challan_Testcases" time="0.438" classname="pro.saral.testCases.AChallan_Test"/>
  <testcase name="Challan_Testcases" time="1.04" classname="pro.saral.testCases.AChallan_Test"/>
  <testcase name="Challan_Testcases" time="1.09" classname="pro.saral.testCases.AChallan_Test"/>
  <testcase name="Challan_Testcases" time="0.85" classname="pro.saral.testCases.AChallan_Test"/>
  <testcase name="Challan_Testcases" time="0.002" classname="pro.saral.testCases.AChallan_Test"/>
  <testcase name="Challan_Testcases" time="0.913" classname="pro.saral.testCases.AChallan_Test"/>
  <testcase name="Challan_Testcases" time="0.61" classname="pro.saral.testCases.AChallan_Test"/>
  <testcase name="Challan_Testcases" time="0.433" classname="pro.saral.testCases.AChallan_Test"/>
  <testcase name="Challan_Testcases" time="0.319" classname="pro.saral.testCases.AChallan_Test"/>
  <testcase name="Challan_Testcases" time="0.368" classname="pro.saral.testCases.AChallan_Test"/>
  <testcase name="Challan_Testcases" time="0.432" classname="pro.saral.testCases.AChallan_Test"/>
  <testcase name="Challan_Testcases" time="1.099" classname="pro.saral.testCases.AChallan_Test"/>
  <testcase name="Challan_Testcases" time="0.214" classname="pro.saral.testCases.AChallan_Test"/>
  <testcase name="Challan_Testcases" time="0.58" classname="pro.saral.testCases.AChallan_Test"/>
  <testcase name="Challan_Testcases" time="0.5" classname="pro.saral.testCases.AChallan_Test"/>
  <testcase name="Challan_Testcases" time="0.616" classname="pro.saral.testCases.AChallan_Test"/>
  <testcase name="Challan_Testcases" time="0.582" classname="pro.saral.testCases.AChallan_Test"/>
  <testcase name="Challan_Testcases" time="0.398" classname="pro.saral.testCases.AChallan_Test"/>
  <testcase name="Challan_Testcases" time="0.966" classname="pro.saral.testCases.AChallan_Test"/>
  <testcase name="Challan_Testcases" time="0.002" classname="pro.saral.testCases.AChallan_Test"/>
  <testcase name="Challan_Testcases" time="1.484" classname="pro.saral.testCases.AChallan_Test"/>
  <testcase name="Challan_Testcases" time="4.51" classname="pro.saral.testCases.AChallan_Test"/>
  <testcase name="Challan_Testcases" time="0.324" classname="pro.saral.testCases.AChallan_Test"/>
  <testcase name="Challan_Testcases" time="1.663" classname="pro.saral.testCases.AChallan_Test"/>
  <testcase name="Challan_Testcases" time="0.594" classname="pro.saral.testCases.AChallan_Test"/>
  <testcase name="Challan_Testcases" time="1.099" classname="pro.saral.testCases.AChallan_Test"/>
  <testcase name="Challan_Testcases" time="0.766" classname="pro.saral.testCases.AChallan_Test"/>
  <testcase name="Challan_Testcases" time="0.001" classname="pro.saral.testCases.AChallan_Test"/>
  <testcase name="Challan_Testcases" time="0.802" classname="pro.saral.testCases.AChallan_Test"/>
  <testcase name="Challan_Testcases" time="0.581" classname="pro.saral.testCases.AChallan_Test"/>
  <testcase name="Challan_Testcases" time="1.05" classname="pro.saral.testCases.AChallan_Test"/>
  <testcase name="Challan_Testcases" time="0.531" classname="pro.saral.testCases.AChallan_Test"/>
</testsuite> <!-- GstSaral Test -->
