<?xml version="1.0" encoding="UTF-8"?>
<!-- Generated by org.testng.reporters.JUnitXMLReporter -->
<testsuite hostname="Darshan" name="GstSaral Test" tests="52" failures="1" timestamp="10 Jun 2022 08:13:11 GMT" time="154.714" errors="0">
  <testcase name="Challan_Testcases" time="3.469" classname="pro.saral.testCases.AEreturn_Test"/>
  <testcase name="Challan_Testcases" time="0.963" classname="pro.saral.testCases.AEreturn_Test"/>
  <testcase name="Challan_Testcases" time="2.935" classname="pro.saral.testCases.AEreturn_Test"/>
  <testcase name="Challan_Testcases" time="3.295" classname="pro.saral.testCases.AEreturn_Test"/>
  <testcase name="Challan_Testcases" time="0.391" classname="pro.saral.testCases.AEreturn_Test"/>
  <testcase name="Challan_Testcases" time="0.129" classname="pro.saral.testCases.AEreturn_Test"/>
  <testcase name="Challan_Testcases" time="2.276" classname="pro.saral.testCases.AEreturn_Test"/>
  <testcase name="Challan_Testcases" time="2.459" classname="pro.saral.testCases.AEreturn_Test"/>
  <testcase name="Challan_Testcases" time="2.274" classname="pro.saral.testCases.AEreturn_Test"/>
  <testcase name="Challan_Testcases" time="0.181" classname="pro.saral.testCases.AEreturn_Test"/>
  <testcase name="Challan_Testcases" time="0.228" classname="pro.saral.testCases.AEreturn_Test"/>
  <testcase name="Challan_Testcases" time="2.377" classname="pro.saral.testCases.AEreturn_Test"/>
  <testcase name="Challan_Testcases" time="0.205" classname="pro.saral.testCases.AEreturn_Test"/>
  <testcase name="Challan_Testcases" time="0.798" classname="pro.saral.testCases.AEreturn_Test"/>
  <testcase name="Challan_Testcases" time="0.138" classname="pro.saral.testCases.AEreturn_Test"/>
  <testcase name="Challan_Testcases" time="2.149" classname="pro.saral.testCases.AEreturn_Test"/>
  <testcase name="Challan_Testcases" time="2.343" classname="pro.saral.testCases.AEreturn_Test"/>
  <testcase name="Challan_Testcases" time="7.114" classname="pro.saral.testCases.AEreturn_Test"/>
  <testcase name="Challan_Testcases" time="0.063" classname="pro.saral.testCases.AEreturn_Test"/>
  <testcase name="Challan_Testcases" time="0.022" classname="pro.saral.testCases.AEreturn_Test"/>
  <testcase name="Challan_Testcases" time="2.323" classname="pro.saral.testCases.AEreturn_Test"/>
  <testcase name="Challan_Testcases" time="2.399" classname="pro.saral.testCases.AEreturn_Test"/>
  <testcase name="Challan_Testcases" time="2.269" classname="pro.saral.testCases.AEreturn_Test"/>
  <testcase name="Challan_Testcases" time="2.393" classname="pro.saral.testCases.AEreturn_Test"/>
  <testcase name="Challan_Testcases" time="2.364" classname="pro.saral.testCases.AEreturn_Test"/>
  <testcase name="Challan_Testcases" time="2.405" classname="pro.saral.testCases.AEreturn_Test"/>
  <testcase name="Challan_Testcases" time="2.377" classname="pro.saral.testCases.AEreturn_Test"/>
  <testcase name="Challan_Testcases" time="0.144" classname="pro.saral.testCases.AEreturn_Test"/>
  <testcase name="Challan_Testcases" time="0.044" classname="pro.saral.testCases.AEreturn_Test"/>
  <testcase name="Challan_Testcases" time="2.539" classname="pro.saral.testCases.AEreturn_Test"/>
  <testcase name="Challan_Testcases" time="2.44" classname="pro.saral.testCases.AEreturn_Test"/>
  <testcase name="Challan_Testcases" time="2.296" classname="pro.saral.testCases.AEreturn_Test"/>
  <testcase name="Challan_Testcases" time="2.313" classname="pro.saral.testCases.AEreturn_Test"/>
  <testcase name="Challan_Testcases" time="2.229" classname="pro.saral.testCases.AEreturn_Test"/>
  <testcase name="Challan_Testcases" time="2.275" classname="pro.saral.testCases.AEreturn_Test"/>
  <testcase name="Challan_Testcases" time="0.167" classname="pro.saral.testCases.AEreturn_Test"/>
  <testcase name="Challan_Testcases" time="2.247" classname="pro.saral.testCases.AEreturn_Test"/>
  <testcase name="Challan_Testcases" time="2.328" classname="pro.saral.testCases.AEreturn_Test"/>
  <testcase name="Challan_Testcases" time="2.284" classname="pro.saral.testCases.AEreturn_Test"/>
  <testcase name="Challan_Testcases" time="2.219" classname="pro.saral.testCases.AEreturn_Test"/>
  <testcase name="Challan_Testcases" time="2.338" classname="pro.saral.testCases.AEreturn_Test"/>
  <testcase name="Challan_Testcases" time="31.578" classname="pro.saral.testCases.AEreturn_Test"/>
  <testcase name="Challan_Testcases" time="2.352" classname="pro.saral.testCases.AEreturn_Test"/>
  <testcase name="Challan_Testcases" time="2.411" classname="pro.saral.testCases.AEreturn_Test"/>
  <testcase name="Challan_Testcases" time="2.176" classname="pro.saral.testCases.AEreturn_Test"/>
  <testcase name="Challan_Testcases" time="2.368" classname="pro.saral.testCases.AEreturn_Test"/>
  <testcase name="Challan_Testcases" time="3.788" classname="pro.saral.testCases.AEreturn_Test"/>
  <testcase name="Challan_Testcases" time="0.059" classname="pro.saral.testCases.AEreturn_Test"/>
  <testcase name="Challan_Testcases" time="20.081" classname="pro.saral.testCases.AEreturn_Test">
    <failure type="org.openqa.selenium.NoSuchElementException" message="no such element: Unable to locate element: {&amp;quot;method&amp;quot;:&amp;quot;xpath&amp;quot;,&amp;quot;selector&amp;quot;:&amp;quot;//span[contains(text(),&amp;quot;T-FV-2223 Invalid value provided under field &amp;apos;Resp&amp;quot;)]&amp;quot;}
  (Session info: chrome=102.0.5005.63)
For documentation on this error, please visit: https://www.seleniumhq.org/exceptions/no_such_element.html
Build info: version: &amp;apos;3.141.59&amp;apos;, revision: &amp;apos;e82be7d358&amp;apos;, time: &amp;apos;2018-11-14T08:17:03&amp;apos;
System info: host: &amp;apos;DARSHAN&amp;apos;, ip: &amp;apos;192.168.2.30&amp;apos;, os.name: &amp;apos;Windows 8.1&amp;apos;, os.arch: &amp;apos;amd64&amp;apos;, os.version: &amp;apos;6.3&amp;apos;, java.version: &amp;apos;1.8.0_221&amp;apos;
Driver info: org.openqa.selenium.chrome.ChromeDriver
Capabilities {acceptInsecureCerts: false, browserName: chrome, browserVersion: 102.0.5005.63, chrome: {chromedriverVersion: 102.0.5005.61 (0e59bcc00cc4..., userDataDir: C:\Users\Darshan\AppData\Lo...}, goog:chromeOptions: {debuggerAddress: localhost:52030}, javascriptEnabled: true, networkConnectionEnabled: false, pageLoadStrategy: normal, platform: WINDOWS, platformName: WINDOWS, proxy: Proxy(), setWindowRect: true, strictFileInteractability: false, timeouts: {implicit: 0, pageLoad: 300000, script: 30000}, unhandledPromptBehavior: dismiss and notify, webauthn:extension:credBlob: true, webauthn:extension:largeBlob: true, webauthn:virtualAuthenticators: true}
Session ID: 5bccb310ffbc3c4a558712e877515f30
*** Element info: {Using=xpath, value=//span[contains(text(),&amp;quot;T-FV-2223 Invalid value provided under field &amp;apos;Resp&amp;quot;)]}">
      <![CDATA[org.openqa.selenium.NoSuchElementException: no such element: Unable to locate element: {"method":"xpath","selector":"//span[contains(text(),"T-FV-2223 Invalid value provided under field 'Resp")]"}
  (Session info: chrome=102.0.5005.63)
For documentation on this error, please visit: https://www.seleniumhq.org/exceptions/no_such_element.html
Build info: version: '3.141.59', revision: 'e82be7d358', time: '2018-11-14T08:17:03'
System info: host: 'DARSHAN', ip: '192.168.2.30', os.name: 'Windows 8.1', os.arch: 'amd64', os.version: '6.3', java.version: '1.8.0_221'
Driver info: org.openqa.selenium.chrome.ChromeDriver
Capabilities {acceptInsecureCerts: false, browserName: chrome, browserVersion: 102.0.5005.63, chrome: {chromedriverVersion: 102.0.5005.61 (0e59bcc00cc4..., userDataDir: C:\Users\Darshan\AppData\Lo...}, goog:chromeOptions: {debuggerAddress: localhost:52030}, javascriptEnabled: true, networkConnectionEnabled: false, pageLoadStrategy: normal, platform: WINDOWS, platformName: WINDOWS, proxy: Proxy(), setWindowRect: true, strictFileInteractability: false, timeouts: {implicit: 0, pageLoad: 300000, script: 30000}, unhandledPromptBehavior: dismiss and notify, webauthn:extension:credBlob: true, webauthn:extension:largeBlob: true, webauthn:virtualAuthenticators: true}
Session ID: 5bccb310ffbc3c4a558712e877515f30
*** Element info: {Using=xpath, value=//span[contains(text(),"T-FV-2223 Invalid value provided under field 'Resp")]}
	at org.openqa.selenium.remote.http.W3CHttpResponseCodec.createException(W3CHttpResponseCodec.java:187)
	at org.openqa.selenium.remote.http.W3CHttpResponseCodec.decode(W3CHttpResponseCodec.java:122)
	at org.openqa.selenium.remote.http.W3CHttpResponseCodec.decode(W3CHttpResponseCodec.java:49)
	at org.openqa.selenium.remote.HttpCommandExecutor.execute(HttpCommandExecutor.java:158)
	at org.openqa.selenium.remote.service.DriverCommandExecutor.execute(DriverCommandExecutor.java:83)
	at org.openqa.selenium.remote.RemoteWebDriver.execute(RemoteWebDriver.java:552)
	at org.openqa.selenium.remote.RemoteWebDriver.findElement(RemoteWebDriver.java:323)
	at org.openqa.selenium.remote.RemoteWebDriver.findElementByXPath(RemoteWebDriver.java:428)
	at org.openqa.selenium.By$ByXPath.findElement(By.java:353)
	at org.openqa.selenium.remote.RemoteWebDriver.findElement(RemoteWebDriver.java:315)
	at pro.saral.pageObject.UIOperation.perform(UIOperation.java:48)
	at pro.saral.testCases.AEreturn_Test.Challan_Testcases(AEreturn_Test.java:23)
... Removed 27 stack frames]]>
    </failure>
  </testcase> <!-- Challan_Testcases -->
  <testcase name="Challan_Testcases" time="0.07" classname="pro.saral.testCases.AEreturn_Test"/>
  <testcase name="Challan_Testcases" time="0.049" classname="pro.saral.testCases.AEreturn_Test"/>
  <testcase name="Challan_Testcases" time="0.043" classname="pro.saral.testCases.AEreturn_Test"/>
</testsuite> <!-- GstSaral Test -->
