<?xml version="1.0" encoding="UTF-8"?>
<!-- Generated by org.testng.reporters.JUnitXMLReporter -->
<testsuite hostname="DESKTOP-KIK7PCN" name="GstSaral Test" tests="115" failures="0" timestamp="1 Jun 2022 12:38:10 GMT" time="130.008" errors="0">
  <testcase name="Challan_Testcases" time="2.153" classname="pro.saral.testCases.AChallan_Mapping_Test"/>
  <testcase name="Challan_Testcases" time="2.234" classname="pro.saral.testCases.AChallan_Mapping_Test"/>
  <testcase name="Challan_Testcases" time="1.083" classname="pro.saral.testCases.AChallan_Mapping_Test"/>
  <testcase name="Challan_Testcases" time="3.503" classname="pro.saral.testCases.AChallan_Mapping_Test"/>
  <testcase name="Challan_Testcases" time="0.911" classname="pro.saral.testCases.AChallan_Mapping_Test"/>
  <testcase name="Challan_Testcases" time="1.721" classname="pro.saral.testCases.AChallan_Mapping_Test"/>
  <testcase name="Challan_Testcases" time="1.861" classname="pro.saral.testCases.AChallan_Mapping_Test"/>
  <testcase name="Challan_Testcases" time="2.212" classname="pro.saral.testCases.AChallan_Mapping_Test"/>
  <testcase name="Challan_Testcases" time="0.003" classname="pro.saral.testCases.AChallan_Mapping_Test"/>
  <testcase name="Challan_Testcases" time="0.906" classname="pro.saral.testCases.AChallan_Mapping_Test"/>
  <testcase name="Challan_Testcases" time="0.594" classname="pro.saral.testCases.AChallan_Mapping_Test"/>
  <testcase name="Challan_Testcases" time="0.613" classname="pro.saral.testCases.AChallan_Mapping_Test"/>
  <testcase name="Challan_Testcases" time="0.518" classname="pro.saral.testCases.AChallan_Mapping_Test"/>
  <testcase name="Challan_Testcases" time="0.568" classname="pro.saral.testCases.AChallan_Mapping_Test"/>
  <testcase name="Challan_Testcases" time="0.516" classname="pro.saral.testCases.AChallan_Mapping_Test"/>
  <testcase name="Challan_Testcases" time="0.44" classname="pro.saral.testCases.AChallan_Mapping_Test"/>
  <testcase name="Challan_Testcases" time="0.533" classname="pro.saral.testCases.AChallan_Mapping_Test"/>
  <testcase name="Challan_Testcases" time="0.36" classname="pro.saral.testCases.AChallan_Mapping_Test"/>
  <testcase name="Challan_Testcases" time="0.545" classname="pro.saral.testCases.AChallan_Mapping_Test"/>
  <testcase name="Challan_Testcases" time="0.658" classname="pro.saral.testCases.AChallan_Mapping_Test"/>
  <testcase name="Challan_Testcases" time="0.999" classname="pro.saral.testCases.AChallan_Mapping_Test"/>
  <testcase name="Challan_Testcases" time="0.493" classname="pro.saral.testCases.AChallan_Mapping_Test"/>
  <testcase name="Challan_Testcases" time="0.987" classname="pro.saral.testCases.AChallan_Mapping_Test"/>
  <testcase name="Challan_Testcases" time="0.309" classname="pro.saral.testCases.AChallan_Mapping_Test"/>
  <testcase name="Challan_Testcases" time="1.014" classname="pro.saral.testCases.AChallan_Mapping_Test"/>
  <testcase name="Challan_Testcases" time="0.689" classname="pro.saral.testCases.AChallan_Mapping_Test"/>
  <testcase name="Challan_Testcases" time="2.01" classname="pro.saral.testCases.AChallan_Mapping_Test"/>
  <testcase name="Challan_Testcases" time="0.572" classname="pro.saral.testCases.AChallan_Mapping_Test"/>
  <testcase name="Challan_Testcases" time="0.001" classname="pro.saral.testCases.AChallan_Mapping_Test"/>
  <testcase name="Challan_Testcases" time="0.627" classname="pro.saral.testCases.AChallan_Mapping_Test"/>
  <testcase name="Challan_Testcases" time="1.194" classname="pro.saral.testCases.AChallan_Mapping_Test"/>
  <testcase name="Challan_Testcases" time="0.742" classname="pro.saral.testCases.AChallan_Mapping_Test"/>
  <testcase name="Challan_Testcases" time="0.861" classname="pro.saral.testCases.AChallan_Mapping_Test"/>
  <testcase name="Challan_Testcases" time="0.543" classname="pro.saral.testCases.AChallan_Mapping_Test"/>
  <testcase name="Challan_Testcases" time="0.825" classname="pro.saral.testCases.AChallan_Mapping_Test"/>
  <testcase name="Challan_Testcases" time="0.855" classname="pro.saral.testCases.AChallan_Mapping_Test"/>
  <testcase name="Challan_Testcases" time="0.828" classname="pro.saral.testCases.AChallan_Mapping_Test"/>
  <testcase name="Challan_Testcases" time="0.586" classname="pro.saral.testCases.AChallan_Mapping_Test"/>
  <testcase name="Challan_Testcases" time="0.527" classname="pro.saral.testCases.AChallan_Mapping_Test"/>
  <testcase name="Challan_Testcases" time="1.54" classname="pro.saral.testCases.AChallan_Mapping_Test"/>
  <testcase name="Challan_Testcases" time="1.19" classname="pro.saral.testCases.AChallan_Mapping_Test"/>
  <testcase name="Challan_Testcases" time="1.004" classname="pro.saral.testCases.AChallan_Mapping_Test"/>
  <testcase name="Challan_Testcases" time="1.391" classname="pro.saral.testCases.AChallan_Mapping_Test"/>
  <testcase name="Challan_Testcases" time="0.56" classname="pro.saral.testCases.AChallan_Mapping_Test"/>
  <testcase name="Challan_Testcases" time="1.001" classname="pro.saral.testCases.AChallan_Mapping_Test"/>
  <testcase name="Challan_Testcases" time="0.715" classname="pro.saral.testCases.AChallan_Mapping_Test"/>
  <testcase name="Challan_Testcases" time="0.703" classname="pro.saral.testCases.AChallan_Mapping_Test"/>
  <testcase name="Challan_Testcases" time="0.938" classname="pro.saral.testCases.AChallan_Mapping_Test"/>
  <testcase name="Challan_Testcases" time="0.629" classname="pro.saral.testCases.AChallan_Mapping_Test"/>
  <testcase name="Challan_Testcases" time="0.767" classname="pro.saral.testCases.AChallan_Mapping_Test"/>
  <testcase name="Challan_Testcases" time="0.655" classname="pro.saral.testCases.AChallan_Mapping_Test"/>
  <testcase name="Challan_Testcases" time="0.528" classname="pro.saral.testCases.AChallan_Mapping_Test"/>
  <testcase name="Challan_Testcases" time="0.647" classname="pro.saral.testCases.AChallan_Mapping_Test"/>
  <testcase name="Challan_Testcases" time="0.579" classname="pro.saral.testCases.AChallan_Mapping_Test"/>
  <testcase name="Challan_Testcases" time="0.652" classname="pro.saral.testCases.AChallan_Mapping_Test"/>
  <testcase name="Challan_Testcases" time="0.51" classname="pro.saral.testCases.AChallan_Mapping_Test"/>
  <testcase name="Challan_Testcases" time="0.658" classname="pro.saral.testCases.AChallan_Mapping_Test"/>
  <testcase name="Challan_Testcases" time="0.581" classname="pro.saral.testCases.AChallan_Mapping_Test"/>
  <testcase name="Challan_Testcases" time="1.048" classname="pro.saral.testCases.AChallan_Mapping_Test"/>
  <testcase name="Challan_Testcases" time="0.208" classname="pro.saral.testCases.AChallan_Mapping_Test"/>
  <testcase name="Challan_Testcases" time="0.617" classname="pro.saral.testCases.AChallan_Mapping_Test"/>
  <testcase name="Challan_Testcases" time="1.294" classname="pro.saral.testCases.AChallan_Mapping_Test"/>
  <testcase name="Challan_Testcases" time="0.001" classname="pro.saral.testCases.AChallan_Mapping_Test"/>
  <testcase name="Challan_Testcases" time="0.209" classname="pro.saral.testCases.AChallan_Mapping_Test"/>
  <testcase name="Challan_Testcases" time="0.97" classname="pro.saral.testCases.AChallan_Mapping_Test"/>
  <testcase name="Challan_Testcases" time="0.661" classname="pro.saral.testCases.AChallan_Mapping_Test"/>
  <testcase name="Challan_Testcases" time="1.514" classname="pro.saral.testCases.AChallan_Mapping_Test"/>
  <testcase name="Challan_Testcases" time="0.691" classname="pro.saral.testCases.AChallan_Mapping_Test"/>
  <testcase name="Challan_Testcases" time="0.791" classname="pro.saral.testCases.AChallan_Mapping_Test"/>
  <testcase name="Challan_Testcases" time="1.182" classname="pro.saral.testCases.AChallan_Mapping_Test"/>
  <testcase name="Challan_Testcases" time="0.586" classname="pro.saral.testCases.AChallan_Mapping_Test"/>
  <testcase name="Challan_Testcases" time="1.109" classname="pro.saral.testCases.AChallan_Mapping_Test"/>
  <testcase name="Challan_Testcases" time="0.001" classname="pro.saral.testCases.AChallan_Mapping_Test"/>
  <testcase name="Challan_Testcases" time="1.671" classname="pro.saral.testCases.AChallan_Mapping_Test"/>
  <testcase name="Challan_Testcases" time="0.954" classname="pro.saral.testCases.AChallan_Mapping_Test"/>
  <testcase name="Challan_Testcases" time="1.129" classname="pro.saral.testCases.AChallan_Mapping_Test"/>
  <testcase name="Challan_Testcases" time="0.789" classname="pro.saral.testCases.AChallan_Mapping_Test"/>
  <testcase name="Challan_Testcases" time="1.377" classname="pro.saral.testCases.AChallan_Mapping_Test"/>
  <testcase name="Challan_Testcases" time="0.653" classname="pro.saral.testCases.AChallan_Mapping_Test"/>
  <testcase name="Challan_Testcases" time="1.464" classname="pro.saral.testCases.AChallan_Mapping_Test"/>
  <testcase name="Challan_Testcases" time="0.559" classname="pro.saral.testCases.AChallan_Mapping_Test"/>
  <testcase name="Challan_Testcases" time="1.027" classname="pro.saral.testCases.AChallan_Mapping_Test"/>
  <testcase name="Challan_Testcases" time="0.743" classname="pro.saral.testCases.AChallan_Mapping_Test"/>
  <testcase name="Challan_Testcases" time="0.715" classname="pro.saral.testCases.AChallan_Mapping_Test"/>
  <testcase name="Challan_Testcases" time="0.53" classname="pro.saral.testCases.AChallan_Mapping_Test"/>
  <testcase name="Challan_Testcases" time="0.776" classname="pro.saral.testCases.AChallan_Mapping_Test"/>
  <testcase name="Challan_Testcases" time="1.071" classname="pro.saral.testCases.AChallan_Mapping_Test"/>
  <testcase name="Challan_Testcases" time="0.801" classname="pro.saral.testCases.AChallan_Mapping_Test"/>
  <testcase name="Challan_Testcases" time="0.949" classname="pro.saral.testCases.AChallan_Mapping_Test"/>
  <testcase name="Challan_Testcases" time="0.711" classname="pro.saral.testCases.AChallan_Mapping_Test"/>
  <testcase name="Challan_Testcases" time="2.625" classname="pro.saral.testCases.AChallan_Mapping_Test"/>
  <testcase name="Challan_Testcases" time="1.287" classname="pro.saral.testCases.AChallan_Mapping_Test"/>
  <testcase name="Challan_Testcases" time="1.04" classname="pro.saral.testCases.AChallan_Mapping_Test"/>
  <testcase name="Challan_Testcases" time="1.278" classname="pro.saral.testCases.AChallan_Mapping_Test"/>
  <testcase name="Challan_Testcases" time="1.144" classname="pro.saral.testCases.AChallan_Mapping_Test"/>
  <testcase name="Challan_Testcases" time="0.75" classname="pro.saral.testCases.AChallan_Mapping_Test"/>
  <testcase name="Challan_Testcases" time="0.002" classname="pro.saral.testCases.AChallan_Mapping_Test"/>
  <testcase name="Challan_Testcases" time="0.958" classname="pro.saral.testCases.AChallan_Mapping_Test"/>
  <testcase name="Challan_Testcases" time="1.136" classname="pro.saral.testCases.AChallan_Mapping_Test"/>
  <testcase name="Challan_Testcases" time="1.366" classname="pro.saral.testCases.AChallan_Mapping_Test"/>
  <testcase name="Challan_Testcases" time="1.057" classname="pro.saral.testCases.AChallan_Mapping_Test"/>
  <testcase name="Challan_Testcases" time="1.548" classname="pro.saral.testCases.AChallan_Mapping_Test"/>
  <testcase name="Challan_Testcases" time="0.61" classname="pro.saral.testCases.AChallan_Mapping_Test"/>
  <testcase name="Challan_Testcases" time="0.002" classname="pro.saral.testCases.AChallan_Mapping_Test"/>
  <testcase name="Challan_Testcases" time="1.544" classname="pro.saral.testCases.AChallan_Mapping_Test"/>
  <testcase name="Challan_Testcases" time="1.277" classname="pro.saral.testCases.AChallan_Mapping_Test"/>
  <testcase name="Challan_Testcases" time="1.21" classname="pro.saral.testCases.AChallan_Mapping_Test"/>
  <testcase name="Challan_Testcases" time="0.948" classname="pro.saral.testCases.AChallan_Mapping_Test"/>
  <testcase name="Challan_Testcases" time="1.537" classname="pro.saral.testCases.AChallan_Mapping_Test"/>
  <testcase name="Challan_Testcases" time="0.814" classname="pro.saral.testCases.AChallan_Mapping_Test"/>
  <testcase name="Challan_Testcases" time="1.573" classname="pro.saral.testCases.AChallan_Mapping_Test"/>
  <testcase name="Challan_Testcases" time="1.499" classname="pro.saral.testCases.AChallan_Mapping_Test"/>
  <testcase name="Challan_Testcases" time="0.786" classname="pro.saral.testCases.AChallan_Mapping_Test"/>
  <testcase name="Challan_Testcases" time="0.701" classname="pro.saral.testCases.AChallan_Mapping_Test"/>
  <testcase name="Challan_Testcases" time="1.259" classname="pro.saral.testCases.AChallan_Mapping_Test"/>
</testsuite> <!-- GstSaral Test -->
