<?xml version="1.0" encoding="UTF-8"?>
<!-- Generated by org.testng.reporters.JUnitXMLReporter -->
<testsuite hostname="Darshan" name="GstSaral Test" tests="68" failures="10" timestamp="28 Jun 2022 10:20:41 GMT" time="358.431" errors="0">
  <testcase name="PredictDefault_Testcases" time="3.442" classname="pro.saral.testCases.Predict_Default_27Q_Test"/>
  <testcase name="PredictDefault_Testcases" time="0.856" classname="pro.saral.testCases.Predict_Default_27Q_Test"/>
  <testcase name="PredictDefault_Testcases" time="2.606" classname="pro.saral.testCases.Predict_Default_27Q_Test"/>
  <testcase name="PredictDefault_Testcases" time="3.43" classname="pro.saral.testCases.Predict_Default_27Q_Test"/>
  <testcase name="PredictDefault_Testcases" time="0.44" classname="pro.saral.testCases.Predict_Default_27Q_Test"/>
  <testcase name="PredictDefault_Testcases" time="0.145" classname="pro.saral.testCases.Predict_Default_27Q_Test"/>
  <testcase name="PredictDefault_Testcases" time="2.284" classname="pro.saral.testCases.Predict_Default_27Q_Test"/>
  <testcase name="PredictDefault_Testcases" time="2.15" classname="pro.saral.testCases.Predict_Default_27Q_Test"/>
  <testcase name="PredictDefault_Testcases" time="2.347" classname="pro.saral.testCases.Predict_Default_27Q_Test"/>
  <testcase name="PredictDefault_Testcases" time="2.197" classname="pro.saral.testCases.Predict_Default_27Q_Test"/>
  <testcase name="PredictDefault_Testcases" time="0.259" classname="pro.saral.testCases.Predict_Default_27Q_Test"/>
  <testcase name="PredictDefault_Testcases" time="2.124" classname="pro.saral.testCases.Predict_Default_27Q_Test"/>
  <testcase name="PredictDefault_Testcases" time="35.27" classname="pro.saral.testCases.Predict_Default_27Q_Test"/>
  <testcase name="PredictDefault_Testcases" time="0.068" classname="pro.saral.testCases.Predict_Default_27Q_Test"/>
  <testcase name="PredictDefault_Testcases" time="2.183" classname="pro.saral.testCases.Predict_Default_27Q_Test"/>
  <testcase name="PredictDefault_Testcases" time="2.327" classname="pro.saral.testCases.Predict_Default_27Q_Test"/>
  <testcase name="PredictDefault_Testcases" time="20.108" classname="pro.saral.testCases.Predict_Default_27Q_Test">
    <failure type="org.openqa.selenium.NoSuchElementException" message="no such element: Unable to locate element: {&amp;quot;method&amp;quot;:&amp;quot;xpath&amp;quot;,&amp;quot;selector&amp;quot;:&amp;quot;//td[contains(text(),&amp;apos;AALPY4341D&amp;apos;)]&amp;quot;}
  (Session info: chrome=102.0.5005.115)
For documentation on this error, please visit: https://www.seleniumhq.org/exceptions/no_such_element.html
Build info: version: &amp;apos;3.141.59&amp;apos;, revision: &amp;apos;e82be7d358&amp;apos;, time: &amp;apos;2018-11-14T08:17:03&amp;apos;
System info: host: &amp;apos;DARSHAN&amp;apos;, ip: &amp;apos;192.168.2.30&amp;apos;, os.name: &amp;apos;Windows 8.1&amp;apos;, os.arch: &amp;apos;amd64&amp;apos;, os.version: &amp;apos;6.3&amp;apos;, java.version: &amp;apos;1.8.0_221&amp;apos;
Driver info: org.openqa.selenium.chrome.ChromeDriver
Capabilities {acceptInsecureCerts: false, browserName: chrome, browserVersion: 102.0.5005.115, chrome: {chromedriverVersion: 102.0.5005.61 (0e59bcc00cc4..., userDataDir: C:\Users\Darshan\AppData\Lo...}, goog:chromeOptions: {debuggerAddress: localhost:52351}, javascriptEnabled: true, networkConnectionEnabled: false, pageLoadStrategy: normal, platform: WINDOWS, platformName: WINDOWS, proxy: Proxy(), setWindowRect: true, strictFileInteractability: false, timeouts: {implicit: 0, pageLoad: 300000, script: 30000}, unhandledPromptBehavior: dismiss and notify, webauthn:extension:credBlob: true, webauthn:extension:largeBlob: true, webauthn:virtualAuthenticators: true}
Session ID: 6221703a2bd1339eec7692c7e4fe4ee5
*** Element info: {Using=xpath, value=//td[contains(text(),&amp;apos;AALPY4341D&amp;apos;)]}">
      <![CDATA[org.openqa.selenium.NoSuchElementException: no such element: Unable to locate element: {"method":"xpath","selector":"//td[contains(text(),'AALPY4341D')]"}
  (Session info: chrome=102.0.5005.115)
For documentation on this error, please visit: https://www.seleniumhq.org/exceptions/no_such_element.html
Build info: version: '3.141.59', revision: 'e82be7d358', time: '2018-11-14T08:17:03'
System info: host: 'DARSHAN', ip: '192.168.2.30', os.name: 'Windows 8.1', os.arch: 'amd64', os.version: '6.3', java.version: '1.8.0_221'
Driver info: org.openqa.selenium.chrome.ChromeDriver
Capabilities {acceptInsecureCerts: false, browserName: chrome, browserVersion: 102.0.5005.115, chrome: {chromedriverVersion: 102.0.5005.61 (0e59bcc00cc4..., userDataDir: C:\Users\Darshan\AppData\Lo...}, goog:chromeOptions: {debuggerAddress: localhost:52351}, javascriptEnabled: true, networkConnectionEnabled: false, pageLoadStrategy: normal, platform: WINDOWS, platformName: WINDOWS, proxy: Proxy(), setWindowRect: true, strictFileInteractability: false, timeouts: {implicit: 0, pageLoad: 300000, script: 30000}, unhandledPromptBehavior: dismiss and notify, webauthn:extension:credBlob: true, webauthn:extension:largeBlob: true, webauthn:virtualAuthenticators: true}
Session ID: 6221703a2bd1339eec7692c7e4fe4ee5
*** Element info: {Using=xpath, value=//td[contains(text(),'AALPY4341D')]}
	at org.openqa.selenium.remote.http.W3CHttpResponseCodec.createException(W3CHttpResponseCodec.java:187)
	at org.openqa.selenium.remote.http.W3CHttpResponseCodec.decode(W3CHttpResponseCodec.java:122)
	at org.openqa.selenium.remote.http.W3CHttpResponseCodec.decode(W3CHttpResponseCodec.java:49)
	at org.openqa.selenium.remote.HttpCommandExecutor.execute(HttpCommandExecutor.java:158)
	at org.openqa.selenium.remote.service.DriverCommandExecutor.execute(DriverCommandExecutor.java:83)
	at org.openqa.selenium.remote.RemoteWebDriver.execute(RemoteWebDriver.java:552)
	at org.openqa.selenium.remote.RemoteWebDriver.findElement(RemoteWebDriver.java:323)
	at org.openqa.selenium.remote.RemoteWebDriver.findElementByXPath(RemoteWebDriver.java:428)
	at org.openqa.selenium.By$ByXPath.findElement(By.java:353)
	at org.openqa.selenium.remote.RemoteWebDriver.findElement(RemoteWebDriver.java:315)
	at pro.saral.pageObject.UIOperation.perform(UIOperation.java:58)
	at pro.saral.testCases.Predict_Default_27Q_Test.PredictDefault_Testcases(Predict_Default_27Q_Test.java:22)
... Removed 27 stack frames]]>
    </failure>
  </testcase> <!-- PredictDefault_Testcases -->
  <testcase name="PredictDefault_Testcases" time="2.354" classname="pro.saral.testCases.Predict_Default_27Q_Test"/>
  <testcase name="PredictDefault_Testcases" time="2.217" classname="pro.saral.testCases.Predict_Default_27Q_Test"/>
  <testcase name="PredictDefault_Testcases" time="20.054" classname="pro.saral.testCases.Predict_Default_27Q_Test">
    <failure type="org.openqa.selenium.NoSuchElementException" message="no such element: Unable to locate element: {&amp;quot;method&amp;quot;:&amp;quot;xpath&amp;quot;,&amp;quot;selector&amp;quot;:&amp;quot;//td[contains(text(),&amp;apos;04643&amp;apos;)]&amp;quot;}
  (Session info: chrome=102.0.5005.115)
For documentation on this error, please visit: https://www.seleniumhq.org/exceptions/no_such_element.html
Build info: version: &amp;apos;3.141.59&amp;apos;, revision: &amp;apos;e82be7d358&amp;apos;, time: &amp;apos;2018-11-14T08:17:03&amp;apos;
System info: host: &amp;apos;DARSHAN&amp;apos;, ip: &amp;apos;192.168.2.30&amp;apos;, os.name: &amp;apos;Windows 8.1&amp;apos;, os.arch: &amp;apos;amd64&amp;apos;, os.version: &amp;apos;6.3&amp;apos;, java.version: &amp;apos;1.8.0_221&amp;apos;
Driver info: org.openqa.selenium.chrome.ChromeDriver
Capabilities {acceptInsecureCerts: false, browserName: chrome, browserVersion: 102.0.5005.115, chrome: {chromedriverVersion: 102.0.5005.61 (0e59bcc00cc4..., userDataDir: C:\Users\Darshan\AppData\Lo...}, goog:chromeOptions: {debuggerAddress: localhost:52351}, javascriptEnabled: true, networkConnectionEnabled: false, pageLoadStrategy: normal, platform: WINDOWS, platformName: WINDOWS, proxy: Proxy(), setWindowRect: true, strictFileInteractability: false, timeouts: {implicit: 0, pageLoad: 300000, script: 30000}, unhandledPromptBehavior: dismiss and notify, webauthn:extension:credBlob: true, webauthn:extension:largeBlob: true, webauthn:virtualAuthenticators: true}
Session ID: 6221703a2bd1339eec7692c7e4fe4ee5
*** Element info: {Using=xpath, value=//td[contains(text(),&amp;apos;04643&amp;apos;)]}">
      <![CDATA[org.openqa.selenium.NoSuchElementException: no such element: Unable to locate element: {"method":"xpath","selector":"//td[contains(text(),'04643')]"}
  (Session info: chrome=102.0.5005.115)
For documentation on this error, please visit: https://www.seleniumhq.org/exceptions/no_such_element.html
Build info: version: '3.141.59', revision: 'e82be7d358', time: '2018-11-14T08:17:03'
System info: host: 'DARSHAN', ip: '192.168.2.30', os.name: 'Windows 8.1', os.arch: 'amd64', os.version: '6.3', java.version: '1.8.0_221'
Driver info: org.openqa.selenium.chrome.ChromeDriver
Capabilities {acceptInsecureCerts: false, browserName: chrome, browserVersion: 102.0.5005.115, chrome: {chromedriverVersion: 102.0.5005.61 (0e59bcc00cc4..., userDataDir: C:\Users\Darshan\AppData\Lo...}, goog:chromeOptions: {debuggerAddress: localhost:52351}, javascriptEnabled: true, networkConnectionEnabled: false, pageLoadStrategy: normal, platform: WINDOWS, platformName: WINDOWS, proxy: Proxy(), setWindowRect: true, strictFileInteractability: false, timeouts: {implicit: 0, pageLoad: 300000, script: 30000}, unhandledPromptBehavior: dismiss and notify, webauthn:extension:credBlob: true, webauthn:extension:largeBlob: true, webauthn:virtualAuthenticators: true}
Session ID: 6221703a2bd1339eec7692c7e4fe4ee5
*** Element info: {Using=xpath, value=//td[contains(text(),'04643')]}
	at org.openqa.selenium.remote.http.W3CHttpResponseCodec.createException(W3CHttpResponseCodec.java:187)
	at org.openqa.selenium.remote.http.W3CHttpResponseCodec.decode(W3CHttpResponseCodec.java:122)
	at org.openqa.selenium.remote.http.W3CHttpResponseCodec.decode(W3CHttpResponseCodec.java:49)
	at org.openqa.selenium.remote.HttpCommandExecutor.execute(HttpCommandExecutor.java:158)
	at org.openqa.selenium.remote.service.DriverCommandExecutor.execute(DriverCommandExecutor.java:83)
	at org.openqa.selenium.remote.RemoteWebDriver.execute(RemoteWebDriver.java:552)
	at org.openqa.selenium.remote.RemoteWebDriver.findElement(RemoteWebDriver.java:323)
	at org.openqa.selenium.remote.RemoteWebDriver.findElementByXPath(RemoteWebDriver.java:428)
	at org.openqa.selenium.By$ByXPath.findElement(By.java:353)
	at org.openqa.selenium.remote.RemoteWebDriver.findElement(RemoteWebDriver.java:315)
	at pro.saral.pageObject.UIOperation.perform(UIOperation.java:58)
	at pro.saral.testCases.Predict_Default_27Q_Test.PredictDefault_Testcases(Predict_Default_27Q_Test.java:22)
... Removed 27 stack frames]]>
    </failure>
  </testcase> <!-- PredictDefault_Testcases -->
  <testcase name="PredictDefault_Testcases" time="2.188" classname="pro.saral.testCases.Predict_Default_27Q_Test"/>
  <testcase name="PredictDefault_Testcases" time="2.213" classname="pro.saral.testCases.Predict_Default_27Q_Test"/>
  <testcase name="PredictDefault_Testcases" time="20.05" classname="pro.saral.testCases.Predict_Default_27Q_Test">
    <failure type="org.openqa.selenium.NoSuchElementException" message="no such element: Unable to locate element: {&amp;quot;method&amp;quot;:&amp;quot;xpath&amp;quot;,&amp;quot;selector&amp;quot;:&amp;quot;//td[contains(text(),&amp;apos;AAKPY9628K&amp;apos;)]&amp;quot;}
  (Session info: chrome=102.0.5005.115)
For documentation on this error, please visit: https://www.seleniumhq.org/exceptions/no_such_element.html
Build info: version: &amp;apos;3.141.59&amp;apos;, revision: &amp;apos;e82be7d358&amp;apos;, time: &amp;apos;2018-11-14T08:17:03&amp;apos;
System info: host: &amp;apos;DARSHAN&amp;apos;, ip: &amp;apos;192.168.2.30&amp;apos;, os.name: &amp;apos;Windows 8.1&amp;apos;, os.arch: &amp;apos;amd64&amp;apos;, os.version: &amp;apos;6.3&amp;apos;, java.version: &amp;apos;1.8.0_221&amp;apos;
Driver info: org.openqa.selenium.chrome.ChromeDriver
Capabilities {acceptInsecureCerts: false, browserName: chrome, browserVersion: 102.0.5005.115, chrome: {chromedriverVersion: 102.0.5005.61 (0e59bcc00cc4..., userDataDir: C:\Users\Darshan\AppData\Lo...}, goog:chromeOptions: {debuggerAddress: localhost:52351}, javascriptEnabled: true, networkConnectionEnabled: false, pageLoadStrategy: normal, platform: WINDOWS, platformName: WINDOWS, proxy: Proxy(), setWindowRect: true, strictFileInteractability: false, timeouts: {implicit: 0, pageLoad: 300000, script: 30000}, unhandledPromptBehavior: dismiss and notify, webauthn:extension:credBlob: true, webauthn:extension:largeBlob: true, webauthn:virtualAuthenticators: true}
Session ID: 6221703a2bd1339eec7692c7e4fe4ee5
*** Element info: {Using=xpath, value=//td[contains(text(),&amp;apos;AAKPY9628K&amp;apos;)]}">
      <![CDATA[org.openqa.selenium.NoSuchElementException: no such element: Unable to locate element: {"method":"xpath","selector":"//td[contains(text(),'AAKPY9628K')]"}
  (Session info: chrome=102.0.5005.115)
For documentation on this error, please visit: https://www.seleniumhq.org/exceptions/no_such_element.html
Build info: version: '3.141.59', revision: 'e82be7d358', time: '2018-11-14T08:17:03'
System info: host: 'DARSHAN', ip: '192.168.2.30', os.name: 'Windows 8.1', os.arch: 'amd64', os.version: '6.3', java.version: '1.8.0_221'
Driver info: org.openqa.selenium.chrome.ChromeDriver
Capabilities {acceptInsecureCerts: false, browserName: chrome, browserVersion: 102.0.5005.115, chrome: {chromedriverVersion: 102.0.5005.61 (0e59bcc00cc4..., userDataDir: C:\Users\Darshan\AppData\Lo...}, goog:chromeOptions: {debuggerAddress: localhost:52351}, javascriptEnabled: true, networkConnectionEnabled: false, pageLoadStrategy: normal, platform: WINDOWS, platformName: WINDOWS, proxy: Proxy(), setWindowRect: true, strictFileInteractability: false, timeouts: {implicit: 0, pageLoad: 300000, script: 30000}, unhandledPromptBehavior: dismiss and notify, webauthn:extension:credBlob: true, webauthn:extension:largeBlob: true, webauthn:virtualAuthenticators: true}
Session ID: 6221703a2bd1339eec7692c7e4fe4ee5
*** Element info: {Using=xpath, value=//td[contains(text(),'AAKPY9628K')]}
	at org.openqa.selenium.remote.http.W3CHttpResponseCodec.createException(W3CHttpResponseCodec.java:187)
	at org.openqa.selenium.remote.http.W3CHttpResponseCodec.decode(W3CHttpResponseCodec.java:122)
	at org.openqa.selenium.remote.http.W3CHttpResponseCodec.decode(W3CHttpResponseCodec.java:49)
	at org.openqa.selenium.remote.HttpCommandExecutor.execute(HttpCommandExecutor.java:158)
	at org.openqa.selenium.remote.service.DriverCommandExecutor.execute(DriverCommandExecutor.java:83)
	at org.openqa.selenium.remote.RemoteWebDriver.execute(RemoteWebDriver.java:552)
	at org.openqa.selenium.remote.RemoteWebDriver.findElement(RemoteWebDriver.java:323)
	at org.openqa.selenium.remote.RemoteWebDriver.findElementByXPath(RemoteWebDriver.java:428)
	at org.openqa.selenium.By$ByXPath.findElement(By.java:353)
	at org.openqa.selenium.remote.RemoteWebDriver.findElement(RemoteWebDriver.java:315)
	at pro.saral.pageObject.UIOperation.perform(UIOperation.java:58)
	at pro.saral.testCases.Predict_Default_27Q_Test.PredictDefault_Testcases(Predict_Default_27Q_Test.java:22)
... Removed 27 stack frames]]>
    </failure>
  </testcase> <!-- PredictDefault_Testcases -->
  <testcase name="PredictDefault_Testcases" time="2.237" classname="pro.saral.testCases.Predict_Default_27Q_Test"/>
  <testcase name="PredictDefault_Testcases" time="2.216" classname="pro.saral.testCases.Predict_Default_27Q_Test"/>
  <testcase name="PredictDefault_Testcases" time="20.083" classname="pro.saral.testCases.Predict_Default_27Q_Test">
    <failure type="org.openqa.selenium.NoSuchElementException" message="no such element: Unable to locate element: {&amp;quot;method&amp;quot;:&amp;quot;xpath&amp;quot;,&amp;quot;selector&amp;quot;:&amp;quot;//td[contains(text(),&amp;apos;5&amp;apos;)]&amp;quot;}
  (Session info: chrome=102.0.5005.115)
For documentation on this error, please visit: https://www.seleniumhq.org/exceptions/no_such_element.html
Build info: version: &amp;apos;3.141.59&amp;apos;, revision: &amp;apos;e82be7d358&amp;apos;, time: &amp;apos;2018-11-14T08:17:03&amp;apos;
System info: host: &amp;apos;DARSHAN&amp;apos;, ip: &amp;apos;192.168.2.30&amp;apos;, os.name: &amp;apos;Windows 8.1&amp;apos;, os.arch: &amp;apos;amd64&amp;apos;, os.version: &amp;apos;6.3&amp;apos;, java.version: &amp;apos;1.8.0_221&amp;apos;
Driver info: org.openqa.selenium.chrome.ChromeDriver
Capabilities {acceptInsecureCerts: false, browserName: chrome, browserVersion: 102.0.5005.115, chrome: {chromedriverVersion: 102.0.5005.61 (0e59bcc00cc4..., userDataDir: C:\Users\Darshan\AppData\Lo...}, goog:chromeOptions: {debuggerAddress: localhost:52351}, javascriptEnabled: true, networkConnectionEnabled: false, pageLoadStrategy: normal, platform: WINDOWS, platformName: WINDOWS, proxy: Proxy(), setWindowRect: true, strictFileInteractability: false, timeouts: {implicit: 0, pageLoad: 300000, script: 30000}, unhandledPromptBehavior: dismiss and notify, webauthn:extension:credBlob: true, webauthn:extension:largeBlob: true, webauthn:virtualAuthenticators: true}
Session ID: 6221703a2bd1339eec7692c7e4fe4ee5
*** Element info: {Using=xpath, value=//td[contains(text(),&amp;apos;5&amp;apos;)]}">
      <![CDATA[org.openqa.selenium.NoSuchElementException: no such element: Unable to locate element: {"method":"xpath","selector":"//td[contains(text(),'5')]"}
  (Session info: chrome=102.0.5005.115)
For documentation on this error, please visit: https://www.seleniumhq.org/exceptions/no_such_element.html
Build info: version: '3.141.59', revision: 'e82be7d358', time: '2018-11-14T08:17:03'
System info: host: 'DARSHAN', ip: '192.168.2.30', os.name: 'Windows 8.1', os.arch: 'amd64', os.version: '6.3', java.version: '1.8.0_221'
Driver info: org.openqa.selenium.chrome.ChromeDriver
Capabilities {acceptInsecureCerts: false, browserName: chrome, browserVersion: 102.0.5005.115, chrome: {chromedriverVersion: 102.0.5005.61 (0e59bcc00cc4..., userDataDir: C:\Users\Darshan\AppData\Lo...}, goog:chromeOptions: {debuggerAddress: localhost:52351}, javascriptEnabled: true, networkConnectionEnabled: false, pageLoadStrategy: normal, platform: WINDOWS, platformName: WINDOWS, proxy: Proxy(), setWindowRect: true, strictFileInteractability: false, timeouts: {implicit: 0, pageLoad: 300000, script: 30000}, unhandledPromptBehavior: dismiss and notify, webauthn:extension:credBlob: true, webauthn:extension:largeBlob: true, webauthn:virtualAuthenticators: true}
Session ID: 6221703a2bd1339eec7692c7e4fe4ee5
*** Element info: {Using=xpath, value=//td[contains(text(),'5')]}
	at org.openqa.selenium.remote.http.W3CHttpResponseCodec.createException(W3CHttpResponseCodec.java:187)
	at org.openqa.selenium.remote.http.W3CHttpResponseCodec.decode(W3CHttpResponseCodec.java:122)
	at org.openqa.selenium.remote.http.W3CHttpResponseCodec.decode(W3CHttpResponseCodec.java:49)
	at org.openqa.selenium.remote.HttpCommandExecutor.execute(HttpCommandExecutor.java:158)
	at org.openqa.selenium.remote.service.DriverCommandExecutor.execute(DriverCommandExecutor.java:83)
	at org.openqa.selenium.remote.RemoteWebDriver.execute(RemoteWebDriver.java:552)
	at org.openqa.selenium.remote.RemoteWebDriver.findElement(RemoteWebDriver.java:323)
	at org.openqa.selenium.remote.RemoteWebDriver.findElementByXPath(RemoteWebDriver.java:428)
	at org.openqa.selenium.By$ByXPath.findElement(By.java:353)
	at org.openqa.selenium.remote.RemoteWebDriver.findElement(RemoteWebDriver.java:315)
	at pro.saral.pageObject.UIOperation.perform(UIOperation.java:58)
	at pro.saral.testCases.Predict_Default_27Q_Test.PredictDefault_Testcases(Predict_Default_27Q_Test.java:22)
... Removed 27 stack frames]]>
    </failure>
  </testcase> <!-- PredictDefault_Testcases -->
  <testcase name="PredictDefault_Testcases" time="2.266" classname="pro.saral.testCases.Predict_Default_27Q_Test"/>
  <testcase name="PredictDefault_Testcases" time="2.212" classname="pro.saral.testCases.Predict_Default_27Q_Test"/>
  <testcase name="PredictDefault_Testcases" time="20.06" classname="pro.saral.testCases.Predict_Default_27Q_Test">
    <failure type="org.openqa.selenium.NoSuchElementException" message="no such element: Unable to locate element: {&amp;quot;method&amp;quot;:&amp;quot;xpath&amp;quot;,&amp;quot;selector&amp;quot;:&amp;quot;//td[contains(text(),&amp;apos;04643&amp;apos;)]&amp;quot;}
  (Session info: chrome=102.0.5005.115)
For documentation on this error, please visit: https://www.seleniumhq.org/exceptions/no_such_element.html
Build info: version: &amp;apos;3.141.59&amp;apos;, revision: &amp;apos;e82be7d358&amp;apos;, time: &amp;apos;2018-11-14T08:17:03&amp;apos;
System info: host: &amp;apos;DARSHAN&amp;apos;, ip: &amp;apos;192.168.2.30&amp;apos;, os.name: &amp;apos;Windows 8.1&amp;apos;, os.arch: &amp;apos;amd64&amp;apos;, os.version: &amp;apos;6.3&amp;apos;, java.version: &amp;apos;1.8.0_221&amp;apos;
Driver info: org.openqa.selenium.chrome.ChromeDriver
Capabilities {acceptInsecureCerts: false, browserName: chrome, browserVersion: 102.0.5005.115, chrome: {chromedriverVersion: 102.0.5005.61 (0e59bcc00cc4..., userDataDir: C:\Users\Darshan\AppData\Lo...}, goog:chromeOptions: {debuggerAddress: localhost:52351}, javascriptEnabled: true, networkConnectionEnabled: false, pageLoadStrategy: normal, platform: WINDOWS, platformName: WINDOWS, proxy: Proxy(), setWindowRect: true, strictFileInteractability: false, timeouts: {implicit: 0, pageLoad: 300000, script: 30000}, unhandledPromptBehavior: dismiss and notify, webauthn:extension:credBlob: true, webauthn:extension:largeBlob: true, webauthn:virtualAuthenticators: true}
Session ID: 6221703a2bd1339eec7692c7e4fe4ee5
*** Element info: {Using=xpath, value=//td[contains(text(),&amp;apos;04643&amp;apos;)]}">
      <![CDATA[org.openqa.selenium.NoSuchElementException: no such element: Unable to locate element: {"method":"xpath","selector":"//td[contains(text(),'04643')]"}
  (Session info: chrome=102.0.5005.115)
For documentation on this error, please visit: https://www.seleniumhq.org/exceptions/no_such_element.html
Build info: version: '3.141.59', revision: 'e82be7d358', time: '2018-11-14T08:17:03'
System info: host: 'DARSHAN', ip: '192.168.2.30', os.name: 'Windows 8.1', os.arch: 'amd64', os.version: '6.3', java.version: '1.8.0_221'
Driver info: org.openqa.selenium.chrome.ChromeDriver
Capabilities {acceptInsecureCerts: false, browserName: chrome, browserVersion: 102.0.5005.115, chrome: {chromedriverVersion: 102.0.5005.61 (0e59bcc00cc4..., userDataDir: C:\Users\Darshan\AppData\Lo...}, goog:chromeOptions: {debuggerAddress: localhost:52351}, javascriptEnabled: true, networkConnectionEnabled: false, pageLoadStrategy: normal, platform: WINDOWS, platformName: WINDOWS, proxy: Proxy(), setWindowRect: true, strictFileInteractability: false, timeouts: {implicit: 0, pageLoad: 300000, script: 30000}, unhandledPromptBehavior: dismiss and notify, webauthn:extension:credBlob: true, webauthn:extension:largeBlob: true, webauthn:virtualAuthenticators: true}
Session ID: 6221703a2bd1339eec7692c7e4fe4ee5
*** Element info: {Using=xpath, value=//td[contains(text(),'04643')]}
	at org.openqa.selenium.remote.http.W3CHttpResponseCodec.createException(W3CHttpResponseCodec.java:187)
	at org.openqa.selenium.remote.http.W3CHttpResponseCodec.decode(W3CHttpResponseCodec.java:122)
	at org.openqa.selenium.remote.http.W3CHttpResponseCodec.decode(W3CHttpResponseCodec.java:49)
	at org.openqa.selenium.remote.HttpCommandExecutor.execute(HttpCommandExecutor.java:158)
	at org.openqa.selenium.remote.service.DriverCommandExecutor.execute(DriverCommandExecutor.java:83)
	at org.openqa.selenium.remote.RemoteWebDriver.execute(RemoteWebDriver.java:552)
	at org.openqa.selenium.remote.RemoteWebDriver.findElement(RemoteWebDriver.java:323)
	at org.openqa.selenium.remote.RemoteWebDriver.findElementByXPath(RemoteWebDriver.java:428)
	at org.openqa.selenium.By$ByXPath.findElement(By.java:353)
	at org.openqa.selenium.remote.RemoteWebDriver.findElement(RemoteWebDriver.java:315)
	at pro.saral.pageObject.UIOperation.perform(UIOperation.java:58)
	at pro.saral.testCases.Predict_Default_27Q_Test.PredictDefault_Testcases(Predict_Default_27Q_Test.java:22)
... Removed 27 stack frames]]>
    </failure>
  </testcase> <!-- PredictDefault_Testcases -->
  <testcase name="PredictDefault_Testcases" time="2.272" classname="pro.saral.testCases.Predict_Default_27Q_Test"/>
  <testcase name="PredictDefault_Testcases" time="0.072" classname="pro.saral.testCases.Predict_Default_27Q_Test"/>
  <testcase name="PredictDefault_Testcases" time="2.174" classname="pro.saral.testCases.Predict_Default_27Q_Test"/>
  <testcase name="PredictDefault_Testcases" time="0.088" classname="pro.saral.testCases.Predict_Default_27Q_Test"/>
  <testcase name="PredictDefault_Testcases" time="2.191" classname="pro.saral.testCases.Predict_Default_27Q_Test"/>
  <testcase name="PredictDefault_Testcases" time="2.192" classname="pro.saral.testCases.Predict_Default_27Q_Test"/>
  <testcase name="PredictDefault_Testcases" time="20.087" classname="pro.saral.testCases.Predict_Default_27Q_Test">
    <failure type="org.openqa.selenium.NoSuchElementException" message="no such element: Unable to locate element: {&amp;quot;method&amp;quot;:&amp;quot;xpath&amp;quot;,&amp;quot;selector&amp;quot;:&amp;quot;//div[contains(text(),&amp;apos;SANJEEV YADAV&amp;apos;)]&amp;quot;}
  (Session info: chrome=102.0.5005.115)
For documentation on this error, please visit: https://www.seleniumhq.org/exceptions/no_such_element.html
Build info: version: &amp;apos;3.141.59&amp;apos;, revision: &amp;apos;e82be7d358&amp;apos;, time: &amp;apos;2018-11-14T08:17:03&amp;apos;
System info: host: &amp;apos;DARSHAN&amp;apos;, ip: &amp;apos;192.168.2.30&amp;apos;, os.name: &amp;apos;Windows 8.1&amp;apos;, os.arch: &amp;apos;amd64&amp;apos;, os.version: &amp;apos;6.3&amp;apos;, java.version: &amp;apos;1.8.0_221&amp;apos;
Driver info: org.openqa.selenium.chrome.ChromeDriver
Capabilities {acceptInsecureCerts: false, browserName: chrome, browserVersion: 102.0.5005.115, chrome: {chromedriverVersion: 102.0.5005.61 (0e59bcc00cc4..., userDataDir: C:\Users\Darshan\AppData\Lo...}, goog:chromeOptions: {debuggerAddress: localhost:52351}, javascriptEnabled: true, networkConnectionEnabled: false, pageLoadStrategy: normal, platform: WINDOWS, platformName: WINDOWS, proxy: Proxy(), setWindowRect: true, strictFileInteractability: false, timeouts: {implicit: 0, pageLoad: 300000, script: 30000}, unhandledPromptBehavior: dismiss and notify, webauthn:extension:credBlob: true, webauthn:extension:largeBlob: true, webauthn:virtualAuthenticators: true}
Session ID: 6221703a2bd1339eec7692c7e4fe4ee5
*** Element info: {Using=xpath, value=//div[contains(text(),&amp;apos;SANJEEV YADAV&amp;apos;)]}">
      <![CDATA[org.openqa.selenium.NoSuchElementException: no such element: Unable to locate element: {"method":"xpath","selector":"//div[contains(text(),'SANJEEV YADAV')]"}
  (Session info: chrome=102.0.5005.115)
For documentation on this error, please visit: https://www.seleniumhq.org/exceptions/no_such_element.html
Build info: version: '3.141.59', revision: 'e82be7d358', time: '2018-11-14T08:17:03'
System info: host: 'DARSHAN', ip: '192.168.2.30', os.name: 'Windows 8.1', os.arch: 'amd64', os.version: '6.3', java.version: '1.8.0_221'
Driver info: org.openqa.selenium.chrome.ChromeDriver
Capabilities {acceptInsecureCerts: false, browserName: chrome, browserVersion: 102.0.5005.115, chrome: {chromedriverVersion: 102.0.5005.61 (0e59bcc00cc4..., userDataDir: C:\Users\Darshan\AppData\Lo...}, goog:chromeOptions: {debuggerAddress: localhost:52351}, javascriptEnabled: true, networkConnectionEnabled: false, pageLoadStrategy: normal, platform: WINDOWS, platformName: WINDOWS, proxy: Proxy(), setWindowRect: true, strictFileInteractability: false, timeouts: {implicit: 0, pageLoad: 300000, script: 30000}, unhandledPromptBehavior: dismiss and notify, webauthn:extension:credBlob: true, webauthn:extension:largeBlob: true, webauthn:virtualAuthenticators: true}
Session ID: 6221703a2bd1339eec7692c7e4fe4ee5
*** Element info: {Using=xpath, value=//div[contains(text(),'SANJEEV YADAV')]}
	at org.openqa.selenium.remote.http.W3CHttpResponseCodec.createException(W3CHttpResponseCodec.java:187)
	at org.openqa.selenium.remote.http.W3CHttpResponseCodec.decode(W3CHttpResponseCodec.java:122)
	at org.openqa.selenium.remote.http.W3CHttpResponseCodec.decode(W3CHttpResponseCodec.java:49)
	at org.openqa.selenium.remote.HttpCommandExecutor.execute(HttpCommandExecutor.java:158)
	at org.openqa.selenium.remote.service.DriverCommandExecutor.execute(DriverCommandExecutor.java:83)
	at org.openqa.selenium.remote.RemoteWebDriver.execute(RemoteWebDriver.java:552)
	at org.openqa.selenium.remote.RemoteWebDriver.findElement(RemoteWebDriver.java:323)
	at org.openqa.selenium.remote.RemoteWebDriver.findElementByXPath(RemoteWebDriver.java:428)
	at org.openqa.selenium.By$ByXPath.findElement(By.java:353)
	at org.openqa.selenium.remote.RemoteWebDriver.findElement(RemoteWebDriver.java:315)
	at pro.saral.pageObject.UIOperation.perform(UIOperation.java:58)
	at pro.saral.testCases.Predict_Default_27Q_Test.PredictDefault_Testcases(Predict_Default_27Q_Test.java:22)
... Removed 27 stack frames]]>
    </failure>
  </testcase> <!-- PredictDefault_Testcases -->
  <testcase name="PredictDefault_Testcases" time="2.227" classname="pro.saral.testCases.Predict_Default_27Q_Test"/>
  <testcase name="PredictDefault_Testcases" time="2.271" classname="pro.saral.testCases.Predict_Default_27Q_Test"/>
  <testcase name="PredictDefault_Testcases" time="20.074" classname="pro.saral.testCases.Predict_Default_27Q_Test">
    <failure type="org.openqa.selenium.NoSuchElementException" message="no such element: Unable to locate element: {&amp;quot;method&amp;quot;:&amp;quot;xpath&amp;quot;,&amp;quot;selector&amp;quot;:&amp;quot;(//td[contains(text(),&amp;apos;AAKPY9628K&amp;apos;)])&amp;quot;}
  (Session info: chrome=102.0.5005.115)
For documentation on this error, please visit: https://www.seleniumhq.org/exceptions/no_such_element.html
Build info: version: &amp;apos;3.141.59&amp;apos;, revision: &amp;apos;e82be7d358&amp;apos;, time: &amp;apos;2018-11-14T08:17:03&amp;apos;
System info: host: &amp;apos;DARSHAN&amp;apos;, ip: &amp;apos;192.168.2.30&amp;apos;, os.name: &amp;apos;Windows 8.1&amp;apos;, os.arch: &amp;apos;amd64&amp;apos;, os.version: &amp;apos;6.3&amp;apos;, java.version: &amp;apos;1.8.0_221&amp;apos;
Driver info: org.openqa.selenium.chrome.ChromeDriver
Capabilities {acceptInsecureCerts: false, browserName: chrome, browserVersion: 102.0.5005.115, chrome: {chromedriverVersion: 102.0.5005.61 (0e59bcc00cc4..., userDataDir: C:\Users\Darshan\AppData\Lo...}, goog:chromeOptions: {debuggerAddress: localhost:52351}, javascriptEnabled: true, networkConnectionEnabled: false, pageLoadStrategy: normal, platform: WINDOWS, platformName: WINDOWS, proxy: Proxy(), setWindowRect: true, strictFileInteractability: false, timeouts: {implicit: 0, pageLoad: 300000, script: 30000}, unhandledPromptBehavior: dismiss and notify, webauthn:extension:credBlob: true, webauthn:extension:largeBlob: true, webauthn:virtualAuthenticators: true}
Session ID: 6221703a2bd1339eec7692c7e4fe4ee5
*** Element info: {Using=xpath, value=(//td[contains(text(),&amp;apos;AAKPY9628K&amp;apos;)])}">
      <![CDATA[org.openqa.selenium.NoSuchElementException: no such element: Unable to locate element: {"method":"xpath","selector":"(//td[contains(text(),'AAKPY9628K')])"}
  (Session info: chrome=102.0.5005.115)
For documentation on this error, please visit: https://www.seleniumhq.org/exceptions/no_such_element.html
Build info: version: '3.141.59', revision: 'e82be7d358', time: '2018-11-14T08:17:03'
System info: host: 'DARSHAN', ip: '192.168.2.30', os.name: 'Windows 8.1', os.arch: 'amd64', os.version: '6.3', java.version: '1.8.0_221'
Driver info: org.openqa.selenium.chrome.ChromeDriver
Capabilities {acceptInsecureCerts: false, browserName: chrome, browserVersion: 102.0.5005.115, chrome: {chromedriverVersion: 102.0.5005.61 (0e59bcc00cc4..., userDataDir: C:\Users\Darshan\AppData\Lo...}, goog:chromeOptions: {debuggerAddress: localhost:52351}, javascriptEnabled: true, networkConnectionEnabled: false, pageLoadStrategy: normal, platform: WINDOWS, platformName: WINDOWS, proxy: Proxy(), setWindowRect: true, strictFileInteractability: false, timeouts: {implicit: 0, pageLoad: 300000, script: 30000}, unhandledPromptBehavior: dismiss and notify, webauthn:extension:credBlob: true, webauthn:extension:largeBlob: true, webauthn:virtualAuthenticators: true}
Session ID: 6221703a2bd1339eec7692c7e4fe4ee5
*** Element info: {Using=xpath, value=(//td[contains(text(),'AAKPY9628K')])}
	at org.openqa.selenium.remote.http.W3CHttpResponseCodec.createException(W3CHttpResponseCodec.java:187)
	at org.openqa.selenium.remote.http.W3CHttpResponseCodec.decode(W3CHttpResponseCodec.java:122)
	at org.openqa.selenium.remote.http.W3CHttpResponseCodec.decode(W3CHttpResponseCodec.java:49)
	at org.openqa.selenium.remote.HttpCommandExecutor.execute(HttpCommandExecutor.java:158)
	at org.openqa.selenium.remote.service.DriverCommandExecutor.execute(DriverCommandExecutor.java:83)
	at org.openqa.selenium.remote.RemoteWebDriver.execute(RemoteWebDriver.java:552)
	at org.openqa.selenium.remote.RemoteWebDriver.findElement(RemoteWebDriver.java:323)
	at org.openqa.selenium.remote.RemoteWebDriver.findElementByXPath(RemoteWebDriver.java:428)
	at org.openqa.selenium.By$ByXPath.findElement(By.java:353)
	at org.openqa.selenium.remote.RemoteWebDriver.findElement(RemoteWebDriver.java:315)
	at pro.saral.pageObject.UIOperation.perform(UIOperation.java:58)
	at pro.saral.testCases.Predict_Default_27Q_Test.PredictDefault_Testcases(Predict_Default_27Q_Test.java:22)
... Removed 27 stack frames]]>
    </failure>
  </testcase> <!-- PredictDefault_Testcases -->
  <testcase name="PredictDefault_Testcases" time="2.172" classname="pro.saral.testCases.Predict_Default_27Q_Test"/>
  <testcase name="PredictDefault_Testcases" time="2.237" classname="pro.saral.testCases.Predict_Default_27Q_Test"/>
  <testcase name="PredictDefault_Testcases" time="20.061" classname="pro.saral.testCases.Predict_Default_27Q_Test">
    <failure type="org.openqa.selenium.NoSuchElementException" message="no such element: Unable to locate element: {&amp;quot;method&amp;quot;:&amp;quot;xpath&amp;quot;,&amp;quot;selector&amp;quot;:&amp;quot;//td[contains(text(),&amp;apos;4354353543&amp;apos;)]&amp;quot;}
  (Session info: chrome=102.0.5005.115)
For documentation on this error, please visit: https://www.seleniumhq.org/exceptions/no_such_element.html
Build info: version: &amp;apos;3.141.59&amp;apos;, revision: &amp;apos;e82be7d358&amp;apos;, time: &amp;apos;2018-11-14T08:17:03&amp;apos;
System info: host: &amp;apos;DARSHAN&amp;apos;, ip: &amp;apos;192.168.2.30&amp;apos;, os.name: &amp;apos;Windows 8.1&amp;apos;, os.arch: &amp;apos;amd64&amp;apos;, os.version: &amp;apos;6.3&amp;apos;, java.version: &amp;apos;1.8.0_221&amp;apos;
Driver info: org.openqa.selenium.chrome.ChromeDriver
Capabilities {acceptInsecureCerts: false, browserName: chrome, browserVersion: 102.0.5005.115, chrome: {chromedriverVersion: 102.0.5005.61 (0e59bcc00cc4..., userDataDir: C:\Users\Darshan\AppData\Lo...}, goog:chromeOptions: {debuggerAddress: localhost:52351}, javascriptEnabled: true, networkConnectionEnabled: false, pageLoadStrategy: normal, platform: WINDOWS, platformName: WINDOWS, proxy: Proxy(), setWindowRect: true, strictFileInteractability: false, timeouts: {implicit: 0, pageLoad: 300000, script: 30000}, unhandledPromptBehavior: dismiss and notify, webauthn:extension:credBlob: true, webauthn:extension:largeBlob: true, webauthn:virtualAuthenticators: true}
Session ID: 6221703a2bd1339eec7692c7e4fe4ee5
*** Element info: {Using=xpath, value=//td[contains(text(),&amp;apos;4354353543&amp;apos;)]}">
      <![CDATA[org.openqa.selenium.NoSuchElementException: no such element: Unable to locate element: {"method":"xpath","selector":"//td[contains(text(),'4354353543')]"}
  (Session info: chrome=102.0.5005.115)
For documentation on this error, please visit: https://www.seleniumhq.org/exceptions/no_such_element.html
Build info: version: '3.141.59', revision: 'e82be7d358', time: '2018-11-14T08:17:03'
System info: host: 'DARSHAN', ip: '192.168.2.30', os.name: 'Windows 8.1', os.arch: 'amd64', os.version: '6.3', java.version: '1.8.0_221'
Driver info: org.openqa.selenium.chrome.ChromeDriver
Capabilities {acceptInsecureCerts: false, browserName: chrome, browserVersion: 102.0.5005.115, chrome: {chromedriverVersion: 102.0.5005.61 (0e59bcc00cc4..., userDataDir: C:\Users\Darshan\AppData\Lo...}, goog:chromeOptions: {debuggerAddress: localhost:52351}, javascriptEnabled: true, networkConnectionEnabled: false, pageLoadStrategy: normal, platform: WINDOWS, platformName: WINDOWS, proxy: Proxy(), setWindowRect: true, strictFileInteractability: false, timeouts: {implicit: 0, pageLoad: 300000, script: 30000}, unhandledPromptBehavior: dismiss and notify, webauthn:extension:credBlob: true, webauthn:extension:largeBlob: true, webauthn:virtualAuthenticators: true}
Session ID: 6221703a2bd1339eec7692c7e4fe4ee5
*** Element info: {Using=xpath, value=//td[contains(text(),'4354353543')]}
	at org.openqa.selenium.remote.http.W3CHttpResponseCodec.createException(W3CHttpResponseCodec.java:187)
	at org.openqa.selenium.remote.http.W3CHttpResponseCodec.decode(W3CHttpResponseCodec.java:122)
	at org.openqa.selenium.remote.http.W3CHttpResponseCodec.decode(W3CHttpResponseCodec.java:49)
	at org.openqa.selenium.remote.HttpCommandExecutor.execute(HttpCommandExecutor.java:158)
	at org.openqa.selenium.remote.service.DriverCommandExecutor.execute(DriverCommandExecutor.java:83)
	at org.openqa.selenium.remote.RemoteWebDriver.execute(RemoteWebDriver.java:552)
	at org.openqa.selenium.remote.RemoteWebDriver.findElement(RemoteWebDriver.java:323)
	at org.openqa.selenium.remote.RemoteWebDriver.findElementByXPath(RemoteWebDriver.java:428)
	at org.openqa.selenium.By$ByXPath.findElement(By.java:353)
	at org.openqa.selenium.remote.RemoteWebDriver.findElement(RemoteWebDriver.java:315)
	at pro.saral.pageObject.UIOperation.perform(UIOperation.java:58)
	at pro.saral.testCases.Predict_Default_27Q_Test.PredictDefault_Testcases(Predict_Default_27Q_Test.java:22)
... Removed 27 stack frames]]>
    </failure>
  </testcase> <!-- PredictDefault_Testcases -->
  <testcase name="PredictDefault_Testcases" time="2.228" classname="pro.saral.testCases.Predict_Default_27Q_Test"/>
  <testcase name="PredictDefault_Testcases" time="20.049" classname="pro.saral.testCases.Predict_Default_27Q_Test">
    <failure type="org.openqa.selenium.NoSuchElementException" message="no such element: Unable to locate element: {&amp;quot;method&amp;quot;:&amp;quot;xpath&amp;quot;,&amp;quot;selector&amp;quot;:&amp;quot;//span[contains(text(),&amp;apos;Mapped: Rs.3325&amp;apos;)]&amp;quot;}
  (Session info: chrome=102.0.5005.115)
For documentation on this error, please visit: https://www.seleniumhq.org/exceptions/no_such_element.html
Build info: version: &amp;apos;3.141.59&amp;apos;, revision: &amp;apos;e82be7d358&amp;apos;, time: &amp;apos;2018-11-14T08:17:03&amp;apos;
System info: host: &amp;apos;DARSHAN&amp;apos;, ip: &amp;apos;192.168.2.30&amp;apos;, os.name: &amp;apos;Windows 8.1&amp;apos;, os.arch: &amp;apos;amd64&amp;apos;, os.version: &amp;apos;6.3&amp;apos;, java.version: &amp;apos;1.8.0_221&amp;apos;
Driver info: org.openqa.selenium.chrome.ChromeDriver
Capabilities {acceptInsecureCerts: false, browserName: chrome, browserVersion: 102.0.5005.115, chrome: {chromedriverVersion: 102.0.5005.61 (0e59bcc00cc4..., userDataDir: C:\Users\Darshan\AppData\Lo...}, goog:chromeOptions: {debuggerAddress: localhost:52351}, javascriptEnabled: true, networkConnectionEnabled: false, pageLoadStrategy: normal, platform: WINDOWS, platformName: WINDOWS, proxy: Proxy(), setWindowRect: true, strictFileInteractability: false, timeouts: {implicit: 0, pageLoad: 300000, script: 30000}, unhandledPromptBehavior: dismiss and notify, webauthn:extension:credBlob: true, webauthn:extension:largeBlob: true, webauthn:virtualAuthenticators: true}
Session ID: 6221703a2bd1339eec7692c7e4fe4ee5
*** Element info: {Using=xpath, value=//span[contains(text(),&amp;apos;Mapped: Rs.3325&amp;apos;)]}">
      <![CDATA[org.openqa.selenium.NoSuchElementException: no such element: Unable to locate element: {"method":"xpath","selector":"//span[contains(text(),'Mapped: Rs.3325')]"}
  (Session info: chrome=102.0.5005.115)
For documentation on this error, please visit: https://www.seleniumhq.org/exceptions/no_such_element.html
Build info: version: '3.141.59', revision: 'e82be7d358', time: '2018-11-14T08:17:03'
System info: host: 'DARSHAN', ip: '192.168.2.30', os.name: 'Windows 8.1', os.arch: 'amd64', os.version: '6.3', java.version: '1.8.0_221'
Driver info: org.openqa.selenium.chrome.ChromeDriver
Capabilities {acceptInsecureCerts: false, browserName: chrome, browserVersion: 102.0.5005.115, chrome: {chromedriverVersion: 102.0.5005.61 (0e59bcc00cc4..., userDataDir: C:\Users\Darshan\AppData\Lo...}, goog:chromeOptions: {debuggerAddress: localhost:52351}, javascriptEnabled: true, networkConnectionEnabled: false, pageLoadStrategy: normal, platform: WINDOWS, platformName: WINDOWS, proxy: Proxy(), setWindowRect: true, strictFileInteractability: false, timeouts: {implicit: 0, pageLoad: 300000, script: 30000}, unhandledPromptBehavior: dismiss and notify, webauthn:extension:credBlob: true, webauthn:extension:largeBlob: true, webauthn:virtualAuthenticators: true}
Session ID: 6221703a2bd1339eec7692c7e4fe4ee5
*** Element info: {Using=xpath, value=//span[contains(text(),'Mapped: Rs.3325')]}
	at org.openqa.selenium.remote.http.W3CHttpResponseCodec.createException(W3CHttpResponseCodec.java:187)
	at org.openqa.selenium.remote.http.W3CHttpResponseCodec.decode(W3CHttpResponseCodec.java:122)
	at org.openqa.selenium.remote.http.W3CHttpResponseCodec.decode(W3CHttpResponseCodec.java:49)
	at org.openqa.selenium.remote.HttpCommandExecutor.execute(HttpCommandExecutor.java:158)
	at org.openqa.selenium.remote.service.DriverCommandExecutor.execute(DriverCommandExecutor.java:83)
	at org.openqa.selenium.remote.RemoteWebDriver.execute(RemoteWebDriver.java:552)
	at org.openqa.selenium.remote.RemoteWebDriver.findElement(RemoteWebDriver.java:323)
	at org.openqa.selenium.remote.RemoteWebDriver.findElementByXPath(RemoteWebDriver.java:428)
	at org.openqa.selenium.By$ByXPath.findElement(By.java:353)
	at org.openqa.selenium.remote.RemoteWebDriver.findElement(RemoteWebDriver.java:315)
	at pro.saral.pageObject.UIOperation.perform(UIOperation.java:58)
	at pro.saral.testCases.Predict_Default_27Q_Test.PredictDefault_Testcases(Predict_Default_27Q_Test.java:22)
... Removed 27 stack frames]]>
    </failure>
  </testcase> <!-- PredictDefault_Testcases -->
  <testcase name="PredictDefault_Testcases" time="20.059" classname="pro.saral.testCases.Predict_Default_27Q_Test">
    <failure type="org.openqa.selenium.NoSuchElementException" message="no such element: Unable to locate element: {&amp;quot;method&amp;quot;:&amp;quot;xpath&amp;quot;,&amp;quot;selector&amp;quot;:&amp;quot;//span[contains(text(),&amp;apos;Un-Mapped: Rs.1125&amp;apos;)]&amp;quot;}
  (Session info: chrome=102.0.5005.115)
For documentation on this error, please visit: https://www.seleniumhq.org/exceptions/no_such_element.html
Build info: version: &amp;apos;3.141.59&amp;apos;, revision: &amp;apos;e82be7d358&amp;apos;, time: &amp;apos;2018-11-14T08:17:03&amp;apos;
System info: host: &amp;apos;DARSHAN&amp;apos;, ip: &amp;apos;192.168.2.30&amp;apos;, os.name: &amp;apos;Windows 8.1&amp;apos;, os.arch: &amp;apos;amd64&amp;apos;, os.version: &amp;apos;6.3&amp;apos;, java.version: &amp;apos;1.8.0_221&amp;apos;
Driver info: org.openqa.selenium.chrome.ChromeDriver
Capabilities {acceptInsecureCerts: false, browserName: chrome, browserVersion: 102.0.5005.115, chrome: {chromedriverVersion: 102.0.5005.61 (0e59bcc00cc4..., userDataDir: C:\Users\Darshan\AppData\Lo...}, goog:chromeOptions: {debuggerAddress: localhost:52351}, javascriptEnabled: true, networkConnectionEnabled: false, pageLoadStrategy: normal, platform: WINDOWS, platformName: WINDOWS, proxy: Proxy(), setWindowRect: true, strictFileInteractability: false, timeouts: {implicit: 0, pageLoad: 300000, script: 30000}, unhandledPromptBehavior: dismiss and notify, webauthn:extension:credBlob: true, webauthn:extension:largeBlob: true, webauthn:virtualAuthenticators: true}
Session ID: 6221703a2bd1339eec7692c7e4fe4ee5
*** Element info: {Using=xpath, value=//span[contains(text(),&amp;apos;Un-Mapped: Rs.1125&amp;apos;)]}">
      <![CDATA[org.openqa.selenium.NoSuchElementException: no such element: Unable to locate element: {"method":"xpath","selector":"//span[contains(text(),'Un-Mapped: Rs.1125')]"}
  (Session info: chrome=102.0.5005.115)
For documentation on this error, please visit: https://www.seleniumhq.org/exceptions/no_such_element.html
Build info: version: '3.141.59', revision: 'e82be7d358', time: '2018-11-14T08:17:03'
System info: host: 'DARSHAN', ip: '192.168.2.30', os.name: 'Windows 8.1', os.arch: 'amd64', os.version: '6.3', java.version: '1.8.0_221'
Driver info: org.openqa.selenium.chrome.ChromeDriver
Capabilities {acceptInsecureCerts: false, browserName: chrome, browserVersion: 102.0.5005.115, chrome: {chromedriverVersion: 102.0.5005.61 (0e59bcc00cc4..., userDataDir: C:\Users\Darshan\AppData\Lo...}, goog:chromeOptions: {debuggerAddress: localhost:52351}, javascriptEnabled: true, networkConnectionEnabled: false, pageLoadStrategy: normal, platform: WINDOWS, platformName: WINDOWS, proxy: Proxy(), setWindowRect: true, strictFileInteractability: false, timeouts: {implicit: 0, pageLoad: 300000, script: 30000}, unhandledPromptBehavior: dismiss and notify, webauthn:extension:credBlob: true, webauthn:extension:largeBlob: true, webauthn:virtualAuthenticators: true}
Session ID: 6221703a2bd1339eec7692c7e4fe4ee5
*** Element info: {Using=xpath, value=//span[contains(text(),'Un-Mapped: Rs.1125')]}
	at org.openqa.selenium.remote.http.W3CHttpResponseCodec.createException(W3CHttpResponseCodec.java:187)
	at org.openqa.selenium.remote.http.W3CHttpResponseCodec.decode(W3CHttpResponseCodec.java:122)
	at org.openqa.selenium.remote.http.W3CHttpResponseCodec.decode(W3CHttpResponseCodec.java:49)
	at org.openqa.selenium.remote.HttpCommandExecutor.execute(HttpCommandExecutor.java:158)
	at org.openqa.selenium.remote.service.DriverCommandExecutor.execute(DriverCommandExecutor.java:83)
	at org.openqa.selenium.remote.RemoteWebDriver.execute(RemoteWebDriver.java:552)
	at org.openqa.selenium.remote.RemoteWebDriver.findElement(RemoteWebDriver.java:323)
	at org.openqa.selenium.remote.RemoteWebDriver.findElementByXPath(RemoteWebDriver.java:428)
	at org.openqa.selenium.By$ByXPath.findElement(By.java:353)
	at org.openqa.selenium.remote.RemoteWebDriver.findElement(RemoteWebDriver.java:315)
	at pro.saral.pageObject.UIOperation.perform(UIOperation.java:58)
	at pro.saral.testCases.Predict_Default_27Q_Test.PredictDefault_Testcases(Predict_Default_27Q_Test.java:22)
... Removed 27 stack frames]]>
    </failure>
  </testcase> <!-- PredictDefault_Testcases -->
  <testcase name="PredictDefault_Testcases" time="0.059" classname="pro.saral.testCases.Predict_Default_27Q_Test"/>
  <testcase name="PredictDefault_Testcases" time="2.331" classname="pro.saral.testCases.Predict_Default_27Q_Test"/>
  <testcase name="PredictDefault_Testcases" time="2.832" classname="pro.saral.testCases.Predict_Default_27Q_Test"/>
  <testcase name="PredictDefault_Testcases" time="2.23" classname="pro.saral.testCases.Predict_Default_27Q_Test"/>
  <testcase name="PredictDefault_Testcases" time="0.018" classname="pro.saral.testCases.Predict_Default_27Q_Test"/>
  <testcase name="PredictDefault_Testcases" time="2.562" classname="pro.saral.testCases.Predict_Default_27Q_Test"/>
  <testcase name="PredictDefault_Testcases" time="2.499" classname="pro.saral.testCases.Predict_Default_27Q_Test"/>
  <testcase name="PredictDefault_Testcases" time="2.479" classname="pro.saral.testCases.Predict_Default_27Q_Test"/>
  <testcase name="PredictDefault_Testcases" time="0.165" classname="pro.saral.testCases.Predict_Default_27Q_Test"/>
  <testcase name="PredictDefault_Testcases" time="0.017" classname="pro.saral.testCases.Predict_Default_27Q_Test"/>
  <testcase name="PredictDefault_Testcases" time="2.476" classname="pro.saral.testCases.Predict_Default_27Q_Test"/>
  <testcase name="PredictDefault_Testcases" time="2.356" classname="pro.saral.testCases.Predict_Default_27Q_Test"/>
  <testcase name="PredictDefault_Testcases" time="2.327" classname="pro.saral.testCases.Predict_Default_27Q_Test"/>
  <testcase name="PredictDefault_Testcases" time="2.293" classname="pro.saral.testCases.Predict_Default_27Q_Test"/>
  <testcase name="PredictDefault_Testcases" time="0.148" classname="pro.saral.testCases.Predict_Default_27Q_Test"/>
  <testcase name="PredictDefault_Testcases" time="0.018" classname="pro.saral.testCases.Predict_Default_27Q_Test"/>
  <testcase name="PredictDefault_Testcases" time="0.1" classname="pro.saral.testCases.Predict_Default_27Q_Test"/>
  <testcase name="PredictDefault_Testcases" time="2.273" classname="pro.saral.testCases.Predict_Default_27Q_Test"/>
  <testcase name="PredictDefault_Testcases" time="2.257" classname="pro.saral.testCases.Predict_Default_27Q_Test"/>
  <testcase name="PredictDefault_Testcases" time="2.371" classname="pro.saral.testCases.Predict_Default_27Q_Test"/>
  <testcase name="PredictDefault_Testcases" time="2.251" classname="pro.saral.testCases.Predict_Default_27Q_Test"/>
  <testcase name="PredictDefault_Testcases" time="2.254" classname="pro.saral.testCases.Predict_Default_27Q_Test"/>
  <testcase name="PredictDefault_Testcases" time="0.125" classname="pro.saral.testCases.Predict_Default_27Q_Test"/>
</testsuite> <!-- GstSaral Test -->
