<?xml version="1.0" encoding="UTF-8"?>
<!-- Generated by org.testng.reporters.JUnitXMLReporter -->
<testsuite hostname="Darshan" name="GstSaral Test" tests="8" failures="0" timestamp="14 Jun 2022 05:12:34 GMT" time="444.888" errors="0">
  <testcase name="Download_Template_And_Verify" time="8.768" classname="pro.saral.testCases.Aimport_Test"/>
  <testcase name="Check_Tan_Validation" time="6.827" classname="pro.saral.testCases.Aimport_Test"/>
  <testcase name="Click_On_Upload_File_without_Selecting_Excel_File_and_verify_validation" time="18.669" classname="pro.saral.testCases.Aimport_Test"/>
  <testcase name="Upload_Valid_Excel_And_Check_Sucess_Status" time="36.981" classname="pro.saral.testCases.Aimport_Test"/>
  <testcase name="Upload_Invalid_Excel_And_Check_Errors" time="36.307" classname="pro.saral.testCases.Aimport_Test"/>
  <testcase name="Upload_Valid_Conso_And_Check_Sucess_Status" time="57.656" classname="pro.saral.testCases.Aimport_Test"/>
  <testcase name="Upload_Valid_Text_And_Check_Sucess_Status" time="35.723" classname="pro.saral.testCases.Aimport_Test"/>
  <testcase name="Upload_Valid_Mster_Excel_And_Check_Sucess_Status" time="40.897" classname="pro.saral.testCases.Aimport_Test"/>
</testsuite> <!-- GstSaral Test -->
