<?xml version="1.0" encoding="UTF-8"?>
<testng-results skipped="0" failed="0" total="203" passed="203">
  <reporter-output>
  </reporter-output>
  <suite name="GstSaralPro" duration-ms="457284" started-at="2022-06-03T05:03:11Z" finished-at="2022-06-03T05:10:48Z">
    <groups>
    </groups>
    <test name="GstSaral Test" duration-ms="457284" started-at="2022-06-03T05:03:11Z" finished-at="2022-06-03T05:10:48Z">
      <class name="pro.saral.testCases.Deductee_Test">
        <test-method status="PASS" signature="setup(java.lang.String)[pri:0, instance:pro.saral.testCases.Deductee_Test@30c7da1e]" name="setup" is-config="true" duration-ms="17869" started-at="2022-06-03T10:37:43Z" finished-at="2022-06-03T10:38:01Z">
          <params>
            <param index="0">
              <value>
                <![CDATA[chrome]]>
              </value>
            </param>
          </params>
          <reporter-output>
          </reporter-output>
        </test-method> <!-- setup -->
        <test-method status="PASS" signature="Deductee_Testcases(java.lang.String, java.lang.String, java.lang.String, java.lang.String, java.lang.String)[pri:0, instance:pro.saral.testCases.Deductee_Test@30c7da1e]" name="Deductee_Testcases" duration-ms="4257" started-at="2022-06-03T10:38:02Z" data-provider="hybridData" finished-at="2022-06-03T10:38:06Z">
          <params>
            <param index="0">
              <value>
                <![CDATA[Deductee Navigation Steps]]>
              </value>
            </param>
            <param index="1">
              <value>
                <![CDATA[REFRESH]]>
              </value>
            </param>
            <param index="2">
              <value>
                <![CDATA[]]>
              </value>
            </param>
            <param index="3">
              <value>
                <![CDATA[]]>
              </value>
            </param>
            <param index="4">
              <value>
                <![CDATA[]]>
              </value>
            </param>
          </params>
          <reporter-output>
          </reporter-output>
        </test-method> <!-- Deductee_Testcases -->
        <test-method status="PASS" signature="Deductee_Testcases(java.lang.String, java.lang.String, java.lang.String, java.lang.String, java.lang.String)[pri:0, instance:pro.saral.testCases.Deductee_Test@30c7da1e]" name="Deductee_Testcases" duration-ms="1750" started-at="2022-06-03T10:38:06Z" data-provider="hybridData" finished-at="2022-06-03T10:38:08Z">
          <params>
            <param index="0">
              <value>
                <![CDATA[3.0]]>
              </value>
            </param>
            <param index="1">
              <value>
                <![CDATA[SETTEXT]]>
              </value>
            </param>
            <param index="2">
              <value>
                <![CDATA[search]]>
              </value>
            </param>
            <param index="3">
              <value>
                <![CDATA[Xpath]]>
              </value>
            </param>
            <param index="4">
              <value>
                <![CDATA[TDS]]>
              </value>
            </param>
          </params>
          <reporter-output>
          </reporter-output>
        </test-method> <!-- Deductee_Testcases -->
        <test-method status="PASS" signature="Deductee_Testcases(java.lang.String, java.lang.String, java.lang.String, java.lang.String, java.lang.String)[pri:0, instance:pro.saral.testCases.Deductee_Test@30c7da1e]" name="Deductee_Testcases" duration-ms="574" started-at="2022-06-03T10:38:08Z" data-provider="hybridData" finished-at="2022-06-03T10:38:08Z">
          <params>
            <param index="0">
              <value>
                <![CDATA[4.0]]>
              </value>
            </param>
            <param index="1">
              <value>
                <![CDATA[CLICK]]>
              </value>
            </param>
            <param index="2">
              <value>
                <![CDATA[entity]]>
              </value>
            </param>
            <param index="3">
              <value>
                <![CDATA[ID]]>
              </value>
            </param>
            <param index="4">
              <value>
                <![CDATA[]]>
              </value>
            </param>
          </params>
          <reporter-output>
          </reporter-output>
        </test-method> <!-- Deductee_Testcases -->
        <test-method status="PASS" signature="Deductee_Testcases(java.lang.String, java.lang.String, java.lang.String, java.lang.String, java.lang.String)[pri:0, instance:pro.saral.testCases.Deductee_Test@30c7da1e]" name="Deductee_Testcases" duration-ms="3129" started-at="2022-06-03T10:38:08Z" data-provider="hybridData" finished-at="2022-06-03T10:38:11Z">
          <params>
            <param index="0">
              <value>
                <![CDATA[5.0]]>
              </value>
            </param>
            <param index="1">
              <value>
                <![CDATA[CLICK]]>
              </value>
            </param>
            <param index="2">
              <value>
                <![CDATA[client]]>
              </value>
            </param>
            <param index="3">
              <value>
                <![CDATA[XPATH]]>
              </value>
            </param>
            <param index="4">
              <value>
                <![CDATA[]]>
              </value>
            </param>
          </params>
          <reporter-output>
          </reporter-output>
        </test-method> <!-- Deductee_Testcases -->
        <test-method status="PASS" signature="Deductee_Testcases(java.lang.String, java.lang.String, java.lang.String, java.lang.String, java.lang.String)[pri:0, instance:pro.saral.testCases.Deductee_Test@30c7da1e]" name="Deductee_Testcases" duration-ms="3100" started-at="2022-06-03T10:38:11Z" data-provider="hybridData" finished-at="2022-06-03T10:38:14Z">
          <params>
            <param index="0">
              <value>
                <![CDATA[Check Mandatory Fields]]>
              </value>
            </param>
            <param index="1">
              <value>
                <![CDATA[REFRESH]]>
              </value>
            </param>
            <param index="2">
              <value>
                <![CDATA[]]>
              </value>
            </param>
            <param index="3">
              <value>
                <![CDATA[]]>
              </value>
            </param>
            <param index="4">
              <value>
                <![CDATA[]]>
              </value>
            </param>
          </params>
          <reporter-output>
          </reporter-output>
        </test-method> <!-- Deductee_Testcases -->
        <test-method status="PASS" signature="Deductee_Testcases(java.lang.String, java.lang.String, java.lang.String, java.lang.String, java.lang.String)[pri:0, instance:pro.saral.testCases.Deductee_Test@30c7da1e]" name="Deductee_Testcases" duration-ms="635" started-at="2022-06-03T10:38:14Z" data-provider="hybridData" finished-at="2022-06-03T10:38:15Z">
          <params>
            <param index="0">
              <value>
                <![CDATA[7.0]]>
              </value>
            </param>
            <param index="1">
              <value>
                <![CDATA[CLICK]]>
              </value>
            </param>
            <param index="2">
              <value>
                <![CDATA[deducteetab]]>
              </value>
            </param>
            <param index="3">
              <value>
                <![CDATA[ID]]>
              </value>
            </param>
            <param index="4">
              <value>
                <![CDATA[]]>
              </value>
            </param>
          </params>
          <reporter-output>
          </reporter-output>
        </test-method> <!-- Deductee_Testcases -->
        <test-method status="PASS" signature="Deductee_Testcases(java.lang.String, java.lang.String, java.lang.String, java.lang.String, java.lang.String)[pri:0, instance:pro.saral.testCases.Deductee_Test@30c7da1e]" name="Deductee_Testcases" duration-ms="1387" started-at="2022-06-03T10:38:15Z" data-provider="hybridData" finished-at="2022-06-03T10:38:16Z">
          <params>
            <param index="0">
              <value>
                <![CDATA[8.0]]>
              </value>
            </param>
            <param index="1">
              <value>
                <![CDATA[CLICK]]>
              </value>
            </param>
            <param index="2">
              <value>
                <![CDATA[deducteeadd]]>
              </value>
            </param>
            <param index="3">
              <value>
                <![CDATA[ID]]>
              </value>
            </param>
            <param index="4">
              <value>
                <![CDATA[]]>
              </value>
            </param>
          </params>
          <reporter-output>
          </reporter-output>
        </test-method> <!-- Deductee_Testcases -->
        <test-method status="PASS" signature="Deductee_Testcases(java.lang.String, java.lang.String, java.lang.String, java.lang.String, java.lang.String)[pri:0, instance:pro.saral.testCases.Deductee_Test@30c7da1e]" name="Deductee_Testcases" duration-ms="1170" started-at="2022-06-03T10:38:16Z" data-provider="hybridData" finished-at="2022-06-03T10:38:18Z">
          <params>
            <param index="0">
              <value>
                <![CDATA[9.0]]>
              </value>
            </param>
            <param index="1">
              <value>
                <![CDATA[CLICK]]>
              </value>
            </param>
            <param index="2">
              <value>
                <![CDATA[deductesave]]>
              </value>
            </param>
            <param index="3">
              <value>
                <![CDATA[ID]]>
              </value>
            </param>
            <param index="4">
              <value>
                <![CDATA[]]>
              </value>
            </param>
          </params>
          <reporter-output>
          </reporter-output>
        </test-method> <!-- Deductee_Testcases -->
        <test-method status="PASS" signature="Deductee_Testcases(java.lang.String, java.lang.String, java.lang.String, java.lang.String, java.lang.String)[pri:0, instance:pro.saral.testCases.Deductee_Test@30c7da1e]" name="Deductee_Testcases" duration-ms="204" started-at="2022-06-03T10:38:18Z" data-provider="hybridData" finished-at="2022-06-03T10:38:18Z">
          <params>
            <param index="0">
              <value>
                <![CDATA[10.0]]>
              </value>
            </param>
            <param index="1">
              <value>
                <![CDATA[VERIFYNOTIFICATION]]>
              </value>
            </param>
            <param index="2">
              <value>
                <![CDATA[nameerrormessage]]>
              </value>
            </param>
            <param index="3">
              <value>
                <![CDATA[XPATH]]>
              </value>
            </param>
            <param index="4">
              <value>
                <![CDATA[]]>
              </value>
            </param>
          </params>
          <reporter-output>
          </reporter-output>
        </test-method> <!-- Deductee_Testcases -->
        <test-method status="PASS" signature="Deductee_Testcases(java.lang.String, java.lang.String, java.lang.String, java.lang.String, java.lang.String)[pri:0, instance:pro.saral.testCases.Deductee_Test@30c7da1e]" name="Deductee_Testcases" duration-ms="195" started-at="2022-06-03T10:38:18Z" data-provider="hybridData" finished-at="2022-06-03T10:38:18Z">
          <params>
            <param index="0">
              <value>
                <![CDATA[11.0]]>
              </value>
            </param>
            <param index="1">
              <value>
                <![CDATA[VERIFYNOTIFICATION]]>
              </value>
            </param>
            <param index="2">
              <value>
                <![CDATA[panerrormessage]]>
              </value>
            </param>
            <param index="3">
              <value>
                <![CDATA[XPATH]]>
              </value>
            </param>
            <param index="4">
              <value>
                <![CDATA[]]>
              </value>
            </param>
          </params>
          <reporter-output>
          </reporter-output>
        </test-method> <!-- Deductee_Testcases -->
        <test-method status="PASS" signature="Deductee_Testcases(java.lang.String, java.lang.String, java.lang.String, java.lang.String, java.lang.String)[pri:0, instance:pro.saral.testCases.Deductee_Test@30c7da1e]" name="Deductee_Testcases" duration-ms="320" started-at="2022-06-03T10:38:18Z" data-provider="hybridData" finished-at="2022-06-03T10:38:18Z">
          <params>
            <param index="0">
              <value>
                <![CDATA[12.0]]>
              </value>
            </param>
            <param index="1">
              <value>
                <![CDATA[VERIFYNOTIFICATION]]>
              </value>
            </param>
            <param index="2">
              <value>
                <![CDATA[codeerrormessage]]>
              </value>
            </param>
            <param index="3">
              <value>
                <![CDATA[XPATH]]>
              </value>
            </param>
            <param index="4">
              <value>
                <![CDATA[]]>
              </value>
            </param>
          </params>
          <reporter-output>
          </reporter-output>
        </test-method> <!-- Deductee_Testcases -->
        <test-method status="PASS" signature="Deductee_Testcases(java.lang.String, java.lang.String, java.lang.String, java.lang.String, java.lang.String)[pri:0, instance:pro.saral.testCases.Deductee_Test@30c7da1e]" name="Deductee_Testcases" duration-ms="2" started-at="2022-06-03T10:38:18Z" data-provider="hybridData" finished-at="2022-06-03T10:38:18Z">
          <params>
            <param index="0">
              <value>
                <![CDATA[Verify Invalid Detail error Messages]]>
              </value>
            </param>
            <param index="1">
              <value>
                <![CDATA[]]>
              </value>
            </param>
            <param index="2">
              <value>
                <![CDATA[]]>
              </value>
            </param>
            <param index="3">
              <value>
                <![CDATA[]]>
              </value>
            </param>
            <param index="4">
              <value>
                <![CDATA[]]>
              </value>
            </param>
          </params>
          <reporter-output>
          </reporter-output>
        </test-method> <!-- Deductee_Testcases -->
        <test-method status="PASS" signature="Deductee_Testcases(java.lang.String, java.lang.String, java.lang.String, java.lang.String, java.lang.String)[pri:0, instance:pro.saral.testCases.Deductee_Test@30c7da1e]" name="Deductee_Testcases" duration-ms="803" started-at="2022-06-03T10:38:18Z" data-provider="hybridData" finished-at="2022-06-03T10:38:19Z">
          <params>
            <param index="0">
              <value>
                <![CDATA[14.0]]>
              </value>
            </param>
            <param index="1">
              <value>
                <![CDATA[SETTEXT]]>
              </value>
            </param>
            <param index="2">
              <value>
                <![CDATA[deducteepan]]>
              </value>
            </param>
            <param index="3">
              <value>
                <![CDATA[XPATH]]>
              </value>
            </param>
            <param index="4">
              <value>
                <![CDATA[NMHUS88888]]>
              </value>
            </param>
          </params>
          <reporter-output>
          </reporter-output>
        </test-method> <!-- Deductee_Testcases -->
        <test-method status="PASS" signature="Deductee_Testcases(java.lang.String, java.lang.String, java.lang.String, java.lang.String, java.lang.String)[pri:0, instance:pro.saral.testCases.Deductee_Test@30c7da1e]" name="Deductee_Testcases" duration-ms="184" started-at="2022-06-03T10:38:19Z" data-provider="hybridData" finished-at="2022-06-03T10:38:19Z">
          <params>
            <param index="0">
              <value>
                <![CDATA[15.0]]>
              </value>
            </param>
            <param index="1">
              <value>
                <![CDATA[VERIFYNOTIFICATION]]>
              </value>
            </param>
            <param index="2">
              <value>
                <![CDATA[invaliddeducteepanverify]]>
              </value>
            </param>
            <param index="3">
              <value>
                <![CDATA[XPATH]]>
              </value>
            </param>
            <param index="4">
              <value>
                <![CDATA[]]>
              </value>
            </param>
          </params>
          <reporter-output>
          </reporter-output>
        </test-method> <!-- Deductee_Testcases -->
        <test-method status="PASS" signature="Deductee_Testcases(java.lang.String, java.lang.String, java.lang.String, java.lang.String, java.lang.String)[pri:0, instance:pro.saral.testCases.Deductee_Test@30c7da1e]" name="Deductee_Testcases" duration-ms="722" started-at="2022-06-03T10:38:19Z" data-provider="hybridData" finished-at="2022-06-03T10:38:20Z">
          <params>
            <param index="0">
              <value>
                <![CDATA[16.0]]>
              </value>
            </param>
            <param index="1">
              <value>
                <![CDATA[SETTEXT]]>
              </value>
            </param>
            <param index="2">
              <value>
                <![CDATA[deducteerefnum]]>
              </value>
            </param>
            <param index="3">
              <value>
                <![CDATA[ID]]>
              </value>
            </param>
            <param index="4">
              <value>
                <![CDATA[1231231.0]]>
              </value>
            </param>
          </params>
          <reporter-output>
          </reporter-output>
        </test-method> <!-- Deductee_Testcases -->
        <test-method status="PASS" signature="Deductee_Testcases(java.lang.String, java.lang.String, java.lang.String, java.lang.String, java.lang.String)[pri:0, instance:pro.saral.testCases.Deductee_Test@30c7da1e]" name="Deductee_Testcases" duration-ms="480" started-at="2022-06-03T10:38:20Z" data-provider="hybridData" finished-at="2022-06-03T10:38:20Z">
          <params>
            <param index="0">
              <value>
                <![CDATA[17.0]]>
              </value>
            </param>
            <param index="1">
              <value>
                <![CDATA[CLICK]]>
              </value>
            </param>
            <param index="2">
              <value>
                <![CDATA[invalidrefnumverify]]>
              </value>
            </param>
            <param index="3">
              <value>
                <![CDATA[XPATH]]>
              </value>
            </param>
            <param index="4">
              <value>
                <![CDATA[]]>
              </value>
            </param>
          </params>
          <reporter-output>
          </reporter-output>
        </test-method> <!-- Deductee_Testcases -->
        <test-method status="PASS" signature="Deductee_Testcases(java.lang.String, java.lang.String, java.lang.String, java.lang.String, java.lang.String)[pri:0, instance:pro.saral.testCases.Deductee_Test@30c7da1e]" name="Deductee_Testcases" duration-ms="247" started-at="2022-06-03T10:38:20Z" data-provider="hybridData" finished-at="2022-06-03T10:38:21Z">
          <params>
            <param index="0">
              <value>
                <![CDATA[18.0]]>
              </value>
            </param>
            <param index="1">
              <value>
                <![CDATA[VERIFYNOTIFICATION]]>
              </value>
            </param>
            <param index="2">
              <value>
                <![CDATA[deducteerefnumerror]]>
              </value>
            </param>
            <param index="3">
              <value>
                <![CDATA[XPATH]]>
              </value>
            </param>
            <param index="4">
              <value>
                <![CDATA[]]>
              </value>
            </param>
          </params>
          <reporter-output>
          </reporter-output>
        </test-method> <!-- Deductee_Testcases -->
        <test-method status="PASS" signature="Deductee_Testcases(java.lang.String, java.lang.String, java.lang.String, java.lang.String, java.lang.String)[pri:0, instance:pro.saral.testCases.Deductee_Test@30c7da1e]" name="Deductee_Testcases" duration-ms="634" started-at="2022-06-03T10:38:21Z" data-provider="hybridData" finished-at="2022-06-03T10:38:21Z">
          <params>
            <param index="0">
              <value>
                <![CDATA[19.0]]>
              </value>
            </param>
            <param index="1">
              <value>
                <![CDATA[SETTEXT]]>
              </value>
            </param>
            <param index="2">
              <value>
                <![CDATA[deducteeemailid]]>
              </value>
            </param>
            <param index="3">
              <value>
                <![CDATA[ID]]>
              </value>
            </param>
            <param index="4">
              <value>
                <![CDATA[abc.abv]]>
              </value>
            </param>
          </params>
          <reporter-output>
          </reporter-output>
        </test-method> <!-- Deductee_Testcases -->
        <test-method status="PASS" signature="Deductee_Testcases(java.lang.String, java.lang.String, java.lang.String, java.lang.String, java.lang.String)[pri:0, instance:pro.saral.testCases.Deductee_Test@30c7da1e]" name="Deductee_Testcases" duration-ms="448" started-at="2022-06-03T10:38:21Z" data-provider="hybridData" finished-at="2022-06-03T10:38:22Z">
          <params>
            <param index="0">
              <value>
                <![CDATA[20.0]]>
              </value>
            </param>
            <param index="1">
              <value>
                <![CDATA[CLICK]]>
              </value>
            </param>
            <param index="2">
              <value>
                <![CDATA[invalidemailerror]]>
              </value>
            </param>
            <param index="3">
              <value>
                <![CDATA[XPATH]]>
              </value>
            </param>
            <param index="4">
              <value>
                <![CDATA[]]>
              </value>
            </param>
          </params>
          <reporter-output>
          </reporter-output>
        </test-method> <!-- Deductee_Testcases -->
        <test-method status="PASS" signature="Deductee_Testcases(java.lang.String, java.lang.String, java.lang.String, java.lang.String, java.lang.String)[pri:0, instance:pro.saral.testCases.Deductee_Test@30c7da1e]" name="Deductee_Testcases" duration-ms="178" started-at="2022-06-03T10:38:22Z" data-provider="hybridData" finished-at="2022-06-03T10:38:22Z">
          <params>
            <param index="0">
              <value>
                <![CDATA[21.0]]>
              </value>
            </param>
            <param index="1">
              <value>
                <![CDATA[VERIFYNOTIFICATION]]>
              </value>
            </param>
            <param index="2">
              <value>
                <![CDATA[invalidemailerrorverify]]>
              </value>
            </param>
            <param index="3">
              <value>
                <![CDATA[XPATH]]>
              </value>
            </param>
            <param index="4">
              <value>
                <![CDATA[]]>
              </value>
            </param>
          </params>
          <reporter-output>
          </reporter-output>
        </test-method> <!-- Deductee_Testcases -->
        <test-method status="PASS" signature="Deductee_Testcases(java.lang.String, java.lang.String, java.lang.String, java.lang.String, java.lang.String)[pri:0, instance:pro.saral.testCases.Deductee_Test@30c7da1e]" name="Deductee_Testcases" duration-ms="556" started-at="2022-06-03T10:38:22Z" data-provider="hybridData" finished-at="2022-06-03T10:38:23Z">
          <params>
            <param index="0">
              <value>
                <![CDATA[22.0]]>
              </value>
            </param>
            <param index="1">
              <value>
                <![CDATA[CLICK]]>
              </value>
            </param>
            <param index="2">
              <value>
                <![CDATA[deducteeclose]]>
              </value>
            </param>
            <param index="3">
              <value>
                <![CDATA[XPATH]]>
              </value>
            </param>
            <param index="4">
              <value>
                <![CDATA[]]>
              </value>
            </param>
          </params>
          <reporter-output>
          </reporter-output>
        </test-method> <!-- Deductee_Testcases -->
        <test-method status="PASS" signature="Deductee_Testcases(java.lang.String, java.lang.String, java.lang.String, java.lang.String, java.lang.String)[pri:0, instance:pro.saral.testCases.Deductee_Test@30c7da1e]" name="Deductee_Testcases" duration-ms="896" started-at="2022-06-03T10:38:23Z" data-provider="hybridData" finished-at="2022-06-03T10:38:23Z">
          <params>
            <param index="0">
              <value>
                <![CDATA[23.0]]>
              </value>
            </param>
            <param index="1">
              <value>
                <![CDATA[CLICK]]>
              </value>
            </param>
            <param index="2">
              <value>
                <![CDATA[deducteeadd]]>
              </value>
            </param>
            <param index="3">
              <value>
                <![CDATA[ID]]>
              </value>
            </param>
            <param index="4">
              <value>
                <![CDATA[]]>
              </value>
            </param>
          </params>
          <reporter-output>
          </reporter-output>
        </test-method> <!-- Deductee_Testcases -->
        <test-method status="PASS" signature="Deductee_Testcases(java.lang.String, java.lang.String, java.lang.String, java.lang.String, java.lang.String)[pri:0, instance:pro.saral.testCases.Deductee_Test@30c7da1e]" name="Deductee_Testcases" duration-ms="2" started-at="2022-06-03T10:38:23Z" data-provider="hybridData" finished-at="2022-06-03T10:38:23Z">
          <params>
            <param index="0">
              <value>
                <![CDATA[Enter All Fields And Save]]>
              </value>
            </param>
            <param index="1">
              <value>
                <![CDATA[]]>
              </value>
            </param>
            <param index="2">
              <value>
                <![CDATA[]]>
              </value>
            </param>
            <param index="3">
              <value>
                <![CDATA[]]>
              </value>
            </param>
            <param index="4">
              <value>
                <![CDATA[]]>
              </value>
            </param>
          </params>
          <reporter-output>
          </reporter-output>
        </test-method> <!-- Deductee_Testcases -->
        <test-method status="PASS" signature="Deductee_Testcases(java.lang.String, java.lang.String, java.lang.String, java.lang.String, java.lang.String)[pri:0, instance:pro.saral.testCases.Deductee_Test@30c7da1e]" name="Deductee_Testcases" duration-ms="1095" started-at="2022-06-03T10:38:23Z" data-provider="hybridData" finished-at="2022-06-03T10:38:25Z">
          <params>
            <param index="0">
              <value>
                <![CDATA[25.0]]>
              </value>
            </param>
            <param index="1">
              <value>
                <![CDATA[SETTEXT]]>
              </value>
            </param>
            <param index="2">
              <value>
                <![CDATA[deducteename]]>
              </value>
            </param>
            <param index="3">
              <value>
                <![CDATA[ID]]>
              </value>
            </param>
            <param index="4">
              <value>
                <![CDATA[Darshan]]>
              </value>
            </param>
          </params>
          <reporter-output>
          </reporter-output>
        </test-method> <!-- Deductee_Testcases -->
        <test-method status="PASS" signature="Deductee_Testcases(java.lang.String, java.lang.String, java.lang.String, java.lang.String, java.lang.String)[pri:0, instance:pro.saral.testCases.Deductee_Test@30c7da1e]" name="Deductee_Testcases" duration-ms="666" started-at="2022-06-03T10:38:25Z" data-provider="hybridData" finished-at="2022-06-03T10:38:25Z">
          <params>
            <param index="0">
              <value>
                <![CDATA[26.0]]>
              </value>
            </param>
            <param index="1">
              <value>
                <![CDATA[SETTEXT]]>
              </value>
            </param>
            <param index="2">
              <value>
                <![CDATA[deducteerefnum]]>
              </value>
            </param>
            <param index="3">
              <value>
                <![CDATA[ID]]>
              </value>
            </param>
            <param index="4">
              <value>
                <![CDATA[Relyon1234]]>
              </value>
            </param>
          </params>
          <reporter-output>
          </reporter-output>
        </test-method> <!-- Deductee_Testcases -->
        <test-method status="PASS" signature="Deductee_Testcases(java.lang.String, java.lang.String, java.lang.String, java.lang.String, java.lang.String)[pri:0, instance:pro.saral.testCases.Deductee_Test@30c7da1e]" name="Deductee_Testcases" duration-ms="652" started-at="2022-06-03T10:38:25Z" data-provider="hybridData" finished-at="2022-06-03T10:38:26Z">
          <params>
            <param index="0">
              <value>
                <![CDATA[27.0]]>
              </value>
            </param>
            <param index="1">
              <value>
                <![CDATA[SETTEXT]]>
              </value>
            </param>
            <param index="2">
              <value>
                <![CDATA[deducteepan]]>
              </value>
            </param>
            <param index="3">
              <value>
                <![CDATA[XPATH]]>
              </value>
            </param>
            <param index="4">
              <value>
                <![CDATA[NYUPF6764N]]>
              </value>
            </param>
          </params>
          <reporter-output>
          </reporter-output>
        </test-method> <!-- Deductee_Testcases -->
        <test-method status="PASS" signature="Deductee_Testcases(java.lang.String, java.lang.String, java.lang.String, java.lang.String, java.lang.String)[pri:0, instance:pro.saral.testCases.Deductee_Test@30c7da1e]" name="Deductee_Testcases" duration-ms="299" started-at="2022-06-03T10:38:26Z" data-provider="hybridData" finished-at="2022-06-03T10:38:26Z">
          <params>
            <param index="0">
              <value>
                <![CDATA[28.0]]>
              </value>
            </param>
            <param index="1">
              <value>
                <![CDATA[SELECTDROPDOWN]]>
              </value>
            </param>
            <param index="2">
              <value>
                <![CDATA[deducteecode]]>
              </value>
            </param>
            <param index="3">
              <value>
                <![CDATA[ID]]>
              </value>
            </param>
            <param index="4">
              <value>
                <![CDATA[Other Than Companies]]>
              </value>
            </param>
          </params>
          <reporter-output>
          </reporter-output>
        </test-method> <!-- Deductee_Testcases -->
        <test-method status="PASS" signature="Deductee_Testcases(java.lang.String, java.lang.String, java.lang.String, java.lang.String, java.lang.String)[pri:0, instance:pro.saral.testCases.Deductee_Test@30c7da1e]" name="Deductee_Testcases" duration-ms="395" started-at="2022-06-03T10:38:26Z" data-provider="hybridData" finished-at="2022-06-03T10:38:27Z">
          <params>
            <param index="0">
              <value>
                <![CDATA[29.0]]>
              </value>
            </param>
            <param index="1">
              <value>
                <![CDATA[SELECTDROPDOWN]]>
              </value>
            </param>
            <param index="2">
              <value>
                <![CDATA[deducteecode]]>
              </value>
            </param>
            <param index="3">
              <value>
                <![CDATA[ID]]>
              </value>
            </param>
            <param index="4">
              <value>
                <![CDATA[Companies]]>
              </value>
            </param>
          </params>
          <reporter-output>
          </reporter-output>
        </test-method> <!-- Deductee_Testcases -->
        <test-method status="PASS" signature="Deductee_Testcases(java.lang.String, java.lang.String, java.lang.String, java.lang.String, java.lang.String)[pri:0, instance:pro.saral.testCases.Deductee_Test@30c7da1e]" name="Deductee_Testcases" duration-ms="966" started-at="2022-06-03T10:38:27Z" data-provider="hybridData" finished-at="2022-06-03T10:38:28Z">
          <params>
            <param index="0">
              <value>
                <![CDATA[30.0]]>
              </value>
            </param>
            <param index="1">
              <value>
                <![CDATA[CLICK]]>
              </value>
            </param>
            <param index="2">
              <value>
                <![CDATA[confirmdeducteecode]]>
              </value>
            </param>
            <param index="3">
              <value>
                <![CDATA[ID]]>
              </value>
            </param>
            <param index="4">
              <value>
                <![CDATA[]]>
              </value>
            </param>
          </params>
          <reporter-output>
          </reporter-output>
        </test-method> <!-- Deductee_Testcases -->
        <test-method status="PASS" signature="Deductee_Testcases(java.lang.String, java.lang.String, java.lang.String, java.lang.String, java.lang.String)[pri:0, instance:pro.saral.testCases.Deductee_Test@30c7da1e]" name="Deductee_Testcases" duration-ms="886" started-at="2022-06-03T10:38:28Z" data-provider="hybridData" finished-at="2022-06-03T10:38:28Z">
          <params>
            <param index="0">
              <value>
                <![CDATA[31.0]]>
              </value>
            </param>
            <param index="1">
              <value>
                <![CDATA[SETTEXT]]>
              </value>
            </param>
            <param index="2">
              <value>
                <![CDATA[deducteeaddress]]>
              </value>
            </param>
            <param index="3">
              <value>
                <![CDATA[ID]]>
              </value>
            </param>
            <param index="4">
              <value>
                <![CDATA[Rajaji nagar]]>
              </value>
            </param>
          </params>
          <reporter-output>
          </reporter-output>
        </test-method> <!-- Deductee_Testcases -->
        <test-method status="PASS" signature="Deductee_Testcases(java.lang.String, java.lang.String, java.lang.String, java.lang.String, java.lang.String)[pri:0, instance:pro.saral.testCases.Deductee_Test@30c7da1e]" name="Deductee_Testcases" duration-ms="576" started-at="2022-06-03T10:38:28Z" data-provider="hybridData" finished-at="2022-06-03T10:38:29Z">
          <params>
            <param index="0">
              <value>
                <![CDATA[32.0]]>
              </value>
            </param>
            <param index="1">
              <value>
                <![CDATA[SELECTDROPDOWN]]>
              </value>
            </param>
            <param index="2">
              <value>
                <![CDATA[deducteestate]]>
              </value>
            </param>
            <param index="3">
              <value>
                <![CDATA[ID]]>
              </value>
            </param>
            <param index="4">
              <value>
                <![CDATA[KARNATAKA]]>
              </value>
            </param>
          </params>
          <reporter-output>
          </reporter-output>
        </test-method> <!-- Deductee_Testcases -->
        <test-method status="PASS" signature="Deductee_Testcases(java.lang.String, java.lang.String, java.lang.String, java.lang.String, java.lang.String)[pri:0, instance:pro.saral.testCases.Deductee_Test@30c7da1e]" name="Deductee_Testcases" duration-ms="603" started-at="2022-06-03T10:38:29Z" data-provider="hybridData" finished-at="2022-06-03T10:38:30Z">
          <params>
            <param index="0">
              <value>
                <![CDATA[33.0]]>
              </value>
            </param>
            <param index="1">
              <value>
                <![CDATA[SETTEXT]]>
              </value>
            </param>
            <param index="2">
              <value>
                <![CDATA[deducteeemailid]]>
              </value>
            </param>
            <param index="3">
              <value>
                <![CDATA[ID]]>
              </value>
            </param>
            <param index="4">
              <value>
                <![CDATA[abc@abc.abc]]>
              </value>
            </param>
          </params>
          <reporter-output>
          </reporter-output>
        </test-method> <!-- Deductee_Testcases -->
        <test-method status="PASS" signature="Deductee_Testcases(java.lang.String, java.lang.String, java.lang.String, java.lang.String, java.lang.String)[pri:0, instance:pro.saral.testCases.Deductee_Test@30c7da1e]" name="Deductee_Testcases" duration-ms="462" started-at="2022-06-03T10:38:30Z" data-provider="hybridData" finished-at="2022-06-03T10:38:30Z">
          <params>
            <param index="0">
              <value>
                <![CDATA[34.0]]>
              </value>
            </param>
            <param index="1">
              <value>
                <![CDATA[CLICK]]>
              </value>
            </param>
            <param index="2">
              <value>
                <![CDATA[206abapplicablecheckbox]]>
              </value>
            </param>
            <param index="3">
              <value>
                <![CDATA[XPATH]]>
              </value>
            </param>
            <param index="4">
              <value>
                <![CDATA[]]>
              </value>
            </param>
          </params>
          <reporter-output>
          </reporter-output>
        </test-method> <!-- Deductee_Testcases -->
        <test-method status="PASS" signature="Deductee_Testcases(java.lang.String, java.lang.String, java.lang.String, java.lang.String, java.lang.String)[pri:0, instance:pro.saral.testCases.Deductee_Test@30c7da1e]" name="Deductee_Testcases" duration-ms="518" started-at="2022-06-03T10:38:30Z" data-provider="hybridData" finished-at="2022-06-03T10:38:31Z">
          <params>
            <param index="0">
              <value>
                <![CDATA[35.0]]>
              </value>
            </param>
            <param index="1">
              <value>
                <![CDATA[CLICK]]>
              </value>
            </param>
            <param index="2">
              <value>
                <![CDATA[deductesave]]>
              </value>
            </param>
            <param index="3">
              <value>
                <![CDATA[ID]]>
              </value>
            </param>
            <param index="4">
              <value>
                <![CDATA[]]>
              </value>
            </param>
          </params>
          <reporter-output>
          </reporter-output>
        </test-method> <!-- Deductee_Testcases -->
        <test-method status="PASS" signature="Deductee_Testcases(java.lang.String, java.lang.String, java.lang.String, java.lang.String, java.lang.String)[pri:0, instance:pro.saral.testCases.Deductee_Test@30c7da1e]" name="Deductee_Testcases" duration-ms="1234" started-at="2022-06-03T10:38:31Z" data-provider="hybridData" finished-at="2022-06-03T10:38:32Z">
          <params>
            <param index="0">
              <value>
                <![CDATA[36.0]]>
              </value>
            </param>
            <param index="1">
              <value>
                <![CDATA[VERIFYNOTIFICATION]]>
              </value>
            </param>
            <param index="2">
              <value>
                <![CDATA[deducteesavenotification]]>
              </value>
            </param>
            <param index="3">
              <value>
                <![CDATA[XPATH]]>
              </value>
            </param>
            <param index="4">
              <value>
                <![CDATA[]]>
              </value>
            </param>
          </params>
          <reporter-output>
          </reporter-output>
        </test-method> <!-- Deductee_Testcases -->
        <test-method status="PASS" signature="Deductee_Testcases(java.lang.String, java.lang.String, java.lang.String, java.lang.String, java.lang.String)[pri:0, instance:pro.saral.testCases.Deductee_Test@30c7da1e]" name="Deductee_Testcases" duration-ms="2" started-at="2022-06-03T10:38:32Z" data-provider="hybridData" finished-at="2022-06-03T10:38:32Z">
          <params>
            <param index="0">
              <value>
                <![CDATA[Add Deductee Which Is Already Exist]]>
              </value>
            </param>
            <param index="1">
              <value>
                <![CDATA[]]>
              </value>
            </param>
            <param index="2">
              <value>
                <![CDATA[]]>
              </value>
            </param>
            <param index="3">
              <value>
                <![CDATA[]]>
              </value>
            </param>
            <param index="4">
              <value>
                <![CDATA[]]>
              </value>
            </param>
          </params>
          <reporter-output>
          </reporter-output>
        </test-method> <!-- Deductee_Testcases -->
        <test-method status="PASS" signature="Deductee_Testcases(java.lang.String, java.lang.String, java.lang.String, java.lang.String, java.lang.String)[pri:0, instance:pro.saral.testCases.Deductee_Test@30c7da1e]" name="Deductee_Testcases" duration-ms="1104" started-at="2022-06-03T10:38:32Z" data-provider="hybridData" finished-at="2022-06-03T10:38:33Z">
          <params>
            <param index="0">
              <value>
                <![CDATA[38.0]]>
              </value>
            </param>
            <param index="1">
              <value>
                <![CDATA[CLICK]]>
              </value>
            </param>
            <param index="2">
              <value>
                <![CDATA[deducteeadd]]>
              </value>
            </param>
            <param index="3">
              <value>
                <![CDATA[ID]]>
              </value>
            </param>
            <param index="4">
              <value>
                <![CDATA[]]>
              </value>
            </param>
          </params>
          <reporter-output>
          </reporter-output>
        </test-method> <!-- Deductee_Testcases -->
        <test-method status="PASS" signature="Deductee_Testcases(java.lang.String, java.lang.String, java.lang.String, java.lang.String, java.lang.String)[pri:0, instance:pro.saral.testCases.Deductee_Test@30c7da1e]" name="Deductee_Testcases" duration-ms="887" started-at="2022-06-03T10:38:33Z" data-provider="hybridData" finished-at="2022-06-03T10:38:34Z">
          <params>
            <param index="0">
              <value>
                <![CDATA[39.0]]>
              </value>
            </param>
            <param index="1">
              <value>
                <![CDATA[SETTEXT]]>
              </value>
            </param>
            <param index="2">
              <value>
                <![CDATA[deducteename]]>
              </value>
            </param>
            <param index="3">
              <value>
                <![CDATA[ID]]>
              </value>
            </param>
            <param index="4">
              <value>
                <![CDATA[Darshan]]>
              </value>
            </param>
          </params>
          <reporter-output>
          </reporter-output>
        </test-method> <!-- Deductee_Testcases -->
        <test-method status="PASS" signature="Deductee_Testcases(java.lang.String, java.lang.String, java.lang.String, java.lang.String, java.lang.String)[pri:0, instance:pro.saral.testCases.Deductee_Test@30c7da1e]" name="Deductee_Testcases" duration-ms="1001" started-at="2022-06-03T10:38:34Z" data-provider="hybridData" finished-at="2022-06-03T10:38:35Z">
          <params>
            <param index="0">
              <value>
                <![CDATA[40.0]]>
              </value>
            </param>
            <param index="1">
              <value>
                <![CDATA[SETTEXT]]>
              </value>
            </param>
            <param index="2">
              <value>
                <![CDATA[deducteepan]]>
              </value>
            </param>
            <param index="3">
              <value>
                <![CDATA[XPATH]]>
              </value>
            </param>
            <param index="4">
              <value>
                <![CDATA[NYUPF6764N]]>
              </value>
            </param>
          </params>
          <reporter-output>
          </reporter-output>
        </test-method> <!-- Deductee_Testcases -->
        <test-method status="PASS" signature="Deductee_Testcases(java.lang.String, java.lang.String, java.lang.String, java.lang.String, java.lang.String)[pri:0, instance:pro.saral.testCases.Deductee_Test@30c7da1e]" name="Deductee_Testcases" duration-ms="729" started-at="2022-06-03T10:38:35Z" data-provider="hybridData" finished-at="2022-06-03T10:38:36Z">
          <params>
            <param index="0">
              <value>
                <![CDATA[41.0]]>
              </value>
            </param>
            <param index="1">
              <value>
                <![CDATA[SELECTDROPDOWN]]>
              </value>
            </param>
            <param index="2">
              <value>
                <![CDATA[deducteestate]]>
              </value>
            </param>
            <param index="3">
              <value>
                <![CDATA[ID]]>
              </value>
            </param>
            <param index="4">
              <value>
                <![CDATA[KARNATAKA]]>
              </value>
            </param>
          </params>
          <reporter-output>
          </reporter-output>
        </test-method> <!-- Deductee_Testcases -->
        <test-method status="PASS" signature="Deductee_Testcases(java.lang.String, java.lang.String, java.lang.String, java.lang.String, java.lang.String)[pri:0, instance:pro.saral.testCases.Deductee_Test@30c7da1e]" name="Deductee_Testcases" duration-ms="313" started-at="2022-06-03T10:38:36Z" data-provider="hybridData" finished-at="2022-06-03T10:38:36Z">
          <params>
            <param index="0">
              <value>
                <![CDATA[42.0]]>
              </value>
            </param>
            <param index="1">
              <value>
                <![CDATA[VERIFYNOTIFICATION]]>
              </value>
            </param>
            <param index="2">
              <value>
                <![CDATA[panalreadyexist]]>
              </value>
            </param>
            <param index="3">
              <value>
                <![CDATA[XPATH]]>
              </value>
            </param>
            <param index="4">
              <value>
                <![CDATA[]]>
              </value>
            </param>
          </params>
          <reporter-output>
          </reporter-output>
        </test-method> <!-- Deductee_Testcases -->
        <test-method status="PASS" signature="Deductee_Testcases(java.lang.String, java.lang.String, java.lang.String, java.lang.String, java.lang.String)[pri:0, instance:pro.saral.testCases.Deductee_Test@30c7da1e]" name="Deductee_Testcases" duration-ms="545" started-at="2022-06-03T10:38:36Z" data-provider="hybridData" finished-at="2022-06-03T10:38:36Z">
          <params>
            <param index="0">
              <value>
                <![CDATA[43.0]]>
              </value>
            </param>
            <param index="1">
              <value>
                <![CDATA[CLICK]]>
              </value>
            </param>
            <param index="2">
              <value>
                <![CDATA[deducteeclose]]>
              </value>
            </param>
            <param index="3">
              <value>
                <![CDATA[XPATH]]>
              </value>
            </param>
            <param index="4">
              <value>
                <![CDATA[]]>
              </value>
            </param>
          </params>
          <reporter-output>
          </reporter-output>
        </test-method> <!-- Deductee_Testcases -->
        <test-method status="PASS" signature="Deductee_Testcases(java.lang.String, java.lang.String, java.lang.String, java.lang.String, java.lang.String)[pri:0, instance:pro.saral.testCases.Deductee_Test@30c7da1e]" name="Deductee_Testcases" duration-ms="2" started-at="2022-06-03T10:38:36Z" data-provider="hybridData" finished-at="2022-06-03T10:38:36Z">
          <params>
            <param index="0">
              <value>
                <![CDATA[Edit And Update Deductee]]>
              </value>
            </param>
            <param index="1">
              <value>
                <![CDATA[]]>
              </value>
            </param>
            <param index="2">
              <value>
                <![CDATA[]]>
              </value>
            </param>
            <param index="3">
              <value>
                <![CDATA[]]>
              </value>
            </param>
            <param index="4">
              <value>
                <![CDATA[]]>
              </value>
            </param>
          </params>
          <reporter-output>
          </reporter-output>
        </test-method> <!-- Deductee_Testcases -->
        <test-method status="PASS" signature="Deductee_Testcases(java.lang.String, java.lang.String, java.lang.String, java.lang.String, java.lang.String)[pri:0, instance:pro.saral.testCases.Deductee_Test@30c7da1e]" name="Deductee_Testcases" duration-ms="858" started-at="2022-06-03T10:38:36Z" data-provider="hybridData" finished-at="2022-06-03T10:38:37Z">
          <params>
            <param index="0">
              <value>
                <![CDATA[45.0]]>
              </value>
            </param>
            <param index="1">
              <value>
                <![CDATA[CLICK]]>
              </value>
            </param>
            <param index="2">
              <value>
                <![CDATA[editdeductee]]>
              </value>
            </param>
            <param index="3">
              <value>
                <![CDATA[ID]]>
              </value>
            </param>
            <param index="4">
              <value>
                <![CDATA[]]>
              </value>
            </param>
          </params>
          <reporter-output>
          </reporter-output>
        </test-method> <!-- Deductee_Testcases -->
        <test-method status="PASS" signature="Deductee_Testcases(java.lang.String, java.lang.String, java.lang.String, java.lang.String, java.lang.String)[pri:0, instance:pro.saral.testCases.Deductee_Test@30c7da1e]" name="Deductee_Testcases" duration-ms="563" started-at="2022-06-03T10:38:37Z" data-provider="hybridData" finished-at="2022-06-03T10:38:38Z">
          <params>
            <param index="0">
              <value>
                <![CDATA[46.0]]>
              </value>
            </param>
            <param index="1">
              <value>
                <![CDATA[CLEAR]]>
              </value>
            </param>
            <param index="2">
              <value>
                <![CDATA[deducteename]]>
              </value>
            </param>
            <param index="3">
              <value>
                <![CDATA[ID]]>
              </value>
            </param>
            <param index="4">
              <value>
                <![CDATA[]]>
              </value>
            </param>
          </params>
          <reporter-output>
          </reporter-output>
        </test-method> <!-- Deductee_Testcases -->
        <test-method status="PASS" signature="Deductee_Testcases(java.lang.String, java.lang.String, java.lang.String, java.lang.String, java.lang.String)[pri:0, instance:pro.saral.testCases.Deductee_Test@30c7da1e]" name="Deductee_Testcases" duration-ms="395" started-at="2022-06-03T10:38:38Z" data-provider="hybridData" finished-at="2022-06-03T10:38:38Z">
          <params>
            <param index="0">
              <value>
                <![CDATA[47.0]]>
              </value>
            </param>
            <param index="1">
              <value>
                <![CDATA[CLEAR]]>
              </value>
            </param>
            <param index="2">
              <value>
                <![CDATA[deducteeaddress]]>
              </value>
            </param>
            <param index="3">
              <value>
                <![CDATA[ID]]>
              </value>
            </param>
            <param index="4">
              <value>
                <![CDATA[]]>
              </value>
            </param>
          </params>
          <reporter-output>
          </reporter-output>
        </test-method> <!-- Deductee_Testcases -->
        <test-method status="PASS" signature="Deductee_Testcases(java.lang.String, java.lang.String, java.lang.String, java.lang.String, java.lang.String)[pri:0, instance:pro.saral.testCases.Deductee_Test@30c7da1e]" name="Deductee_Testcases" duration-ms="333" started-at="2022-06-03T10:38:38Z" data-provider="hybridData" finished-at="2022-06-03T10:38:39Z">
          <params>
            <param index="0">
              <value>
                <![CDATA[48.0]]>
              </value>
            </param>
            <param index="1">
              <value>
                <![CDATA[CLEAR]]>
              </value>
            </param>
            <param index="2">
              <value>
                <![CDATA[deducteestate]]>
              </value>
            </param>
            <param index="3">
              <value>
                <![CDATA[ID]]>
              </value>
            </param>
            <param index="4">
              <value>
                <![CDATA[]]>
              </value>
            </param>
          </params>
          <reporter-output>
          </reporter-output>
        </test-method> <!-- Deductee_Testcases -->
        <test-method status="PASS" signature="Deductee_Testcases(java.lang.String, java.lang.String, java.lang.String, java.lang.String, java.lang.String)[pri:0, instance:pro.saral.testCases.Deductee_Test@30c7da1e]" name="Deductee_Testcases" duration-ms="516" started-at="2022-06-03T10:38:39Z" data-provider="hybridData" finished-at="2022-06-03T10:38:39Z">
          <params>
            <param index="0">
              <value>
                <![CDATA[49.0]]>
              </value>
            </param>
            <param index="1">
              <value>
                <![CDATA[CLEAR]]>
              </value>
            </param>
            <param index="2">
              <value>
                <![CDATA[deducteeemailid]]>
              </value>
            </param>
            <param index="3">
              <value>
                <![CDATA[ID]]>
              </value>
            </param>
            <param index="4">
              <value>
                <![CDATA[]]>
              </value>
            </param>
          </params>
          <reporter-output>
          </reporter-output>
        </test-method> <!-- Deductee_Testcases -->
        <test-method status="PASS" signature="Deductee_Testcases(java.lang.String, java.lang.String, java.lang.String, java.lang.String, java.lang.String)[pri:0, instance:pro.saral.testCases.Deductee_Test@30c7da1e]" name="Deductee_Testcases" duration-ms="497" started-at="2022-06-03T10:38:39Z" data-provider="hybridData" finished-at="2022-06-03T10:38:40Z">
          <params>
            <param index="0">
              <value>
                <![CDATA[50.0]]>
              </value>
            </param>
            <param index="1">
              <value>
                <![CDATA[SETTEXT]]>
              </value>
            </param>
            <param index="2">
              <value>
                <![CDATA[deducteename]]>
              </value>
            </param>
            <param index="3">
              <value>
                <![CDATA[ID]]>
              </value>
            </param>
            <param index="4">
              <value>
                <![CDATA[Karan]]>
              </value>
            </param>
          </params>
          <reporter-output>
          </reporter-output>
        </test-method> <!-- Deductee_Testcases -->
        <test-method status="PASS" signature="Deductee_Testcases(java.lang.String, java.lang.String, java.lang.String, java.lang.String, java.lang.String)[pri:0, instance:pro.saral.testCases.Deductee_Test@30c7da1e]" name="Deductee_Testcases" duration-ms="294" started-at="2022-06-03T10:38:40Z" data-provider="hybridData" finished-at="2022-06-03T10:38:40Z">
          <params>
            <param index="0">
              <value>
                <![CDATA[51.0]]>
              </value>
            </param>
            <param index="1">
              <value>
                <![CDATA[SELECTDROPDOWN]]>
              </value>
            </param>
            <param index="2">
              <value>
                <![CDATA[deducteecode]]>
              </value>
            </param>
            <param index="3">
              <value>
                <![CDATA[ID]]>
              </value>
            </param>
            <param index="4">
              <value>
                <![CDATA[Companies]]>
              </value>
            </param>
          </params>
          <reporter-output>
          </reporter-output>
        </test-method> <!-- Deductee_Testcases -->
        <test-method status="PASS" signature="Deductee_Testcases(java.lang.String, java.lang.String, java.lang.String, java.lang.String, java.lang.String)[pri:0, instance:pro.saral.testCases.Deductee_Test@30c7da1e]" name="Deductee_Testcases" duration-ms="657" started-at="2022-06-03T10:38:40Z" data-provider="hybridData" finished-at="2022-06-03T10:38:41Z">
          <params>
            <param index="0">
              <value>
                <![CDATA[52.0]]>
              </value>
            </param>
            <param index="1">
              <value>
                <![CDATA[SETTEXT]]>
              </value>
            </param>
            <param index="2">
              <value>
                <![CDATA[deducteeaddress]]>
              </value>
            </param>
            <param index="3">
              <value>
                <![CDATA[ID]]>
              </value>
            </param>
            <param index="4">
              <value>
                <![CDATA[Malleshwaram]]>
              </value>
            </param>
          </params>
          <reporter-output>
          </reporter-output>
        </test-method> <!-- Deductee_Testcases -->
        <test-method status="PASS" signature="Deductee_Testcases(java.lang.String, java.lang.String, java.lang.String, java.lang.String, java.lang.String)[pri:0, instance:pro.saral.testCases.Deductee_Test@30c7da1e]" name="Deductee_Testcases" duration-ms="581" started-at="2022-06-03T10:38:41Z" data-provider="hybridData" finished-at="2022-06-03T10:38:41Z">
          <params>
            <param index="0">
              <value>
                <![CDATA[53.0]]>
              </value>
            </param>
            <param index="1">
              <value>
                <![CDATA[SELECTDROPDOWN]]>
              </value>
            </param>
            <param index="2">
              <value>
                <![CDATA[deducteestate]]>
              </value>
            </param>
            <param index="3">
              <value>
                <![CDATA[ID]]>
              </value>
            </param>
            <param index="4">
              <value>
                <![CDATA[ANDAMAN AND NICOBAR ISLANDS]]>
              </value>
            </param>
          </params>
          <reporter-output>
          </reporter-output>
        </test-method> <!-- Deductee_Testcases -->
        <test-method status="PASS" signature="Deductee_Testcases(java.lang.String, java.lang.String, java.lang.String, java.lang.String, java.lang.String)[pri:0, instance:pro.saral.testCases.Deductee_Test@30c7da1e]" name="Deductee_Testcases" duration-ms="671" started-at="2022-06-03T10:38:41Z" data-provider="hybridData" finished-at="2022-06-03T10:38:42Z">
          <params>
            <param index="0">
              <value>
                <![CDATA[54.0]]>
              </value>
            </param>
            <param index="1">
              <value>
                <![CDATA[SETTEXT]]>
              </value>
            </param>
            <param index="2">
              <value>
                <![CDATA[deducteeemailid]]>
              </value>
            </param>
            <param index="3">
              <value>
                <![CDATA[ID]]>
              </value>
            </param>
            <param index="4">
              <value>
                <![CDATA[abc@abc.abd]]>
              </value>
            </param>
          </params>
          <reporter-output>
          </reporter-output>
        </test-method> <!-- Deductee_Testcases -->
        <test-method status="PASS" signature="Deductee_Testcases(java.lang.String, java.lang.String, java.lang.String, java.lang.String, java.lang.String)[pri:0, instance:pro.saral.testCases.Deductee_Test@30c7da1e]" name="Deductee_Testcases" duration-ms="395" started-at="2022-06-03T10:38:42Z" data-provider="hybridData" finished-at="2022-06-03T10:38:42Z">
          <params>
            <param index="0">
              <value>
                <![CDATA[55.0]]>
              </value>
            </param>
            <param index="1">
              <value>
                <![CDATA[CLICK]]>
              </value>
            </param>
            <param index="2">
              <value>
                <![CDATA[deductesave]]>
              </value>
            </param>
            <param index="3">
              <value>
                <![CDATA[ID]]>
              </value>
            </param>
            <param index="4">
              <value>
                <![CDATA[]]>
              </value>
            </param>
          </params>
          <reporter-output>
          </reporter-output>
        </test-method> <!-- Deductee_Testcases -->
        <test-method status="PASS" signature="Deductee_Testcases(java.lang.String, java.lang.String, java.lang.String, java.lang.String, java.lang.String)[pri:0, instance:pro.saral.testCases.Deductee_Test@30c7da1e]" name="Deductee_Testcases" duration-ms="1269" started-at="2022-06-03T10:38:42Z" data-provider="hybridData" finished-at="2022-06-03T10:38:43Z">
          <params>
            <param index="0">
              <value>
                <![CDATA[56.0]]>
              </value>
            </param>
            <param index="1">
              <value>
                <![CDATA[VERIFYNOTIFICATION]]>
              </value>
            </param>
            <param index="2">
              <value>
                <![CDATA[deducteeupdatenotification]]>
              </value>
            </param>
            <param index="3">
              <value>
                <![CDATA[XPATH]]>
              </value>
            </param>
            <param index="4">
              <value>
                <![CDATA[]]>
              </value>
            </param>
          </params>
          <reporter-output>
          </reporter-output>
        </test-method> <!-- Deductee_Testcases -->
        <test-method status="PASS" signature="Deductee_Testcases(java.lang.String, java.lang.String, java.lang.String, java.lang.String, java.lang.String)[pri:0, instance:pro.saral.testCases.Deductee_Test@30c7da1e]" name="Deductee_Testcases" duration-ms="2" started-at="2022-06-03T10:38:43Z" data-provider="hybridData" finished-at="2022-06-03T10:38:43Z">
          <params>
            <param index="0">
              <value>
                <![CDATA[Add Multiple PAN case And Save]]>
              </value>
            </param>
            <param index="1">
              <value>
                <![CDATA[]]>
              </value>
            </param>
            <param index="2">
              <value>
                <![CDATA[]]>
              </value>
            </param>
            <param index="3">
              <value>
                <![CDATA[]]>
              </value>
            </param>
            <param index="4">
              <value>
                <![CDATA[]]>
              </value>
            </param>
          </params>
          <reporter-output>
          </reporter-output>
        </test-method> <!-- Deductee_Testcases -->
        <test-method status="PASS" signature="Deductee_Testcases(java.lang.String, java.lang.String, java.lang.String, java.lang.String, java.lang.String)[pri:0, instance:pro.saral.testCases.Deductee_Test@30c7da1e]" name="Deductee_Testcases" duration-ms="693" started-at="2022-06-03T10:38:43Z" data-provider="hybridData" finished-at="2022-06-03T10:38:44Z">
          <params>
            <param index="0">
              <value>
                <![CDATA[58.0]]>
              </value>
            </param>
            <param index="1">
              <value>
                <![CDATA[CLICK]]>
              </value>
            </param>
            <param index="2">
              <value>
                <![CDATA[deducteeadd]]>
              </value>
            </param>
            <param index="3">
              <value>
                <![CDATA[ID]]>
              </value>
            </param>
            <param index="4">
              <value>
                <![CDATA[]]>
              </value>
            </param>
          </params>
          <reporter-output>
          </reporter-output>
        </test-method> <!-- Deductee_Testcases -->
        <test-method status="PASS" signature="Deductee_Testcases(java.lang.String, java.lang.String, java.lang.String, java.lang.String, java.lang.String)[pri:0, instance:pro.saral.testCases.Deductee_Test@30c7da1e]" name="Deductee_Testcases" duration-ms="818" started-at="2022-06-03T10:38:44Z" data-provider="hybridData" finished-at="2022-06-03T10:38:45Z">
          <params>
            <param index="0">
              <value>
                <![CDATA[59.0]]>
              </value>
            </param>
            <param index="1">
              <value>
                <![CDATA[SETTEXT]]>
              </value>
            </param>
            <param index="2">
              <value>
                <![CDATA[deducteename]]>
              </value>
            </param>
            <param index="3">
              <value>
                <![CDATA[ID]]>
              </value>
            </param>
            <param index="4">
              <value>
                <![CDATA[Darshan]]>
              </value>
            </param>
          </params>
          <reporter-output>
          </reporter-output>
        </test-method> <!-- Deductee_Testcases -->
        <test-method status="PASS" signature="Deductee_Testcases(java.lang.String, java.lang.String, java.lang.String, java.lang.String, java.lang.String)[pri:0, instance:pro.saral.testCases.Deductee_Test@30c7da1e]" name="Deductee_Testcases" duration-ms="765" started-at="2022-06-03T10:38:45Z" data-provider="hybridData" finished-at="2022-06-03T10:38:46Z">
          <params>
            <param index="0">
              <value>
                <![CDATA[60.0]]>
              </value>
            </param>
            <param index="1">
              <value>
                <![CDATA[SETTEXT]]>
              </value>
            </param>
            <param index="2">
              <value>
                <![CDATA[deducteepan]]>
              </value>
            </param>
            <param index="3">
              <value>
                <![CDATA[XPATH]]>
              </value>
            </param>
            <param index="4">
              <value>
                <![CDATA[PANNOTAVBL]]>
              </value>
            </param>
          </params>
          <reporter-output>
          </reporter-output>
        </test-method> <!-- Deductee_Testcases -->
        <test-method status="PASS" signature="Deductee_Testcases(java.lang.String, java.lang.String, java.lang.String, java.lang.String, java.lang.String)[pri:0, instance:pro.saral.testCases.Deductee_Test@30c7da1e]" name="Deductee_Testcases" duration-ms="495" started-at="2022-06-03T10:38:46Z" data-provider="hybridData" finished-at="2022-06-03T10:38:46Z">
          <params>
            <param index="0">
              <value>
                <![CDATA[61.0]]>
              </value>
            </param>
            <param index="1">
              <value>
                <![CDATA[SELECTDROPDOWN]]>
              </value>
            </param>
            <param index="2">
              <value>
                <![CDATA[deducteecode]]>
              </value>
            </param>
            <param index="3">
              <value>
                <![CDATA[ID]]>
              </value>
            </param>
            <param index="4">
              <value>
                <![CDATA[Companies]]>
              </value>
            </param>
          </params>
          <reporter-output>
          </reporter-output>
        </test-method> <!-- Deductee_Testcases -->
        <test-method status="PASS" signature="Deductee_Testcases(java.lang.String, java.lang.String, java.lang.String, java.lang.String, java.lang.String)[pri:0, instance:pro.saral.testCases.Deductee_Test@30c7da1e]" name="Deductee_Testcases" duration-ms="549" started-at="2022-06-03T10:38:46Z" data-provider="hybridData" finished-at="2022-06-03T10:38:47Z">
          <params>
            <param index="0">
              <value>
                <![CDATA[62.0]]>
              </value>
            </param>
            <param index="1">
              <value>
                <![CDATA[CLICK]]>
              </value>
            </param>
            <param index="2">
              <value>
                <![CDATA[deductesave]]>
              </value>
            </param>
            <param index="3">
              <value>
                <![CDATA[ID]]>
              </value>
            </param>
            <param index="4">
              <value>
                <![CDATA[]]>
              </value>
            </param>
          </params>
          <reporter-output>
          </reporter-output>
        </test-method> <!-- Deductee_Testcases -->
        <test-method status="PASS" signature="Deductee_Testcases(java.lang.String, java.lang.String, java.lang.String, java.lang.String, java.lang.String)[pri:0, instance:pro.saral.testCases.Deductee_Test@30c7da1e]" name="Deductee_Testcases" duration-ms="1064" started-at="2022-06-03T10:38:47Z" data-provider="hybridData" finished-at="2022-06-03T10:38:48Z">
          <params>
            <param index="0">
              <value>
                <![CDATA[63.0]]>
              </value>
            </param>
            <param index="1">
              <value>
                <![CDATA[VERIFYNOTIFICATION]]>
              </value>
            </param>
            <param index="2">
              <value>
                <![CDATA[deducteesavenotification]]>
              </value>
            </param>
            <param index="3">
              <value>
                <![CDATA[XPATH]]>
              </value>
            </param>
            <param index="4">
              <value>
                <![CDATA[]]>
              </value>
            </param>
          </params>
          <reporter-output>
          </reporter-output>
        </test-method> <!-- Deductee_Testcases -->
        <test-method status="PASS" signature="Deductee_Testcases(java.lang.String, java.lang.String, java.lang.String, java.lang.String, java.lang.String)[pri:0, instance:pro.saral.testCases.Deductee_Test@30c7da1e]" name="Deductee_Testcases" duration-ms="603" started-at="2022-06-03T10:38:48Z" data-provider="hybridData" finished-at="2022-06-03T10:38:48Z">
          <params>
            <param index="0">
              <value>
                <![CDATA[64.0]]>
              </value>
            </param>
            <param index="1">
              <value>
                <![CDATA[CLICK]]>
              </value>
            </param>
            <param index="2">
              <value>
                <![CDATA[deducteeadd]]>
              </value>
            </param>
            <param index="3">
              <value>
                <![CDATA[ID]]>
              </value>
            </param>
            <param index="4">
              <value>
                <![CDATA[]]>
              </value>
            </param>
          </params>
          <reporter-output>
          </reporter-output>
        </test-method> <!-- Deductee_Testcases -->
        <test-method status="PASS" signature="Deductee_Testcases(java.lang.String, java.lang.String, java.lang.String, java.lang.String, java.lang.String)[pri:0, instance:pro.saral.testCases.Deductee_Test@30c7da1e]" name="Deductee_Testcases" duration-ms="1118" started-at="2022-06-03T10:38:48Z" data-provider="hybridData" finished-at="2022-06-03T10:38:50Z">
          <params>
            <param index="0">
              <value>
                <![CDATA[65.0]]>
              </value>
            </param>
            <param index="1">
              <value>
                <![CDATA[SETTEXT]]>
              </value>
            </param>
            <param index="2">
              <value>
                <![CDATA[deducteename]]>
              </value>
            </param>
            <param index="3">
              <value>
                <![CDATA[ID]]>
              </value>
            </param>
            <param index="4">
              <value>
                <![CDATA[Darshan]]>
              </value>
            </param>
          </params>
          <reporter-output>
          </reporter-output>
        </test-method> <!-- Deductee_Testcases -->
        <test-method status="PASS" signature="Deductee_Testcases(java.lang.String, java.lang.String, java.lang.String, java.lang.String, java.lang.String)[pri:0, instance:pro.saral.testCases.Deductee_Test@30c7da1e]" name="Deductee_Testcases" duration-ms="660" started-at="2022-06-03T10:38:50Z" data-provider="hybridData" finished-at="2022-06-03T10:38:50Z">
          <params>
            <param index="0">
              <value>
                <![CDATA[66.0]]>
              </value>
            </param>
            <param index="1">
              <value>
                <![CDATA[SETTEXT]]>
              </value>
            </param>
            <param index="2">
              <value>
                <![CDATA[deducteepan]]>
              </value>
            </param>
            <param index="3">
              <value>
                <![CDATA[XPATH]]>
              </value>
            </param>
            <param index="4">
              <value>
                <![CDATA[PANINVALID]]>
              </value>
            </param>
          </params>
          <reporter-output>
          </reporter-output>
        </test-method> <!-- Deductee_Testcases -->
        <test-method status="PASS" signature="Deductee_Testcases(java.lang.String, java.lang.String, java.lang.String, java.lang.String, java.lang.String)[pri:0, instance:pro.saral.testCases.Deductee_Test@30c7da1e]" name="Deductee_Testcases" duration-ms="420" started-at="2022-06-03T10:38:50Z" data-provider="hybridData" finished-at="2022-06-03T10:38:51Z">
          <params>
            <param index="0">
              <value>
                <![CDATA[67.0]]>
              </value>
            </param>
            <param index="1">
              <value>
                <![CDATA[SELECTDROPDOWN]]>
              </value>
            </param>
            <param index="2">
              <value>
                <![CDATA[deducteecode]]>
              </value>
            </param>
            <param index="3">
              <value>
                <![CDATA[ID]]>
              </value>
            </param>
            <param index="4">
              <value>
                <![CDATA[Companies]]>
              </value>
            </param>
          </params>
          <reporter-output>
          </reporter-output>
        </test-method> <!-- Deductee_Testcases -->
        <test-method status="PASS" signature="Deductee_Testcases(java.lang.String, java.lang.String, java.lang.String, java.lang.String, java.lang.String)[pri:0, instance:pro.saral.testCases.Deductee_Test@30c7da1e]" name="Deductee_Testcases" duration-ms="593" started-at="2022-06-03T10:38:51Z" data-provider="hybridData" finished-at="2022-06-03T10:38:51Z">
          <params>
            <param index="0">
              <value>
                <![CDATA[68.0]]>
              </value>
            </param>
            <param index="1">
              <value>
                <![CDATA[CLICK]]>
              </value>
            </param>
            <param index="2">
              <value>
                <![CDATA[deductesave]]>
              </value>
            </param>
            <param index="3">
              <value>
                <![CDATA[ID]]>
              </value>
            </param>
            <param index="4">
              <value>
                <![CDATA[]]>
              </value>
            </param>
          </params>
          <reporter-output>
          </reporter-output>
        </test-method> <!-- Deductee_Testcases -->
        <test-method status="PASS" signature="Deductee_Testcases(java.lang.String, java.lang.String, java.lang.String, java.lang.String, java.lang.String)[pri:0, instance:pro.saral.testCases.Deductee_Test@30c7da1e]" name="Deductee_Testcases" duration-ms="2599" started-at="2022-06-03T10:38:51Z" data-provider="hybridData" finished-at="2022-06-03T10:38:54Z">
          <params>
            <param index="0">
              <value>
                <![CDATA[69.0]]>
              </value>
            </param>
            <param index="1">
              <value>
                <![CDATA[VERIFYNOTIFICATION]]>
              </value>
            </param>
            <param index="2">
              <value>
                <![CDATA[deducteesavenotification]]>
              </value>
            </param>
            <param index="3">
              <value>
                <![CDATA[XPATH]]>
              </value>
            </param>
            <param index="4">
              <value>
                <![CDATA[]]>
              </value>
            </param>
          </params>
          <reporter-output>
[...]
          <params>
            <param index="0">
              <value>
                <![CDATA[90.0]]>
              </value>
            </param>
            <param index="1">
              <value>
                <![CDATA[SELECTDROPDOWN]]>
              </value>
            </param>
            <param index="2">
              <value>
                <![CDATA[challantypeofpaymrnt]]>
              </value>
            </param>
            <param index="3">
              <value>
                <![CDATA[ID]]>
              </value>
            </param>
            <param index="4">
              <value>
                <![CDATA[400-Regular Assessment (Raised by I. T, Dept.)]]>
              </value>
            </param>
          </params>
          <reporter-output>
          </reporter-output>
        </test-method> <!-- Challan_Testcases -->
        <test-method status="PASS" signature="Challan_Testcases(java.lang.String, java.lang.String, java.lang.String, java.lang.String, java.lang.String)[pri:0, instance:pro.saral.testCases.AChallan_Test@5b464ce8]" name="Challan_Testcases" duration-ms="582" started-at="2022-06-03T10:40:32Z" data-provider="hybridData" finished-at="2022-06-03T10:40:32Z">
          <params>
            <param index="0">
              <value>
                <![CDATA[91.0]]>
              </value>
            </param>
            <param index="1">
              <value>
                <![CDATA[SETTEXT]]>
              </value>
            </param>
            <param index="2">
              <value>
                <![CDATA[challanbsrcode]]>
              </value>
            </param>
            <param index="3">
              <value>
                <![CDATA[ID]]>
              </value>
            </param>
            <param index="4">
              <value>
                <![CDATA[3478323.0]]>
              </value>
            </param>
          </params>
          <reporter-output>
          </reporter-output>
        </test-method> <!-- Challan_Testcases -->
        <test-method status="PASS" signature="Challan_Testcases(java.lang.String, java.lang.String, java.lang.String, java.lang.String, java.lang.String)[pri:0, instance:pro.saral.testCases.AChallan_Test@5b464ce8]" name="Challan_Testcases" duration-ms="398" started-at="2022-06-03T10:40:32Z" data-provider="hybridData" finished-at="2022-06-03T10:40:33Z">
          <params>
            <param index="0">
              <value>
                <![CDATA[92.0]]>
              </value>
            </param>
            <param index="1">
              <value>
                <![CDATA[CLICK]]>
              </value>
            </param>
            <param index="2">
              <value>
                <![CDATA[challansave]]>
              </value>
            </param>
            <param index="3">
              <value>
                <![CDATA[ID]]>
              </value>
            </param>
            <param index="4">
              <value>
                <![CDATA[]]>
              </value>
            </param>
          </params>
          <reporter-output>
          </reporter-output>
        </test-method> <!-- Challan_Testcases -->
        <test-method status="PASS" signature="Challan_Testcases(java.lang.String, java.lang.String, java.lang.String, java.lang.String, java.lang.String)[pri:0, instance:pro.saral.testCases.AChallan_Test@5b464ce8]" name="Challan_Testcases" duration-ms="966" started-at="2022-06-03T10:40:33Z" data-provider="hybridData" finished-at="2022-06-03T10:40:34Z">
          <params>
            <param index="0">
              <value>
                <![CDATA[93.0]]>
              </value>
            </param>
            <param index="1">
              <value>
                <![CDATA[CLICK]]>
              </value>
            </param>
            <param index="2">
              <value>
                <![CDATA[challanwarning]]>
              </value>
            </param>
            <param index="3">
              <value>
                <![CDATA[XPATH]]>
              </value>
            </param>
            <param index="4">
              <value>
                <![CDATA[]]>
              </value>
            </param>
          </params>
          <reporter-output>
          </reporter-output>
        </test-method> <!-- Challan_Testcases -->
        <test-method status="PASS" signature="Challan_Testcases(java.lang.String, java.lang.String, java.lang.String, java.lang.String, java.lang.String)[pri:0, instance:pro.saral.testCases.AChallan_Test@5b464ce8]" name="Challan_Testcases" duration-ms="2" started-at="2022-06-03T10:40:34Z" data-provider="hybridData" finished-at="2022-06-03T10:40:34Z">
          <params>
            <param index="0">
              <value>
                <![CDATA[Delete Single Challan]]>
              </value>
            </param>
            <param index="1">
              <value>
                <![CDATA[]]>
              </value>
            </param>
            <param index="2">
              <value>
                <![CDATA[]]>
              </value>
            </param>
            <param index="3">
              <value>
                <![CDATA[]]>
              </value>
            </param>
            <param index="4">
              <value>
                <![CDATA[]]>
              </value>
            </param>
          </params>
          <reporter-output>
          </reporter-output>
        </test-method> <!-- Challan_Testcases -->
        <test-method status="PASS" signature="Challan_Testcases(java.lang.String, java.lang.String, java.lang.String, java.lang.String, java.lang.String)[pri:0, instance:pro.saral.testCases.AChallan_Test@5b464ce8]" name="Challan_Testcases" duration-ms="1484" started-at="2022-06-03T10:40:34Z" data-provider="hybridData" finished-at="2022-06-03T10:40:35Z">
          <params>
            <param index="0">
              <value>
                <![CDATA[95.0]]>
              </value>
            </param>
            <param index="1">
              <value>
                <![CDATA[CLICK]]>
              </value>
            </param>
            <param index="2">
              <value>
                <![CDATA[24qtab]]>
              </value>
            </param>
            <param index="3">
              <value>
                <![CDATA[XPATH]]>
              </value>
            </param>
            <param index="4">
              <value>
                <![CDATA[]]>
              </value>
            </param>
          </params>
          <reporter-output>
          </reporter-output>
        </test-method> <!-- Challan_Testcases -->
        <test-method status="PASS" signature="Challan_Testcases(java.lang.String, java.lang.String, java.lang.String, java.lang.String, java.lang.String)[pri:0, instance:pro.saral.testCases.AChallan_Test@5b464ce8]" name="Challan_Testcases" duration-ms="4510" started-at="2022-06-03T10:40:35Z" data-provider="hybridData" finished-at="2022-06-03T10:40:40Z">
          <params>
            <param index="0">
              <value>
                <![CDATA[]]>
              </value>
            </param>
            <param index="1">
              <value>
                <![CDATA[REFRESH]]>
              </value>
            </param>
            <param index="2">
              <value>
                <![CDATA[]]>
              </value>
            </param>
            <param index="3">
              <value>
                <![CDATA[]]>
              </value>
            </param>
            <param index="4">
              <value>
                <![CDATA[]]>
              </value>
            </param>
          </params>
          <reporter-output>
          </reporter-output>
        </test-method> <!-- Challan_Testcases -->
        <test-method status="PASS" signature="Challan_Testcases(java.lang.String, java.lang.String, java.lang.String, java.lang.String, java.lang.String)[pri:0, instance:pro.saral.testCases.AChallan_Test@5b464ce8]" name="Challan_Testcases" duration-ms="324" started-at="2022-06-03T10:40:40Z" data-provider="hybridData" finished-at="2022-06-03T10:40:40Z">
          <params>
            <param index="0">
              <value>
                <![CDATA[96.0]]>
              </value>
            </param>
            <param index="1">
              <value>
                <![CDATA[CLICK]]>
              </value>
            </param>
            <param index="2">
              <value>
                <![CDATA[challantab]]>
              </value>
            </param>
            <param index="3">
              <value>
                <![CDATA[ID]]>
              </value>
            </param>
            <param index="4">
              <value>
                <![CDATA[]]>
              </value>
            </param>
          </params>
          <reporter-output>
          </reporter-output>
        </test-method> <!-- Challan_Testcases -->
        <test-method status="PASS" signature="Challan_Testcases(java.lang.String, java.lang.String, java.lang.String, java.lang.String, java.lang.String)[pri:0, instance:pro.saral.testCases.AChallan_Test@5b464ce8]" name="Challan_Testcases" duration-ms="1663" started-at="2022-06-03T10:40:40Z" data-provider="hybridData" finished-at="2022-06-03T10:40:42Z">
          <params>
            <param index="0">
              <value>
                <![CDATA[97.0]]>
              </value>
            </param>
            <param index="1">
              <value>
                <![CDATA[CLICK]]>
              </value>
            </param>
            <param index="2">
              <value>
                <![CDATA[singlechallanselect]]>
              </value>
            </param>
            <param index="3">
              <value>
                <![CDATA[XPATH]]>
              </value>
            </param>
            <param index="4">
              <value>
                <![CDATA[]]>
              </value>
            </param>
          </params>
          <reporter-output>
          </reporter-output>
        </test-method> <!-- Challan_Testcases -->
        <test-method status="PASS" signature="Challan_Testcases(java.lang.String, java.lang.String, java.lang.String, java.lang.String, java.lang.String)[pri:0, instance:pro.saral.testCases.AChallan_Test@5b464ce8]" name="Challan_Testcases" duration-ms="594" started-at="2022-06-03T10:40:42Z" data-provider="hybridData" finished-at="2022-06-03T10:40:42Z">
          <params>
            <param index="0">
              <value>
                <![CDATA[98.0]]>
              </value>
            </param>
            <param index="1">
              <value>
                <![CDATA[CLICK]]>
              </value>
            </param>
            <param index="2">
              <value>
                <![CDATA[deletechallan]]>
              </value>
            </param>
            <param index="3">
              <value>
                <![CDATA[XPATH]]>
              </value>
            </param>
            <param index="4">
              <value>
                <![CDATA[]]>
              </value>
            </param>
          </params>
          <reporter-output>
          </reporter-output>
        </test-method> <!-- Challan_Testcases -->
        <test-method status="PASS" signature="Challan_Testcases(java.lang.String, java.lang.String, java.lang.String, java.lang.String, java.lang.String)[pri:0, instance:pro.saral.testCases.AChallan_Test@5b464ce8]" name="Challan_Testcases" duration-ms="1099" started-at="2022-06-03T10:40:42Z" data-provider="hybridData" finished-at="2022-06-03T10:40:43Z">
          <params>
            <param index="0">
              <value>
                <![CDATA[99.0]]>
              </value>
            </param>
            <param index="1">
              <value>
                <![CDATA[CLICK]]>
              </value>
            </param>
            <param index="2">
              <value>
                <![CDATA[confirmdelete]]>
              </value>
            </param>
            <param index="3">
              <value>
                <![CDATA[XPATH]]>
              </value>
            </param>
            <param index="4">
              <value>
                <![CDATA[]]>
              </value>
            </param>
          </params>
          <reporter-output>
          </reporter-output>
        </test-method> <!-- Challan_Testcases -->
        <test-method status="PASS" signature="Challan_Testcases(java.lang.String, java.lang.String, java.lang.String, java.lang.String, java.lang.String)[pri:0, instance:pro.saral.testCases.AChallan_Test@5b464ce8]" name="Challan_Testcases" duration-ms="766" started-at="2022-06-03T10:40:43Z" data-provider="hybridData" finished-at="2022-06-03T10:40:44Z">
          <params>
            <param index="0">
              <value>
                <![CDATA[100.0]]>
              </value>
            </param>
            <param index="1">
              <value>
                <![CDATA[VERIFYNOTIFICATION]]>
              </value>
            </param>
            <param index="2">
              <value>
                <![CDATA[deducteedeletenotification]]>
              </value>
            </param>
            <param index="3">
              <value>
                <![CDATA[XPATH]]>
              </value>
            </param>
            <param index="4">
              <value>
                <![CDATA[]]>
              </value>
            </param>
          </params>
          <reporter-output>
          </reporter-output>
        </test-method> <!-- Challan_Testcases -->
        <test-method status="PASS" signature="Challan_Testcases(java.lang.String, java.lang.String, java.lang.String, java.lang.String, java.lang.String)[pri:0, instance:pro.saral.testCases.AChallan_Test@5b464ce8]" name="Challan_Testcases" duration-ms="1" started-at="2022-06-03T10:40:44Z" data-provider="hybridData" finished-at="2022-06-03T10:40:44Z">
          <params>
            <param index="0">
              <value>
                <![CDATA[Delete All Challan]]>
              </value>
            </param>
            <param index="1">
              <value>
                <![CDATA[]]>
              </value>
            </param>
            <param index="2">
              <value>
                <![CDATA[]]>
              </value>
            </param>
            <param index="3">
              <value>
                <![CDATA[]]>
              </value>
            </param>
            <param index="4">
              <value>
                <![CDATA[]]>
              </value>
            </param>
          </params>
          <reporter-output>
          </reporter-output>
        </test-method> <!-- Challan_Testcases -->
        <test-method status="PASS" signature="Challan_Testcases(java.lang.String, java.lang.String, java.lang.String, java.lang.String, java.lang.String)[pri:0, instance:pro.saral.testCases.AChallan_Test@5b464ce8]" name="Challan_Testcases" duration-ms="802" started-at="2022-06-03T10:40:44Z" data-provider="hybridData" finished-at="2022-06-03T10:40:45Z">
          <params>
            <param index="0">
              <value>
                <![CDATA[101.0]]>
              </value>
            </param>
            <param index="1">
              <value>
                <![CDATA[CLICK]]>
              </value>
            </param>
            <param index="2">
              <value>
                <![CDATA[challanselectall]]>
              </value>
            </param>
            <param index="3">
              <value>
                <![CDATA[XPATH]]>
              </value>
            </param>
            <param index="4">
              <value>
                <![CDATA[]]>
              </value>
            </param>
          </params>
          <reporter-output>
          </reporter-output>
        </test-method> <!-- Challan_Testcases -->
        <test-method status="PASS" signature="Challan_Testcases(java.lang.String, java.lang.String, java.lang.String, java.lang.String, java.lang.String)[pri:0, instance:pro.saral.testCases.AChallan_Test@5b464ce8]" name="Challan_Testcases" duration-ms="581" started-at="2022-06-03T10:40:45Z" data-provider="hybridData" finished-at="2022-06-03T10:40:45Z">
          <params>
            <param index="0">
              <value>
                <![CDATA[102.0]]>
              </value>
            </param>
            <param index="1">
              <value>
                <![CDATA[CLICK]]>
              </value>
            </param>
            <param index="2">
              <value>
                <![CDATA[deletechallan]]>
              </value>
            </param>
            <param index="3">
              <value>
                <![CDATA[XPATH]]>
              </value>
            </param>
            <param index="4">
              <value>
                <![CDATA[]]>
              </value>
            </param>
          </params>
          <reporter-output>
          </reporter-output>
        </test-method> <!-- Challan_Testcases -->
        <test-method status="PASS" signature="Challan_Testcases(java.lang.String, java.lang.String, java.lang.String, java.lang.String, java.lang.String)[pri:0, instance:pro.saral.testCases.AChallan_Test@5b464ce8]" name="Challan_Testcases" duration-ms="1050" started-at="2022-06-03T10:40:45Z" data-provider="hybridData" finished-at="2022-06-03T10:40:46Z">
          <params>
            <param index="0">
              <value>
                <![CDATA[103.0]]>
              </value>
            </param>
            <param index="1">
              <value>
                <![CDATA[CLICK]]>
              </value>
            </param>
            <param index="2">
              <value>
                <![CDATA[confirmdelete]]>
              </value>
            </param>
            <param index="3">
              <value>
                <![CDATA[XPATH]]>
              </value>
            </param>
            <param index="4">
              <value>
                <![CDATA[]]>
              </value>
            </param>
          </params>
          <reporter-output>
          </reporter-output>
        </test-method> <!-- Challan_Testcases -->
        <test-method status="PASS" signature="Challan_Testcases(java.lang.String, java.lang.String, java.lang.String, java.lang.String, java.lang.String)[pri:0, instance:pro.saral.testCases.AChallan_Test@5b464ce8]" name="Challan_Testcases" duration-ms="531" started-at="2022-06-03T10:40:46Z" data-provider="hybridData" finished-at="2022-06-03T10:40:47Z">
          <params>
            <param index="0">
              <value>
                <![CDATA[104.0]]>
              </value>
            </param>
            <param index="1">
              <value>
                <![CDATA[VERIFYNOTIFICATION]]>
              </value>
            </param>
            <param index="2">
              <value>
                <![CDATA[deducteedeletenotification]]>
              </value>
            </param>
            <param index="3">
              <value>
                <![CDATA[XPATH]]>
              </value>
            </param>
            <param index="4">
              <value>
                <![CDATA[]]>
              </value>
            </param>
          </params>
          <reporter-output>
          </reporter-output>
        </test-method> <!-- Challan_Testcases -->
        <test-method status="PASS" signature="tearDown()[pri:0, instance:pro.saral.testCases.AChallan_Test@5b464ce8]" name="tearDown" is-config="true" duration-ms="1075" started-at="2022-06-03T10:40:47Z" finished-at="2022-06-03T10:40:48Z">
          <reporter-output>
          </reporter-output>
        </test-method> <!-- tearDown -->
      </class> <!-- pro.saral.testCases.AChallan_Test -->
    </test> <!-- GstSaral Test -->
  </suite> <!-- GstSaralPro -->
</testng-results>
