<?xml version="1.0" encoding="UTF-8"?>
<testng-results skipped="0" failed="0" total="8" passed="8">
  <reporter-output>
  </reporter-output>
  <suite name="GstSaralPro" duration-ms="307324" started-at="2022-06-13T03:58:16Z" finished-at="2022-06-13T04:03:23Z">
    <groups>
    </groups>
    <test name="GstSaral Test" duration-ms="307324" started-at="2022-06-13T03:58:16Z" finished-at="2022-06-13T04:03:23Z">
      <class name="pro.saral.testCases.Aimport_Test">
        <test-method status="PASS" signature="setup(java.lang.String)[pri:0, instance:pro.saral.testCases.Aimport_Test@7c30a502]" name="setup" is-config="true" duration-ms="19210" started-at="2022-06-13T09:28:16Z" finished-at="2022-06-13T09:28:35Z">
          <params>
            <param index="0">
              <value>
                <![CDATA[chrome]]>
              </value>
            </param>
          </params>
          <reporter-output>
          </reporter-output>
        </test-method> <!-- setup -->
        <test-method status="PASS" signature="Login_Entry()[pri:0, instance:pro.saral.testCases.Aimport_Test@7c30a502]" name="Login_Entry" is-config="true" duration-ms="5347" started-at="2022-06-13T09:28:35Z" finished-at="2022-06-13T09:28:41Z">
          <reporter-output>
          </reporter-output>
        </test-method> <!-- Login_Entry -->
        <test-method status="PASS" signature="Download_Template_And_Verify()[pri:0, instance:pro.saral.testCases.Aimport_Test@7c30a502]" name="Download_Template_And_Verify" duration-ms="9382" started-at="2022-06-13T09:28:41Z" finished-at="2022-06-13T09:28:50Z">
          <reporter-output>
          </reporter-output>
        </test-method> <!-- Download_Template_And_Verify -->
        <test-method status="PASS" signature="Login_Entry()[pri:0, instance:pro.saral.testCases.Aimport_Test@7c30a502]" name="Login_Entry" is-config="true" duration-ms="5422" started-at="2022-06-13T09:28:50Z" finished-at="2022-06-13T09:28:56Z">
          <reporter-output>
          </reporter-output>
        </test-method> <!-- Login_Entry -->
        <test-method status="PASS" signature="Check_Tan_Validation()[pri:0, instance:pro.saral.testCases.Aimport_Test@7c30a502]" name="Check_Tan_Validation" duration-ms="5117" started-at="2022-06-13T09:28:56Z" finished-at="2022-06-13T09:29:01Z">
          <reporter-output>
          </reporter-output>
        </test-method> <!-- Check_Tan_Validation -->
        <test-method status="PASS" signature="Login_Entry()[pri:0, instance:pro.saral.testCases.Aimport_Test@7c30a502]" name="Login_Entry" is-config="true" duration-ms="5251" started-at="2022-06-13T09:29:01Z" finished-at="2022-06-13T09:29:06Z">
          <reporter-output>
          </reporter-output>
        </test-method> <!-- Login_Entry -->
        <test-method status="PASS" signature="Click_On_Upload_File_without_Selecting_Excel_File_and_verify_validation()[pri:0, instance:pro.saral.testCases.Aimport_Test@7c30a502]" name="Click_On_Upload_File_without_Selecting_Excel_File_and_verify_validation" duration-ms="18753" started-at="2022-06-13T09:29:06Z" finished-at="2022-06-13T09:29:25Z">
          <reporter-output>
          </reporter-output>
        </test-method> <!-- Click_On_Upload_File_without_Selecting_Excel_File_and_verify_validation -->
        <test-method status="PASS" signature="Login_Entry()[pri:0, instance:pro.saral.testCases.Aimport_Test@7c30a502]" name="Login_Entry" is-config="true" duration-ms="5263" started-at="2022-06-13T09:29:25Z" finished-at="2022-06-13T09:29:30Z">
          <reporter-output>
          </reporter-output>
        </test-method> <!-- Login_Entry -->
        <test-method status="PASS" signature="Upload_Valid_Excel_And_Check_Sucess_Status()[pri:0, instance:pro.saral.testCases.Aimport_Test@7c30a502]" name="Upload_Valid_Excel_And_Check_Sucess_Status" duration-ms="37553" started-at="2022-06-13T09:29:30Z" finished-at="2022-06-13T09:30:07Z">
          <reporter-output>
          </reporter-output>
        </test-method> <!-- Upload_Valid_Excel_And_Check_Sucess_Status -->
        <test-method status="PASS" signature="Login_Entry()[pri:0, instance:pro.saral.testCases.Aimport_Test@7c30a502]" name="Login_Entry" is-config="true" duration-ms="7462" started-at="2022-06-13T09:30:07Z" finished-at="2022-06-13T09:30:15Z">
          <reporter-output>
          </reporter-output>
        </test-method> <!-- Login_Entry -->
        <test-method status="PASS" signature="Upload_Invalid_Excel_And_Check_Errors()[pri:0, instance:pro.saral.testCases.Aimport_Test@7c30a502]" name="Upload_Invalid_Excel_And_Check_Errors" duration-ms="36781" started-at="2022-06-13T09:30:15Z" finished-at="2022-06-13T09:30:52Z">
          <reporter-output>
          </reporter-output>
        </test-method> <!-- Upload_Invalid_Excel_And_Check_Errors -->
        <test-method status="PASS" signature="Login_Entry()[pri:0, instance:pro.saral.testCases.Aimport_Test@7c30a502]" name="Login_Entry" is-config="true" duration-ms="5086" started-at="2022-06-13T09:30:52Z" finished-at="2022-06-13T09:30:57Z">
          <reporter-output>
          </reporter-output>
        </test-method> <!-- Login_Entry -->
        <test-method status="PASS" signature="Upload_Valid_Conso_And_Check_Sucess_Status()[pri:0, instance:pro.saral.testCases.Aimport_Test@7c30a502]" name="Upload_Valid_Conso_And_Check_Sucess_Status" duration-ms="57826" started-at="2022-06-13T09:30:57Z" finished-at="2022-06-13T09:31:55Z">
          <reporter-output>
          </reporter-output>
        </test-method> <!-- Upload_Valid_Conso_And_Check_Sucess_Status -->
        <test-method status="PASS" signature="Login_Entry()[pri:0, instance:pro.saral.testCases.Aimport_Test@7c30a502]" name="Login_Entry" is-config="true" duration-ms="5198" started-at="2022-06-13T09:31:55Z" finished-at="2022-06-13T09:32:00Z">
          <reporter-output>
          </reporter-output>
        </test-method> <!-- Login_Entry -->
        <test-method status="PASS" signature="Upload_Valid_Text_And_Check_Sucess_Status()[pri:0, instance:pro.saral.testCases.Aimport_Test@7c30a502]" name="Upload_Valid_Text_And_Check_Sucess_Status" duration-ms="35786" started-at="2022-06-13T09:32:00Z" finished-at="2022-06-13T09:32:36Z">
          <reporter-output>
          </reporter-output>
        </test-method> <!-- Upload_Valid_Text_And_Check_Sucess_Status -->
        <test-method status="PASS" signature="Login_Entry()[pri:0, instance:pro.saral.testCases.Aimport_Test@7c30a502]" name="Login_Entry" is-config="true" duration-ms="5371" started-at="2022-06-13T09:32:36Z" finished-at="2022-06-13T09:32:41Z">
          <reporter-output>
          </reporter-output>
        </test-method> <!-- Login_Entry -->
        <test-method status="PASS" signature="Upload_Valid_Mster_Excel_And_Check_Sucess_Status()[pri:0, instance:pro.saral.testCases.Aimport_Test@7c30a502]" name="Upload_Valid_Mster_Excel_And_Check_Sucess_Status" duration-ms="41084" started-at="2022-06-13T09:32:41Z" finished-at="2022-06-13T09:33:22Z">
          <reporter-output>
          </reporter-output>
        </test-method> <!-- Upload_Valid_Mster_Excel_And_Check_Sucess_Status -->
        <test-method status="PASS" signature="tearDown()[pri:0, instance:pro.saral.testCases.Aimport_Test@7c30a502]" name="tearDown" is-config="true" duration-ms="949" started-at="2022-06-13T09:33:22Z" finished-at="2022-06-13T09:33:23Z">
          <reporter-output>
          </reporter-output>
        </test-method> <!-- tearDown -->
      </class> <!-- pro.saral.testCases.Aimport_Test -->
    </test> <!-- GstSaral Test -->
  </suite> <!-- GstSaralPro -->
</testng-results>
